qt.qpa.xcb: could not connect to display 
qt.qpa.plugin: Could not load the Qt platform plugin "xcb" in "" even though it was found.
This application failed to start because no Qt platform plugin could be initialized. Reinstalling the application may fix this problem.

Available platform plugins are: linuxfb, minimal, offscreen, vnc, xcb.

connect: Connection refused
GKS: can't connect to GKS socket application

GKS: Open failed in routine OPEN_WS
GKS: GKS not in proper state. GKS must be either in the state WSOP or WSAC in routine ACTIVATE_WS
qt.qpa.xcb: could not connect to display 
qt.qpa.plugin: Could not load the Qt platform plugin "xcb" in "" even though it was found.
This application failed to start because no Qt platform plugin could be initialized. Reinstalling the application may fix this problem.

Available platform plugins are: linuxfb, minimal, offscreen, vnc, xcb.

connect: Connection refused
GKS: can't connect to GKS socket application

GKS: Open failed in routine OPEN_WS
GKS: GKS not in proper state. GKS must be either in the state WSOP or WSAC in routine ACTIVATE_WS
qt.qpa.xcb: could not connect to display 
qt.qpa.plugin: Could not load the Qt platform plugin "xcb" in "" even though it was found.
This application failed to start because no Qt platform plugin could be initialized. Reinstalling the application may fix this problem.

Available platform plugins are: linuxfb, minimal, offscreen, vnc, xcb.

connect: Connection refused
GKS: can't connect to GKS socket application

GKS: Open failed in routine OPEN_WS
GKS: GKS not in proper state. GKS must be either in the state WSOP or WSAC in routine ACTIVATE_WS
  Activating project at `/data/gpfs/projects/punim0638/stephenz/locaTE-paper/examples/simulated/comparisons`
ERROR: LoadError: ArgumentError: empty data vector
Stacktrace:
  [1] _quantilesort!(v::Vector{Float64}, sorted::Bool, minp::Float64, maxp::Float64)
    @ Statistics ~/julia-1.8.4/share/julia/stdlib/v1.8/Statistics/src/Statistics.jl:967
  [2] #quantile!#49
    @ ~/julia-1.8.4/share/julia/stdlib/v1.8/Statistics/src/Statistics.jl:957 [inlined]
  [3] quantile(v::Vector{Float64}, p::StepRangeLen{Float64, Base.TwicePrecision{Float64}, Base.TwicePrecision{Float64}, Int64}; sorted::Bool, alpha::Float64, beta::Float64)
    @ Statistics ~/julia-1.8.4/share/julia/stdlib/v1.8/Statistics/src/Statistics.jl:1073
  [4] quantile(v::Vector{Float64}, p::StepRangeLen{Float64, Base.TwicePrecision{Float64}, Base.TwicePrecision{Float64}, Int64})
    @ Statistics ~/julia-1.8.4/share/julia/stdlib/v1.8/Statistics/src/Statistics.jl:1073
  [5] macro expansion
    @ ~/.julia/packages/StatsPlots/vq5FV/src/boxplot.jl:40 [inlined]
  [6] apply_recipe(plotattributes::AbstractDict{Symbol, Any}, #unused#::Type{Val{:boxplot}}, x::Any, y::Any, z::Any)
    @ StatsPlots ~/.julia/packages/RecipesBase/BRe07/src/RecipesBase.jl:300
  [7] _process_seriesrecipe(plt::Any, plotattributes::Any)
    @ RecipesPipeline ~/.julia/packages/RecipesPipeline/BGM3l/src/series_recipe.jl:50
  [8] _process_seriesrecipes!(plt::Any, kw_list::Any)
    @ RecipesPipeline ~/.julia/packages/RecipesPipeline/BGM3l/src/series_recipe.jl:27
  [9] recipe_pipeline!(plt::Any, plotattributes::Any, args::Any)
    @ RecipesPipeline ~/.julia/packages/RecipesPipeline/BGM3l/src/RecipesPipeline.jl:99
 [10] _plot!(plt::Plots.Plot, plotattributes::Any, args::Any)
    @ Plots ~/.julia/packages/Plots/rz1WP/src/plot.jl:223
 [11] #plot!#197
    @ ~/.julia/packages/Plots/rz1WP/src/plot.jl:213 [inlined]
 [12] plot!(::Any, ::Vararg{Any}; kw::Base.Pairs{Symbol, V, Tuple{Vararg{Symbol, N}}, NamedTuple{names, T}} where {V, N, names, T<:Tuple{Vararg{Any, N}}})
    @ Plots ~/.julia/packages/Plots/rz1WP/src/plot.jl:202
 [13] boxplot!(::Any, ::Vararg{Any}; kw::Base.Pairs{Symbol, V, Tuple{Vararg{Symbol, N}}, NamedTuple{names, T}} where {V, N, names, T<:Tuple{Vararg{Any, N}}})
    @ Plots ~/.julia/packages/RecipesBase/BRe07/src/RecipesBase.jl:429
 [14] top-level scope
    @ /data/gpfs/projects/punim0638/stephenz/locaTE-paper/examples/simulated/comparisons/analysis.jl:157
in expression starting at /data/gpfs/projects/punim0638/stephenz/locaTE-paper/examples/simulated/comparisons/analysis.jl:157
