  Activating project at `/data/gpfs/projects/punim0638/stephenz/locaTE-paper/data/simulated/Synthetic_1000/dyn-LI/dyn-LI-1000-9/pidc_env`
    Updating registry at `~/.julia/registries/General.toml`
   Resolving package versions...
  No Changes to `/data/gpfs/projects/punim0638/stephenz/locaTE-paper/data/simulated/Synthetic_1000/dyn-LI/dyn-LI-1000-9/pidc_env/Project.toml`
  No Changes to `/data/gpfs/projects/punim0638/stephenz/locaTE-paper/data/simulated/Synthetic_1000/dyn-LI/dyn-LI-1000-9/pidc_env/Manifest.toml`
Getting nodes...
Inferring network...
cat: write error: Broken pipe
2023-10-04 23:40:02.493019
2023-10-04 23:40:02.871057
2023-10-04 23:40:03.281911

real	0m1.521s
user	0m0.008s
sys	0m0.009s
cat: write error: Broken pipe
2023-10-04 23:40:14.215305
2023-10-04 23:40:14.504456
2023-10-04 23:40:14.896443

real	0m1.441s
user	0m0.011s
sys	0m0.006s
cat: write error: Broken pipe
2023-10-04 23:40:25.814471
2023-10-04 23:40:26.074138
2023-10-04 23:40:26.464615

real	0m1.389s
user	0m0.004s
sys	0m0.012s
cat: write error: Broken pipe
2023-10-04 23:40:37.410967
2023-10-04 23:40:37.690916
2023-10-04 23:40:38.082700

real	0m1.444s
user	0m0.011s
sys	0m0.007s
cat: write error: Broken pipe
2023-10-04 23:40:49.083951
2023-10-04 23:40:49.490204
2023-10-04 23:40:49.975567

real	0m1.715s
user	0m0.007s
sys	0m0.010s
cat: write error: Broken pipe
2023-10-04 23:41:01.016256
2023-10-04 23:41:01.725132
2023-10-04 23:41:02.505814

real	0m2.349s
user	0m0.007s
sys	0m0.009s
cat: write error: Broken pipe
2023-10-04 23:41:13.528735
2023-10-04 23:41:13.931214
2023-10-04 23:41:14.402208

real	0m1.719s
user	0m0.006s
sys	0m0.009s
cat: write error: Broken pipe
2023-10-04 23:41:25.330795
2023-10-04 23:41:25.510984
2023-10-04 23:41:25.699812

real	0m1.117s
user	0m0.009s
sys	0m0.008s
mkdir: cannot create directory ‘SCODE_D_2’: File exists
┌ Warning: Assignment to `WZ` in soft scope is ambiguous because a global variable by the same name exists: `WZ` will be treated as a new local. Disambiguate by using `local WZ` to suppress this warning or `global WZ` to assign to the existing global variable.
└ @ ~/stephenz/locaTE-paper/tools/SCODE/SCODE.jl:69
a
mkdir: cannot create directory ‘SCODE_D_4’: File exists
┌ Warning: Assignment to `WZ` in soft scope is ambiguous because a global variable by the same name exists: `WZ` will be treated as a new local. Disambiguate by using `local WZ` to suppress this warning or `global WZ` to assign to the existing global variable.
└ @ ~/stephenz/locaTE-paper/tools/SCODE/SCODE.jl:69
a
mkdir: cannot create directory ‘SCODE_D_6’: File exists
┌ Warning: Assignment to `WZ` in soft scope is ambiguous because a global variable by the same name exists: `WZ` will be treated as a new local. Disambiguate by using `local WZ` to suppress this warning or `global WZ` to assign to the existing global variable.
└ @ ~/stephenz/locaTE-paper/tools/SCODE/SCODE.jl:69
a
mkdir: cannot create directory ‘SCODE_D_8’: File exists
┌ Warning: Assignment to `WZ` in soft scope is ambiguous because a global variable by the same name exists: `WZ` will be treated as a new local. Disambiguate by using `local WZ` to suppress this warning or `global WZ` to assign to the existing global variable.
└ @ ~/stephenz/locaTE-paper/tools/SCODE/SCODE.jl:69
a
sh: line 1: matlab: command not found
sh: line 1: matlab: command not found
/data/gpfs/projects/punim0638/stephenz/envs/py39/lib/python3.9/site-packages/Scribe-0.0.0-py3.9.egg/Scribe/causal_network.py:18: UserWarning:  WARNING: No expression data argument given. if you intend to load the data from a file, call the method 'read_expression_file'.
  if expression==None: warnings.warn(" WARNING: No expression data argument given. if you intend to load the data from a file, call the method 'read_expression_file'.")
/data/gpfs/projects/punim0638/stephenz/envs/py39/lib/python3.9/site-packages/Scribe-0.0.0-py3.9.egg/Scribe/causal_network.py:298: FutureWarning: Could not cast to int64, falling back to object. This behavior is deprecated. In a future version, when a dtype is passed to 'DataFrame', either all columns will be cast to that dtype, or a TypeError will be raised.
  max_rdi_delay = pd.DataFrame({node_id: [np.nan for i in self.node_ids] for node_id in self.node_ids}, index=self.node_ids,
Tree method: RF
K: sqrt
Number of trees: 1000


running single threaded jobs
Gene 1/7...
Gene 2/7...
Gene 3/7...
Gene 4/7...
Gene 5/7...
Gene 6/7...
Gene 7/7...
Elapsed time: 13.54 seconds
Create causal_model successfully
