  Activating project at `/data/gpfs/projects/punim0638/stephenz/locaTE-paper/data/simulated/Synthetic_1000/dyn-BFC/dyn-BFC-1000-1/pidc_env`
    Updating registry at `~/.julia/registries/General.toml`
   Resolving package versions...
  No Changes to `/data/gpfs/projects/punim0638/stephenz/locaTE-paper/data/simulated/Synthetic_1000/dyn-BFC/dyn-BFC-1000-1/pidc_env/Project.toml`
  No Changes to `/data/gpfs/projects/punim0638/stephenz/locaTE-paper/data/simulated/Synthetic_1000/dyn-BFC/dyn-BFC-1000-1/pidc_env/Manifest.toml`
Getting nodes...
Inferring network...
cat: write error: Broken pipe
2023-10-04 23:22:05.933068
2023-10-04 23:22:06.831838
2023-10-04 23:22:07.728713

real	0m2.722s
user	0m0.012s
sys	0m0.007s
cat: write error: Broken pipe
2023-10-04 23:22:18.966199
2023-10-04 23:22:19.812992
2023-10-04 23:22:20.622434

real	0m2.635s
user	0m0.006s
sys	0m0.012s
cat: write error: Broken pipe
2023-10-04 23:22:31.771406
2023-10-04 23:22:32.534334
2023-10-04 23:22:33.292693

real	0m2.429s
user	0m0.008s
sys	0m0.009s
cat: write error: Broken pipe
2023-10-04 23:22:44.472063
2023-10-04 23:22:45.246427
2023-10-04 23:22:45.964041

real	0m2.459s
user	0m0.008s
sys	0m0.010s
cat: write error: Broken pipe
2023-10-04 23:22:57.268173
2023-10-04 23:22:58.168357
2023-10-04 23:22:59.006707

real	0m2.801s
user	0m0.008s
sys	0m0.010s
cat: write error: Broken pipe
2023-10-04 23:23:10.278652
2023-10-04 23:23:12.250192
2023-10-04 23:23:14.015560

real	0m4.794s
user	0m0.011s
sys	0m0.006s
cat: write error: Broken pipe
2023-10-04 23:23:25.360991
2023-10-04 23:23:26.318710
2023-10-04 23:23:27.569572

real	0m3.282s
user	0m0.010s
sys	0m0.008s
cat: write error: Broken pipe
2023-10-04 23:23:38.782091
2023-10-04 23:23:39.122087
2023-10-04 23:23:39.481379

real	0m1.632s
user	0m0.008s
sys	0m0.008s
mkdir: cannot create directory ‘SCODE_D_2’: File exists
┌ Warning: Assignment to `WZ` in soft scope is ambiguous because a global variable by the same name exists: `WZ` will be treated as a new local. Disambiguate by using `local WZ` to suppress this warning or `global WZ` to assign to the existing global variable.
└ @ ~/stephenz/locaTE-paper/tools/SCODE/SCODE.jl:69
a
mkdir: cannot create directory ‘SCODE_D_4’: File exists
┌ Warning: Assignment to `WZ` in soft scope is ambiguous because a global variable by the same name exists: `WZ` will be treated as a new local. Disambiguate by using `local WZ` to suppress this warning or `global WZ` to assign to the existing global variable.
└ @ ~/stephenz/locaTE-paper/tools/SCODE/SCODE.jl:69
a
mkdir: cannot create directory ‘SCODE_D_6’: File exists
┌ Warning: Assignment to `WZ` in soft scope is ambiguous because a global variable by the same name exists: `WZ` will be treated as a new local. Disambiguate by using `local WZ` to suppress this warning or `global WZ` to assign to the existing global variable.
└ @ ~/stephenz/locaTE-paper/tools/SCODE/SCODE.jl:69
a
mkdir: cannot create directory ‘SCODE_D_8’: File exists
┌ Warning: Assignment to `WZ` in soft scope is ambiguous because a global variable by the same name exists: `WZ` will be treated as a new local. Disambiguate by using `local WZ` to suppress this warning or `global WZ` to assign to the existing global variable.
└ @ ~/stephenz/locaTE-paper/tools/SCODE/SCODE.jl:69
a
sh: line 1: matlab: command not found
sh: line 1: matlab: command not found
/data/gpfs/projects/punim0638/stephenz/envs/py39/lib/python3.9/site-packages/Scribe-0.0.0-py3.9.egg/Scribe/causal_network.py:18: UserWarning:  WARNING: No expression data argument given. if you intend to load the data from a file, call the method 'read_expression_file'.
  if expression==None: warnings.warn(" WARNING: No expression data argument given. if you intend to load the data from a file, call the method 'read_expression_file'.")
/data/gpfs/projects/punim0638/stephenz/envs/py39/lib/python3.9/site-packages/Scribe-0.0.0-py3.9.egg/Scribe/causal_network.py:298: FutureWarning: Could not cast to int64, falling back to object. This behavior is deprecated. In a future version, when a dtype is passed to 'DataFrame', either all columns will be cast to that dtype, or a TypeError will be raised.
  max_rdi_delay = pd.DataFrame({node_id: [np.nan for i in self.node_ids] for node_id in self.node_ids}, index=self.node_ids,
Tree method: RF
K: sqrt
Number of trees: 1000


running single threaded jobs
Gene 1/10...
Gene 2/10...
Gene 3/10...
Gene 4/10...
Gene 5/10...
Gene 6/10...
Gene 7/10...
Gene 8/10...
Gene 9/10...
Gene 10/10...
Elapsed time: 23.29 seconds
Create causal_model successfully
