  Activating project at `/data/gpfs/projects/punim0638/stephenz/locaTE-paper/data/simulated/Synthetic_1000/dyn-LL/dyn-LL-1000-10/pidc_env`
    Updating registry at `~/.julia/registries/General.toml`
   Resolving package versions...
  No Changes to `/data/gpfs/projects/punim0638/stephenz/locaTE-paper/data/simulated/Synthetic_1000/dyn-LL/dyn-LL-1000-10/pidc_env/Project.toml`
  No Changes to `/data/gpfs/projects/punim0638/stephenz/locaTE-paper/data/simulated/Synthetic_1000/dyn-LL/dyn-LL-1000-10/pidc_env/Manifest.toml`
Getting nodes...
Inferring network...
cat: write error: Broken pipe
2023-10-04 23:42:39.375130
2023-10-04 23:42:42.274997
2023-10-04 23:42:45.422361

real	0m6.798s
user	0m0.006s
sys	0m0.010s
cat: write error: Broken pipe
2023-10-04 23:42:56.412746
2023-10-04 23:42:59.037433
2023-10-04 23:43:01.877332

real	0m6.262s
user	0m0.007s
sys	0m0.010s
cat: write error: Broken pipe
2023-10-04 23:43:12.805622
2023-10-04 23:43:15.275289
2023-10-04 23:43:17.912812

real	0m5.841s
user	0m0.009s
sys	0m0.008s
cat: write error: Broken pipe
2023-10-04 23:43:28.880323
2023-10-04 23:43:31.455302
2023-10-04 23:43:34.114147

real	0m5.989s
user	0m0.008s
sys	0m0.008s
cat: write error: Broken pipe
2023-10-04 23:43:45.088063
2023-10-04 23:43:48.240447
2023-10-04 23:43:51.519244

real	0m7.195s
user	0m0.009s
sys	0m0.007s
cat: write error: Broken pipe
2023-10-04 23:44:02.537034
2023-10-04 23:44:07.478359
2023-10-04 23:44:12.732336

real	0m11.029s
user	0m0.007s
sys	0m0.009s
cat: write error: Broken pipe
2023-10-04 23:44:23.798656
2023-10-04 23:44:30.247055
2023-10-04 23:44:34.054970

real	0m11.122s
user	0m0.007s
sys	0m0.009s
cat: write error: Broken pipe
2023-10-04 23:44:45.060522
2023-10-04 23:44:46.234018
2023-10-04 23:44:47.421306

real	0m3.148s
user	0m0.009s
sys	0m0.007s
mkdir: cannot create directory ‘SCODE_D_2’: File exists
┌ Warning: Assignment to `WZ` in soft scope is ambiguous because a global variable by the same name exists: `WZ` will be treated as a new local. Disambiguate by using `local WZ` to suppress this warning or `global WZ` to assign to the existing global variable.
└ @ ~/stephenz/locaTE-paper/tools/SCODE/SCODE.jl:69
a
mkdir: cannot create directory ‘SCODE_D_4’: File exists
┌ Warning: Assignment to `WZ` in soft scope is ambiguous because a global variable by the same name exists: `WZ` will be treated as a new local. Disambiguate by using `local WZ` to suppress this warning or `global WZ` to assign to the existing global variable.
└ @ ~/stephenz/locaTE-paper/tools/SCODE/SCODE.jl:69
a
mkdir: cannot create directory ‘SCODE_D_6’: File exists
┌ Warning: Assignment to `WZ` in soft scope is ambiguous because a global variable by the same name exists: `WZ` will be treated as a new local. Disambiguate by using `local WZ` to suppress this warning or `global WZ` to assign to the existing global variable.
└ @ ~/stephenz/locaTE-paper/tools/SCODE/SCODE.jl:69
a
mkdir: cannot create directory ‘SCODE_D_8’: File exists
┌ Warning: Assignment to `WZ` in soft scope is ambiguous because a global variable by the same name exists: `WZ` will be treated as a new local. Disambiguate by using `local WZ` to suppress this warning or `global WZ` to assign to the existing global variable.
└ @ ~/stephenz/locaTE-paper/tools/SCODE/SCODE.jl:69
a
sh: line 1: matlab: command not found
sh: line 1: matlab: command not found
/data/gpfs/projects/punim0638/stephenz/envs/py39/lib/python3.9/site-packages/Scribe-0.0.0-py3.9.egg/Scribe/causal_network.py:18: UserWarning:  WARNING: No expression data argument given. if you intend to load the data from a file, call the method 'read_expression_file'.
  if expression==None: warnings.warn(" WARNING: No expression data argument given. if you intend to load the data from a file, call the method 'read_expression_file'.")
/data/gpfs/projects/punim0638/stephenz/envs/py39/lib/python3.9/site-packages/Scribe-0.0.0-py3.9.egg/Scribe/causal_network.py:298: FutureWarning: Could not cast to int64, falling back to object. This behavior is deprecated. In a future version, when a dtype is passed to 'DataFrame', either all columns will be cast to that dtype, or a TypeError will be raised.
  max_rdi_delay = pd.DataFrame({node_id: [np.nan for i in self.node_ids] for node_id in self.node_ids}, index=self.node_ids,
Tree method: RF
K: sqrt
Number of trees: 1000


running single threaded jobs
Gene 1/18...
Gene 2/18...
Gene 3/18...
Gene 4/18...
Gene 5/18...
Gene 6/18...
Gene 7/18...
Gene 8/18...
Gene 9/18...
Gene 10/18...
Gene 11/18...
Gene 12/18...
Gene 13/18...
Gene 14/18...
Gene 15/18...
Gene 16/18...
Gene 17/18...
Gene 18/18...
Elapsed time: 50.89 seconds
Create causal_model successfully
