  Activating project at `/data/gpfs/projects/punim0638/stephenz/locaTE-paper/data/simulated/Synthetic_1000/dyn-LL/dyn-LL-1000-8/pidc_env`
    Updating registry at `~/.julia/registries/General.toml`
   Resolving package versions...
  No Changes to `/data/gpfs/projects/punim0638/stephenz/locaTE-paper/data/simulated/Synthetic_1000/dyn-LL/dyn-LL-1000-8/pidc_env/Project.toml`
  No Changes to `/data/gpfs/projects/punim0638/stephenz/locaTE-paper/data/simulated/Synthetic_1000/dyn-LL/dyn-LL-1000-8/pidc_env/Manifest.toml`
Getting nodes...
Inferring network...
cat: write error: Broken pipe
2023-10-04 23:42:10.520898
2023-10-04 23:42:13.419181
2023-10-04 23:42:16.592372

real	0m6.978s
user	0m0.007s
sys	0m0.013s
cat: write error: Broken pipe
2023-10-04 23:42:27.777251
2023-10-04 23:42:30.365047
2023-10-04 23:42:33.198651

real	0m6.325s
user	0m0.009s
sys	0m0.010s
cat: write error: Broken pipe
2023-10-04 23:42:44.345309
2023-10-04 23:42:46.788336
2023-10-04 23:42:49.404439

real	0m5.953s
user	0m0.009s
sys	0m0.010s
cat: write error: Broken pipe
2023-10-04 23:43:00.565981
2023-10-04 23:43:03.155549
2023-10-04 23:43:05.764566

real	0m6.116s
user	0m0.009s
sys	0m0.009s
cat: write error: Broken pipe
2023-10-04 23:43:16.976240
2023-10-04 23:43:20.195578
2023-10-04 23:43:23.645750

real	0m7.651s
user	0m0.010s
sys	0m0.008s
cat: write error: Broken pipe
2023-10-04 23:43:35.001970
2023-10-04 23:43:40.194833
2023-10-04 23:43:45.418822

real	0m11.510s
user	0m0.011s
sys	0m0.008s
cat: write error: Broken pipe
2023-10-04 23:43:56.748120
2023-10-04 23:44:06.363605
2023-10-04 23:44:12.739868

real	0m17.103s
user	0m0.009s
sys	0m0.009s
cat: write error: Broken pipe
2023-10-04 23:44:23.946401
2023-10-04 23:44:25.138298
2023-10-04 23:44:26.337589

real	0m3.347s
user	0m0.011s
sys	0m0.008s
mkdir: cannot create directory ‘SCODE_D_2’: File exists
┌ Warning: Assignment to `WZ` in soft scope is ambiguous because a global variable by the same name exists: `WZ` will be treated as a new local. Disambiguate by using `local WZ` to suppress this warning or `global WZ` to assign to the existing global variable.
└ @ ~/stephenz/locaTE-paper/tools/SCODE/SCODE.jl:69
a
mkdir: cannot create directory ‘SCODE_D_4’: File exists
┌ Warning: Assignment to `WZ` in soft scope is ambiguous because a global variable by the same name exists: `WZ` will be treated as a new local. Disambiguate by using `local WZ` to suppress this warning or `global WZ` to assign to the existing global variable.
└ @ ~/stephenz/locaTE-paper/tools/SCODE/SCODE.jl:69
a
mkdir: cannot create directory ‘SCODE_D_6’: File exists
┌ Warning: Assignment to `WZ` in soft scope is ambiguous because a global variable by the same name exists: `WZ` will be treated as a new local. Disambiguate by using `local WZ` to suppress this warning or `global WZ` to assign to the existing global variable.
└ @ ~/stephenz/locaTE-paper/tools/SCODE/SCODE.jl:69
a
mkdir: cannot create directory ‘SCODE_D_8’: File exists
┌ Warning: Assignment to `WZ` in soft scope is ambiguous because a global variable by the same name exists: `WZ` will be treated as a new local. Disambiguate by using `local WZ` to suppress this warning or `global WZ` to assign to the existing global variable.
└ @ ~/stephenz/locaTE-paper/tools/SCODE/SCODE.jl:69
a
sh: line 1: matlab: command not found
sh: line 1: matlab: command not found
/data/gpfs/projects/punim0638/stephenz/envs/py39/lib/python3.9/site-packages/Scribe-0.0.0-py3.9.egg/Scribe/causal_network.py:18: UserWarning:  WARNING: No expression data argument given. if you intend to load the data from a file, call the method 'read_expression_file'.
  if expression==None: warnings.warn(" WARNING: No expression data argument given. if you intend to load the data from a file, call the method 'read_expression_file'.")
/data/gpfs/projects/punim0638/stephenz/envs/py39/lib/python3.9/site-packages/Scribe-0.0.0-py3.9.egg/Scribe/causal_network.py:298: FutureWarning: Could not cast to int64, falling back to object. This behavior is deprecated. In a future version, when a dtype is passed to 'DataFrame', either all columns will be cast to that dtype, or a TypeError will be raised.
  max_rdi_delay = pd.DataFrame({node_id: [np.nan for i in self.node_ids] for node_id in self.node_ids}, index=self.node_ids,
Tree method: RF
K: sqrt
Number of trees: 1000


running single threaded jobs
Gene 1/18...
Gene 2/18...
Gene 3/18...
Gene 4/18...
Gene 5/18...
Gene 6/18...
Gene 7/18...
Gene 8/18...
Gene 9/18...
Gene 10/18...
Gene 11/18...
Gene 12/18...
Gene 13/18...
Gene 14/18...
Gene 15/18...
Gene 16/18...
Gene 17/18...
Gene 18/18...
Elapsed time: 55.07 seconds
Create causal_model successfully
