  Activating project at `/data/gpfs/projects/punim0638/stephenz/locaTE-paper/data/simulated/Synthetic_1000/dyn-SW/dyn-SW-1000-5/pidc_env`
    Updating registry at `~/.julia/registries/General.toml`
   Resolving package versions...
  No Changes to `/data/gpfs/projects/punim0638/stephenz/locaTE-paper/data/simulated/Synthetic_1000/dyn-SW/dyn-SW-1000-5/pidc_env/Project.toml`
  No Changes to `/data/gpfs/projects/punim0638/stephenz/locaTE-paper/data/simulated/Synthetic_1000/dyn-SW/dyn-SW-1000-5/pidc_env/Manifest.toml`
Getting nodes...
Inferring network...
cat: write error: Broken pipe
2023-10-04 23:44:31.876576
2023-10-04 23:44:32.247734
2023-10-04 23:44:32.614473

real	0m1.565s
user	0m0.010s
sys	0m0.007s
cat: write error: Broken pipe
2023-10-04 23:44:43.612479
2023-10-04 23:44:43.960428
2023-10-04 23:44:44.293229

real	0m1.505s
user	0m0.010s
sys	0m0.006s
cat: write error: Broken pipe
2023-10-04 23:44:55.304625
2023-10-04 23:44:55.642892
2023-10-04 23:44:55.960069

real	0m1.470s
user	0m0.010s
sys	0m0.007s
cat: write error: Broken pipe
2023-10-04 23:45:06.925520
2023-10-04 23:45:07.259810
2023-10-04 23:45:07.589293

real	0m1.449s
user	0m0.012s
sys	0m0.005s
cat: write error: Broken pipe
2023-10-04 23:45:18.652415
2023-10-04 23:45:19.037188
2023-10-04 23:45:19.409930

real	0m1.639s
user	0m0.008s
sys	0m0.010s
cat: write error: Broken pipe
2023-10-04 23:45:30.454575
2023-10-04 23:45:31.095280
2023-10-04 23:45:31.804297

real	0m2.211s
user	0m0.008s
sys	0m0.010s
cat: write error: Broken pipe
2023-10-04 23:45:42.982139
2023-10-04 23:45:44.577198
2023-10-04 23:45:45.871636

real	0m3.891s
user	0m0.007s
sys	0m0.010s
cat: write error: Broken pipe
2023-10-04 23:45:56.835196
2023-10-04 23:45:57.009717
2023-10-04 23:45:57.178897

real	0m1.116s
user	0m0.008s
sys	0m0.009s
mkdir: cannot create directory ‘SCODE_D_2’: File exists
┌ Warning: Assignment to `WZ` in soft scope is ambiguous because a global variable by the same name exists: `WZ` will be treated as a new local. Disambiguate by using `local WZ` to suppress this warning or `global WZ` to assign to the existing global variable.
└ @ ~/stephenz/locaTE-paper/tools/SCODE/SCODE.jl:69
a
mkdir: cannot create directory ‘SCODE_D_4’: File exists
┌ Warning: Assignment to `WZ` in soft scope is ambiguous because a global variable by the same name exists: `WZ` will be treated as a new local. Disambiguate by using `local WZ` to suppress this warning or `global WZ` to assign to the existing global variable.
└ @ ~/stephenz/locaTE-paper/tools/SCODE/SCODE.jl:69
a
mkdir: cannot create directory ‘SCODE_D_6’: File exists
┌ Warning: Assignment to `WZ` in soft scope is ambiguous because a global variable by the same name exists: `WZ` will be treated as a new local. Disambiguate by using `local WZ` to suppress this warning or `global WZ` to assign to the existing global variable.
└ @ ~/stephenz/locaTE-paper/tools/SCODE/SCODE.jl:69
a
mkdir: cannot create directory ‘SCODE_D_8’: File exists
┌ Warning: Assignment to `WZ` in soft scope is ambiguous because a global variable by the same name exists: `WZ` will be treated as a new local. Disambiguate by using `local WZ` to suppress this warning or `global WZ` to assign to the existing global variable.
└ @ ~/stephenz/locaTE-paper/tools/SCODE/SCODE.jl:69
a
sh: line 1: matlab: command not found
sh: line 1: matlab: command not found
/data/gpfs/projects/punim0638/stephenz/envs/py39/lib/python3.9/site-packages/Scribe-0.0.0-py3.9.egg/Scribe/causal_network.py:18: UserWarning:  WARNING: No expression data argument given. if you intend to load the data from a file, call the method 'read_expression_file'.
  if expression==None: warnings.warn(" WARNING: No expression data argument given. if you intend to load the data from a file, call the method 'read_expression_file'.")
/data/gpfs/projects/punim0638/stephenz/envs/py39/lib/python3.9/site-packages/Scribe-0.0.0-py3.9.egg/Scribe/causal_network.py:298: FutureWarning: Could not cast to int64, falling back to object. This behavior is deprecated. In a future version, when a dtype is passed to 'DataFrame', either all columns will be cast to that dtype, or a TypeError will be raised.
  max_rdi_delay = pd.DataFrame({node_id: [np.nan for i in self.node_ids] for node_id in self.node_ids}, index=self.node_ids,
Tree method: RF
K: sqrt
Number of trees: 1000


running single threaded jobs
Gene 1/7...
Gene 2/7...
Gene 3/7...
Gene 4/7...
Gene 5/7...
Gene 6/7...
Gene 7/7...
Elapsed time: 12.79 seconds
Create causal_model successfully
