  Activating project at `/data/gpfs/projects/punim0638/stephenz/locaTE-paper/data/simulated/Synthetic_1000/dyn-BFC/dyn-BFC-1000-8/pidc_env`
    Updating registry at `~/.julia/registries/General.toml`
   Resolving package versions...
  No Changes to `/data/gpfs/projects/punim0638/stephenz/locaTE-paper/data/simulated/Synthetic_1000/dyn-BFC/dyn-BFC-1000-8/pidc_env/Project.toml`
  No Changes to `/data/gpfs/projects/punim0638/stephenz/locaTE-paper/data/simulated/Synthetic_1000/dyn-BFC/dyn-BFC-1000-8/pidc_env/Manifest.toml`
Getting nodes...
Inferring network...
cat: write error: Broken pipe
2023-10-04 23:27:39.984701
2023-10-04 23:27:40.861674
2023-10-04 23:27:41.758162

real	0m2.662s
user	0m0.008s
sys	0m0.011s
cat: write error: Broken pipe
2023-10-04 23:27:52.868777
2023-10-04 23:27:53.641478
2023-10-04 23:27:54.424120

real	0m2.448s
user	0m0.007s
sys	0m0.013s
cat: write error: Broken pipe
2023-10-04 23:28:05.518829
2023-10-04 23:28:06.225973
2023-10-04 23:28:06.965250

real	0m2.455s
user	0m0.006s
sys	0m0.013s
cat: write error: Broken pipe
2023-10-04 23:28:18.195708
2023-10-04 23:28:18.915638
2023-10-04 23:28:19.666817

real	0m2.359s
user	0m0.008s
sys	0m0.012s
cat: write error: Broken pipe
2023-10-04 23:28:30.801864
2023-10-04 23:28:31.673882
2023-10-04 23:28:32.543654

real	0m2.648s
user	0m0.010s
sys	0m0.009s
cat: write error: Broken pipe
2023-10-04 23:28:43.738817
2023-10-04 23:28:45.691790
2023-10-04 23:28:47.334803

real	0m4.582s
user	0m0.008s
sys	0m0.012s
cat: write error: Broken pipe
2023-10-04 23:28:58.421764
2023-10-04 23:28:59.372516
2023-10-04 23:29:00.883756

real	0m3.325s
user	0m0.007s
sys	0m0.012s
cat: write error: Broken pipe
2023-10-04 23:29:12.018564
2023-10-04 23:29:12.363861
2023-10-04 23:29:12.685593

real	0m1.559s
user	0m0.011s
sys	0m0.009s
mkdir: cannot create directory ‘SCODE_D_2’: File exists
┌ Warning: Assignment to `WZ` in soft scope is ambiguous because a global variable by the same name exists: `WZ` will be treated as a new local. Disambiguate by using `local WZ` to suppress this warning or `global WZ` to assign to the existing global variable.
└ @ ~/stephenz/locaTE-paper/tools/SCODE/SCODE.jl:69
a
mkdir: cannot create directory ‘SCODE_D_4’: File exists
┌ Warning: Assignment to `WZ` in soft scope is ambiguous because a global variable by the same name exists: `WZ` will be treated as a new local. Disambiguate by using `local WZ` to suppress this warning or `global WZ` to assign to the existing global variable.
└ @ ~/stephenz/locaTE-paper/tools/SCODE/SCODE.jl:69
a
mkdir: cannot create directory ‘SCODE_D_6’: File exists
┌ Warning: Assignment to `WZ` in soft scope is ambiguous because a global variable by the same name exists: `WZ` will be treated as a new local. Disambiguate by using `local WZ` to suppress this warning or `global WZ` to assign to the existing global variable.
└ @ ~/stephenz/locaTE-paper/tools/SCODE/SCODE.jl:69
a
mkdir: cannot create directory ‘SCODE_D_8’: File exists
┌ Warning: Assignment to `WZ` in soft scope is ambiguous because a global variable by the same name exists: `WZ` will be treated as a new local. Disambiguate by using `local WZ` to suppress this warning or `global WZ` to assign to the existing global variable.
└ @ ~/stephenz/locaTE-paper/tools/SCODE/SCODE.jl:69
a
sh: line 1: matlab: command not found
sh: line 1: matlab: command not found
/data/gpfs/projects/punim0638/stephenz/envs/py39/lib/python3.9/site-packages/Scribe-0.0.0-py3.9.egg/Scribe/causal_network.py:18: UserWarning:  WARNING: No expression data argument given. if you intend to load the data from a file, call the method 'read_expression_file'.
  if expression==None: warnings.warn(" WARNING: No expression data argument given. if you intend to load the data from a file, call the method 'read_expression_file'.")
/data/gpfs/projects/punim0638/stephenz/envs/py39/lib/python3.9/site-packages/Scribe-0.0.0-py3.9.egg/Scribe/causal_network.py:298: FutureWarning: Could not cast to int64, falling back to object. This behavior is deprecated. In a future version, when a dtype is passed to 'DataFrame', either all columns will be cast to that dtype, or a TypeError will be raised.
  max_rdi_delay = pd.DataFrame({node_id: [np.nan for i in self.node_ids] for node_id in self.node_ids}, index=self.node_ids,
Tree method: RF
K: sqrt
Number of trees: 1000


running single threaded jobs
Gene 1/10...
Gene 2/10...
Gene 3/10...
Gene 4/10...
Gene 5/10...
Gene 6/10...
Gene 7/10...
Gene 8/10...
Gene 9/10...
Gene 10/10...
Elapsed time: 24.16 seconds
Create causal_model successfully
