  Activating project at `/data/gpfs/projects/punim0638/stephenz/locaTE-paper/data/simulated/Synthetic_1000/dyn-BFStrange/dyn-BFStrange-1000-7/pidc_env`
    Updating registry at `~/.julia/registries/General.toml`
   Resolving package versions...
  No Changes to `/data/gpfs/projects/punim0638/stephenz/locaTE-paper/data/simulated/Synthetic_1000/dyn-BFStrange/dyn-BFStrange-1000-7/pidc_env/Project.toml`
  No Changes to `/data/gpfs/projects/punim0638/stephenz/locaTE-paper/data/simulated/Synthetic_1000/dyn-BFStrange/dyn-BFStrange-1000-7/pidc_env/Manifest.toml`
Getting nodes...
Inferring network...

The following have been reloaded with a version change:
  1) Java/11.0.18 => Java/17.0.6

cat: write error: Broken pipe
Picked up _JAVA_OPTIONS: -Xmx2048m
2023-09-26 20:03:31.589328
2023-09-26 20:03:31.850960

real	0m1.351s
user	0m0.008s
sys	0m0.011s
cat: write error: Broken pipe
Picked up _JAVA_OPTIONS: -Xmx2048m
2023-09-26 20:03:38.137169
2023-09-26 20:03:38.266586

real	0m1.049s
user	0m0.007s
sys	0m0.011s
cat: write error: Broken pipe
Picked up _JAVA_OPTIONS: -Xmx2048m
2023-09-26 20:03:44.411305
2023-09-26 20:03:44.414160

real	0m0.847s
user	0m0.010s
sys	0m0.007s
cat: write error: Broken pipe
Picked up _JAVA_OPTIONS: -Xmx2048m
2023-09-26 20:03:50.406225
2023-09-26 20:03:50.649953

real	0m1.229s
user	0m0.006s
sys	0m0.012s
cat: write error: Broken pipe
Picked up _JAVA_OPTIONS: -Xmx2048m
2023-09-26 20:03:56.907576
2023-09-26 20:03:57.024100

real	0m1.050s
user	0m0.009s
sys	0m0.010s
cat: write error: Broken pipe
Picked up _JAVA_OPTIONS: -Xmx2048m
2023-09-26 20:04:03.075343
2023-09-26 20:04:03.078402

real	0m0.764s
user	0m0.006s
sys	0m0.011s
cat: write error: Broken pipe
Picked up _JAVA_OPTIONS: -Xmx2048m
2023-09-26 20:04:09.058360
2023-09-26 20:04:09.301918

real	0m1.235s
user	0m0.008s
sys	0m0.009s
cat: write error: Broken pipe
Picked up _JAVA_OPTIONS: -Xmx2048m
2023-09-26 20:04:15.497216
2023-09-26 20:04:15.616044

real	0m1.026s
user	0m0.009s
sys	0m0.007s
cat: write error: Broken pipe
Picked up _JAVA_OPTIONS: -Xmx2048m
2023-09-26 20:04:21.738299
2023-09-26 20:04:21.741348

real	0m0.834s
user	0m0.010s
sys	0m0.006s
cat: write error: Broken pipe
Picked up _JAVA_OPTIONS: -Xmx2048m
2023-09-26 20:04:27.750540
2023-09-26 20:04:28.033275

real	0m1.366s
user	0m0.009s
sys	0m0.008s
cat: write error: Broken pipe
Picked up _JAVA_OPTIONS: -Xmx2048m
2023-09-26 20:04:34.262763
2023-09-26 20:04:34.395035

real	0m1.005s
user	0m0.010s
sys	0m0.007s
cat: write error: Broken pipe
Picked up _JAVA_OPTIONS: -Xmx2048m
2023-09-26 20:04:40.445175
2023-09-26 20:04:40.448404

real	0m0.774s
user	0m0.006s
sys	0m0.010s
cat: write error: Broken pipe
Picked up _JAVA_OPTIONS: -Xmx2048m
2023-09-26 20:04:46.508652
2023-09-26 20:04:46.846474

real	0m1.476s
user	0m0.006s
sys	0m0.011s
cat: write error: Broken pipe
Picked up _JAVA_OPTIONS: -Xmx2048m
2023-09-26 20:04:53.124296
2023-09-26 20:04:53.436062

real	0m1.382s
user	0m0.010s
sys	0m0.007s
cat: write error: Broken pipe
Picked up _JAVA_OPTIONS: -Xmx2048m
2023-09-26 20:04:59.708463
2023-09-26 20:04:59.710711

real	0m0.823s
user	0m0.009s
sys	0m0.008s
cat: write error: Broken pipe
Picked up _JAVA_OPTIONS: -Xmx2048m
2023-09-26 20:05:05.806041
2023-09-26 20:05:06.538891

real	0m2.143s
user	0m0.012s
sys	0m0.005s
cat: write error: Broken pipe
Picked up _JAVA_OPTIONS: -Xmx2048m
2023-09-26 20:05:13.109953
2023-09-26 20:05:13.771396

real	0m1.836s
user	0m0.010s
sys	0m0.006s
cat: write error: Broken pipe
Picked up _JAVA_OPTIONS: -Xmx2048m
Traceback (most recent call last):
  File "infodynamics.measures.continuous.TransferEntropyCommon.java", line -1, in infodynamics.measures.continuous.TransferEntropyCommon.setObservations
Exception: Java Exception

The above exception was the direct cause of the following exception:

Traceback (most recent call last):
  File "/data/gpfs/projects/punim0638/stephenz/locaTE-paper/data/simulated/Synthetic_1000/dyn-BFStrange/dyn-BFStrange-1000-7/tenet/runTE.py", line 67, in <module>
    teCalc.setObservations(JArray(JDouble, 1)(expression_data[0]), JArray(JDouble, 1)(expression_data[1]))
java.lang.java.lang.ArrayIndexOutOfBoundsException: java.lang.ArrayIndexOutOfBoundsException: Index 0 out of bounds for length 0

real	0m0.753s
user	0m0.010s
sys	0m0.007s
cat: 'outputs/*.csv': No such file or directory
cat: write error: Broken pipe
Picked up _JAVA_OPTIONS: -Xmx2048m
2023-09-26 20:05:26.142833
2023-09-26 20:05:27.953503

real	0m4.500s
user	0m0.007s
sys	0m0.012s
cat: write error: Broken pipe
Picked up _JAVA_OPTIONS: -Xmx2048m
2023-09-26 20:05:35.798458
2023-09-26 20:05:37.185924

real	0m3.746s
user	0m0.010s
sys	0m0.007s
cat: write error: Broken pipe
Picked up _JAVA_OPTIONS: -Xmx2048m
Traceback (most recent call last):
  File "infodynamics.measures.continuous.TransferEntropyCommon.java", line -1, in infodynamics.measures.continuous.TransferEntropyCommon.setObservations
Exception: Java Exception

The above exception was the direct cause of the following exception:

Traceback (most recent call last):
  File "/data/gpfs/projects/punim0638/stephenz/locaTE-paper/data/simulated/Synthetic_1000/dyn-BFStrange/dyn-BFStrange-1000-7/tenet/runTE.py", line 67, in <module>
    teCalc.setObservations(JArray(JDouble, 1)(expression_data[0]), JArray(JDouble, 1)(expression_data[1]))
java.lang.java.lang.ArrayIndexOutOfBoundsException: java.lang.ArrayIndexOutOfBoundsException: Index 0 out of bounds for length 0

real	0m0.802s
user	0m0.011s
sys	0m0.006s
cat: 'outputs/*.csv': No such file or directory
cat: write error: Broken pipe
Picked up _JAVA_OPTIONS: -Xmx2048m
2023-09-26 20:05:50.650813
2023-09-26 20:05:50.770791

real	0m1.063s
user	0m0.009s
sys	0m0.008s
cat: write error: Broken pipe
Picked up _JAVA_OPTIONS: -Xmx2048m
2023-09-26 20:05:56.884427
2023-09-26 20:05:56.944107

real	0m0.905s
user	0m0.009s
sys	0m0.007s
cat: write error: Broken pipe
Picked up _JAVA_OPTIONS: -Xmx2048m
Traceback (most recent call last):
  File "infodynamics.measures.continuous.TransferEntropyCommon.java", line -1, in infodynamics.measures.continuous.TransferEntropyCommon.setObservations
Exception: Java Exception

The above exception was the direct cause of the following exception:

Traceback (most recent call last):
  File "/data/gpfs/projects/punim0638/stephenz/locaTE-paper/data/simulated/Synthetic_1000/dyn-BFStrange/dyn-BFStrange-1000-7/tenet/runTE.py", line 67, in <module>
    teCalc.setObservations(JArray(JDouble, 1)(expression_data[0]), JArray(JDouble, 1)(expression_data[1]))
java.lang.java.lang.ArrayIndexOutOfBoundsException: java.lang.ArrayIndexOutOfBoundsException: Index 0 out of bounds for length 0

real	0m0.803s
user	0m0.006s
sys	0m0.011s
cat: 'outputs/*.csv': No such file or directory
mkdir: cannot create directory ‘SCODE_D_2’: File exists
/data/gpfs/projects/punim0638/stephenz/locaTE-paper/data/simulated/Synthetic_1000/scripts//run_SCODE_bifurc.sh: line 8: 132256 Segmentation fault      (core dumped) julia --project=$SCODE_DIR $SCODE_DIR/SCODE.jl exp_branch0.txt time_branch0.txt $dir $(wc -l exp_branch0.txt | cut -d' ' -f 1) $k $(wc -l time_branch0.txt | cut -d' ' -f 1) 1000
mv: cannot stat 'SCODE_D_2/A.txt': No such file or directory
/data/gpfs/projects/punim0638/stephenz/locaTE-paper/data/simulated/Synthetic_1000/scripts//run_SCODE_bifurc.sh: line 8: 132341 Segmentation fault      (core dumped) julia --project=$SCODE_DIR $SCODE_DIR/SCODE.jl exp_branch1.txt time_branch1.txt $dir $(wc -l exp_branch1.txt | cut -d' ' -f 1) $k $(wc -l time_branch1.txt | cut -d' ' -f 1) 1000
mv: cannot stat 'SCODE_D_2/A.txt': No such file or directory
/data/gpfs/projects/punim0638/stephenz/locaTE-paper/data/simulated/Synthetic_1000/scripts//run_SCODE_bifurc.sh: line 8: 132434 Segmentation fault      (core dumped) julia --project=$SCODE_DIR $SCODE_DIR/SCODE.jl exp_branch2.txt time_branch2.txt $dir $(wc -l exp_branch2.txt | cut -d' ' -f 1) $k $(wc -l time_branch2.txt | cut -d' ' -f 1) 1000
mv: cannot stat 'SCODE_D_2/A.txt': No such file or directory
mkdir: cannot create directory ‘SCODE_D_4’: File exists
/data/gpfs/projects/punim0638/stephenz/locaTE-paper/data/simulated/Synthetic_1000/scripts//run_SCODE_bifurc.sh: line 8: 132578 Segmentation fault      (core dumped) julia --project=$SCODE_DIR $SCODE_DIR/SCODE.jl exp_branch0.txt time_branch0.txt $dir $(wc -l exp_branch0.txt | cut -d' ' -f 1) $k $(wc -l time_branch0.txt | cut -d' ' -f 1) 1000
mv: cannot stat 'SCODE_D_4/A.txt': No such file or directory
/data/gpfs/projects/punim0638/stephenz/locaTE-paper/data/simulated/Synthetic_1000/scripts//run_SCODE_bifurc.sh: line 8: 132659 Segmentation fault      (core dumped) julia --project=$SCODE_DIR $SCODE_DIR/SCODE.jl exp_branch1.txt time_branch1.txt $dir $(wc -l exp_branch1.txt | cut -d' ' -f 1) $k $(wc -l time_branch1.txt | cut -d' ' -f 1) 1000
mv: cannot stat 'SCODE_D_4/A.txt': No such file or directory
/data/gpfs/projects/punim0638/stephenz/locaTE-paper/data/simulated/Synthetic_1000/scripts//run_SCODE_bifurc.sh: line 8: 132787 Segmentation fault      (core dumped) julia --project=$SCODE_DIR $SCODE_DIR/SCODE.jl exp_branch2.txt time_branch2.txt $dir $(wc -l exp_branch2.txt | cut -d' ' -f 1) $k $(wc -l time_branch2.txt | cut -d' ' -f 1) 1000
mv: cannot stat 'SCODE_D_4/A.txt': No such file or directory
mkdir: cannot create directory ‘SCODE_D_6’: File exists
/data/gpfs/projects/punim0638/stephenz/locaTE-paper/data/simulated/Synthetic_1000/scripts//run_SCODE_bifurc.sh: line 8: 132913 Segmentation fault      (core dumped) julia --project=$SCODE_DIR $SCODE_DIR/SCODE.jl exp_branch0.txt time_branch0.txt $dir $(wc -l exp_branch0.txt | cut -d' ' -f 1) $k $(wc -l time_branch0.txt | cut -d' ' -f 1) 1000
mv: cannot stat 'SCODE_D_6/A.txt': No such file or directory
/data/gpfs/projects/punim0638/stephenz/locaTE-paper/data/simulated/Synthetic_1000/scripts//run_SCODE_bifurc.sh: line 8: 133054 Segmentation fault      (core dumped) julia --project=$SCODE_DIR $SCODE_DIR/SCODE.jl exp_branch1.txt time_branch1.txt $dir $(wc -l exp_branch1.txt | cut -d' ' -f 1) $k $(wc -l time_branch1.txt | cut -d' ' -f 1) 1000
mv: cannot stat 'SCODE_D_6/A.txt': No such file or directory
/data/gpfs/projects/punim0638/stephenz/locaTE-paper/data/simulated/Synthetic_1000/scripts//run_SCODE_bifurc.sh: line 8: 133186 Segmentation fault      (core dumped) julia --project=$SCODE_DIR $SCODE_DIR/SCODE.jl exp_branch2.txt time_branch2.txt $dir $(wc -l exp_branch2.txt | cut -d' ' -f 1) $k $(wc -l time_branch2.txt | cut -d' ' -f 1) 1000
mv: cannot stat 'SCODE_D_6/A.txt': No such file or directory
mkdir: cannot create directory ‘SCODE_D_8’: File exists
/data/gpfs/projects/punim0638/stephenz/locaTE-paper/data/simulated/Synthetic_1000/scripts//run_SCODE_bifurc.sh: line 8: 133319 Segmentation fault      (core dumped) julia --project=$SCODE_DIR $SCODE_DIR/SCODE.jl exp_branch0.txt time_branch0.txt $dir $(wc -l exp_branch0.txt | cut -d' ' -f 1) $k $(wc -l time_branch0.txt | cut -d' ' -f 1) 1000
mv: cannot stat 'SCODE_D_8/A.txt': No such file or directory
/data/gpfs/projects/punim0638/stephenz/locaTE-paper/data/simulated/Synthetic_1000/scripts//run_SCODE_bifurc.sh: line 8: 133456 Segmentation fault      (core dumped) julia --project=$SCODE_DIR $SCODE_DIR/SCODE.jl exp_branch1.txt time_branch1.txt $dir $(wc -l exp_branch1.txt | cut -d' ' -f 1) $k $(wc -l time_branch1.txt | cut -d' ' -f 1) 1000
mv: cannot stat 'SCODE_D_8/A.txt': No such file or directory
/data/gpfs/projects/punim0638/stephenz/locaTE-paper/data/simulated/Synthetic_1000/scripts//run_SCODE_bifurc.sh: line 8: 133581 Segmentation fault      (core dumped) julia --project=$SCODE_DIR $SCODE_DIR/SCODE.jl exp_branch2.txt time_branch2.txt $dir $(wc -l exp_branch2.txt | cut -d' ' -f 1) $k $(wc -l time_branch2.txt | cut -d' ' -f 1) 1000
mv: cannot stat 'SCODE_D_8/A.txt': No such file or directory
mkdir: cannot create directory ‘SCODE_D_2’: File exists
/data/gpfs/projects/punim0638/stephenz/locaTE-paper/data/simulated/Synthetic_1000/scripts//run_SCODE_bifurc.sh: line 8: 133717 Segmentation fault      (core dumped) julia --project=$SCODE_DIR $SCODE_DIR/SCODE.jl exp_branch0.txt time_branch0.txt $dir $(wc -l exp_branch0.txt | cut -d' ' -f 1) $k $(wc -l time_branch0.txt | cut -d' ' -f 1) 1000
mv: cannot stat 'SCODE_D_2/A.txt': No such file or directory
/data/gpfs/projects/punim0638/stephenz/locaTE-paper/data/simulated/Synthetic_1000/scripts//run_SCODE_bifurc.sh: line 8: 133843 Segmentation fault      (core dumped) julia --project=$SCODE_DIR $SCODE_DIR/SCODE.jl exp_branch1.txt time_branch1.txt $dir $(wc -l exp_branch1.txt | cut -d' ' -f 1) $k $(wc -l time_branch1.txt | cut -d' ' -f 1) 1000
mv: cannot stat 'SCODE_D_2/A.txt': No such file or directory
/data/gpfs/projects/punim0638/stephenz/locaTE-paper/data/simulated/Synthetic_1000/scripts//run_SCODE_bifurc.sh: line 8: 133977 Segmentation fault      (core dumped) julia --project=$SCODE_DIR $SCODE_DIR/SCODE.jl exp_branch2.txt time_branch2.txt $dir $(wc -l exp_branch2.txt | cut -d' ' -f 1) $k $(wc -l time_branch2.txt | cut -d' ' -f 1) 1000
mv: cannot stat 'SCODE_D_2/A.txt': No such file or directory
mkdir: cannot create directory ‘SCODE_D_4’: File exists
/data/gpfs/projects/punim0638/stephenz/locaTE-paper/data/simulated/Synthetic_1000/scripts//run_SCODE_bifurc.sh: line 8: 134177 Segmentation fault      (core dumped) julia --project=$SCODE_DIR $SCODE_DIR/SCODE.jl exp_branch0.txt time_branch0.txt $dir $(wc -l exp_branch0.txt | cut -d' ' -f 1) $k $(wc -l time_branch0.txt | cut -d' ' -f 1) 1000
mv: cannot stat 'SCODE_D_4/A.txt': No such file or directory
/data/gpfs/projects/punim0638/stephenz/locaTE-paper/data/simulated/Synthetic_1000/scripts//run_SCODE_bifurc.sh: line 8: 134389 Segmentation fault      (core dumped) julia --project=$SCODE_DIR $SCODE_DIR/SCODE.jl exp_branch1.txt time_branch1.txt $dir $(wc -l exp_branch1.txt | cut -d' ' -f 1) $k $(wc -l time_branch1.txt | cut -d' ' -f 1) 1000
mv: cannot stat 'SCODE_D_4/A.txt': No such file or directory
/data/gpfs/projects/punim0638/stephenz/locaTE-paper/data/simulated/Synthetic_1000/scripts//run_SCODE_bifurc.sh: line 8: 134523 Segmentation fault      (core dumped) julia --project=$SCODE_DIR $SCODE_DIR/SCODE.jl exp_branch2.txt time_branch2.txt $dir $(wc -l exp_branch2.txt | cut -d' ' -f 1) $k $(wc -l time_branch2.txt | cut -d' ' -f 1) 1000
mv: cannot stat 'SCODE_D_4/A.txt': No such file or directory
mkdir: cannot create directory ‘SCODE_D_6’: File exists
/data/gpfs/projects/punim0638/stephenz/locaTE-paper/data/simulated/Synthetic_1000/scripts//run_SCODE_bifurc.sh: line 8: 134666 Segmentation fault      (core dumped) julia --project=$SCODE_DIR $SCODE_DIR/SCODE.jl exp_branch0.txt time_branch0.txt $dir $(wc -l exp_branch0.txt | cut -d' ' -f 1) $k $(wc -l time_branch0.txt | cut -d' ' -f 1) 1000
mv: cannot stat 'SCODE_D_6/A.txt': No such file or directory
/data/gpfs/projects/punim0638/stephenz/locaTE-paper/data/simulated/Synthetic_1000/scripts//run_SCODE_bifurc.sh: line 8: 134784 Segmentation fault      (core dumped) julia --project=$SCODE_DIR $SCODE_DIR/SCODE.jl exp_branch1.txt time_branch1.txt $dir $(wc -l exp_branch1.txt | cut -d' ' -f 1) $k $(wc -l time_branch1.txt | cut -d' ' -f 1) 1000
mv: cannot stat 'SCODE_D_6/A.txt': No such file or directory
/data/gpfs/projects/punim0638/stephenz/locaTE-paper/data/simulated/Synthetic_1000/scripts//run_SCODE_bifurc.sh: line 8: 134918 Segmentation fault      (core dumped) julia --project=$SCODE_DIR $SCODE_DIR/SCODE.jl exp_branch2.txt time_branch2.txt $dir $(wc -l exp_branch2.txt | cut -d' ' -f 1) $k $(wc -l time_branch2.txt | cut -d' ' -f 1) 1000
mv: cannot stat 'SCODE_D_6/A.txt': No such file or directory
mkdir: cannot create directory ‘SCODE_D_8’: File exists
/data/gpfs/projects/punim0638/stephenz/locaTE-paper/data/simulated/Synthetic_1000/scripts//run_SCODE_bifurc.sh: line 8: 135045 Segmentation fault      (core dumped) julia --project=$SCODE_DIR $SCODE_DIR/SCODE.jl exp_branch0.txt time_branch0.txt $dir $(wc -l exp_branch0.txt | cut -d' ' -f 1) $k $(wc -l time_branch0.txt | cut -d' ' -f 1) 1000
mv: cannot stat 'SCODE_D_8/A.txt': No such file or directory
/data/gpfs/projects/punim0638/stephenz/locaTE-paper/data/simulated/Synthetic_1000/scripts//run_SCODE_bifurc.sh: line 8: 135188 Segmentation fault      (core dumped) julia --project=$SCODE_DIR $SCODE_DIR/SCODE.jl exp_branch1.txt time_branch1.txt $dir $(wc -l exp_branch1.txt | cut -d' ' -f 1) $k $(wc -l time_branch1.txt | cut -d' ' -f 1) 1000
mv: cannot stat 'SCODE_D_8/A.txt': No such file or directory
/data/gpfs/projects/punim0638/stephenz/locaTE-paper/data/simulated/Synthetic_1000/scripts//run_SCODE_bifurc.sh: line 8: 135322 Segmentation fault      (core dumped) julia --project=$SCODE_DIR $SCODE_DIR/SCODE.jl exp_branch2.txt time_branch2.txt $dir $(wc -l exp_branch2.txt | cut -d' ' -f 1) $k $(wc -l time_branch2.txt | cut -d' ' -f 1) 1000
mv: cannot stat 'SCODE_D_8/A.txt': No such file or directory
mkdir: cannot create directory ‘SCODE_D_2’: File exists
/data/gpfs/projects/punim0638/stephenz/locaTE-paper/data/simulated/Synthetic_1000/scripts//run_SCODE_bifurc.sh: line 8: 135465 Segmentation fault      (core dumped) julia --project=$SCODE_DIR $SCODE_DIR/SCODE.jl exp_branch0.txt time_branch0.txt $dir $(wc -l exp_branch0.txt | cut -d' ' -f 1) $k $(wc -l time_branch0.txt | cut -d' ' -f 1) 1000
mv: cannot stat 'SCODE_D_2/A.txt': No such file or directory
/data/gpfs/projects/punim0638/stephenz/locaTE-paper/data/simulated/Synthetic_1000/scripts//run_SCODE_bifurc.sh: line 8: 135602 Segmentation fault      (core dumped) julia --project=$SCODE_DIR $SCODE_DIR/SCODE.jl exp_branch1.txt time_branch1.txt $dir $(wc -l exp_branch1.txt | cut -d' ' -f 1) $k $(wc -l time_branch1.txt | cut -d' ' -f 1) 1000
mv: cannot stat 'SCODE_D_2/A.txt': No such file or directory
/data/gpfs/projects/punim0638/stephenz/locaTE-paper/data/simulated/Synthetic_1000/scripts//run_SCODE_bifurc.sh: line 8: 135744 Segmentation fault      (core dumped) julia --project=$SCODE_DIR $SCODE_DIR/SCODE.jl exp_branch2.txt time_branch2.txt $dir $(wc -l exp_branch2.txt | cut -d' ' -f 1) $k $(wc -l time_branch2.txt | cut -d' ' -f 1) 1000
mv: cannot stat 'SCODE_D_2/A.txt': No such file or directory
mkdir: cannot create directory ‘SCODE_D_4’: File exists
/data/gpfs/projects/punim0638/stephenz/locaTE-paper/data/simulated/Synthetic_1000/scripts//run_SCODE_bifurc.sh: line 8: 135877 Segmentation fault      (core dumped) julia --project=$SCODE_DIR $SCODE_DIR/SCODE.jl exp_branch0.txt time_branch0.txt $dir $(wc -l exp_branch0.txt | cut -d' ' -f 1) $k $(wc -l time_branch0.txt | cut -d' ' -f 1) 1000
mv: cannot stat 'SCODE_D_4/A.txt': No such file or directory
/data/gpfs/projects/punim0638/stephenz/locaTE-paper/data/simulated/Synthetic_1000/scripts//run_SCODE_bifurc.sh: line 8: 136012 Segmentation fault      (core dumped) julia --project=$SCODE_DIR $SCODE_DIR/SCODE.jl exp_branch1.txt time_branch1.txt $dir $(wc -l exp_branch1.txt | cut -d' ' -f 1) $k $(wc -l time_branch1.txt | cut -d' ' -f 1) 1000
mv: cannot stat 'SCODE_D_4/A.txt': No such file or directory
/data/gpfs/projects/punim0638/stephenz/locaTE-paper/data/simulated/Synthetic_1000/scripts//run_SCODE_bifurc.sh: line 8: 136129 Segmentation fault      (core dumped) julia --project=$SCODE_DIR $SCODE_DIR/SCODE.jl exp_branch2.txt time_branch2.txt $dir $(wc -l exp_branch2.txt | cut -d' ' -f 1) $k $(wc -l time_branch2.txt | cut -d' ' -f 1) 1000
mv: cannot stat 'SCODE_D_4/A.txt': No such file or directory
mkdir: cannot create directory ‘SCODE_D_6’: File exists
/data/gpfs/projects/punim0638/stephenz/locaTE-paper/data/simulated/Synthetic_1000/scripts//run_SCODE_bifurc.sh: line 8: 136282 Segmentation fault      (core dumped) julia --project=$SCODE_DIR $SCODE_DIR/SCODE.jl exp_branch0.txt time_branch0.txt $dir $(wc -l exp_branch0.txt | cut -d' ' -f 1) $k $(wc -l time_branch0.txt | cut -d' ' -f 1) 1000
mv: cannot stat 'SCODE_D_6/A.txt': No such file or directory
/data/gpfs/projects/punim0638/stephenz/locaTE-paper/data/simulated/Synthetic_1000/scripts//run_SCODE_bifurc.sh: line 8: 136425 Segmentation fault      (core dumped) julia --project=$SCODE_DIR $SCODE_DIR/SCODE.jl exp_branch1.txt time_branch1.txt $dir $(wc -l exp_branch1.txt | cut -d' ' -f 1) $k $(wc -l time_branch1.txt | cut -d' ' -f 1) 1000
mv: cannot stat 'SCODE_D_6/A.txt': No such file or directory
/data/gpfs/projects/punim0638/stephenz/locaTE-paper/data/simulated/Synthetic_1000/scripts//run_SCODE_bifurc.sh: line 8: 136550 Segmentation fault      (core dumped) julia --project=$SCODE_DIR $SCODE_DIR/SCODE.jl exp_branch2.txt time_branch2.txt $dir $(wc -l exp_branch2.txt | cut -d' ' -f 1) $k $(wc -l time_branch2.txt | cut -d' ' -f 1) 1000
mv: cannot stat 'SCODE_D_6/A.txt': No such file or directory
mkdir: cannot create directory ‘SCODE_D_8’: File exists
/data/gpfs/projects/punim0638/stephenz/locaTE-paper/data/simulated/Synthetic_1000/scripts//run_SCODE_bifurc.sh: line 8: 136692 Segmentation fault      (core dumped) julia --project=$SCODE_DIR $SCODE_DIR/SCODE.jl exp_branch0.txt time_branch0.txt $dir $(wc -l exp_branch0.txt | cut -d' ' -f 1) $k $(wc -l time_branch0.txt | cut -d' ' -f 1) 1000
mv: cannot stat 'SCODE_D_8/A.txt': No such file or directory
/data/gpfs/projects/punim0638/stephenz/locaTE-paper/data/simulated/Synthetic_1000/scripts//run_SCODE_bifurc.sh: line 8: 136831 Segmentation fault      (core dumped) julia --project=$SCODE_DIR $SCODE_DIR/SCODE.jl exp_branch1.txt time_branch1.txt $dir $(wc -l exp_branch1.txt | cut -d' ' -f 1) $k $(wc -l time_branch1.txt | cut -d' ' -f 1) 1000
mv: cannot stat 'SCODE_D_8/A.txt': No such file or directory
/data/gpfs/projects/punim0638/stephenz/locaTE-paper/data/simulated/Synthetic_1000/scripts//run_SCODE_bifurc.sh: line 8: 136949 Segmentation fault      (core dumped) julia --project=$SCODE_DIR $SCODE_DIR/SCODE.jl exp_branch2.txt time_branch2.txt $dir $(wc -l exp_branch2.txt | cut -d' ' -f 1) $k $(wc -l time_branch2.txt | cut -d' ' -f 1) 1000
mv: cannot stat 'SCODE_D_8/A.txt': No such file or directory
mkdir: cannot create directory ‘SCODE_D_2’: File exists
/data/gpfs/projects/punim0638/stephenz/locaTE-paper/data/simulated/Synthetic_1000/scripts//run_SCODE_bifurc.sh: line 8: 137152 Segmentation fault      (core dumped) julia --project=$SCODE_DIR $SCODE_DIR/SCODE.jl exp_branch0.txt time_branch0.txt $dir $(wc -l exp_branch0.txt | cut -d' ' -f 1) $k $(wc -l time_branch0.txt | cut -d' ' -f 1) 1000
mv: cannot stat 'SCODE_D_2/A.txt': No such file or directory
/data/gpfs/projects/punim0638/stephenz/locaTE-paper/data/simulated/Synthetic_1000/scripts//run_SCODE_bifurc.sh: line 8: 137287 Segmentation fault      (core dumped) julia --project=$SCODE_DIR $SCODE_DIR/SCODE.jl exp_branch1.txt time_branch1.txt $dir $(wc -l exp_branch1.txt | cut -d' ' -f 1) $k $(wc -l time_branch1.txt | cut -d' ' -f 1) 1000
mv: cannot stat 'SCODE_D_2/A.txt': No such file or directory
/data/gpfs/projects/punim0638/stephenz/locaTE-paper/data/simulated/Synthetic_1000/scripts//run_SCODE_bifurc.sh: line 8: 137423 Segmentation fault      (core dumped) julia --project=$SCODE_DIR $SCODE_DIR/SCODE.jl exp_branch2.txt time_branch2.txt $dir $(wc -l exp_branch2.txt | cut -d' ' -f 1) $k $(wc -l time_branch2.txt | cut -d' ' -f 1) 1000
mv: cannot stat 'SCODE_D_2/A.txt': No such file or directory
mkdir: cannot create directory ‘SCODE_D_4’: File exists
/data/gpfs/projects/punim0638/stephenz/locaTE-paper/data/simulated/Synthetic_1000/scripts//run_SCODE_bifurc.sh: line 8: 137549 Segmentation fault      (core dumped) julia --project=$SCODE_DIR $SCODE_DIR/SCODE.jl exp_branch0.txt time_branch0.txt $dir $(wc -l exp_branch0.txt | cut -d' ' -f 1) $k $(wc -l time_branch0.txt | cut -d' ' -f 1) 1000
mv: cannot stat 'SCODE_D_4/A.txt': No such file or directory
/data/gpfs/projects/punim0638/stephenz/locaTE-paper/data/simulated/Synthetic_1000/scripts//run_SCODE_bifurc.sh: line 8: 137684 Segmentation fault      (core dumped) julia --project=$SCODE_DIR $SCODE_DIR/SCODE.jl exp_branch1.txt time_branch1.txt $dir $(wc -l exp_branch1.txt | cut -d' ' -f 1) $k $(wc -l time_branch1.txt | cut -d' ' -f 1) 1000
mv: cannot stat 'SCODE_D_4/A.txt': No such file or directory
/data/gpfs/projects/punim0638/stephenz/locaTE-paper/data/simulated/Synthetic_1000/scripts//run_SCODE_bifurc.sh: line 8: 137819 Segmentation fault      (core dumped) julia --project=$SCODE_DIR $SCODE_DIR/SCODE.jl exp_branch2.txt time_branch2.txt $dir $(wc -l exp_branch2.txt | cut -d' ' -f 1) $k $(wc -l time_branch2.txt | cut -d' ' -f 1) 1000
mv: cannot stat 'SCODE_D_4/A.txt': No such file or directory
mkdir: cannot create directory ‘SCODE_D_6’: File exists
/data/gpfs/projects/punim0638/stephenz/locaTE-paper/data/simulated/Synthetic_1000/scripts//run_SCODE_bifurc.sh: line 8: 137953 Segmentation fault      (core dumped) julia --project=$SCODE_DIR $SCODE_DIR/SCODE.jl exp_branch0.txt time_branch0.txt $dir $(wc -l exp_branch0.txt | cut -d' ' -f 1) $k $(wc -l time_branch0.txt | cut -d' ' -f 1) 1000
mv: cannot stat 'SCODE_D_6/A.txt': No such file or directory
/data/gpfs/projects/punim0638/stephenz/locaTE-paper/data/simulated/Synthetic_1000/scripts//run_SCODE_bifurc.sh: line 8: 138096 Segmentation fault      (core dumped) julia --project=$SCODE_DIR $SCODE_DIR/SCODE.jl exp_branch1.txt time_branch1.txt $dir $(wc -l exp_branch1.txt | cut -d' ' -f 1) $k $(wc -l time_branch1.txt | cut -d' ' -f 1) 1000
mv: cannot stat 'SCODE_D_6/A.txt': No such file or directory
/data/gpfs/projects/punim0638/stephenz/locaTE-paper/data/simulated/Synthetic_1000/scripts//run_SCODE_bifurc.sh: line 8: 138216 Segmentation fault      (core dumped) julia --project=$SCODE_DIR $SCODE_DIR/SCODE.jl exp_branch2.txt time_branch2.txt $dir $(wc -l exp_branch2.txt | cut -d' ' -f 1) $k $(wc -l time_branch2.txt | cut -d' ' -f 1) 1000
mv: cannot stat 'SCODE_D_6/A.txt': No such file or directory
mkdir: cannot create directory ‘SCODE_D_8’: File exists
/data/gpfs/projects/punim0638/stephenz/locaTE-paper/data/simulated/Synthetic_1000/scripts//run_SCODE_bifurc.sh: line 8: 138351 Segmentation fault      (core dumped) julia --project=$SCODE_DIR $SCODE_DIR/SCODE.jl exp_branch0.txt time_branch0.txt $dir $(wc -l exp_branch0.txt | cut -d' ' -f 1) $k $(wc -l time_branch0.txt | cut -d' ' -f 1) 1000
mv: cannot stat 'SCODE_D_8/A.txt': No such file or directory
/data/gpfs/projects/punim0638/stephenz/locaTE-paper/data/simulated/Synthetic_1000/scripts//run_SCODE_bifurc.sh: line 8: 138448 Segmentation fault      (core dumped) julia --project=$SCODE_DIR $SCODE_DIR/SCODE.jl exp_branch1.txt time_branch1.txt $dir $(wc -l exp_branch1.txt | cut -d' ' -f 1) $k $(wc -l time_branch1.txt | cut -d' ' -f 1) 1000
mv: cannot stat 'SCODE_D_8/A.txt': No such file or directory
/data/gpfs/projects/punim0638/stephenz/locaTE-paper/data/simulated/Synthetic_1000/scripts//run_SCODE_bifurc.sh: line 8: 138576 Segmentation fault      (core dumped) julia --project=$SCODE_DIR $SCODE_DIR/SCODE.jl exp_branch2.txt time_branch2.txt $dir $(wc -l exp_branch2.txt | cut -d' ' -f 1) $k $(wc -l time_branch2.txt | cut -d' ' -f 1) 1000
mv: cannot stat 'SCODE_D_8/A.txt': No such file or directory
mkdir: cannot create directory ‘SCODE_D_2’: File exists
/data/gpfs/projects/punim0638/stephenz/locaTE-paper/data/simulated/Synthetic_1000/scripts//run_SCODE_bifurc.sh: line 8: 138696 Segmentation fault      (core dumped) julia --project=$SCODE_DIR $SCODE_DIR/SCODE.jl exp_branch0.txt time_branch0.txt $dir $(wc -l exp_branch0.txt | cut -d' ' -f 1) $k $(wc -l time_branch0.txt | cut -d' ' -f 1) 1000
mv: cannot stat 'SCODE_D_2/A.txt': No such file or directory
/data/gpfs/projects/punim0638/stephenz/locaTE-paper/data/simulated/Synthetic_1000/scripts//run_SCODE_bifurc.sh: line 8: 138850 Segmentation fault      (core dumped) julia --project=$SCODE_DIR $SCODE_DIR/SCODE.jl exp_branch1.txt time_branch1.txt $dir $(wc -l exp_branch1.txt | cut -d' ' -f 1) $k $(wc -l time_branch1.txt | cut -d' ' -f 1) 1000
mv: cannot stat 'SCODE_D_2/A.txt': No such file or directory
/data/gpfs/projects/punim0638/stephenz/locaTE-paper/data/simulated/Synthetic_1000/scripts//run_SCODE_bifurc.sh: line 8: 138974 Segmentation fault      (core dumped) julia --project=$SCODE_DIR $SCODE_DIR/SCODE.jl exp_branch2.txt time_branch2.txt $dir $(wc -l exp_branch2.txt | cut -d' ' -f 1) $k $(wc -l time_branch2.txt | cut -d' ' -f 1) 1000
mv: cannot stat 'SCODE_D_2/A.txt': No such file or directory
mkdir: cannot create directory ‘SCODE_D_4’: File exists
/data/gpfs/projects/punim0638/stephenz/locaTE-paper/data/simulated/Synthetic_1000/scripts//run_SCODE_bifurc.sh: line 8: 139092 Segmentation fault      (core dumped) julia --project=$SCODE_DIR $SCODE_DIR/SCODE.jl exp_branch0.txt time_branch0.txt $dir $(wc -l exp_branch0.txt | cut -d' ' -f 1) $k $(wc -l time_branch0.txt | cut -d' ' -f 1) 1000
mv: cannot stat 'SCODE_D_4/A.txt': No such file or directory
/data/gpfs/projects/punim0638/stephenz/locaTE-paper/data/simulated/Synthetic_1000/scripts//run_SCODE_bifurc.sh: line 8: 139242 Segmentation fault      (core dumped) julia --project=$SCODE_DIR $SCODE_DIR/SCODE.jl exp_branch1.txt time_branch1.txt $dir $(wc -l exp_branch1.txt | cut -d' ' -f 1) $k $(wc -l time_branch1.txt | cut -d' ' -f 1) 1000
mv: cannot stat 'SCODE_D_4/A.txt': No such file or directory
/data/gpfs/projects/punim0638/stephenz/locaTE-paper/data/simulated/Synthetic_1000/scripts//run_SCODE_bifurc.sh: line 8: 139362 Segmentation fault      (core dumped) julia --project=$SCODE_DIR $SCODE_DIR/SCODE.jl exp_branch2.txt time_branch2.txt $dir $(wc -l exp_branch2.txt | cut -d' ' -f 1) $k $(wc -l time_branch2.txt | cut -d' ' -f 1) 1000
mv: cannot stat 'SCODE_D_4/A.txt': No such file or directory
mkdir: cannot create directory ‘SCODE_D_6’: File exists
/data/gpfs/projects/punim0638/stephenz/locaTE-paper/data/simulated/Synthetic_1000/scripts//run_SCODE_bifurc.sh: line 8: 139497 Segmentation fault      (core dumped) julia --project=$SCODE_DIR $SCODE_DIR/SCODE.jl exp_branch0.txt time_branch0.txt $dir $(wc -l exp_branch0.txt | cut -d' ' -f 1) $k $(wc -l time_branch0.txt | cut -d' ' -f 1) 1000
mv: cannot stat 'SCODE_D_6/A.txt': No such file or directory
/data/gpfs/projects/punim0638/stephenz/locaTE-paper/data/simulated/Synthetic_1000/scripts//run_SCODE_bifurc.sh: line 8: 139627 Segmentation fault      (core dumped) julia --project=$SCODE_DIR $SCODE_DIR/SCODE.jl exp_branch1.txt time_branch1.txt $dir $(wc -l exp_branch1.txt | cut -d' ' -f 1) $k $(wc -l time_branch1.txt | cut -d' ' -f 1) 1000
mv: cannot stat 'SCODE_D_6/A.txt': No such file or directory
/data/gpfs/projects/punim0638/stephenz/locaTE-paper/data/simulated/Synthetic_1000/scripts//run_SCODE_bifurc.sh: line 8: 139762 Segmentation fault      (core dumped) julia --project=$SCODE_DIR $SCODE_DIR/SCODE.jl exp_branch2.txt time_branch2.txt $dir $(wc -l exp_branch2.txt | cut -d' ' -f 1) $k $(wc -l time_branch2.txt | cut -d' ' -f 1) 1000
mv: cannot stat 'SCODE_D_6/A.txt': No such file or directory
mkdir: cannot create directory ‘SCODE_D_8’: File exists
/data/gpfs/projects/punim0638/stephenz/locaTE-paper/data/simulated/Synthetic_1000/scripts//run_SCODE_bifurc.sh: line 8: 139905 Segmentation fault      (core dumped) julia --project=$SCODE_DIR $SCODE_DIR/SCODE.jl exp_branch0.txt time_branch0.txt $dir $(wc -l exp_branch0.txt | cut -d' ' -f 1) $k $(wc -l time_branch0.txt | cut -d' ' -f 1) 1000
mv: cannot stat 'SCODE_D_8/A.txt': No such file or directory
/data/gpfs/projects/punim0638/stephenz/locaTE-paper/data/simulated/Synthetic_1000/scripts//run_SCODE_bifurc.sh: line 8: 140040 Segmentation fault      (core dumped) julia --project=$SCODE_DIR $SCODE_DIR/SCODE.jl exp_branch1.txt time_branch1.txt $dir $(wc -l exp_branch1.txt | cut -d' ' -f 1) $k $(wc -l time_branch1.txt | cut -d' ' -f 1) 1000
mv: cannot stat 'SCODE_D_8/A.txt': No such file or directory
/data/gpfs/projects/punim0638/stephenz/locaTE-paper/data/simulated/Synthetic_1000/scripts//run_SCODE_bifurc.sh: line 8: 140175 Segmentation fault      (core dumped) julia --project=$SCODE_DIR $SCODE_DIR/SCODE.jl exp_branch2.txt time_branch2.txt $dir $(wc -l exp_branch2.txt | cut -d' ' -f 1) $k $(wc -l time_branch2.txt | cut -d' ' -f 1) 1000
mv: cannot stat 'SCODE_D_8/A.txt': No such file or directory
Tree method: RF
K: sqrt
Number of trees: 1000


running single threaded jobs
Gene 1/9...
Gene 2/9...
Gene 3/9...
Gene 4/9...
Gene 5/9...
Gene 6/9...
Gene 7/9...
Gene 8/9...
Gene 9/9...
Elapsed time: 16.54 seconds
Traceback (most recent call last):
  File "/home/stephenz/stephenz/locaTE-paper/data/simulated/Synthetic_1000/scripts/run_static.py", line 108, in <module>
    A_2 = pd.read_csv(fname + "/A_branch2_rep_%d.txt" % i, sep = "\t", index_col = False, header = None)
  File "/data/gpfs/projects/punim0638/stephenz/envs/py39/lib/python3.9/site-packages/pandas/util/_decorators.py", line 211, in wrapper
    return func(*args, **kwargs)
  File "/data/gpfs/projects/punim0638/stephenz/envs/py39/lib/python3.9/site-packages/pandas/util/_decorators.py", line 331, in wrapper
    return func(*args, **kwargs)
  File "/data/gpfs/projects/punim0638/stephenz/envs/py39/lib/python3.9/site-packages/pandas/io/parsers/readers.py", line 950, in read_csv
    return _read(filepath_or_buffer, kwds)
  File "/data/gpfs/projects/punim0638/stephenz/envs/py39/lib/python3.9/site-packages/pandas/io/parsers/readers.py", line 605, in _read
    parser = TextFileReader(filepath_or_buffer, **kwds)
  File "/data/gpfs/projects/punim0638/stephenz/envs/py39/lib/python3.9/site-packages/pandas/io/parsers/readers.py", line 1442, in __init__
    self._engine = self._make_engine(f, self.engine)
  File "/data/gpfs/projects/punim0638/stephenz/envs/py39/lib/python3.9/site-packages/pandas/io/parsers/readers.py", line 1735, in _make_engine
    self.handles = get_handle(
  File "/data/gpfs/projects/punim0638/stephenz/envs/py39/lib/python3.9/site-packages/pandas/io/common.py", line 856, in get_handle
    handle = open(
FileNotFoundError: [Errno 2] No such file or directory: '/data/gpfs/projects/punim0638/stephenz/locaTE-paper/data/simulated/Synthetic_1000/dyn-BFStrange/dyn-BFStrange-1000-7/scode/SCODE_D_8/A_branch2_rep_1.txt'
