  Activating project at `/data/gpfs/projects/punim0638/stephenz/locaTE-paper/data/simulated/Synthetic_1000/dyn-CY/dyn-CY-1000-3/pidc_env`
    Updating registry at `~/.julia/registries/General.toml`
   Resolving package versions...
  No Changes to `/data/gpfs/projects/punim0638/stephenz/locaTE-paper/data/simulated/Synthetic_1000/dyn-CY/dyn-CY-1000-3/pidc_env/Project.toml`
  No Changes to `/data/gpfs/projects/punim0638/stephenz/locaTE-paper/data/simulated/Synthetic_1000/dyn-CY/dyn-CY-1000-3/pidc_env/Manifest.toml`
Getting nodes...
Inferring network...
cat: write error: Broken pipe
2023-10-04 23:35:32.072352
2023-10-04 23:35:32.306111
2023-10-04 23:35:32.538664

real	0m1.310s
user	0m0.009s
sys	0m0.008s
2023-10-04 23:35:43.530810
2023-10-04 23:35:43.705939
2023-10-04 23:35:43.859353

real	0m1.137s
user	0m0.008s
sys	0m0.009s
cat: write error: Broken pipe
2023-10-04 23:35:54.867034
2023-10-04 23:35:55.024922
2023-10-04 23:35:55.145963

real	0m1.099s
user	0m0.009s
sys	0m0.008s
2023-10-04 23:36:06.191070
2023-10-04 23:36:06.331537
2023-10-04 23:36:06.440842

real	0m1.084s
user	0m0.008s
sys	0m0.009s
2023-10-04 23:36:17.428548
2023-10-04 23:36:17.627267
2023-10-04 23:36:17.780610

real	0m1.162s
user	0m0.005s
sys	0m0.012s
cat: write error: Broken pipe
2023-10-04 23:36:28.842839
2023-10-04 23:36:29.340794
2023-10-04 23:36:29.772738

real	0m1.796s
user	0m0.007s
sys	0m0.010s
cat: write error: Broken pipe
2023-10-04 23:36:41.008669
2023-10-04 23:36:42.228670
2023-10-04 23:36:42.999455

real	0m3.045s
user	0m0.011s
sys	0m0.006s
cat: write error: Broken pipe
2023-10-04 23:36:53.977548
2023-10-04 23:36:54.082034
2023-10-04 23:36:54.178608

real	0m0.982s
user	0m0.009s
sys	0m0.008s
mkdir: cannot create directory ‘SCODE_D_2’: File exists
┌ Warning: Assignment to `WZ` in soft scope is ambiguous because a global variable by the same name exists: `WZ` will be treated as a new local. Disambiguate by using `local WZ` to suppress this warning or `global WZ` to assign to the existing global variable.
└ @ ~/stephenz/locaTE-paper/tools/SCODE/SCODE.jl:69
a
mkdir: cannot create directory ‘SCODE_D_4’: File exists
┌ Warning: Assignment to `WZ` in soft scope is ambiguous because a global variable by the same name exists: `WZ` will be treated as a new local. Disambiguate by using `local WZ` to suppress this warning or `global WZ` to assign to the existing global variable.
└ @ ~/stephenz/locaTE-paper/tools/SCODE/SCODE.jl:69
a
mkdir: cannot create directory ‘SCODE_D_6’: File exists
┌ Warning: Assignment to `WZ` in soft scope is ambiguous because a global variable by the same name exists: `WZ` will be treated as a new local. Disambiguate by using `local WZ` to suppress this warning or `global WZ` to assign to the existing global variable.
└ @ ~/stephenz/locaTE-paper/tools/SCODE/SCODE.jl:69
a
mkdir: cannot create directory ‘SCODE_D_8’: File exists
┌ Warning: Assignment to `WZ` in soft scope is ambiguous because a global variable by the same name exists: `WZ` will be treated as a new local. Disambiguate by using `local WZ` to suppress this warning or `global WZ` to assign to the existing global variable.
└ @ ~/stephenz/locaTE-paper/tools/SCODE/SCODE.jl:69
a
sh: line 1: matlab: command not found
sh: line 1: matlab: command not found
/data/gpfs/projects/punim0638/stephenz/envs/py39/lib/python3.9/site-packages/Scribe-0.0.0-py3.9.egg/Scribe/causal_network.py:18: UserWarning:  WARNING: No expression data argument given. if you intend to load the data from a file, call the method 'read_expression_file'.
  if expression==None: warnings.warn(" WARNING: No expression data argument given. if you intend to load the data from a file, call the method 'read_expression_file'.")
/data/gpfs/projects/punim0638/stephenz/envs/py39/lib/python3.9/site-packages/Scribe-0.0.0-py3.9.egg/Scribe/causal_network.py:298: FutureWarning: Could not cast to int64, falling back to object. This behavior is deprecated. In a future version, when a dtype is passed to 'DataFrame', either all columns will be cast to that dtype, or a TypeError will be raised.
  max_rdi_delay = pd.DataFrame({node_id: [np.nan for i in self.node_ids] for node_id in self.node_ids}, index=self.node_ids,
Tree method: RF
K: sqrt
Number of trees: 1000


running single threaded jobs
Gene 1/6...
Gene 2/6...
Gene 3/6...
Gene 4/6...
Gene 5/6...
Gene 6/6...
Elapsed time: 11.01 seconds
Create causal_model successfully
