  Activating project at `/data/gpfs/projects/punim0638/stephenz/locaTE-paper/data/simulated/Synthetic_1000/dyn-LI/dyn-LI-1000-6/pidc_env`
    Updating registry at `~/.julia/registries/General.toml`
   Resolving package versions...
  No Changes to `/data/gpfs/projects/punim0638/stephenz/locaTE-paper/data/simulated/Synthetic_1000/dyn-LI/dyn-LI-1000-6/pidc_env/Project.toml`
  No Changes to `/data/gpfs/projects/punim0638/stephenz/locaTE-paper/data/simulated/Synthetic_1000/dyn-LI/dyn-LI-1000-6/pidc_env/Manifest.toml`
Getting nodes...
Inferring network...
cat: write error: Broken pipe
2023-10-04 23:39:27.496139
2023-10-04 23:39:27.872192
2023-10-04 23:39:28.287238

real	0m1.562s
user	0m0.008s
sys	0m0.009s
cat: write error: Broken pipe
2023-10-04 23:39:39.196231
2023-10-04 23:39:39.489232
2023-10-04 23:39:39.885484

real	0m1.422s
user	0m0.006s
sys	0m0.011s
cat: write error: Broken pipe
2023-10-04 23:39:50.806551
2023-10-04 23:39:51.060534
2023-10-04 23:39:51.442075

real	0m1.374s
user	0m0.010s
sys	0m0.006s
cat: write error: Broken pipe
2023-10-04 23:40:02.397095
2023-10-04 23:40:02.697631
2023-10-04 23:40:03.085373

real	0m1.457s
user	0m0.009s
sys	0m0.008s
cat: write error: Broken pipe
2023-10-04 23:40:14.046081
2023-10-04 23:40:14.464564
2023-10-04 23:40:14.924289

real	0m1.670s
user	0m0.007s
sys	0m0.010s
cat: write error: Broken pipe
2023-10-04 23:40:25.908331
2023-10-04 23:40:26.563383
2023-10-04 23:40:27.266785

real	0m2.149s
user	0m0.011s
sys	0m0.006s
cat: write error: Broken pipe
2023-10-04 23:40:38.170886
2023-10-04 23:40:38.757739
2023-10-04 23:40:39.524695

real	0m2.086s
user	0m0.007s
sys	0m0.009s
cat: write error: Broken pipe
2023-10-04 23:40:50.474561
2023-10-04 23:40:50.668342
2023-10-04 23:40:50.858205

real	0m1.153s
user	0m0.011s
sys	0m0.005s
mkdir: cannot create directory ‘SCODE_D_2’: File exists
┌ Warning: Assignment to `WZ` in soft scope is ambiguous because a global variable by the same name exists: `WZ` will be treated as a new local. Disambiguate by using `local WZ` to suppress this warning or `global WZ` to assign to the existing global variable.
└ @ ~/stephenz/locaTE-paper/tools/SCODE/SCODE.jl:69
a
mkdir: cannot create directory ‘SCODE_D_4’: File exists
┌ Warning: Assignment to `WZ` in soft scope is ambiguous because a global variable by the same name exists: `WZ` will be treated as a new local. Disambiguate by using `local WZ` to suppress this warning or `global WZ` to assign to the existing global variable.
└ @ ~/stephenz/locaTE-paper/tools/SCODE/SCODE.jl:69
a
mkdir: cannot create directory ‘SCODE_D_6’: File exists
┌ Warning: Assignment to `WZ` in soft scope is ambiguous because a global variable by the same name exists: `WZ` will be treated as a new local. Disambiguate by using `local WZ` to suppress this warning or `global WZ` to assign to the existing global variable.
└ @ ~/stephenz/locaTE-paper/tools/SCODE/SCODE.jl:69
a
mkdir: cannot create directory ‘SCODE_D_8’: File exists
┌ Warning: Assignment to `WZ` in soft scope is ambiguous because a global variable by the same name exists: `WZ` will be treated as a new local. Disambiguate by using `local WZ` to suppress this warning or `global WZ` to assign to the existing global variable.
└ @ ~/stephenz/locaTE-paper/tools/SCODE/SCODE.jl:69
a
sh: line 1: matlab: command not found
sh: line 1: matlab: command not found
/data/gpfs/projects/punim0638/stephenz/envs/py39/lib/python3.9/site-packages/Scribe-0.0.0-py3.9.egg/Scribe/causal_network.py:18: UserWarning:  WARNING: No expression data argument given. if you intend to load the data from a file, call the method 'read_expression_file'.
  if expression==None: warnings.warn(" WARNING: No expression data argument given. if you intend to load the data from a file, call the method 'read_expression_file'.")
/data/gpfs/projects/punim0638/stephenz/envs/py39/lib/python3.9/site-packages/Scribe-0.0.0-py3.9.egg/Scribe/causal_network.py:298: FutureWarning: Could not cast to int64, falling back to object. This behavior is deprecated. In a future version, when a dtype is passed to 'DataFrame', either all columns will be cast to that dtype, or a TypeError will be raised.
  max_rdi_delay = pd.DataFrame({node_id: [np.nan for i in self.node_ids] for node_id in self.node_ids}, index=self.node_ids,
Tree method: RF
K: sqrt
Number of trees: 1000


running single threaded jobs
Gene 1/7...
Gene 2/7...
Gene 3/7...
Gene 4/7...
Gene 5/7...
Gene 6/7...
Gene 7/7...
Elapsed time: 13.25 seconds
Create causal_model successfully
