  Activating new project at `/data/gpfs/projects/punim0638/stephenz/locaTE-paper/data/simulated/Synthetic_1000/dyn-BFStrange/dyn-BFStrange-1000-7/pidc_env`
    Updating registry at `~/.julia/registries/General.toml`
   Resolving package versions...
    Updating `/data/gpfs/projects/punim0638/stephenz/locaTE-paper/data/simulated/Synthetic_1000/dyn-BFStrange/dyn-BFStrange-1000-7/pidc_env/Project.toml`
  [336ed68f] + CSV v0.10.11
  [a93c6f00] + DataFrames v1.6.1
⌅ [872c559c] + NNlib v0.8.21
  [15e1cf62] + NPZ v0.4.3
  [6b44d3db] + NetworkInference v0.1.0
⌅ [2913bbd2] + StatsBase v0.33.21
  [37e2e46d] + LinearAlgebra
    Updating `/data/gpfs/projects/punim0638/stephenz/locaTE-paper/data/simulated/Synthetic_1000/dyn-BFStrange/dyn-BFStrange-1000-7/pidc_env/Manifest.toml`
  [79e6a3ab] + Adapt v3.6.2
  [a9b6321e] + Atomix v0.1.0
  [fa961155] + CEnum v0.4.2
  [336ed68f] + CSV v0.10.11
  [d360d2e6] + ChainRulesCore v1.16.0
  [9e997f8a] + ChangesOfVariables v0.1.8
  [944b1d66] + CodecZlib v0.7.2
  [34da2185] + Compat v4.9.0
  [a8cc5b0e] + Crayons v4.1.1
  [9a962f9c] + DataAPI v1.15.0
  [a93c6f00] + DataFrames v1.6.1
  [864edb3b] + DataStructures v0.18.15
  [e2d170a0] + DataValueInterfaces v1.0.0
  [6e83dbb3] + Discretizers v3.2.2
⌅ [31c24e10] + Distributions v0.23.11
  [ffbed154] + DocStringExtensions v0.9.3
  [5789e2e9] + FileIO v1.16.1
  [48062228] + FilePathsBase v0.9.20
⌅ [1a297f60] + FillArrays v0.9.7
  [46192b85] + GPUArraysCore v0.1.5
  [96684042] + InformationMeasures v0.3.1
  [842dd82b] + InlineStrings v1.4.0
  [3587e190] + InverseFunctions v0.1.12
  [41ab1584] + InvertedIndices v1.3.0
  [92d709cd] + IrrationalConstants v0.2.2
  [82899510] + IteratorInterfaceExtensions v1.0.0
  [692b3bcd] + JLLWrappers v1.5.0
  [63c18a36] + KernelAbstractions v0.9.8
  [929cbde3] + LLVM v6.2.1
  [b964fa9f] + LaTeXStrings v1.3.0
  [2ab3a3ac] + LogExpFunctions v0.3.26
  [1914dd2f] + MacroTools v0.5.11
  [e1d29d7a] + Missings v1.1.0
⌅ [872c559c] + NNlib v0.8.21
  [15e1cf62] + NPZ v0.4.3
  [6b44d3db] + NetworkInference v0.1.0
  [bac558e1] + OrderedCollections v1.6.2
⌅ [90014a1f] + PDMats v0.10.1
  [69de0a69] + Parsers v2.7.2
  [2dfb63ee] + PooledArrays v1.4.3
  [aea7be01] + PrecompileTools v1.2.0
  [21216c6a] + Preferences v1.4.1
  [08abe8d2] + PrettyTables v2.2.7
  [1fd47b50] + QuadGK v2.9.0
  [189a3867] + Reexport v1.2.2
  [ae029012] + Requires v1.3.0
  [79098fc4] + Rmath v0.7.1
  [91c51154] + SentinelArrays v1.4.0
  [a2af1166] + SortingAlgorithms v1.1.1
⌅ [276daf66] + SpecialFunctions v0.9.0
  [90137ffa] + StaticArrays v1.6.3
  [1e83bf80] + StaticArraysCore v1.4.2
  [82ae8749] + StatsAPI v1.7.0
⌅ [2913bbd2] + StatsBase v0.33.21
⌅ [4c63d2b9] + StatsFuns v0.9.7
  [892a3eda] + StringManipulation v0.3.4
  [3783bdb8] + TableTraits v1.0.1
  [bd369af6] + Tables v1.11.0
  [3bb67fe8] + TranscodingStreams v0.9.13
  [013be700] + UnsafeAtomics v0.2.1
  [d80eeb9a] + UnsafeAtomicsLLVM v0.1.3
  [ea10d353] + WeakRefStrings v1.4.2
  [76eceee3] + WorkerUtilities v1.6.1
  [a5390f91] + ZipFile v0.10.1
  [dad2f222] + LLVMExtra_jll v0.0.25+0
  [efe28fd5] + OpenSpecFun_jll v0.5.5+0
  [f50d1b31] + Rmath_jll v0.4.0+0
  [0dad84c5] + ArgTools v1.1.1
  [56f22d72] + Artifacts
  [2a0f44e3] + Base64
  [ade2ca70] + Dates
  [8bb1440f] + DelimitedFiles
  [8ba89e20] + Distributed
  [f43a241f] + Downloads v1.6.0
  [7b1f6079] + FileWatching
  [9fa8497b] + Future
  [b77e0a4c] + InteractiveUtils
  [4af54fe1] + LazyArtifacts
  [b27032c2] + LibCURL v0.6.3
  [76f85450] + LibGit2
  [8f399da3] + Libdl
  [37e2e46d] + LinearAlgebra
  [56ddb016] + Logging
  [d6f4376e] + Markdown
  [a63ad114] + Mmap
  [ca575930] + NetworkOptions v1.2.0
  [44cfe95a] + Pkg v1.8.0
  [de0858da] + Printf
  [3fa0cd96] + REPL
  [9a3f8284] + Random
  [ea8e919c] + SHA v0.7.0
  [9e88b42a] + Serialization
  [1a1011a3] + SharedArrays
  [6462fe0b] + Sockets
  [2f01184e] + SparseArrays
  [10745b16] + Statistics
  [4607b0f0] + SuiteSparse
  [fa267f1f] + TOML v1.0.0
  [a4e569a6] + Tar v1.10.1
  [8dfed614] + Test
  [cf7118a7] + UUIDs
  [4ec0a83e] + Unicode
  [e66e0078] + CompilerSupportLibraries_jll v1.0.1+0
  [deac9b47] + LibCURL_jll v7.84.0+0
  [29816b5a] + LibSSH2_jll v1.10.2+0
  [c8ffd9c3] + MbedTLS_jll v2.28.0+0
  [14a3606d] + MozillaCACerts_jll v2022.2.1
  [4536629a] + OpenBLAS_jll v0.3.20+0
  [83775a58] + Zlib_jll v1.2.12+3
  [8e850b90] + libblastrampoline_jll v5.1.1+0
  [8e850ede] + nghttp2_jll v1.48.0+0
  [3f19e933] + p7zip_jll v17.4.0+0
        Info Packages marked with ⌅ have new versions available but compatibility constraints restrict them from upgrading. To see why use `status --outdated -m`
Getting nodes...
Inferring network...
/var/spool/slurm/job51548540/slurm_script: line 22: run: command not found

The following have been reloaded with a version change:
  1) Java/11.0.18 => Java/17.0.6

cat: write error: Broken pipe
Picked up _JAVA_OPTIONS: -Xmx2048m
2023-09-23 21:50:29.370910
2023-09-23 21:50:29.639232

real	0m2.525s
user	0m0.009s
sys	0m0.009s
cat: write error: Broken pipe
Picked up _JAVA_OPTIONS: -Xmx2048m
2023-09-23 21:50:35.858898
2023-09-23 21:50:35.984003

real	0m1.002s
user	0m0.009s
sys	0m0.009s
cat: write error: Broken pipe
Picked up _JAVA_OPTIONS: -Xmx2048m
2023-09-23 21:50:42.023540
2023-09-23 21:50:42.026319

real	0m0.738s
user	0m0.010s
sys	0m0.008s
cat: write error: Broken pipe
Picked up _JAVA_OPTIONS: -Xmx2048m
2023-09-23 21:50:47.960086
2023-09-23 21:50:48.206585

real	0m1.216s
user	0m0.008s
sys	0m0.010s
cat: write error: Broken pipe
Picked up _JAVA_OPTIONS: -Xmx2048m
2023-09-23 21:50:54.389646
2023-09-23 21:50:54.505595

real	0m0.976s
user	0m0.007s
sys	0m0.010s
cat: write error: Broken pipe
Picked up _JAVA_OPTIONS: -Xmx2048m
2023-09-23 21:51:00.543999
2023-09-23 21:51:00.547001

real	0m0.761s
user	0m0.008s
sys	0m0.009s
cat: write error: Broken pipe
Picked up _JAVA_OPTIONS: -Xmx2048m
2023-09-23 21:51:06.466643
2023-09-23 21:51:06.704801

real	0m1.195s
user	0m0.007s
sys	0m0.010s
cat: write error: Broken pipe
Picked up _JAVA_OPTIONS: -Xmx2048m
2023-09-23 21:51:12.921888
2023-09-23 21:51:13.039169

real	0m1.006s
user	0m0.007s
sys	0m0.010s
cat: write error: Broken pipe
Picked up _JAVA_OPTIONS: -Xmx2048m
2023-09-23 21:51:19.079826
2023-09-23 21:51:19.082866

real	0m0.769s
user	0m0.006s
sys	0m0.011s
cat: write error: Broken pipe
Picked up _JAVA_OPTIONS: -Xmx2048m
2023-09-23 21:51:25.075005
2023-09-23 21:51:25.340112

real	0m1.325s
user	0m0.009s
sys	0m0.009s
cat: write error: Broken pipe
Picked up _JAVA_OPTIONS: -Xmx2048m
2023-09-23 21:51:31.541270
2023-09-23 21:51:31.705312

real	0m1.046s
user	0m0.007s
sys	0m0.010s
cat: write error: Broken pipe
Picked up _JAVA_OPTIONS: -Xmx2048m
2023-09-23 21:51:37.954656
2023-09-23 21:51:37.957916

real	0m0.942s
user	0m0.007s
sys	0m0.010s
cat: write error: Broken pipe
Picked up _JAVA_OPTIONS: -Xmx2048m
2023-09-23 21:51:43.987703
2023-09-23 21:51:44.343470

real	0m1.425s
user	0m0.010s
sys	0m0.008s
cat: write error: Broken pipe
Picked up _JAVA_OPTIONS: -Xmx2048m
2023-09-23 21:51:50.577272
2023-09-23 21:51:50.895785

real	0m1.421s
user	0m0.009s
sys	0m0.009s
cat: write error: Broken pipe
Picked up _JAVA_OPTIONS: -Xmx2048m
2023-09-23 21:51:57.118094
2023-09-23 21:51:57.120444

real	0m0.752s
user	0m0.006s
sys	0m0.011s
cat: write error: Broken pipe
Picked up _JAVA_OPTIONS: -Xmx2048m
2023-09-23 21:52:03.172324
2023-09-23 21:52:03.832060

real	0m2.090s
user	0m0.009s
sys	0m0.010s
cat: write error: Broken pipe
Picked up _JAVA_OPTIONS: -Xmx2048m
2023-09-23 21:52:10.402803
2023-09-23 21:52:10.957505

real	0m1.721s
user	0m0.008s
sys	0m0.010s
cat: write error: Broken pipe
Picked up _JAVA_OPTIONS: -Xmx2048m
Traceback (most recent call last):
  File "infodynamics.measures.continuous.TransferEntropyCommon.java", line -1, in infodynamics.measures.continuous.TransferEntropyCommon.setObservations
Exception: Java Exception

The above exception was the direct cause of the following exception:

Traceback (most recent call last):
  File "/data/gpfs/projects/punim0638/stephenz/locaTE-paper/data/simulated/Synthetic_1000/dyn-BFStrange/dyn-BFStrange-1000-7/tenet/runTE.py", line 67, in <module>
    teCalc.setObservations(JArray(JDouble, 1)(expression_data[0]), JArray(JDouble, 1)(expression_data[1]))
java.lang.java.lang.ArrayIndexOutOfBoundsException: java.lang.ArrayIndexOutOfBoundsException: Index 0 out of bounds for length 0

real	0m0.816s
user	0m0.007s
sys	0m0.010s
cat: 'outputs/*.csv': No such file or directory
cat: write error: Broken pipe
Picked up _JAVA_OPTIONS: -Xmx2048m
2023-09-23 21:52:23.582995
2023-09-23 21:52:25.373380

real	0m4.698s
user	0m0.009s
sys	0m0.010s
cat: write error: Broken pipe
Picked up _JAVA_OPTIONS: -Xmx2048m
2023-09-23 21:52:33.300782
2023-09-23 21:52:34.686678

real	0m3.521s
user	0m0.006s
sys	0m0.012s
cat: write error: Broken pipe
Picked up _JAVA_OPTIONS: -Xmx2048m
Traceback (most recent call last):
  File "infodynamics.measures.continuous.TransferEntropyCommon.java", line -1, in infodynamics.measures.continuous.TransferEntropyCommon.setObservations
Exception: Java Exception

The above exception was the direct cause of the following exception:

Traceback (most recent call last):
  File "/data/gpfs/projects/punim0638/stephenz/locaTE-paper/data/simulated/Synthetic_1000/dyn-BFStrange/dyn-BFStrange-1000-7/tenet/runTE.py", line 67, in <module>
    teCalc.setObservations(JArray(JDouble, 1)(expression_data[0]), JArray(JDouble, 1)(expression_data[1]))
java.lang.java.lang.ArrayIndexOutOfBoundsException: java.lang.ArrayIndexOutOfBoundsException: Index 0 out of bounds for length 0

real	0m0.779s
user	0m0.006s
sys	0m0.011s
cat: 'outputs/*.csv': No such file or directory
cat: write error: Broken pipe
Picked up _JAVA_OPTIONS: -Xmx2048m
2023-09-23 21:52:47.873836
2023-09-23 21:52:47.964042

real	0m0.928s
user	0m0.007s
sys	0m0.010s
cat: write error: Broken pipe
Picked up _JAVA_OPTIONS: -Xmx2048m
2023-09-23 21:52:53.990339
2023-09-23 21:52:54.043167

real	0m0.896s
user	0m0.006s
sys	0m0.011s
cat: write error: Broken pipe
Picked up _JAVA_OPTIONS: -Xmx2048m
Traceback (most recent call last):
  File "infodynamics.measures.continuous.TransferEntropyCommon.java", line -1, in infodynamics.measures.continuous.TransferEntropyCommon.setObservations
Exception: Java Exception

The above exception was the direct cause of the following exception:

Traceback (most recent call last):
  File "/data/gpfs/projects/punim0638/stephenz/locaTE-paper/data/simulated/Synthetic_1000/dyn-BFStrange/dyn-BFStrange-1000-7/tenet/runTE.py", line 67, in <module>
    teCalc.setObservations(JArray(JDouble, 1)(expression_data[0]), JArray(JDouble, 1)(expression_data[1]))
java.lang.java.lang.ArrayIndexOutOfBoundsException: java.lang.ArrayIndexOutOfBoundsException: Index 0 out of bounds for length 0

real	0m0.769s
user	0m0.009s
sys	0m0.010s
cat: 'outputs/*.csv': No such file or directory
mkdir: cannot create directory ‘SCODE_D_2’: File exists
/data/gpfs/projects/punim0638/stephenz/locaTE-paper/data/simulated/Synthetic_1000/scripts//run_SCODE_bifurc.sh: line 8: 174498 Segmentation fault      (core dumped) julia --project=$SCODE_DIR $SCODE_DIR/SCODE.jl exp_branch0.txt time_branch0.txt $dir $(wc -l exp_branch0.txt | cut -d' ' -f 1) $k $(wc -l time_branch0.txt | cut -d' ' -f 1) 1000
mv: cannot stat 'SCODE_D_2/A.txt': No such file or directory
/data/gpfs/projects/punim0638/stephenz/locaTE-paper/data/simulated/Synthetic_1000/scripts//run_SCODE_bifurc.sh: line 8: 174935 Segmentation fault      (core dumped) julia --project=$SCODE_DIR $SCODE_DIR/SCODE.jl exp_branch1.txt time_branch1.txt $dir $(wc -l exp_branch1.txt | cut -d' ' -f 1) $k $(wc -l time_branch1.txt | cut -d' ' -f 1) 1000
mv: cannot stat 'SCODE_D_2/A.txt': No such file or directory
/data/gpfs/projects/punim0638/stephenz/locaTE-paper/data/simulated/Synthetic_1000/scripts//run_SCODE_bifurc.sh: line 8: 175512 Segmentation fault      (core dumped) julia --project=$SCODE_DIR $SCODE_DIR/SCODE.jl exp_branch2.txt time_branch2.txt $dir $(wc -l exp_branch2.txt | cut -d' ' -f 1) $k $(wc -l time_branch2.txt | cut -d' ' -f 1) 1000
mv: cannot stat 'SCODE_D_2/A.txt': No such file or directory
mkdir: cannot create directory ‘SCODE_D_4’: File exists
/data/gpfs/projects/punim0638/stephenz/locaTE-paper/data/simulated/Synthetic_1000/scripts//run_SCODE_bifurc.sh: line 8: 176043 Segmentation fault      (core dumped) julia --project=$SCODE_DIR $SCODE_DIR/SCODE.jl exp_branch0.txt time_branch0.txt $dir $(wc -l exp_branch0.txt | cut -d' ' -f 1) $k $(wc -l time_branch0.txt | cut -d' ' -f 1) 1000
mv: cannot stat 'SCODE_D_4/A.txt': No such file or directory
/data/gpfs/projects/punim0638/stephenz/locaTE-paper/data/simulated/Synthetic_1000/scripts//run_SCODE_bifurc.sh: line 8: 176618 Segmentation fault      (core dumped) julia --project=$SCODE_DIR $SCODE_DIR/SCODE.jl exp_branch1.txt time_branch1.txt $dir $(wc -l exp_branch1.txt | cut -d' ' -f 1) $k $(wc -l time_branch1.txt | cut -d' ' -f 1) 1000
mv: cannot stat 'SCODE_D_4/A.txt': No such file or directory
/data/gpfs/projects/punim0638/stephenz/locaTE-paper/data/simulated/Synthetic_1000/scripts//run_SCODE_bifurc.sh: line 8: 177141 Segmentation fault      (core dumped) julia --project=$SCODE_DIR $SCODE_DIR/SCODE.jl exp_branch2.txt time_branch2.txt $dir $(wc -l exp_branch2.txt | cut -d' ' -f 1) $k $(wc -l time_branch2.txt | cut -d' ' -f 1) 1000
mv: cannot stat 'SCODE_D_4/A.txt': No such file or directory
mkdir: cannot create directory ‘SCODE_D_6’: File exists
/data/gpfs/projects/punim0638/stephenz/locaTE-paper/data/simulated/Synthetic_1000/scripts//run_SCODE_bifurc.sh: line 8: 177648 Segmentation fault      (core dumped) julia --project=$SCODE_DIR $SCODE_DIR/SCODE.jl exp_branch0.txt time_branch0.txt $dir $(wc -l exp_branch0.txt | cut -d' ' -f 1) $k $(wc -l time_branch0.txt | cut -d' ' -f 1) 1000
mv: cannot stat 'SCODE_D_6/A.txt': No such file or directory
/data/gpfs/projects/punim0638/stephenz/locaTE-paper/data/simulated/Synthetic_1000/scripts//run_SCODE_bifurc.sh: line 8: 178166 Segmentation fault      (core dumped) julia --project=$SCODE_DIR $SCODE_DIR/SCODE.jl exp_branch1.txt time_branch1.txt $dir $(wc -l exp_branch1.txt | cut -d' ' -f 1) $k $(wc -l time_branch1.txt | cut -d' ' -f 1) 1000
mv: cannot stat 'SCODE_D_6/A.txt': No such file or directory
/data/gpfs/projects/punim0638/stephenz/locaTE-paper/data/simulated/Synthetic_1000/scripts//run_SCODE_bifurc.sh: line 8: 178686 Segmentation fault      (core dumped) julia --project=$SCODE_DIR $SCODE_DIR/SCODE.jl exp_branch2.txt time_branch2.txt $dir $(wc -l exp_branch2.txt | cut -d' ' -f 1) $k $(wc -l time_branch2.txt | cut -d' ' -f 1) 1000
mv: cannot stat 'SCODE_D_6/A.txt': No such file or directory
mkdir: cannot create directory ‘SCODE_D_8’: File exists
/data/gpfs/projects/punim0638/stephenz/locaTE-paper/data/simulated/Synthetic_1000/scripts//run_SCODE_bifurc.sh: line 8: 179205 Segmentation fault      (core dumped) julia --project=$SCODE_DIR $SCODE_DIR/SCODE.jl exp_branch0.txt time_branch0.txt $dir $(wc -l exp_branch0.txt | cut -d' ' -f 1) $k $(wc -l time_branch0.txt | cut -d' ' -f 1) 1000
mv: cannot stat 'SCODE_D_8/A.txt': No such file or directory
/data/gpfs/projects/punim0638/stephenz/locaTE-paper/data/simulated/Synthetic_1000/scripts//run_SCODE_bifurc.sh: line 8: 179730 Segmentation fault      (core dumped) julia --project=$SCODE_DIR $SCODE_DIR/SCODE.jl exp_branch1.txt time_branch1.txt $dir $(wc -l exp_branch1.txt | cut -d' ' -f 1) $k $(wc -l time_branch1.txt | cut -d' ' -f 1) 1000
mv: cannot stat 'SCODE_D_8/A.txt': No such file or directory
/data/gpfs/projects/punim0638/stephenz/locaTE-paper/data/simulated/Synthetic_1000/scripts//run_SCODE_bifurc.sh: line 8: 180251 Segmentation fault      (core dumped) julia --project=$SCODE_DIR $SCODE_DIR/SCODE.jl exp_branch2.txt time_branch2.txt $dir $(wc -l exp_branch2.txt | cut -d' ' -f 1) $k $(wc -l time_branch2.txt | cut -d' ' -f 1) 1000
mv: cannot stat 'SCODE_D_8/A.txt': No such file or directory
mkdir: cannot create directory ‘SCODE_D_2’: File exists
/data/gpfs/projects/punim0638/stephenz/locaTE-paper/data/simulated/Synthetic_1000/scripts//run_SCODE_bifurc.sh: line 8: 180773 Segmentation fault      (core dumped) julia --project=$SCODE_DIR $SCODE_DIR/SCODE.jl exp_branch0.txt time_branch0.txt $dir $(wc -l exp_branch0.txt | cut -d' ' -f 1) $k $(wc -l time_branch0.txt | cut -d' ' -f 1) 1000
mv: cannot stat 'SCODE_D_2/A.txt': No such file or directory
/data/gpfs/projects/punim0638/stephenz/locaTE-paper/data/simulated/Synthetic_1000/scripts//run_SCODE_bifurc.sh: line 8: 181271 Segmentation fault      (core dumped) julia --project=$SCODE_DIR $SCODE_DIR/SCODE.jl exp_branch1.txt time_branch1.txt $dir $(wc -l exp_branch1.txt | cut -d' ' -f 1) $k $(wc -l time_branch1.txt | cut -d' ' -f 1) 1000
mv: cannot stat 'SCODE_D_2/A.txt': No such file or directory
/data/gpfs/projects/punim0638/stephenz/locaTE-paper/data/simulated/Synthetic_1000/scripts//run_SCODE_bifurc.sh: line 8: 181811 Segmentation fault      (core dumped) julia --project=$SCODE_DIR $SCODE_DIR/SCODE.jl exp_branch2.txt time_branch2.txt $dir $(wc -l exp_branch2.txt | cut -d' ' -f 1) $k $(wc -l time_branch2.txt | cut -d' ' -f 1) 1000
mv: cannot stat 'SCODE_D_2/A.txt': No such file or directory
mkdir: cannot create directory ‘SCODE_D_4’: File exists
/data/gpfs/projects/punim0638/stephenz/locaTE-paper/data/simulated/Synthetic_1000/scripts//run_SCODE_bifurc.sh: line 8: 182329 Segmentation fault      (core dumped) julia --project=$SCODE_DIR $SCODE_DIR/SCODE.jl exp_branch0.txt time_branch0.txt $dir $(wc -l exp_branch0.txt | cut -d' ' -f 1) $k $(wc -l time_branch0.txt | cut -d' ' -f 1) 1000
mv: cannot stat 'SCODE_D_4/A.txt': No such file or directory
/data/gpfs/projects/punim0638/stephenz/locaTE-paper/data/simulated/Synthetic_1000/scripts//run_SCODE_bifurc.sh: line 8: 182822 Segmentation fault      (core dumped) julia --project=$SCODE_DIR $SCODE_DIR/SCODE.jl exp_branch1.txt time_branch1.txt $dir $(wc -l exp_branch1.txt | cut -d' ' -f 1) $k $(wc -l time_branch1.txt | cut -d' ' -f 1) 1000
mv: cannot stat 'SCODE_D_4/A.txt': No such file or directory
/data/gpfs/projects/punim0638/stephenz/locaTE-paper/data/simulated/Synthetic_1000/scripts//run_SCODE_bifurc.sh: line 8: 183341 Segmentation fault      (core dumped) julia --project=$SCODE_DIR $SCODE_DIR/SCODE.jl exp_branch2.txt time_branch2.txt $dir $(wc -l exp_branch2.txt | cut -d' ' -f 1) $k $(wc -l time_branch2.txt | cut -d' ' -f 1) 1000
mv: cannot stat 'SCODE_D_4/A.txt': No such file or directory
mkdir: cannot create directory ‘SCODE_D_6’: File exists
/data/gpfs/projects/punim0638/stephenz/locaTE-paper/data/simulated/Synthetic_1000/scripts//run_SCODE_bifurc.sh: line 8: 183871 Segmentation fault      (core dumped) julia --project=$SCODE_DIR $SCODE_DIR/SCODE.jl exp_branch0.txt time_branch0.txt $dir $(wc -l exp_branch0.txt | cut -d' ' -f 1) $k $(wc -l time_branch0.txt | cut -d' ' -f 1) 1000
mv: cannot stat 'SCODE_D_6/A.txt': No such file or directory
/data/gpfs/projects/punim0638/stephenz/locaTE-paper/data/simulated/Synthetic_1000/scripts//run_SCODE_bifurc.sh: line 8: 184372 Segmentation fault      (core dumped) julia --project=$SCODE_DIR $SCODE_DIR/SCODE.jl exp_branch1.txt time_branch1.txt $dir $(wc -l exp_branch1.txt | cut -d' ' -f 1) $k $(wc -l time_branch1.txt | cut -d' ' -f 1) 1000
mv: cannot stat 'SCODE_D_6/A.txt': No such file or directory
/data/gpfs/projects/punim0638/stephenz/locaTE-paper/data/simulated/Synthetic_1000/scripts//run_SCODE_bifurc.sh: line 8: 184899 Segmentation fault      (core dumped) julia --project=$SCODE_DIR $SCODE_DIR/SCODE.jl exp_branch2.txt time_branch2.txt $dir $(wc -l exp_branch2.txt | cut -d' ' -f 1) $k $(wc -l time_branch2.txt | cut -d' ' -f 1) 1000
mv: cannot stat 'SCODE_D_6/A.txt': No such file or directory
mkdir: cannot create directory ‘SCODE_D_8’: File exists
/data/gpfs/projects/punim0638/stephenz/locaTE-paper/data/simulated/Synthetic_1000/scripts//run_SCODE_bifurc.sh: line 8: 185430 Segmentation fault      (core dumped) julia --project=$SCODE_DIR $SCODE_DIR/SCODE.jl exp_branch0.txt time_branch0.txt $dir $(wc -l exp_branch0.txt | cut -d' ' -f 1) $k $(wc -l time_branch0.txt | cut -d' ' -f 1) 1000
mv: cannot stat 'SCODE_D_8/A.txt': No such file or directory
/data/gpfs/projects/punim0638/stephenz/locaTE-paper/data/simulated/Synthetic_1000/scripts//run_SCODE_bifurc.sh: line 8: 185957 Segmentation fault      (core dumped) julia --project=$SCODE_DIR $SCODE_DIR/SCODE.jl exp_branch1.txt time_branch1.txt $dir $(wc -l exp_branch1.txt | cut -d' ' -f 1) $k $(wc -l time_branch1.txt | cut -d' ' -f 1) 1000
mv: cannot stat 'SCODE_D_8/A.txt': No such file or directory
/data/gpfs/projects/punim0638/stephenz/locaTE-paper/data/simulated/Synthetic_1000/scripts//run_SCODE_bifurc.sh: line 8: 186474 Segmentation fault      (core dumped) julia --project=$SCODE_DIR $SCODE_DIR/SCODE.jl exp_branch2.txt time_branch2.txt $dir $(wc -l exp_branch2.txt | cut -d' ' -f 1) $k $(wc -l time_branch2.txt | cut -d' ' -f 1) 1000
mv: cannot stat 'SCODE_D_8/A.txt': No such file or directory
mkdir: cannot create directory ‘SCODE_D_2’: File exists
/data/gpfs/projects/punim0638/stephenz/locaTE-paper/data/simulated/Synthetic_1000/scripts//run_SCODE_bifurc.sh: line 8: 186994 Segmentation fault      (core dumped) julia --project=$SCODE_DIR $SCODE_DIR/SCODE.jl exp_branch0.txt time_branch0.txt $dir $(wc -l exp_branch0.txt | cut -d' ' -f 1) $k $(wc -l time_branch0.txt | cut -d' ' -f 1) 1000
mv: cannot stat 'SCODE_D_2/A.txt': No such file or directory
/data/gpfs/projects/punim0638/stephenz/locaTE-paper/data/simulated/Synthetic_1000/scripts//run_SCODE_bifurc.sh: line 8: 187531 Segmentation fault      (core dumped) julia --project=$SCODE_DIR $SCODE_DIR/SCODE.jl exp_branch1.txt time_branch1.txt $dir $(wc -l exp_branch1.txt | cut -d' ' -f 1) $k $(wc -l time_branch1.txt | cut -d' ' -f 1) 1000
mv: cannot stat 'SCODE_D_2/A.txt': No such file or directory
/data/gpfs/projects/punim0638/stephenz/locaTE-paper/data/simulated/Synthetic_1000/scripts//run_SCODE_bifurc.sh: line 8: 188049 Segmentation fault      (core dumped) julia --project=$SCODE_DIR $SCODE_DIR/SCODE.jl exp_branch2.txt time_branch2.txt $dir $(wc -l exp_branch2.txt | cut -d' ' -f 1) $k $(wc -l time_branch2.txt | cut -d' ' -f 1) 1000
mv: cannot stat 'SCODE_D_2/A.txt': No such file or directory
mkdir: cannot create directory ‘SCODE_D_4’: File exists
/data/gpfs/projects/punim0638/stephenz/locaTE-paper/data/simulated/Synthetic_1000/scripts//run_SCODE_bifurc.sh: line 8: 188568 Segmentation fault      (core dumped) julia --project=$SCODE_DIR $SCODE_DIR/SCODE.jl exp_branch0.txt time_branch0.txt $dir $(wc -l exp_branch0.txt | cut -d' ' -f 1) $k $(wc -l time_branch0.txt | cut -d' ' -f 1) 1000
mv: cannot stat 'SCODE_D_4/A.txt': No such file or directory
/data/gpfs/projects/punim0638/stephenz/locaTE-paper/data/simulated/Synthetic_1000/scripts//run_SCODE_bifurc.sh: line 8: 189083 Segmentation fault      (core dumped) julia --project=$SCODE_DIR $SCODE_DIR/SCODE.jl exp_branch1.txt time_branch1.txt $dir $(wc -l exp_branch1.txt | cut -d' ' -f 1) $k $(wc -l time_branch1.txt | cut -d' ' -f 1) 1000
mv: cannot stat 'SCODE_D_4/A.txt': No such file or directory
/data/gpfs/projects/punim0638/stephenz/locaTE-paper/data/simulated/Synthetic_1000/scripts//run_SCODE_bifurc.sh: line 8: 189530 Segmentation fault      (core dumped) julia --project=$SCODE_DIR $SCODE_DIR/SCODE.jl exp_branch2.txt time_branch2.txt $dir $(wc -l exp_branch2.txt | cut -d' ' -f 1) $k $(wc -l time_branch2.txt | cut -d' ' -f 1) 1000
mv: cannot stat 'SCODE_D_4/A.txt': No such file or directory
mkdir: cannot create directory ‘SCODE_D_6’: File exists
/data/gpfs/projects/punim0638/stephenz/locaTE-paper/data/simulated/Synthetic_1000/scripts//run_SCODE_bifurc.sh: line 8: 190045 Segmentation fault      (core dumped) julia --project=$SCODE_DIR $SCODE_DIR/SCODE.jl exp_branch0.txt time_branch0.txt $dir $(wc -l exp_branch0.txt | cut -d' ' -f 1) $k $(wc -l time_branch0.txt | cut -d' ' -f 1) 1000
mv: cannot stat 'SCODE_D_6/A.txt': No such file or directory
/data/gpfs/projects/punim0638/stephenz/locaTE-paper/data/simulated/Synthetic_1000/scripts//run_SCODE_bifurc.sh: line 8: 190584 Segmentation fault      (core dumped) julia --project=$SCODE_DIR $SCODE_DIR/SCODE.jl exp_branch1.txt time_branch1.txt $dir $(wc -l exp_branch1.txt | cut -d' ' -f 1) $k $(wc -l time_branch1.txt | cut -d' ' -f 1) 1000
mv: cannot stat 'SCODE_D_6/A.txt': No such file or directory
/data/gpfs/projects/punim0638/stephenz/locaTE-paper/data/simulated/Synthetic_1000/scripts//run_SCODE_bifurc.sh: line 8: 191104 Segmentation fault      (core dumped) julia --project=$SCODE_DIR $SCODE_DIR/SCODE.jl exp_branch2.txt time_branch2.txt $dir $(wc -l exp_branch2.txt | cut -d' ' -f 1) $k $(wc -l time_branch2.txt | cut -d' ' -f 1) 1000
mv: cannot stat 'SCODE_D_6/A.txt': No such file or directory
mkdir: cannot create directory ‘SCODE_D_8’: File exists
/data/gpfs/projects/punim0638/stephenz/locaTE-paper/data/simulated/Synthetic_1000/scripts//run_SCODE_bifurc.sh: line 8: 191633 Segmentation fault      (core dumped) julia --project=$SCODE_DIR $SCODE_DIR/SCODE.jl exp_branch0.txt time_branch0.txt $dir $(wc -l exp_branch0.txt | cut -d' ' -f 1) $k $(wc -l time_branch0.txt | cut -d' ' -f 1) 1000
mv: cannot stat 'SCODE_D_8/A.txt': No such file or directory
/data/gpfs/projects/punim0638/stephenz/locaTE-paper/data/simulated/Synthetic_1000/scripts//run_SCODE_bifurc.sh: line 8: 192135 Segmentation fault      (core dumped) julia --project=$SCODE_DIR $SCODE_DIR/SCODE.jl exp_branch1.txt time_branch1.txt $dir $(wc -l exp_branch1.txt | cut -d' ' -f 1) $k $(wc -l time_branch1.txt | cut -d' ' -f 1) 1000
mv: cannot stat 'SCODE_D_8/A.txt': No such file or directory
/data/gpfs/projects/punim0638/stephenz/locaTE-paper/data/simulated/Synthetic_1000/scripts//run_SCODE_bifurc.sh: line 8: 192654 Segmentation fault      (core dumped) julia --project=$SCODE_DIR $SCODE_DIR/SCODE.jl exp_branch2.txt time_branch2.txt $dir $(wc -l exp_branch2.txt | cut -d' ' -f 1) $k $(wc -l time_branch2.txt | cut -d' ' -f 1) 1000
mv: cannot stat 'SCODE_D_8/A.txt': No such file or directory
mkdir: cannot create directory ‘SCODE_D_2’: File exists
/data/gpfs/projects/punim0638/stephenz/locaTE-paper/data/simulated/Synthetic_1000/scripts//run_SCODE_bifurc.sh: line 8: 193184 Segmentation fault      (core dumped) julia --project=$SCODE_DIR $SCODE_DIR/SCODE.jl exp_branch0.txt time_branch0.txt $dir $(wc -l exp_branch0.txt | cut -d' ' -f 1) $k $(wc -l time_branch0.txt | cut -d' ' -f 1) 1000
mv: cannot stat 'SCODE_D_2/A.txt': No such file or directory
/data/gpfs/projects/punim0638/stephenz/locaTE-paper/data/simulated/Synthetic_1000/scripts//run_SCODE_bifurc.sh: line 8: 193708 Segmentation fault      (core dumped) julia --project=$SCODE_DIR $SCODE_DIR/SCODE.jl exp_branch1.txt time_branch1.txt $dir $(wc -l exp_branch1.txt | cut -d' ' -f 1) $k $(wc -l time_branch1.txt | cut -d' ' -f 1) 1000
mv: cannot stat 'SCODE_D_2/A.txt': No such file or directory
/data/gpfs/projects/punim0638/stephenz/locaTE-paper/data/simulated/Synthetic_1000/scripts//run_SCODE_bifurc.sh: line 8: 194218 Segmentation fault      (core dumped) julia --project=$SCODE_DIR $SCODE_DIR/SCODE.jl exp_branch2.txt time_branch2.txt $dir $(wc -l exp_branch2.txt | cut -d' ' -f 1) $k $(wc -l time_branch2.txt | cut -d' ' -f 1) 1000
mv: cannot stat 'SCODE_D_2/A.txt': No such file or directory
mkdir: cannot create directory ‘SCODE_D_4’: File exists
/data/gpfs/projects/punim0638/stephenz/locaTE-paper/data/simulated/Synthetic_1000/scripts//run_SCODE_bifurc.sh: line 8: 194746 Segmentation fault      (core dumped) julia --project=$SCODE_DIR $SCODE_DIR/SCODE.jl exp_branch0.txt time_branch0.txt $dir $(wc -l exp_branch0.txt | cut -d' ' -f 1) $k $(wc -l time_branch0.txt | cut -d' ' -f 1) 1000
mv: cannot stat 'SCODE_D_4/A.txt': No such file or directory
/data/gpfs/projects/punim0638/stephenz/locaTE-paper/data/simulated/Synthetic_1000/scripts//run_SCODE_bifurc.sh: line 8: 195272 Segmentation fault      (core dumped) julia --project=$SCODE_DIR $SCODE_DIR/SCODE.jl exp_branch1.txt time_branch1.txt $dir $(wc -l exp_branch1.txt | cut -d' ' -f 1) $k $(wc -l time_branch1.txt | cut -d' ' -f 1) 1000
mv: cannot stat 'SCODE_D_4/A.txt': No such file or directory
/data/gpfs/projects/punim0638/stephenz/locaTE-paper/data/simulated/Synthetic_1000/scripts//run_SCODE_bifurc.sh: line 8: 195774 Segmentation fault      (core dumped) julia --project=$SCODE_DIR $SCODE_DIR/SCODE.jl exp_branch2.txt time_branch2.txt $dir $(wc -l exp_branch2.txt | cut -d' ' -f 1) $k $(wc -l time_branch2.txt | cut -d' ' -f 1) 1000
mv: cannot stat 'SCODE_D_4/A.txt': No such file or directory
mkdir: cannot create directory ‘SCODE_D_6’: File exists
/data/gpfs/projects/punim0638/stephenz/locaTE-paper/data/simulated/Synthetic_1000/scripts//run_SCODE_bifurc.sh: line 8: 196292 Segmentation fault      (core dumped) julia --project=$SCODE_DIR $SCODE_DIR/SCODE.jl exp_branch0.txt time_branch0.txt $dir $(wc -l exp_branch0.txt | cut -d' ' -f 1) $k $(wc -l time_branch0.txt | cut -d' ' -f 1) 1000
mv: cannot stat 'SCODE_D_6/A.txt': No such file or directory
/data/gpfs/projects/punim0638/stephenz/locaTE-paper/data/simulated/Synthetic_1000/scripts//run_SCODE_bifurc.sh: line 8: 196809 Segmentation fault      (core dumped) julia --project=$SCODE_DIR $SCODE_DIR/SCODE.jl exp_branch1.txt time_branch1.txt $dir $(wc -l exp_branch1.txt | cut -d' ' -f 1) $k $(wc -l time_branch1.txt | cut -d' ' -f 1) 1000
mv: cannot stat 'SCODE_D_6/A.txt': No such file or directory
/data/gpfs/projects/punim0638/stephenz/locaTE-paper/data/simulated/Synthetic_1000/scripts//run_SCODE_bifurc.sh: line 8: 197318 Segmentation fault      (core dumped) julia --project=$SCODE_DIR $SCODE_DIR/SCODE.jl exp_branch2.txt time_branch2.txt $dir $(wc -l exp_branch2.txt | cut -d' ' -f 1) $k $(wc -l time_branch2.txt | cut -d' ' -f 1) 1000
mv: cannot stat 'SCODE_D_6/A.txt': No such file or directory
mkdir: cannot create directory ‘SCODE_D_8’: File exists
/data/gpfs/projects/punim0638/stephenz/locaTE-paper/data/simulated/Synthetic_1000/scripts//run_SCODE_bifurc.sh: line 8: 197850 Segmentation fault      (core dumped) julia --project=$SCODE_DIR $SCODE_DIR/SCODE.jl exp_branch0.txt time_branch0.txt $dir $(wc -l exp_branch0.txt | cut -d' ' -f 1) $k $(wc -l time_branch0.txt | cut -d' ' -f 1) 1000
mv: cannot stat 'SCODE_D_8/A.txt': No such file or directory
/data/gpfs/projects/punim0638/stephenz/locaTE-paper/data/simulated/Synthetic_1000/scripts//run_SCODE_bifurc.sh: line 8: 198355 Segmentation fault      (core dumped) julia --project=$SCODE_DIR $SCODE_DIR/SCODE.jl exp_branch1.txt time_branch1.txt $dir $(wc -l exp_branch1.txt | cut -d' ' -f 1) $k $(wc -l time_branch1.txt | cut -d' ' -f 1) 1000
mv: cannot stat 'SCODE_D_8/A.txt': No such file or directory
/data/gpfs/projects/punim0638/stephenz/locaTE-paper/data/simulated/Synthetic_1000/scripts//run_SCODE_bifurc.sh: line 8: 198873 Segmentation fault      (core dumped) julia --project=$SCODE_DIR $SCODE_DIR/SCODE.jl exp_branch2.txt time_branch2.txt $dir $(wc -l exp_branch2.txt | cut -d' ' -f 1) $k $(wc -l time_branch2.txt | cut -d' ' -f 1) 1000
mv: cannot stat 'SCODE_D_8/A.txt': No such file or directory
mkdir: cannot create directory ‘SCODE_D_2’: File exists
/data/gpfs/projects/punim0638/stephenz/locaTE-paper/data/simulated/Synthetic_1000/scripts//run_SCODE_bifurc.sh: line 8: 199406 Segmentation fault      (core dumped) julia --project=$SCODE_DIR $SCODE_DIR/SCODE.jl exp_branch0.txt time_branch0.txt $dir $(wc -l exp_branch0.txt | cut -d' ' -f 1) $k $(wc -l time_branch0.txt | cut -d' ' -f 1) 1000
mv: cannot stat 'SCODE_D_2/A.txt': No such file or directory
/data/gpfs/projects/punim0638/stephenz/locaTE-paper/data/simulated/Synthetic_1000/scripts//run_SCODE_bifurc.sh: line 8: 199928 Segmentation fault      (core dumped) julia --project=$SCODE_DIR $SCODE_DIR/SCODE.jl exp_branch1.txt time_branch1.txt $dir $(wc -l exp_branch1.txt | cut -d' ' -f 1) $k $(wc -l time_branch1.txt | cut -d' ' -f 1) 1000
mv: cannot stat 'SCODE_D_2/A.txt': No such file or directory
/data/gpfs/projects/punim0638/stephenz/locaTE-paper/data/simulated/Synthetic_1000/scripts//run_SCODE_bifurc.sh: line 8: 200447 Segmentation fault      (core dumped) julia --project=$SCODE_DIR $SCODE_DIR/SCODE.jl exp_branch2.txt time_branch2.txt $dir $(wc -l exp_branch2.txt | cut -d' ' -f 1) $k $(wc -l time_branch2.txt | cut -d' ' -f 1) 1000
mv: cannot stat 'SCODE_D_2/A.txt': No such file or directory
mkdir: cannot create directory ‘SCODE_D_4’: File exists
/data/gpfs/projects/punim0638/stephenz/locaTE-paper/data/simulated/Synthetic_1000/scripts//run_SCODE_bifurc.sh: line 8: 200965 Segmentation fault      (core dumped) julia --project=$SCODE_DIR $SCODE_DIR/SCODE.jl exp_branch0.txt time_branch0.txt $dir $(wc -l exp_branch0.txt | cut -d' ' -f 1) $k $(wc -l time_branch0.txt | cut -d' ' -f 1) 1000
mv: cannot stat 'SCODE_D_4/A.txt': No such file or directory
/data/gpfs/projects/punim0638/stephenz/locaTE-paper/data/simulated/Synthetic_1000/scripts//run_SCODE_bifurc.sh: line 8: 201484 Segmentation fault      (core dumped) julia --project=$SCODE_DIR $SCODE_DIR/SCODE.jl exp_branch1.txt time_branch1.txt $dir $(wc -l exp_branch1.txt | cut -d' ' -f 1) $k $(wc -l time_branch1.txt | cut -d' ' -f 1) 1000
mv: cannot stat 'SCODE_D_4/A.txt': No such file or directory
/data/gpfs/projects/punim0638/stephenz/locaTE-paper/data/simulated/Synthetic_1000/scripts//run_SCODE_bifurc.sh: line 8: 202001 Segmentation fault      (core dumped) julia --project=$SCODE_DIR $SCODE_DIR/SCODE.jl exp_branch2.txt time_branch2.txt $dir $(wc -l exp_branch2.txt | cut -d' ' -f 1) $k $(wc -l time_branch2.txt | cut -d' ' -f 1) 1000
mv: cannot stat 'SCODE_D_4/A.txt': No such file or directory
mkdir: cannot create directory ‘SCODE_D_6’: File exists
/data/gpfs/projects/punim0638/stephenz/locaTE-paper/data/simulated/Synthetic_1000/scripts//run_SCODE_bifurc.sh: line 8: 202508 Segmentation fault      (core dumped) julia --project=$SCODE_DIR $SCODE_DIR/SCODE.jl exp_branch0.txt time_branch0.txt $dir $(wc -l exp_branch0.txt | cut -d' ' -f 1) $k $(wc -l time_branch0.txt | cut -d' ' -f 1) 1000
mv: cannot stat 'SCODE_D_6/A.txt': No such file or directory
/data/gpfs/projects/punim0638/stephenz/locaTE-paper/data/simulated/Synthetic_1000/scripts//run_SCODE_bifurc.sh: line 8: 203049 Segmentation fault      (core dumped) julia --project=$SCODE_DIR $SCODE_DIR/SCODE.jl exp_branch1.txt time_branch1.txt $dir $(wc -l exp_branch1.txt | cut -d' ' -f 1) $k $(wc -l time_branch1.txt | cut -d' ' -f 1) 1000
mv: cannot stat 'SCODE_D_6/A.txt': No such file or directory
/data/gpfs/projects/punim0638/stephenz/locaTE-paper/data/simulated/Synthetic_1000/scripts//run_SCODE_bifurc.sh: line 8: 203565 Segmentation fault      (core dumped) julia --project=$SCODE_DIR $SCODE_DIR/SCODE.jl exp_branch2.txt time_branch2.txt $dir $(wc -l exp_branch2.txt | cut -d' ' -f 1) $k $(wc -l time_branch2.txt | cut -d' ' -f 1) 1000
mv: cannot stat 'SCODE_D_6/A.txt': No such file or directory
mkdir: cannot create directory ‘SCODE_D_8’: File exists
/data/gpfs/projects/punim0638/stephenz/locaTE-paper/data/simulated/Synthetic_1000/scripts//run_SCODE_bifurc.sh: line 8: 204080 Segmentation fault      (core dumped) julia --project=$SCODE_DIR $SCODE_DIR/SCODE.jl exp_branch0.txt time_branch0.txt $dir $(wc -l exp_branch0.txt | cut -d' ' -f 1) $k $(wc -l time_branch0.txt | cut -d' ' -f 1) 1000
mv: cannot stat 'SCODE_D_8/A.txt': No such file or directory
/data/gpfs/projects/punim0638/stephenz/locaTE-paper/data/simulated/Synthetic_1000/scripts//run_SCODE_bifurc.sh: line 8: 204633 Segmentation fault      (core dumped) julia --project=$SCODE_DIR $SCODE_DIR/SCODE.jl exp_branch1.txt time_branch1.txt $dir $(wc -l exp_branch1.txt | cut -d' ' -f 1) $k $(wc -l time_branch1.txt | cut -d' ' -f 1) 1000
mv: cannot stat 'SCODE_D_8/A.txt': No such file or directory
/data/gpfs/projects/punim0638/stephenz/locaTE-paper/data/simulated/Synthetic_1000/scripts//run_SCODE_bifurc.sh: line 8: 205390 Segmentation fault      (core dumped) julia --project=$SCODE_DIR $SCODE_DIR/SCODE.jl exp_branch2.txt time_branch2.txt $dir $(wc -l exp_branch2.txt | cut -d' ' -f 1) $k $(wc -l time_branch2.txt | cut -d' ' -f 1) 1000
mv: cannot stat 'SCODE_D_8/A.txt': No such file or directory
Traceback (most recent call last):
  File "/home/stephenz/stephenz/locaTE-paper/data/simulated/Synthetic_1000/scripts/run_static.py", line 95, in <module>
    A_2 = pd.read_csv(fname + "/A_branch2_rep_%d.txt" % i, sep = "\t", index_col = False, header = None)
  File "/data/gpfs/projects/punim0638/stephenz/envs/py39/lib/python3.9/site-packages/pandas/util/_decorators.py", line 211, in wrapper
    return func(*args, **kwargs)
  File "/data/gpfs/projects/punim0638/stephenz/envs/py39/lib/python3.9/site-packages/pandas/util/_decorators.py", line 331, in wrapper
    return func(*args, **kwargs)
  File "/data/gpfs/projects/punim0638/stephenz/envs/py39/lib/python3.9/site-packages/pandas/io/parsers/readers.py", line 950, in read_csv
    return _read(filepath_or_buffer, kwds)
  File "/data/gpfs/projects/punim0638/stephenz/envs/py39/lib/python3.9/site-packages/pandas/io/parsers/readers.py", line 605, in _read
    parser = TextFileReader(filepath_or_buffer, **kwds)
  File "/data/gpfs/projects/punim0638/stephenz/envs/py39/lib/python3.9/site-packages/pandas/io/parsers/readers.py", line 1442, in __init__
    self._engine = self._make_engine(f, self.engine)
  File "/data/gpfs/projects/punim0638/stephenz/envs/py39/lib/python3.9/site-packages/pandas/io/parsers/readers.py", line 1735, in _make_engine
    self.handles = get_handle(
  File "/data/gpfs/projects/punim0638/stephenz/envs/py39/lib/python3.9/site-packages/pandas/io/common.py", line 856, in get_handle
    handle = open(
FileNotFoundError: [Errno 2] No such file or directory: '/data/gpfs/projects/punim0638/stephenz/locaTE-paper/data/simulated/Synthetic_1000/dyn-BFStrange/dyn-BFStrange-1000-7/scode/SCODE_D_8/A_branch2_rep_1.txt'
