  Activating project at `/data/gpfs/projects/punim0638/stephenz/locaTE-paper/data/simulated/Synthetic_1000/dyn-LL/dyn-LL-1000-3/pidc_env`
    Updating registry at `~/.julia/registries/General.toml`
   Resolving package versions...
  No Changes to `/data/gpfs/projects/punim0638/stephenz/locaTE-paper/data/simulated/Synthetic_1000/dyn-LL/dyn-LL-1000-3/pidc_env/Project.toml`
  No Changes to `/data/gpfs/projects/punim0638/stephenz/locaTE-paper/data/simulated/Synthetic_1000/dyn-LL/dyn-LL-1000-3/pidc_env/Manifest.toml`
Getting nodes...
Inferring network...
cat: write error: Broken pipe
2023-10-04 23:41:14.111490
2023-10-04 23:41:17.059462
2023-10-04 23:41:20.349480

real	0m7.053s
user	0m0.007s
sys	0m0.011s
cat: write error: Broken pipe
2023-10-04 23:41:31.339532
2023-10-04 23:41:33.915812
2023-10-04 23:41:36.789890

real	0m6.250s
user	0m0.008s
sys	0m0.008s
cat: write error: Broken pipe
2023-10-04 23:41:47.740621
2023-10-04 23:41:50.144431
2023-10-04 23:41:52.792208

real	0m5.814s
user	0m0.008s
sys	0m0.008s
cat: write error: Broken pipe
2023-10-04 23:42:03.790944
2023-10-04 23:42:06.284015
2023-10-04 23:42:08.952485

real	0m5.955s
user	0m0.003s
sys	0m0.014s
cat: write error: Broken pipe
2023-10-04 23:42:19.964239
2023-10-04 23:42:22.964686
2023-10-04 23:42:26.158989

real	0m7.009s
user	0m0.008s
sys	0m0.009s
cat: write error: Broken pipe
2023-10-04 23:42:37.247553
2023-10-04 23:42:42.168346
2023-10-04 23:42:47.375288

real	0m11.031s
user	0m0.009s
sys	0m0.007s
cat: write error: Broken pipe
2023-10-04 23:42:58.499954
2023-10-04 23:43:05.535956
2023-10-04 23:43:09.620242

real	0m12.038s
user	0m0.008s
sys	0m0.009s
cat: write error: Broken pipe
2023-10-04 23:43:20.613381
2023-10-04 23:43:21.741325
2023-10-04 23:43:22.981051

real	0m3.161s
user	0m0.010s
sys	0m0.008s
mkdir: cannot create directory ‘SCODE_D_2’: File exists
┌ Warning: Assignment to `WZ` in soft scope is ambiguous because a global variable by the same name exists: `WZ` will be treated as a new local. Disambiguate by using `local WZ` to suppress this warning or `global WZ` to assign to the existing global variable.
└ @ ~/stephenz/locaTE-paper/tools/SCODE/SCODE.jl:69
a
mkdir: cannot create directory ‘SCODE_D_4’: File exists
┌ Warning: Assignment to `WZ` in soft scope is ambiguous because a global variable by the same name exists: `WZ` will be treated as a new local. Disambiguate by using `local WZ` to suppress this warning or `global WZ` to assign to the existing global variable.
└ @ ~/stephenz/locaTE-paper/tools/SCODE/SCODE.jl:69
a
mkdir: cannot create directory ‘SCODE_D_6’: File exists
┌ Warning: Assignment to `WZ` in soft scope is ambiguous because a global variable by the same name exists: `WZ` will be treated as a new local. Disambiguate by using `local WZ` to suppress this warning or `global WZ` to assign to the existing global variable.
└ @ ~/stephenz/locaTE-paper/tools/SCODE/SCODE.jl:69
a
mkdir: cannot create directory ‘SCODE_D_8’: File exists
┌ Warning: Assignment to `WZ` in soft scope is ambiguous because a global variable by the same name exists: `WZ` will be treated as a new local. Disambiguate by using `local WZ` to suppress this warning or `global WZ` to assign to the existing global variable.
└ @ ~/stephenz/locaTE-paper/tools/SCODE/SCODE.jl:69
a
sh: line 1: matlab: command not found
sh: line 1: matlab: command not found
/data/gpfs/projects/punim0638/stephenz/envs/py39/lib/python3.9/site-packages/Scribe-0.0.0-py3.9.egg/Scribe/causal_network.py:18: UserWarning:  WARNING: No expression data argument given. if you intend to load the data from a file, call the method 'read_expression_file'.
  if expression==None: warnings.warn(" WARNING: No expression data argument given. if you intend to load the data from a file, call the method 'read_expression_file'.")
/data/gpfs/projects/punim0638/stephenz/envs/py39/lib/python3.9/site-packages/Scribe-0.0.0-py3.9.egg/Scribe/causal_network.py:298: FutureWarning: Could not cast to int64, falling back to object. This behavior is deprecated. In a future version, when a dtype is passed to 'DataFrame', either all columns will be cast to that dtype, or a TypeError will be raised.
  max_rdi_delay = pd.DataFrame({node_id: [np.nan for i in self.node_ids] for node_id in self.node_ids}, index=self.node_ids,
Tree method: RF
K: sqrt
Number of trees: 1000


running single threaded jobs
Gene 1/18...
Gene 2/18...
Gene 3/18...
Gene 4/18...
Gene 5/18...
Gene 6/18...
Gene 7/18...
Gene 8/18...
Gene 9/18...
Gene 10/18...
Gene 11/18...
Gene 12/18...
Gene 13/18...
Gene 14/18...
Gene 15/18...
Gene 16/18...
Gene 17/18...
Gene 18/18...
Elapsed time: 51.60 seconds
Create causal_model successfully
