  Activating project at `/data/gpfs/projects/punim0638/stephenz/locaTE-paper/data/simulated/Synthetic_1000/dyn-BFC/dyn-BFC-1000-7/pidc_env`
    Updating registry at `~/.julia/registries/General.toml`
   Resolving package versions...
  No Changes to `/data/gpfs/projects/punim0638/stephenz/locaTE-paper/data/simulated/Synthetic_1000/dyn-BFC/dyn-BFC-1000-7/pidc_env/Project.toml`
  No Changes to `/data/gpfs/projects/punim0638/stephenz/locaTE-paper/data/simulated/Synthetic_1000/dyn-BFC/dyn-BFC-1000-7/pidc_env/Manifest.toml`
Getting nodes...
Inferring network...
cat: write error: Broken pipe
2023-10-04 23:27:34.335926
2023-10-04 23:27:35.235762
2023-10-04 23:27:36.129906

real	0m2.725s
user	0m0.015s
sys	0m0.006s
cat: write error: Broken pipe
2023-10-04 23:27:47.401107
2023-10-04 23:27:48.184247
2023-10-04 23:27:48.961828

real	0m2.606s
user	0m0.014s
sys	0m0.005s
cat: write error: Broken pipe
2023-10-04 23:28:00.139825
2023-10-04 23:28:00.856639
2023-10-04 23:28:01.574190

real	0m2.352s
user	0m0.011s
sys	0m0.009s
cat: write error: Broken pipe
2023-10-04 23:28:12.860939
2023-10-04 23:28:13.633483
2023-10-04 23:28:14.365009

real	0m2.518s
user	0m0.009s
sys	0m0.010s
cat: write error: Broken pipe
2023-10-04 23:28:25.562386
2023-10-04 23:28:26.442781
2023-10-04 23:28:27.283540

real	0m2.654s
user	0m0.010s
sys	0m0.009s
cat: write error: Broken pipe
2023-10-04 23:28:38.788778
2023-10-04 23:28:40.876414
2023-10-04 23:28:42.680462

real	0m5.143s
user	0m0.011s
sys	0m0.008s
cat: write error: Broken pipe
2023-10-04 23:28:53.872600
2023-10-04 23:28:54.891253
2023-10-04 23:28:56.399404

real	0m3.452s
user	0m0.008s
sys	0m0.011s
cat: write error: Broken pipe
2023-10-04 23:29:07.576297
2023-10-04 23:29:07.917883
2023-10-04 23:29:08.229074

real	0m1.609s
user	0m0.010s
sys	0m0.010s
mkdir: cannot create directory ‘SCODE_D_2’: File exists
┌ Warning: Assignment to `WZ` in soft scope is ambiguous because a global variable by the same name exists: `WZ` will be treated as a new local. Disambiguate by using `local WZ` to suppress this warning or `global WZ` to assign to the existing global variable.
└ @ ~/stephenz/locaTE-paper/tools/SCODE/SCODE.jl:69
a
mkdir: cannot create directory ‘SCODE_D_4’: File exists
┌ Warning: Assignment to `WZ` in soft scope is ambiguous because a global variable by the same name exists: `WZ` will be treated as a new local. Disambiguate by using `local WZ` to suppress this warning or `global WZ` to assign to the existing global variable.
└ @ ~/stephenz/locaTE-paper/tools/SCODE/SCODE.jl:69
a
mkdir: cannot create directory ‘SCODE_D_6’: File exists
┌ Warning: Assignment to `WZ` in soft scope is ambiguous because a global variable by the same name exists: `WZ` will be treated as a new local. Disambiguate by using `local WZ` to suppress this warning or `global WZ` to assign to the existing global variable.
└ @ ~/stephenz/locaTE-paper/tools/SCODE/SCODE.jl:69
a
mkdir: cannot create directory ‘SCODE_D_8’: File exists
┌ Warning: Assignment to `WZ` in soft scope is ambiguous because a global variable by the same name exists: `WZ` will be treated as a new local. Disambiguate by using `local WZ` to suppress this warning or `global WZ` to assign to the existing global variable.
└ @ ~/stephenz/locaTE-paper/tools/SCODE/SCODE.jl:69
a
sh: line 1: matlab: command not found
sh: line 1: matlab: command not found
/data/gpfs/projects/punim0638/stephenz/envs/py39/lib/python3.9/site-packages/Scribe-0.0.0-py3.9.egg/Scribe/causal_network.py:18: UserWarning:  WARNING: No expression data argument given. if you intend to load the data from a file, call the method 'read_expression_file'.
  if expression==None: warnings.warn(" WARNING: No expression data argument given. if you intend to load the data from a file, call the method 'read_expression_file'.")
/data/gpfs/projects/punim0638/stephenz/envs/py39/lib/python3.9/site-packages/Scribe-0.0.0-py3.9.egg/Scribe/causal_network.py:298: FutureWarning: Could not cast to int64, falling back to object. This behavior is deprecated. In a future version, when a dtype is passed to 'DataFrame', either all columns will be cast to that dtype, or a TypeError will be raised.
  max_rdi_delay = pd.DataFrame({node_id: [np.nan for i in self.node_ids] for node_id in self.node_ids}, index=self.node_ids,
Tree method: RF
K: sqrt
Number of trees: 1000


running single threaded jobs
Gene 1/10...
Gene 2/10...
Gene 3/10...
Gene 4/10...
Gene 5/10...
Gene 6/10...
Gene 7/10...
Gene 8/10...
Gene 9/10...
Gene 10/10...
Elapsed time: 24.21 seconds
Create causal_model successfully
