  Activating project at `/data/gpfs/projects/punim0638/stephenz/locaTE-paper/data/simulated/Synthetic_1000/dyn-TF/dyn-TF-1000-9/pidc_env`
    Updating registry at `~/.julia/registries/General.toml`
   Resolving package versions...
  No Changes to `/data/gpfs/projects/punim0638/stephenz/locaTE-paper/data/simulated/Synthetic_1000/dyn-TF/dyn-TF-1000-9/pidc_env/Project.toml`
  No Changes to `/data/gpfs/projects/punim0638/stephenz/locaTE-paper/data/simulated/Synthetic_1000/dyn-TF/dyn-TF-1000-9/pidc_env/Manifest.toml`
Getting nodes...
Inferring network...
cat: write error: Broken pipe
Traceback (most recent call last):
  File "infodynamics.measures.continuous.TransferEntropyCommon.java", line -1, in infodynamics.measures.continuous.TransferEntropyCommon.setObservations
Exception: Java Exception

The above exception was the direct cause of the following exception:

Traceback (most recent call last):
  File "/data/gpfs/projects/punim0638/stephenz/locaTE-paper/data/simulated/Synthetic_1000/dyn-TF/dyn-TF-1000-9/tenet/runTE.py", line 67, in <module>
    teCalc.setObservations(JArray(JDouble, 1)(expression_data[0]), JArray(JDouble, 1)(expression_data[1]))
java.lang.java.lang.ArrayIndexOutOfBoundsException: java.lang.ArrayIndexOutOfBoundsException: Index 0 out of bounds for length 0

real	0m0.736s
user	0m0.009s
sys	0m0.008s
cat: 'outputs/*.csv': No such file or directory
cat: write error: Broken pipe
2023-10-04 23:43:36.124536
2023-10-04 23:43:36.148357

real	0m0.785s
user	0m0.012s
sys	0m0.005s
cat: write error: Broken pipe
2023-10-04 23:43:42.094002
2023-10-04 23:43:42.348071

real	0m1.259s
user	0m0.009s
sys	0m0.007s
cat: write error: Broken pipe
Traceback (most recent call last):
  File "infodynamics.measures.continuous.TransferEntropyCommon.java", line -1, in infodynamics.measures.continuous.TransferEntropyCommon.setObservations
Exception: Java Exception

The above exception was the direct cause of the following exception:

Traceback (most recent call last):
  File "/data/gpfs/projects/punim0638/stephenz/locaTE-paper/data/simulated/Synthetic_1000/dyn-TF/dyn-TF-1000-9/tenet/runTE.py", line 67, in <module>
    teCalc.setObservations(JArray(JDouble, 1)(expression_data[0]), JArray(JDouble, 1)(expression_data[1]))
java.lang.java.lang.ArrayIndexOutOfBoundsException: java.lang.ArrayIndexOutOfBoundsException: Index 0 out of bounds for length 0

real	0m0.720s
user	0m0.010s
sys	0m0.006s
cat: 'outputs/*.csv': No such file or directory
cat: write error: Broken pipe
2023-10-04 23:43:54.406674
2023-10-04 23:43:54.427164

real	0m0.759s
user	0m0.007s
sys	0m0.010s
cat: write error: Broken pipe
2023-10-04 23:44:00.361187
2023-10-04 23:44:00.563772

real	0m1.145s
user	0m0.007s
sys	0m0.009s
cat: write error: Broken pipe
Traceback (most recent call last):
  File "infodynamics.measures.continuous.TransferEntropyCommon.java", line -1, in infodynamics.measures.continuous.TransferEntropyCommon.setObservations
Exception: Java Exception

The above exception was the direct cause of the following exception:

Traceback (most recent call last):
  File "/data/gpfs/projects/punim0638/stephenz/locaTE-paper/data/simulated/Synthetic_1000/dyn-TF/dyn-TF-1000-9/tenet/runTE.py", line 67, in <module>
    teCalc.setObservations(JArray(JDouble, 1)(expression_data[0]), JArray(JDouble, 1)(expression_data[1]))
java.lang.java.lang.ArrayIndexOutOfBoundsException: java.lang.ArrayIndexOutOfBoundsException: Index 0 out of bounds for length 0

real	0m0.726s
user	0m0.011s
sys	0m0.006s
cat: 'outputs/*.csv': No such file or directory
cat: write error: Broken pipe
2023-10-04 23:44:12.601203
2023-10-04 23:44:12.624460

real	0m0.817s
user	0m0.013s
sys	0m0.005s
cat: write error: Broken pipe
2023-10-04 23:44:18.583833
2023-10-04 23:44:18.757632

real	0m1.086s
user	0m0.005s
sys	0m0.011s
cat: write error: Broken pipe
Traceback (most recent call last):
  File "infodynamics.measures.continuous.TransferEntropyCommon.java", line -1, in infodynamics.measures.continuous.TransferEntropyCommon.setObservations
Exception: Java Exception

The above exception was the direct cause of the following exception:

Traceback (most recent call last):
  File "/data/gpfs/projects/punim0638/stephenz/locaTE-paper/data/simulated/Synthetic_1000/dyn-TF/dyn-TF-1000-9/tenet/runTE.py", line 67, in <module>
    teCalc.setObservations(JArray(JDouble, 1)(expression_data[0]), JArray(JDouble, 1)(expression_data[1]))
java.lang.java.lang.ArrayIndexOutOfBoundsException: java.lang.ArrayIndexOutOfBoundsException: Index 0 out of bounds for length 0

real	0m0.751s
user	0m0.010s
sys	0m0.007s
cat: 'outputs/*.csv': No such file or directory
cat: write error: Broken pipe
2023-10-04 23:44:30.795146
2023-10-04 23:44:30.911252

real	0m0.950s
user	0m0.009s
sys	0m0.008s
cat: write error: Broken pipe
2023-10-04 23:44:36.901247
2023-10-04 23:44:37.072964

real	0m1.093s
user	0m0.005s
sys	0m0.012s
cat: write error: Broken pipe
Traceback (most recent call last):
  File "infodynamics.measures.continuous.TransferEntropyCommon.java", line -1, in infodynamics.measures.continuous.TransferEntropyCommon.setObservations
Exception: Java Exception

The above exception was the direct cause of the following exception:

Traceback (most recent call last):
  File "/data/gpfs/projects/punim0638/stephenz/locaTE-paper/data/simulated/Synthetic_1000/dyn-TF/dyn-TF-1000-9/tenet/runTE.py", line 67, in <module>
    teCalc.setObservations(JArray(JDouble, 1)(expression_data[0]), JArray(JDouble, 1)(expression_data[1]))
java.lang.java.lang.ArrayIndexOutOfBoundsException: java.lang.ArrayIndexOutOfBoundsException: Index 0 out of bounds for length 0

real	0m0.745s
user	0m0.006s
sys	0m0.010s
cat: 'outputs/*.csv': No such file or directory
cat: write error: Broken pipe
2023-10-04 23:44:49.062348
2023-10-04 23:44:49.257050

real	0m1.076s
user	0m0.005s
sys	0m0.011s
cat: write error: Broken pipe
2023-10-04 23:44:55.330318
2023-10-04 23:44:55.585035

real	0m1.207s
user	0m0.007s
sys	0m0.010s
cat: write error: Broken pipe
Traceback (most recent call last):
  File "infodynamics.measures.continuous.TransferEntropyCommon.java", line -1, in infodynamics.measures.continuous.TransferEntropyCommon.setObservations
Exception: Java Exception

The above exception was the direct cause of the following exception:

Traceback (most recent call last):
  File "/data/gpfs/projects/punim0638/stephenz/locaTE-paper/data/simulated/Synthetic_1000/dyn-TF/dyn-TF-1000-9/tenet/runTE.py", line 67, in <module>
    teCalc.setObservations(JArray(JDouble, 1)(expression_data[0]), JArray(JDouble, 1)(expression_data[1]))
java.lang.java.lang.ArrayIndexOutOfBoundsException: java.lang.ArrayIndexOutOfBoundsException: Index 0 out of bounds for length 0

real	0m0.772s
user	0m0.008s
sys	0m0.009s
cat: 'outputs/*.csv': No such file or directory
cat: write error: Broken pipe
2023-10-04 23:45:07.662119
2023-10-04 23:45:07.776349

real	0m1.000s
user	0m0.011s
sys	0m0.006s
cat: write error: Broken pipe
2023-10-04 23:45:13.886606
2023-10-04 23:45:14.411726

real	0m1.721s
user	0m0.010s
sys	0m0.007s
cat: write error: Broken pipe
Traceback (most recent call last):
  File "infodynamics.measures.continuous.TransferEntropyCommon.java", line -1, in infodynamics.measures.continuous.TransferEntropyCommon.setObservations
Exception: Java Exception

The above exception was the direct cause of the following exception:

Traceback (most recent call last):
  File "/data/gpfs/projects/punim0638/stephenz/locaTE-paper/data/simulated/Synthetic_1000/dyn-TF/dyn-TF-1000-9/tenet/runTE.py", line 67, in <module>
    teCalc.setObservations(JArray(JDouble, 1)(expression_data[0]), JArray(JDouble, 1)(expression_data[1]))
java.lang.java.lang.ArrayIndexOutOfBoundsException: java.lang.ArrayIndexOutOfBoundsException: Index 0 out of bounds for length 0

real	0m0.728s
user	0m0.008s
sys	0m0.009s
cat: 'outputs/*.csv': No such file or directory
cat: write error: Broken pipe
2023-10-04 23:45:26.629926
2023-10-04 23:45:26.655469

real	0m0.761s
user	0m0.011s
sys	0m0.005s
cat: write error: Broken pipe
2023-10-04 23:45:32.811493
2023-10-04 23:45:34.423094

real	0m3.560s
user	0m0.007s
sys	0m0.010s
cat: write error: Broken pipe
Traceback (most recent call last):
  File "infodynamics.measures.continuous.TransferEntropyCommon.java", line -1, in infodynamics.measures.continuous.TransferEntropyCommon.setObservations
Exception: Java Exception

The above exception was the direct cause of the following exception:

Traceback (most recent call last):
  File "/data/gpfs/projects/punim0638/stephenz/locaTE-paper/data/simulated/Synthetic_1000/dyn-TF/dyn-TF-1000-9/tenet/runTE.py", line 67, in <module>
    teCalc.setObservations(JArray(JDouble, 1)(expression_data[0]), JArray(JDouble, 1)(expression_data[1]))
java.lang.java.lang.ArrayIndexOutOfBoundsException: java.lang.ArrayIndexOutOfBoundsException: Index 0 out of bounds for length 0

real	0m0.743s
user	0m0.010s
sys	0m0.006s
cat: 'outputs/*.csv': No such file or directory
cat: write error: Broken pipe
2023-10-04 23:45:47.239355
2023-10-04 23:45:47.255116

real	0m0.765s
user	0m0.009s
sys	0m0.008s
cat: write error: Broken pipe
2023-10-04 23:45:53.187830
2023-10-04 23:45:53.293419

real	0m0.949s
user	0m0.009s
sys	0m0.008s
mkdir: cannot create directory ‘SCODE_D_2’: File exists
ERROR: LoadError: BoundsError: attempt to access data frame with 0 columns at index [2]
Stacktrace:
 [1] getindex
   @ ~/.julia/packages/DataFrames/LteEl/src/other/index.jl:193 [inlined]
 [2] getindex(df::DataFrame, row_inds::UnitRange{Int64}, col_ind::Int64)
   @ DataFrames ~/.julia/packages/DataFrames/LteEl/src/dataframe/dataframe.jl:525
 [3] top-level scope
   @ ~/stephenz/locaTE-paper/tools/SCODE/SCODE.jl:29
in expression starting at /home/stephenz/stephenz/locaTE-paper/tools/SCODE/SCODE.jl:29
a
mv: cannot stat 'SCODE_D_2/A.txt': No such file or directory
┌ Warning: Assignment to `WZ` in soft scope is ambiguous because a global variable by the same name exists: `WZ` will be treated as a new local. Disambiguate by using `local WZ` to suppress this warning or `global WZ` to assign to the existing global variable.
└ @ ~/stephenz/locaTE-paper/tools/SCODE/SCODE.jl:69
a
┌ Warning: Assignment to `WZ` in soft scope is ambiguous because a global variable by the same name exists: `WZ` will be treated as a new local. Disambiguate by using `local WZ` to suppress this warning or `global WZ` to assign to the existing global variable.
└ @ ~/stephenz/locaTE-paper/tools/SCODE/SCODE.jl:69
a
mkdir: cannot create directory ‘SCODE_D_4’: File exists
ERROR: LoadError: BoundsError: attempt to access data frame with 0 columns at index [2]
Stacktrace:
 [1] getindex
   @ ~/.julia/packages/DataFrames/LteEl/src/other/index.jl:193 [inlined]
 [2] getindex(df::DataFrame, row_inds::UnitRange{Int64}, col_ind::Int64)
   @ DataFrames ~/.julia/packages/DataFrames/LteEl/src/dataframe/dataframe.jl:525
 [3] top-level scope
   @ ~/stephenz/locaTE-paper/tools/SCODE/SCODE.jl:29
in expression starting at /home/stephenz/stephenz/locaTE-paper/tools/SCODE/SCODE.jl:29
a
mv: cannot stat 'SCODE_D_4/A.txt': No such file or directory
┌ Warning: Assignment to `WZ` in soft scope is ambiguous because a global variable by the same name exists: `WZ` will be treated as a new local. Disambiguate by using `local WZ` to suppress this warning or `global WZ` to assign to the existing global variable.
└ @ ~/stephenz/locaTE-paper/tools/SCODE/SCODE.jl:69
a
┌ Warning: Assignment to `WZ` in soft scope is ambiguous because a global variable by the same name exists: `WZ` will be treated as a new local. Disambiguate by using `local WZ` to suppress this warning or `global WZ` to assign to the existing global variable.
└ @ ~/stephenz/locaTE-paper/tools/SCODE/SCODE.jl:69
a
mkdir: cannot create directory ‘SCODE_D_6’: File exists
ERROR: LoadError: BoundsError: attempt to access data frame with 0 columns at index [2]
Stacktrace:
 [1] getindex
   @ ~/.julia/packages/DataFrames/LteEl/src/other/index.jl:193 [inlined]
 [2] getindex(df::DataFrame, row_inds::UnitRange{Int64}, col_ind::Int64)
   @ DataFrames ~/.julia/packages/DataFrames/LteEl/src/dataframe/dataframe.jl:525
 [3] top-level scope
   @ ~/stephenz/locaTE-paper/tools/SCODE/SCODE.jl:29
in expression starting at /home/stephenz/stephenz/locaTE-paper/tools/SCODE/SCODE.jl:29
a
mv: cannot stat 'SCODE_D_6/A.txt': No such file or directory
┌ Warning: Assignment to `WZ` in soft scope is ambiguous because a global variable by the same name exists: `WZ` will be treated as a new local. Disambiguate by using `local WZ` to suppress this warning or `global WZ` to assign to the existing global variable.
└ @ ~/stephenz/locaTE-paper/tools/SCODE/SCODE.jl:69
a
┌ Warning: Assignment to `WZ` in soft scope is ambiguous because a global variable by the same name exists: `WZ` will be treated as a new local. Disambiguate by using `local WZ` to suppress this warning or `global WZ` to assign to the existing global variable.
└ @ ~/stephenz/locaTE-paper/tools/SCODE/SCODE.jl:69
a
mkdir: cannot create directory ‘SCODE_D_8’: File exists
ERROR: LoadError: BoundsError: attempt to access data frame with 0 columns at index [2]
Stacktrace:
 [1] getindex
   @ ~/.julia/packages/DataFrames/LteEl/src/other/index.jl:193 [inlined]
 [2] getindex(df::DataFrame, row_inds::UnitRange{Int64}, col_ind::Int64)
   @ DataFrames ~/.julia/packages/DataFrames/LteEl/src/dataframe/dataframe.jl:525
 [3] top-level scope
   @ ~/stephenz/locaTE-paper/tools/SCODE/SCODE.jl:29
in expression starting at /home/stephenz/stephenz/locaTE-paper/tools/SCODE/SCODE.jl:29
a
mv: cannot stat 'SCODE_D_8/A.txt': No such file or directory
┌ Warning: Assignment to `WZ` in soft scope is ambiguous because a global variable by the same name exists: `WZ` will be treated as a new local. Disambiguate by using `local WZ` to suppress this warning or `global WZ` to assign to the existing global variable.
└ @ ~/stephenz/locaTE-paper/tools/SCODE/SCODE.jl:69
a
┌ Warning: Assignment to `WZ` in soft scope is ambiguous because a global variable by the same name exists: `WZ` will be treated as a new local. Disambiguate by using `local WZ` to suppress this warning or `global WZ` to assign to the existing global variable.
└ @ ~/stephenz/locaTE-paper/tools/SCODE/SCODE.jl:69
a
mkdir: cannot create directory ‘SCODE_D_2’: File exists
ERROR: LoadError: BoundsError: attempt to access data frame with 0 columns at index [2]
Stacktrace:
 [1] getindex
   @ ~/.julia/packages/DataFrames/LteEl/src/other/index.jl:193 [inlined]
 [2] getindex(df::DataFrame, row_inds::UnitRange{Int64}, col_ind::Int64)
   @ DataFrames ~/.julia/packages/DataFrames/LteEl/src/dataframe/dataframe.jl:525
 [3] top-level scope
   @ ~/stephenz/locaTE-paper/tools/SCODE/SCODE.jl:29
in expression starting at /home/stephenz/stephenz/locaTE-paper/tools/SCODE/SCODE.jl:29
a
mv: cannot stat 'SCODE_D_2/A.txt': No such file or directory
┌ Warning: Assignment to `WZ` in soft scope is ambiguous because a global variable by the same name exists: `WZ` will be treated as a new local. Disambiguate by using `local WZ` to suppress this warning or `global WZ` to assign to the existing global variable.
└ @ ~/stephenz/locaTE-paper/tools/SCODE/SCODE.jl:69
a
┌ Warning: Assignment to `WZ` in soft scope is ambiguous because a global variable by the same name exists: `WZ` will be treated as a new local. Disambiguate by using `local WZ` to suppress this warning or `global WZ` to assign to the existing global variable.
└ @ ~/stephenz/locaTE-paper/tools/SCODE/SCODE.jl:69
a
mkdir: cannot create directory ‘SCODE_D_4’: File exists
ERROR: LoadError: BoundsError: attempt to access data frame with 0 columns at index [2]
Stacktrace:
 [1] getindex
   @ ~/.julia/packages/DataFrames/LteEl/src/other/index.jl:193 [inlined]
 [2] getindex(df::DataFrame, row_inds::UnitRange{Int64}, col_ind::Int64)
   @ DataFrames ~/.julia/packages/DataFrames/LteEl/src/dataframe/dataframe.jl:525
 [3] top-level scope
   @ ~/stephenz/locaTE-paper/tools/SCODE/SCODE.jl:29
in expression starting at /home/stephenz/stephenz/locaTE-paper/tools/SCODE/SCODE.jl:29
a
mv: cannot stat 'SCODE_D_4/A.txt': No such file or directory
┌ Warning: Assignment to `WZ` in soft scope is ambiguous because a global variable by the same name exists: `WZ` will be treated as a new local. Disambiguate by using `local WZ` to suppress this warning or `global WZ` to assign to the existing global variable.
└ @ ~/stephenz/locaTE-paper/tools/SCODE/SCODE.jl:69
a
┌ Warning: Assignment to `WZ` in soft scope is ambiguous because a global variable by the same name exists: `WZ` will be treated as a new local. Disambiguate by using `local WZ` to suppress this warning or `global WZ` to assign to the existing global variable.
└ @ ~/stephenz/locaTE-paper/tools/SCODE/SCODE.jl:69
a
mkdir: cannot create directory ‘SCODE_D_6’: File exists
ERROR: LoadError: BoundsError: attempt to access data frame with 0 columns at index [2]
Stacktrace:
 [1] getindex
   @ ~/.julia/packages/DataFrames/LteEl/src/other/index.jl:193 [inlined]
 [2] getindex(df::DataFrame, row_inds::UnitRange{Int64}, col_ind::Int64)
   @ DataFrames ~/.julia/packages/DataFrames/LteEl/src/dataframe/dataframe.jl:525
 [3] top-level scope
   @ ~/stephenz/locaTE-paper/tools/SCODE/SCODE.jl:29
in expression starting at /home/stephenz/stephenz/locaTE-paper/tools/SCODE/SCODE.jl:29
a
mv: cannot stat 'SCODE_D_6/A.txt': No such file or directory
┌ Warning: Assignment to `WZ` in soft scope is ambiguous because a global variable by the same name exists: `WZ` will be treated as a new local. Disambiguate by using `local WZ` to suppress this warning or `global WZ` to assign to the existing global variable.
└ @ ~/stephenz/locaTE-paper/tools/SCODE/SCODE.jl:69
a
┌ Warning: Assignment to `WZ` in soft scope is ambiguous because a global variable by the same name exists: `WZ` will be treated as a new local. Disambiguate by using `local WZ` to suppress this warning or `global WZ` to assign to the existing global variable.
└ @ ~/stephenz/locaTE-paper/tools/SCODE/SCODE.jl:69
a
mkdir: cannot create directory ‘SCODE_D_8’: File exists
ERROR: LoadError: BoundsError: attempt to access data frame with 0 columns at index [2]
Stacktrace:
 [1] getindex
   @ ~/.julia/packages/DataFrames/LteEl/src/other/index.jl:193 [inlined]
 [2] getindex(df::DataFrame, row_inds::UnitRange{Int64}, col_ind::Int64)
   @ DataFrames ~/.julia/packages/DataFrames/LteEl/src/dataframe/dataframe.jl:525
 [3] top-level scope
   @ ~/stephenz/locaTE-paper/tools/SCODE/SCODE.jl:29
in expression starting at /home/stephenz/stephenz/locaTE-paper/tools/SCODE/SCODE.jl:29
a
mv: cannot stat 'SCODE_D_8/A.txt': No such file or directory
┌ Warning: Assignment to `WZ` in soft scope is ambiguous because a global variable by the same name exists: `WZ` will be treated as a new local. Disambiguate by using `local WZ` to suppress this warning or `global WZ` to assign to the existing global variable.
└ @ ~/stephenz/locaTE-paper/tools/SCODE/SCODE.jl:69
a
┌ Warning: Assignment to `WZ` in soft scope is ambiguous because a global variable by the same name exists: `WZ` will be treated as a new local. Disambiguate by using `local WZ` to suppress this warning or `global WZ` to assign to the existing global variable.
└ @ ~/stephenz/locaTE-paper/tools/SCODE/SCODE.jl:69
a
mkdir: cannot create directory ‘SCODE_D_2’: File exists
ERROR: LoadError: BoundsError: attempt to access data frame with 0 columns at index [2]
Stacktrace:
 [1] getindex
   @ ~/.julia/packages/DataFrames/LteEl/src/other/index.jl:193 [inlined]
 [2] getindex(df::DataFrame, row_inds::UnitRange{Int64}, col_ind::Int64)
   @ DataFrames ~/.julia/packages/DataFrames/LteEl/src/dataframe/dataframe.jl:525
 [3] top-level scope
   @ ~/stephenz/locaTE-paper/tools/SCODE/SCODE.jl:29
in expression starting at /home/stephenz/stephenz/locaTE-paper/tools/SCODE/SCODE.jl:29
a
mv: cannot stat 'SCODE_D_2/A.txt': No such file or directory
┌ Warning: Assignment to `WZ` in soft scope is ambiguous because a global variable by the same name exists: `WZ` will be treated as a new local. Disambiguate by using `local WZ` to suppress this warning or `global WZ` to assign to the existing global variable.
└ @ ~/stephenz/locaTE-paper/tools/SCODE/SCODE.jl:69
a
┌ Warning: Assignment to `WZ` in soft scope is ambiguous because a global variable by the same name exists: `WZ` will be treated as a new local. Disambiguate by using `local WZ` to suppress this warning or `global WZ` to assign to the existing global variable.
└ @ ~/stephenz/locaTE-paper/tools/SCODE/SCODE.jl:69
a
mkdir: cannot create directory ‘SCODE_D_4’: File exists
ERROR: LoadError: BoundsError: attempt to access data frame with 0 columns at index [2]
Stacktrace:
 [1] getindex
   @ ~/.julia/packages/DataFrames/LteEl/src/other/index.jl:193 [inlined]
 [2] getindex(df::DataFrame, row_inds::UnitRange{Int64}, col_ind::Int64)
   @ DataFrames ~/.julia/packages/DataFrames/LteEl/src/dataframe/dataframe.jl:525
 [3] top-level scope
   @ ~/stephenz/locaTE-paper/tools/SCODE/SCODE.jl:29
in expression starting at /home/stephenz/stephenz/locaTE-paper/tools/SCODE/SCODE.jl:29
a
mv: cannot stat 'SCODE_D_4/A.txt': No such file or directory
┌ Warning: Assignment to `WZ` in soft scope is ambiguous because a global variable by the same name exists: `WZ` will be treated as a new local. Disambiguate by using `local WZ` to suppress this warning or `global WZ` to assign to the existing global variable.
└ @ ~/stephenz/locaTE-paper/tools/SCODE/SCODE.jl:69
a
┌ Warning: Assignment to `WZ` in soft scope is ambiguous because a global variable by the same name exists: `WZ` will be treated as a new local. Disambiguate by using `local WZ` to suppress this warning or `global WZ` to assign to the existing global variable.
└ @ ~/stephenz/locaTE-paper/tools/SCODE/SCODE.jl:69
a
mkdir: cannot create directory ‘SCODE_D_6’: File exists
ERROR: LoadError: BoundsError: attempt to access data frame with 0 columns at index [2]
Stacktrace:
 [1] getindex
   @ ~/.julia/packages/DataFrames/LteEl/src/other/index.jl:193 [inlined]
 [2] getindex(df::DataFrame, row_inds::UnitRange{Int64}, col_ind::Int64)
   @ DataFrames ~/.julia/packages/DataFrames/LteEl/src/dataframe/dataframe.jl:525
 [3] top-level scope
   @ ~/stephenz/locaTE-paper/tools/SCODE/SCODE.jl:29
in expression starting at /home/stephenz/stephenz/locaTE-paper/tools/SCODE/SCODE.jl:29
a
mv: cannot stat 'SCODE_D_6/A.txt': No such file or directory
┌ Warning: Assignment to `WZ` in soft scope is ambiguous because a global variable by the same name exists: `WZ` will be treated as a new local. Disambiguate by using `local WZ` to suppress this warning or `global WZ` to assign to the existing global variable.
└ @ ~/stephenz/locaTE-paper/tools/SCODE/SCODE.jl:69
a
┌ Warning: Assignment to `WZ` in soft scope is ambiguous because a global variable by the same name exists: `WZ` will be treated as a new local. Disambiguate by using `local WZ` to suppress this warning or `global WZ` to assign to the existing global variable.
└ @ ~/stephenz/locaTE-paper/tools/SCODE/SCODE.jl:69
a
mkdir: cannot create directory ‘SCODE_D_8’: File exists
ERROR: LoadError: BoundsError: attempt to access data frame with 0 columns at index [2]
Stacktrace:
 [1] getindex
   @ ~/.julia/packages/DataFrames/LteEl/src/other/index.jl:193 [inlined]
 [2] getindex(df::DataFrame, row_inds::UnitRange{Int64}, col_ind::Int64)
   @ DataFrames ~/.julia/packages/DataFrames/LteEl/src/dataframe/dataframe.jl:525
 [3] top-level scope
   @ ~/stephenz/locaTE-paper/tools/SCODE/SCODE.jl:29
in expression starting at /home/stephenz/stephenz/locaTE-paper/tools/SCODE/SCODE.jl:29
a
mv: cannot stat 'SCODE_D_8/A.txt': No such file or directory
┌ Warning: Assignment to `WZ` in soft scope is ambiguous because a global variable by the same name exists: `WZ` will be treated as a new local. Disambiguate by using `local WZ` to suppress this warning or `global WZ` to assign to the existing global variable.
└ @ ~/stephenz/locaTE-paper/tools/SCODE/SCODE.jl:69
a
┌ Warning: Assignment to `WZ` in soft scope is ambiguous because a global variable by the same name exists: `WZ` will be treated as a new local. Disambiguate by using `local WZ` to suppress this warning or `global WZ` to assign to the existing global variable.
└ @ ~/stephenz/locaTE-paper/tools/SCODE/SCODE.jl:69
a
mkdir: cannot create directory ‘SCODE_D_2’: File exists
ERROR: LoadError: BoundsError: attempt to access data frame with 0 columns at index [2]
Stacktrace:
 [1] getindex
   @ ~/.julia/packages/DataFrames/LteEl/src/other/index.jl:193 [inlined]
 [2] getindex(df::DataFrame, row_inds::UnitRange{Int64}, col_ind::Int64)
   @ DataFrames ~/.julia/packages/DataFrames/LteEl/src/dataframe/dataframe.jl:525
 [3] top-level scope
   @ ~/stephenz/locaTE-paper/tools/SCODE/SCODE.jl:29
in expression starting at /home/stephenz/stephenz/locaTE-paper/tools/SCODE/SCODE.jl:29
a
mv: cannot stat 'SCODE_D_2/A.txt': No such file or directory
┌ Warning: Assignment to `WZ` in soft scope is ambiguous because a global variable by the same name exists: `WZ` will be treated as a new local. Disambiguate by using `local WZ` to suppress this warning or `global WZ` to assign to the existing global variable.
└ @ ~/stephenz/locaTE-paper/tools/SCODE/SCODE.jl:69
a
┌ Warning: Assignment to `WZ` in soft scope is ambiguous because a global variable by the same name exists: `WZ` will be treated as a new local. Disambiguate by using `local WZ` to suppress this warning or `global WZ` to assign to the existing global variable.
└ @ ~/stephenz/locaTE-paper/tools/SCODE/SCODE.jl:69
a
mkdir: cannot create directory ‘SCODE_D_4’: File exists
ERROR: LoadError: BoundsError: attempt to access data frame with 0 columns at index [2]
Stacktrace:
 [1] getindex
   @ ~/.julia/packages/DataFrames/LteEl/src/other/index.jl:193 [inlined]
 [2] getindex(df::DataFrame, row_inds::UnitRange{Int64}, col_ind::Int64)
   @ DataFrames ~/.julia/packages/DataFrames/LteEl/src/dataframe/dataframe.jl:525
 [3] top-level scope
   @ ~/stephenz/locaTE-paper/tools/SCODE/SCODE.jl:29
in expression starting at /home/stephenz/stephenz/locaTE-paper/tools/SCODE/SCODE.jl:29
a
mv: cannot stat 'SCODE_D_4/A.txt': No such file or directory
┌ Warning: Assignment to `WZ` in soft scope is ambiguous because a global variable by the same name exists: `WZ` will be treated as a new local. Disambiguate by using `local WZ` to suppress this warning or `global WZ` to assign to the existing global variable.
└ @ ~/stephenz/locaTE-paper/tools/SCODE/SCODE.jl:69
a
┌ Warning: Assignment to `WZ` in soft scope is ambiguous because a global variable by the same name exists: `WZ` will be treated as a new local. Disambiguate by using `local WZ` to suppress this warning or `global WZ` to assign to the existing global variable.
└ @ ~/stephenz/locaTE-paper/tools/SCODE/SCODE.jl:69
a
mkdir: cannot create directory ‘SCODE_D_6’: File exists
ERROR: LoadError: BoundsError: attempt to access data frame with 0 columns at index [2]
Stacktrace:
 [1] getindex
   @ ~/.julia/packages/DataFrames/LteEl/src/other/index.jl:193 [inlined]
 [2] getindex(df::DataFrame, row_inds::UnitRange{Int64}, col_ind::Int64)
   @ DataFrames ~/.julia/packages/DataFrames/LteEl/src/dataframe/dataframe.jl:525
 [3] top-level scope
   @ ~/stephenz/locaTE-paper/tools/SCODE/SCODE.jl:29
in expression starting at /home/stephenz/stephenz/locaTE-paper/tools/SCODE/SCODE.jl:29
a
mv: cannot stat 'SCODE_D_6/A.txt': No such file or directory
┌ Warning: Assignment to `WZ` in soft scope is ambiguous because a global variable by the same name exists: `WZ` will be treated as a new local. Disambiguate by using `local WZ` to suppress this warning or `global WZ` to assign to the existing global variable.
└ @ ~/stephenz/locaTE-paper/tools/SCODE/SCODE.jl:69
a
┌ Warning: Assignment to `WZ` in soft scope is ambiguous because a global variable by the same name exists: `WZ` will be treated as a new local. Disambiguate by using `local WZ` to suppress this warning or `global WZ` to assign to the existing global variable.
└ @ ~/stephenz/locaTE-paper/tools/SCODE/SCODE.jl:69
a
mkdir: cannot create directory ‘SCODE_D_8’: File exists
ERROR: LoadError: BoundsError: attempt to access data frame with 0 columns at index [2]
Stacktrace:
 [1] getindex
   @ ~/.julia/packages/DataFrames/LteEl/src/other/index.jl:193 [inlined]
 [2] getindex(df::DataFrame, row_inds::UnitRange{Int64}, col_ind::Int64)
   @ DataFrames ~/.julia/packages/DataFrames/LteEl/src/dataframe/dataframe.jl:525
 [3] top-level scope
   @ ~/stephenz/locaTE-paper/tools/SCODE/SCODE.jl:29
in expression starting at /home/stephenz/stephenz/locaTE-paper/tools/SCODE/SCODE.jl:29
a
mv: cannot stat 'SCODE_D_8/A.txt': No such file or directory
┌ Warning: Assignment to `WZ` in soft scope is ambiguous because a global variable by the same name exists: `WZ` will be treated as a new local. Disambiguate by using `local WZ` to suppress this warning or `global WZ` to assign to the existing global variable.
└ @ ~/stephenz/locaTE-paper/tools/SCODE/SCODE.jl:69
a
┌ Warning: Assignment to `WZ` in soft scope is ambiguous because a global variable by the same name exists: `WZ` will be treated as a new local. Disambiguate by using `local WZ` to suppress this warning or `global WZ` to assign to the existing global variable.
└ @ ~/stephenz/locaTE-paper/tools/SCODE/SCODE.jl:69
a
mkdir: cannot create directory ‘SCODE_D_2’: File exists
ERROR: LoadError: BoundsError: attempt to access data frame with 0 columns at index [2]
Stacktrace:
 [1] getindex
   @ ~/.julia/packages/DataFrames/LteEl/src/other/index.jl:193 [inlined]
 [2] getindex(df::DataFrame, row_inds::UnitRange{Int64}, col_ind::Int64)
   @ DataFrames ~/.julia/packages/DataFrames/LteEl/src/dataframe/dataframe.jl:525
 [3] top-level scope
   @ ~/stephenz/locaTE-paper/tools/SCODE/SCODE.jl:29
in expression starting at /home/stephenz/stephenz/locaTE-paper/tools/SCODE/SCODE.jl:29
a
mv: cannot stat 'SCODE_D_2/A.txt': No such file or directory
┌ Warning: Assignment to `WZ` in soft scope is ambiguous because a global variable by the same name exists: `WZ` will be treated as a new local. Disambiguate by using `local WZ` to suppress this warning or `global WZ` to assign to the existing global variable.
└ @ ~/stephenz/locaTE-paper/tools/SCODE/SCODE.jl:69
a
┌ Warning: Assignment to `WZ` in soft scope is ambiguous because a global variable by the same name exists: `WZ` will be treated as a new local. Disambiguate by using `local WZ` to suppress this warning or `global WZ` to assign to the existing global variable.
└ @ ~/stephenz/locaTE-paper/tools/SCODE/SCODE.jl:69
a
mkdir: cannot create directory ‘SCODE_D_4’: File exists
ERROR: LoadError: BoundsError: attempt to access data frame with 0 columns at index [2]
Stacktrace:
 [1] getindex
   @ ~/.julia/packages/DataFrames/LteEl/src/other/index.jl:193 [inlined]
 [2] getindex(df::DataFrame, row_inds::UnitRange{Int64}, col_ind::Int64)
   @ DataFrames ~/.julia/packages/DataFrames/LteEl/src/dataframe/dataframe.jl:525
 [3] top-level scope
   @ ~/stephenz/locaTE-paper/tools/SCODE/SCODE.jl:29
in expression starting at /home/stephenz/stephenz/locaTE-paper/tools/SCODE/SCODE.jl:29
a
mv: cannot stat 'SCODE_D_4/A.txt': No such file or directory
┌ Warning: Assignment to `WZ` in soft scope is ambiguous because a global variable by the same name exists: `WZ` will be treated as a new local. Disambiguate by using `local WZ` to suppress this warning or `global WZ` to assign to the existing global variable.
└ @ ~/stephenz/locaTE-paper/tools/SCODE/SCODE.jl:69
a
┌ Warning: Assignment to `WZ` in soft scope is ambiguous because a global variable by the same name exists: `WZ` will be treated as a new local. Disambiguate by using `local WZ` to suppress this warning or `global WZ` to assign to the existing global variable.
└ @ ~/stephenz/locaTE-paper/tools/SCODE/SCODE.jl:69
a
mkdir: cannot create directory ‘SCODE_D_6’: File exists
ERROR: LoadError: BoundsError: attempt to access data frame with 0 columns at index [2]
Stacktrace:
 [1] getindex
   @ ~/.julia/packages/DataFrames/LteEl/src/other/index.jl:193 [inlined]
 [2] getindex(df::DataFrame, row_inds::UnitRange{Int64}, col_ind::Int64)
   @ DataFrames ~/.julia/packages/DataFrames/LteEl/src/dataframe/dataframe.jl:525
 [3] top-level scope
   @ ~/stephenz/locaTE-paper/tools/SCODE/SCODE.jl:29
in expression starting at /home/stephenz/stephenz/locaTE-paper/tools/SCODE/SCODE.jl:29
a
mv: cannot stat 'SCODE_D_6/A.txt': No such file or directory
┌ Warning: Assignment to `WZ` in soft scope is ambiguous because a global variable by the same name exists: `WZ` will be treated as a new local. Disambiguate by using `local WZ` to suppress this warning or `global WZ` to assign to the existing global variable.
└ @ ~/stephenz/locaTE-paper/tools/SCODE/SCODE.jl:69
a
┌ Warning: Assignment to `WZ` in soft scope is ambiguous because a global variable by the same name exists: `WZ` will be treated as a new local. Disambiguate by using `local WZ` to suppress this warning or `global WZ` to assign to the existing global variable.
└ @ ~/stephenz/locaTE-paper/tools/SCODE/SCODE.jl:69
a
mkdir: cannot create directory ‘SCODE_D_8’: File exists
ERROR: LoadError: BoundsError: attempt to access data frame with 0 columns at index [2]
Stacktrace:
 [1] getindex
   @ ~/.julia/packages/DataFrames/LteEl/src/other/index.jl:193 [inlined]
 [2] getindex(df::DataFrame, row_inds::UnitRange{Int64}, col_ind::Int64)
   @ DataFrames ~/.julia/packages/DataFrames/LteEl/src/dataframe/dataframe.jl:525
 [3] top-level scope
   @ ~/stephenz/locaTE-paper/tools/SCODE/SCODE.jl:29
in expression starting at /home/stephenz/stephenz/locaTE-paper/tools/SCODE/SCODE.jl:29
a
mv: cannot stat 'SCODE_D_8/A.txt': No such file or directory
┌ Warning: Assignment to `WZ` in soft scope is ambiguous because a global variable by the same name exists: `WZ` will be treated as a new local. Disambiguate by using `local WZ` to suppress this warning or `global WZ` to assign to the existing global variable.
└ @ ~/stephenz/locaTE-paper/tools/SCODE/SCODE.jl:69
a
┌ Warning: Assignment to `WZ` in soft scope is ambiguous because a global variable by the same name exists: `WZ` will be treated as a new local. Disambiguate by using `local WZ` to suppress this warning or `global WZ` to assign to the existing global variable.
└ @ ~/stephenz/locaTE-paper/tools/SCODE/SCODE.jl:69
a
Tree method: RF
K: sqrt
Number of trees: 1000


running single threaded jobs
Gene 1/8...
Gene 2/8...
Gene 3/8...
Gene 4/8...
Gene 5/8...
Gene 6/8...
Gene 7/8...
Gene 8/8...
Elapsed time: 14.75 seconds
Traceback (most recent call last):
  File "/home/stephenz/stephenz/locaTE-paper/data/simulated/Synthetic_1000/scripts/run_static.py", line 106, in <module>
    A_0 = pd.read_csv(fname + "/A_branch0_rep_%d.txt" % i, sep = "\t", index_col = False, header = None)
  File "/data/gpfs/projects/punim0638/stephenz/envs/py39/lib/python3.9/site-packages/pandas/util/_decorators.py", line 211, in wrapper
    return func(*args, **kwargs)
  File "/data/gpfs/projects/punim0638/stephenz/envs/py39/lib/python3.9/site-packages/pandas/util/_decorators.py", line 331, in wrapper
    return func(*args, **kwargs)
  File "/data/gpfs/projects/punim0638/stephenz/envs/py39/lib/python3.9/site-packages/pandas/io/parsers/readers.py", line 950, in read_csv
    return _read(filepath_or_buffer, kwds)
  File "/data/gpfs/projects/punim0638/stephenz/envs/py39/lib/python3.9/site-packages/pandas/io/parsers/readers.py", line 605, in _read
    parser = TextFileReader(filepath_or_buffer, **kwds)
  File "/data/gpfs/projects/punim0638/stephenz/envs/py39/lib/python3.9/site-packages/pandas/io/parsers/readers.py", line 1442, in __init__
    self._engine = self._make_engine(f, self.engine)
  File "/data/gpfs/projects/punim0638/stephenz/envs/py39/lib/python3.9/site-packages/pandas/io/parsers/readers.py", line 1735, in _make_engine
    self.handles = get_handle(
  File "/data/gpfs/projects/punim0638/stephenz/envs/py39/lib/python3.9/site-packages/pandas/io/common.py", line 856, in get_handle
    handle = open(
FileNotFoundError: [Errno 2] No such file or directory: '/data/gpfs/projects/punim0638/stephenz/locaTE-paper/data/simulated/Synthetic_1000/dyn-TF/dyn-TF-1000-9/scode/SCODE_D_8/A_branch0_rep_1.txt'
