  Activating project at `/data/gpfs/projects/punim0638/stephenz/locaTE-paper/data/simulated/Synthetic_1000/dyn-SW/dyn-SW-1000-3/pidc_env`
    Updating registry at `~/.julia/registries/General.toml`
   Resolving package versions...
  No Changes to `/data/gpfs/projects/punim0638/stephenz/locaTE-paper/data/simulated/Synthetic_1000/dyn-SW/dyn-SW-1000-3/pidc_env/Project.toml`
  No Changes to `/data/gpfs/projects/punim0638/stephenz/locaTE-paper/data/simulated/Synthetic_1000/dyn-SW/dyn-SW-1000-3/pidc_env/Manifest.toml`
Getting nodes...
Inferring network...
cat: write error: Broken pipe
2023-10-04 23:43:42.730646
2023-10-04 23:43:43.104799
2023-10-04 23:43:43.479973

real	0m1.575s
user	0m0.008s
sys	0m0.009s
cat: write error: Broken pipe
2023-10-04 23:43:54.456722
2023-10-04 23:43:54.772896
2023-10-04 23:43:55.073389

real	0m1.402s
user	0m0.008s
sys	0m0.009s
cat: write error: Broken pipe
2023-10-04 23:44:06.021653
2023-10-04 23:44:06.316221
2023-10-04 23:44:06.578517

real	0m1.333s
user	0m0.009s
sys	0m0.008s
cat: write error: Broken pipe
2023-10-04 23:44:17.532594
2023-10-04 23:44:17.813486
2023-10-04 23:44:18.070751

real	0m1.308s
user	0m0.008s
sys	0m0.009s
cat: write error: Broken pipe
2023-10-04 23:44:29.058671
2023-10-04 23:44:29.416044
2023-10-04 23:44:29.723911

real	0m1.479s
user	0m0.011s
sys	0m0.006s
cat: write error: Broken pipe
2023-10-04 23:44:40.710182
2023-10-04 23:44:41.327014
2023-10-04 23:44:41.915063

real	0m2.008s
user	0m0.008s
sys	0m0.009s
cat: write error: Broken pipe
2023-10-04 23:44:52.996606
2023-10-04 23:44:54.014798
2023-10-04 23:44:55.048710

real	0m2.962s
user	0m0.009s
sys	0m0.008s
cat: write error: Broken pipe
2023-10-04 23:45:06.040924
2023-10-04 23:45:06.208931
2023-10-04 23:45:06.368447

real	0m1.111s
user	0m0.007s
sys	0m0.010s
mkdir: cannot create directory ‘SCODE_D_2’: File exists
┌ Warning: Assignment to `WZ` in soft scope is ambiguous because a global variable by the same name exists: `WZ` will be treated as a new local. Disambiguate by using `local WZ` to suppress this warning or `global WZ` to assign to the existing global variable.
└ @ ~/stephenz/locaTE-paper/tools/SCODE/SCODE.jl:69
a
mkdir: cannot create directory ‘SCODE_D_4’: File exists
┌ Warning: Assignment to `WZ` in soft scope is ambiguous because a global variable by the same name exists: `WZ` will be treated as a new local. Disambiguate by using `local WZ` to suppress this warning or `global WZ` to assign to the existing global variable.
└ @ ~/stephenz/locaTE-paper/tools/SCODE/SCODE.jl:69
a
mkdir: cannot create directory ‘SCODE_D_6’: File exists
┌ Warning: Assignment to `WZ` in soft scope is ambiguous because a global variable by the same name exists: `WZ` will be treated as a new local. Disambiguate by using `local WZ` to suppress this warning or `global WZ` to assign to the existing global variable.
└ @ ~/stephenz/locaTE-paper/tools/SCODE/SCODE.jl:69
a
mkdir: cannot create directory ‘SCODE_D_8’: File exists
┌ Warning: Assignment to `WZ` in soft scope is ambiguous because a global variable by the same name exists: `WZ` will be treated as a new local. Disambiguate by using `local WZ` to suppress this warning or `global WZ` to assign to the existing global variable.
└ @ ~/stephenz/locaTE-paper/tools/SCODE/SCODE.jl:69
a
sh: line 1: matlab: command not found
sh: line 1: matlab: command not found
/data/gpfs/projects/punim0638/stephenz/envs/py39/lib/python3.9/site-packages/Scribe-0.0.0-py3.9.egg/Scribe/causal_network.py:18: UserWarning:  WARNING: No expression data argument given. if you intend to load the data from a file, call the method 'read_expression_file'.
  if expression==None: warnings.warn(" WARNING: No expression data argument given. if you intend to load the data from a file, call the method 'read_expression_file'.")
/data/gpfs/projects/punim0638/stephenz/envs/py39/lib/python3.9/site-packages/Scribe-0.0.0-py3.9.egg/Scribe/causal_network.py:298: FutureWarning: Could not cast to int64, falling back to object. This behavior is deprecated. In a future version, when a dtype is passed to 'DataFrame', either all columns will be cast to that dtype, or a TypeError will be raised.
  max_rdi_delay = pd.DataFrame({node_id: [np.nan for i in self.node_ids] for node_id in self.node_ids}, index=self.node_ids,
Tree method: RF
K: sqrt
Number of trees: 1000


running single threaded jobs
Gene 1/7...
Gene 2/7...
Gene 3/7...
Gene 4/7...
Gene 5/7...
Gene 6/7...
Gene 7/7...
Elapsed time: 12.84 seconds
Create causal_model successfully
