  Activating project at `/data/gpfs/projects/punim0638/stephenz/locaTE-paper/data/simulated/Synthetic_1000/dyn-BFC/dyn-BFC-1000-5/pidc_env`
    Updating registry at `~/.julia/registries/General.toml`
   Resolving package versions...
  No Changes to `/data/gpfs/projects/punim0638/stephenz/locaTE-paper/data/simulated/Synthetic_1000/dyn-BFC/dyn-BFC-1000-5/pidc_env/Project.toml`
  No Changes to `/data/gpfs/projects/punim0638/stephenz/locaTE-paper/data/simulated/Synthetic_1000/dyn-BFC/dyn-BFC-1000-5/pidc_env/Manifest.toml`
Getting nodes...
Inferring network...
cat: write error: Broken pipe
2023-10-04 23:24:45.644461
2023-10-04 23:24:46.541411
2023-10-04 23:24:47.453579

real	0m2.898s
user	0m0.013s
sys	0m0.007s
cat: write error: Broken pipe
2023-10-04 23:24:58.722178
2023-10-04 23:24:59.525098
2023-10-04 23:25:00.350622

real	0m2.660s
user	0m0.020s
sys	0m0.022s
cat: write error: Broken pipe
2023-10-04 23:25:11.725567
2023-10-04 23:25:12.470822
2023-10-04 23:25:13.222079

real	0m2.605s
user	0m0.011s
sys	0m0.008s
cat: write error: Broken pipe
2023-10-04 23:25:24.619570
2023-10-04 23:25:25.364603
2023-10-04 23:25:26.104644

real	0m2.621s
user	0m0.008s
sys	0m0.011s
cat: write error: Broken pipe
2023-10-04 23:25:37.478763
2023-10-04 23:25:38.378801
2023-10-04 23:25:39.237320

real	0m2.869s
user	0m0.011s
sys	0m0.010s
cat: write error: Broken pipe
2023-10-04 23:25:50.631340
2023-10-04 23:25:52.679013
2023-10-04 23:25:54.461405

real	0m4.959s
user	0m0.012s
sys	0m0.008s
cat: write error: Broken pipe
2023-10-04 23:26:06.014233
2023-10-04 23:26:07.544008
2023-10-04 23:26:09.098599

real	0m4.324s
user	0m0.012s
sys	0m0.007s
cat: write error: Broken pipe
2023-10-04 23:26:20.409367
2023-10-04 23:26:20.755826
2023-10-04 23:26:21.103608

real	0m1.743s
user	0m0.009s
sys	0m0.009s
mkdir: cannot create directory ‘SCODE_D_2’: File exists
┌ Warning: Assignment to `WZ` in soft scope is ambiguous because a global variable by the same name exists: `WZ` will be treated as a new local. Disambiguate by using `local WZ` to suppress this warning or `global WZ` to assign to the existing global variable.
└ @ ~/stephenz/locaTE-paper/tools/SCODE/SCODE.jl:69
a
mkdir: cannot create directory ‘SCODE_D_4’: File exists
┌ Warning: Assignment to `WZ` in soft scope is ambiguous because a global variable by the same name exists: `WZ` will be treated as a new local. Disambiguate by using `local WZ` to suppress this warning or `global WZ` to assign to the existing global variable.
└ @ ~/stephenz/locaTE-paper/tools/SCODE/SCODE.jl:69
a
mkdir: cannot create directory ‘SCODE_D_6’: File exists
┌ Warning: Assignment to `WZ` in soft scope is ambiguous because a global variable by the same name exists: `WZ` will be treated as a new local. Disambiguate by using `local WZ` to suppress this warning or `global WZ` to assign to the existing global variable.
└ @ ~/stephenz/locaTE-paper/tools/SCODE/SCODE.jl:69
a
mkdir: cannot create directory ‘SCODE_D_8’: File exists
┌ Warning: Assignment to `WZ` in soft scope is ambiguous because a global variable by the same name exists: `WZ` will be treated as a new local. Disambiguate by using `local WZ` to suppress this warning or `global WZ` to assign to the existing global variable.
└ @ ~/stephenz/locaTE-paper/tools/SCODE/SCODE.jl:69
a
sh: line 1: matlab: command not found
sh: line 1: matlab: command not found
/data/gpfs/projects/punim0638/stephenz/envs/py39/lib/python3.9/site-packages/Scribe-0.0.0-py3.9.egg/Scribe/causal_network.py:18: UserWarning:  WARNING: No expression data argument given. if you intend to load the data from a file, call the method 'read_expression_file'.
  if expression==None: warnings.warn(" WARNING: No expression data argument given. if you intend to load the data from a file, call the method 'read_expression_file'.")
/data/gpfs/projects/punim0638/stephenz/envs/py39/lib/python3.9/site-packages/Scribe-0.0.0-py3.9.egg/Scribe/causal_network.py:298: FutureWarning: Could not cast to int64, falling back to object. This behavior is deprecated. In a future version, when a dtype is passed to 'DataFrame', either all columns will be cast to that dtype, or a TypeError will be raised.
  max_rdi_delay = pd.DataFrame({node_id: [np.nan for i in self.node_ids] for node_id in self.node_ids}, index=self.node_ids,
Tree method: RF
K: sqrt
Number of trees: 1000


running single threaded jobs
Gene 1/10...
Gene 2/10...
Gene 3/10...
Gene 4/10...
Gene 5/10...
Gene 6/10...
Gene 7/10...
Gene 8/10...
Gene 9/10...
Gene 10/10...
Elapsed time: 23.61 seconds
Create causal_model successfully
