  Activating project at `/data/gpfs/projects/punim0638/stephenz/locaTE-paper/data/simulated/Synthetic_1000/dyn-BFC/dyn-BFC-1000-10/pidc_env`
    Updating registry at `~/.julia/registries/General.toml`
   Resolving package versions...
  No Changes to `/data/gpfs/projects/punim0638/stephenz/locaTE-paper/data/simulated/Synthetic_1000/dyn-BFC/dyn-BFC-1000-10/pidc_env/Project.toml`
  No Changes to `/data/gpfs/projects/punim0638/stephenz/locaTE-paper/data/simulated/Synthetic_1000/dyn-BFC/dyn-BFC-1000-10/pidc_env/Manifest.toml`
Getting nodes...
Inferring network...
cat: write error: Broken pipe
2023-10-04 23:29:17.604896
2023-10-04 23:29:18.512889
2023-10-04 23:29:19.442296

real	0m2.681s
user	0m0.008s
sys	0m0.010s
cat: write error: Broken pipe
2023-10-04 23:29:30.492484
2023-10-04 23:29:31.255907
2023-10-04 23:29:32.034364

real	0m2.401s
user	0m0.009s
sys	0m0.008s
cat: write error: Broken pipe
2023-10-04 23:29:43.088594
2023-10-04 23:29:43.785682
2023-10-04 23:29:44.491463

real	0m2.270s
user	0m0.007s
sys	0m0.010s
cat: write error: Broken pipe
2023-10-04 23:29:55.520421
2023-10-04 23:29:56.240079
2023-10-04 23:29:56.935727

real	0m2.250s
user	0m0.006s
sys	0m0.012s
cat: write error: Broken pipe
2023-10-04 23:30:07.941695
2023-10-04 23:30:08.801119
2023-10-04 23:30:09.601493

real	0m2.467s
user	0m0.010s
sys	0m0.008s
cat: write error: Broken pipe
2023-10-04 23:30:20.709402
2023-10-04 23:30:22.577350
2023-10-04 23:30:24.164121

real	0m4.378s
user	0m0.010s
sys	0m0.007s
cat: write error: Broken pipe
2023-10-04 23:30:35.189399
2023-10-04 23:30:36.034888
2023-10-04 23:30:37.317345

real	0m2.962s
user	0m0.005s
sys	0m0.012s
cat: write error: Broken pipe
2023-10-04 23:30:48.349684
2023-10-04 23:30:48.678158
2023-10-04 23:30:48.985793

real	0m1.469s
user	0m0.010s
sys	0m0.008s
mkdir: cannot create directory ‘SCODE_D_2’: File exists
┌ Warning: Assignment to `WZ` in soft scope is ambiguous because a global variable by the same name exists: `WZ` will be treated as a new local. Disambiguate by using `local WZ` to suppress this warning or `global WZ` to assign to the existing global variable.
└ @ ~/stephenz/locaTE-paper/tools/SCODE/SCODE.jl:69
a
mkdir: cannot create directory ‘SCODE_D_4’: File exists
┌ Warning: Assignment to `WZ` in soft scope is ambiguous because a global variable by the same name exists: `WZ` will be treated as a new local. Disambiguate by using `local WZ` to suppress this warning or `global WZ` to assign to the existing global variable.
└ @ ~/stephenz/locaTE-paper/tools/SCODE/SCODE.jl:69
a
mkdir: cannot create directory ‘SCODE_D_6’: File exists
┌ Warning: Assignment to `WZ` in soft scope is ambiguous because a global variable by the same name exists: `WZ` will be treated as a new local. Disambiguate by using `local WZ` to suppress this warning or `global WZ` to assign to the existing global variable.
└ @ ~/stephenz/locaTE-paper/tools/SCODE/SCODE.jl:69
a
mkdir: cannot create directory ‘SCODE_D_8’: File exists
┌ Warning: Assignment to `WZ` in soft scope is ambiguous because a global variable by the same name exists: `WZ` will be treated as a new local. Disambiguate by using `local WZ` to suppress this warning or `global WZ` to assign to the existing global variable.
└ @ ~/stephenz/locaTE-paper/tools/SCODE/SCODE.jl:69
a
sh: line 1: matlab: command not found
sh: line 1: matlab: command not found
/data/gpfs/projects/punim0638/stephenz/envs/py39/lib/python3.9/site-packages/Scribe-0.0.0-py3.9.egg/Scribe/causal_network.py:18: UserWarning:  WARNING: No expression data argument given. if you intend to load the data from a file, call the method 'read_expression_file'.
  if expression==None: warnings.warn(" WARNING: No expression data argument given. if you intend to load the data from a file, call the method 'read_expression_file'.")
/data/gpfs/projects/punim0638/stephenz/envs/py39/lib/python3.9/site-packages/Scribe-0.0.0-py3.9.egg/Scribe/causal_network.py:298: FutureWarning: Could not cast to int64, falling back to object. This behavior is deprecated. In a future version, when a dtype is passed to 'DataFrame', either all columns will be cast to that dtype, or a TypeError will be raised.
  max_rdi_delay = pd.DataFrame({node_id: [np.nan for i in self.node_ids] for node_id in self.node_ids}, index=self.node_ids,
Tree method: RF
K: sqrt
Number of trees: 1000


running single threaded jobs
Gene 1/10...
Gene 2/10...
Gene 3/10...
Gene 4/10...
Gene 5/10...
Gene 6/10...
Gene 7/10...
Gene 8/10...
Gene 9/10...
Gene 10/10...
Elapsed time: 23.09 seconds
Create causal_model successfully
