  Activating project at `/data/gpfs/projects/punim0638/stephenz/locaTE-paper/data/simulated/Synthetic_1000/dyn-SW/dyn-SW-1000-4/pidc_env`
    Updating registry at `~/.julia/registries/General.toml`
   Resolving package versions...
  No Changes to `/data/gpfs/projects/punim0638/stephenz/locaTE-paper/data/simulated/Synthetic_1000/dyn-SW/dyn-SW-1000-4/pidc_env/Project.toml`
  No Changes to `/data/gpfs/projects/punim0638/stephenz/locaTE-paper/data/simulated/Synthetic_1000/dyn-SW/dyn-SW-1000-4/pidc_env/Manifest.toml`
Getting nodes...
Inferring network...
cat: write error: Broken pipe
2023-10-04 23:44:26.932308
2023-10-04 23:44:27.323854
2023-10-04 23:44:27.716951

real	0m1.750s
user	0m0.013s
sys	0m0.008s
cat: write error: Broken pipe
2023-10-04 23:44:38.925227
2023-10-04 23:44:39.299121
2023-10-04 23:44:39.661879

real	0m1.733s
user	0m0.012s
sys	0m0.007s
cat: write error: Broken pipe
2023-10-04 23:44:50.912999
2023-10-04 23:44:51.269949
2023-10-04 23:44:51.616850

real	0m1.741s
user	0m0.010s
sys	0m0.010s
cat: write error: Broken pipe
2023-10-04 23:45:02.860434
2023-10-04 23:45:03.221230
2023-10-04 23:45:03.583404

real	0m1.746s
user	0m0.009s
sys	0m0.009s
cat: write error: Broken pipe
2023-10-04 23:45:14.808626
2023-10-04 23:45:15.312810
2023-10-04 23:45:15.717728

real	0m1.919s
user	0m0.010s
sys	0m0.010s
cat: write error: Broken pipe
2023-10-04 23:45:26.892607
2023-10-04 23:45:27.682364
2023-10-04 23:45:28.399688

real	0m2.444s
user	0m0.007s
sys	0m0.012s
cat: write error: Broken pipe
2023-10-04 23:45:39.724569
2023-10-04 23:45:40.879473
2023-10-04 23:45:41.987962

real	0m3.406s
user	0m0.010s
sys	0m0.010s
cat: write error: Broken pipe
2023-10-04 23:45:53.103182
2023-10-04 23:45:53.314622
2023-10-04 23:45:53.491233

real	0m1.284s
user	0m0.008s
sys	0m0.011s
mkdir: cannot create directory ‘SCODE_D_2’: File exists
┌ Warning: Assignment to `WZ` in soft scope is ambiguous because a global variable by the same name exists: `WZ` will be treated as a new local. Disambiguate by using `local WZ` to suppress this warning or `global WZ` to assign to the existing global variable.
└ @ ~/stephenz/locaTE-paper/tools/SCODE/SCODE.jl:69
a
mkdir: cannot create directory ‘SCODE_D_4’: File exists
┌ Warning: Assignment to `WZ` in soft scope is ambiguous because a global variable by the same name exists: `WZ` will be treated as a new local. Disambiguate by using `local WZ` to suppress this warning or `global WZ` to assign to the existing global variable.
└ @ ~/stephenz/locaTE-paper/tools/SCODE/SCODE.jl:69
a
mkdir: cannot create directory ‘SCODE_D_6’: File exists
┌ Warning: Assignment to `WZ` in soft scope is ambiguous because a global variable by the same name exists: `WZ` will be treated as a new local. Disambiguate by using `local WZ` to suppress this warning or `global WZ` to assign to the existing global variable.
└ @ ~/stephenz/locaTE-paper/tools/SCODE/SCODE.jl:69
a
mkdir: cannot create directory ‘SCODE_D_8’: File exists
┌ Warning: Assignment to `WZ` in soft scope is ambiguous because a global variable by the same name exists: `WZ` will be treated as a new local. Disambiguate by using `local WZ` to suppress this warning or `global WZ` to assign to the existing global variable.
└ @ ~/stephenz/locaTE-paper/tools/SCODE/SCODE.jl:69
a
sh: line 1: matlab: command not found
sh: line 1: matlab: command not found
/data/gpfs/projects/punim0638/stephenz/envs/py39/lib/python3.9/site-packages/Scribe-0.0.0-py3.9.egg/Scribe/causal_network.py:18: UserWarning:  WARNING: No expression data argument given. if you intend to load the data from a file, call the method 'read_expression_file'.
  if expression==None: warnings.warn(" WARNING: No expression data argument given. if you intend to load the data from a file, call the method 'read_expression_file'.")
/data/gpfs/projects/punim0638/stephenz/envs/py39/lib/python3.9/site-packages/Scribe-0.0.0-py3.9.egg/Scribe/causal_network.py:298: FutureWarning: Could not cast to int64, falling back to object. This behavior is deprecated. In a future version, when a dtype is passed to 'DataFrame', either all columns will be cast to that dtype, or a TypeError will be raised.
  max_rdi_delay = pd.DataFrame({node_id: [np.nan for i in self.node_ids] for node_id in self.node_ids}, index=self.node_ids,
Tree method: RF
K: sqrt
Number of trees: 1000


running single threaded jobs
Gene 1/7...
Gene 2/7...
Gene 3/7...
Gene 4/7...
Gene 5/7...
Gene 6/7...
Gene 7/7...
Elapsed time: 13.12 seconds
Create causal_model successfully
