  Activating project at `/data/gpfs/projects/punim0638/stephenz/locaTE-paper/data/simulated/Synthetic_1000/dyn-CY/dyn-CY-1000-7/pidc_env`
    Updating registry at `~/.julia/registries/General.toml`
   Resolving package versions...
  No Changes to `/data/gpfs/projects/punim0638/stephenz/locaTE-paper/data/simulated/Synthetic_1000/dyn-CY/dyn-CY-1000-7/pidc_env/Project.toml`
  No Changes to `/data/gpfs/projects/punim0638/stephenz/locaTE-paper/data/simulated/Synthetic_1000/dyn-CY/dyn-CY-1000-7/pidc_env/Manifest.toml`
Getting nodes...
Inferring network...
cat: write error: Broken pipe
2023-10-04 23:37:27.831783
2023-10-04 23:37:28.092700
2023-10-04 23:37:28.319304

real	0m1.339s
user	0m0.011s
sys	0m0.008s
cat: write error: Broken pipe
2023-10-04 23:37:39.362429
2023-10-04 23:37:39.524537
2023-10-04 23:37:39.668918

real	0m1.151s
user	0m0.007s
sys	0m0.012s
cat: write error: Broken pipe
2023-10-04 23:37:50.771975
2023-10-04 23:37:50.905917
2023-10-04 23:37:51.014137

real	0m1.153s
user	0m0.008s
sys	0m0.010s
cat: write error: Broken pipe
2023-10-04 23:38:02.061963
2023-10-04 23:38:02.185509
2023-10-04 23:38:02.280921

real	0m1.086s
user	0m0.007s
sys	0m0.011s
2023-10-04 23:38:13.417168
2023-10-04 23:38:13.604492
2023-10-04 23:38:13.734732

real	0m1.244s
user	0m0.008s
sys	0m0.010s
2023-10-04 23:38:24.808800
2023-10-04 23:38:25.248014
2023-10-04 23:38:25.640995

real	0m1.699s
user	0m0.008s
sys	0m0.011s
cat: write error: Broken pipe
2023-10-04 23:38:36.790227
2023-10-04 23:38:38.095303
2023-10-04 23:38:39.378807

real	0m3.542s
user	0m0.011s
sys	0m0.008s
2023-10-04 23:38:50.433298
2023-10-04 23:38:50.536572
2023-10-04 23:38:50.633643

real	0m1.072s
user	0m0.007s
sys	0m0.012s
mkdir: cannot create directory ‘SCODE_D_2’: File exists
┌ Warning: Assignment to `WZ` in soft scope is ambiguous because a global variable by the same name exists: `WZ` will be treated as a new local. Disambiguate by using `local WZ` to suppress this warning or `global WZ` to assign to the existing global variable.
└ @ ~/stephenz/locaTE-paper/tools/SCODE/SCODE.jl:69
a
mkdir: cannot create directory ‘SCODE_D_4’: File exists
┌ Warning: Assignment to `WZ` in soft scope is ambiguous because a global variable by the same name exists: `WZ` will be treated as a new local. Disambiguate by using `local WZ` to suppress this warning or `global WZ` to assign to the existing global variable.
└ @ ~/stephenz/locaTE-paper/tools/SCODE/SCODE.jl:69
a
mkdir: cannot create directory ‘SCODE_D_6’: File exists
┌ Warning: Assignment to `WZ` in soft scope is ambiguous because a global variable by the same name exists: `WZ` will be treated as a new local. Disambiguate by using `local WZ` to suppress this warning or `global WZ` to assign to the existing global variable.
└ @ ~/stephenz/locaTE-paper/tools/SCODE/SCODE.jl:69
a
mkdir: cannot create directory ‘SCODE_D_8’: File exists
┌ Warning: Assignment to `WZ` in soft scope is ambiguous because a global variable by the same name exists: `WZ` will be treated as a new local. Disambiguate by using `local WZ` to suppress this warning or `global WZ` to assign to the existing global variable.
└ @ ~/stephenz/locaTE-paper/tools/SCODE/SCODE.jl:69
a
sh: line 1: matlab: command not found
sh: line 1: matlab: command not found
/data/gpfs/projects/punim0638/stephenz/envs/py39/lib/python3.9/site-packages/Scribe-0.0.0-py3.9.egg/Scribe/causal_network.py:18: UserWarning:  WARNING: No expression data argument given. if you intend to load the data from a file, call the method 'read_expression_file'.
  if expression==None: warnings.warn(" WARNING: No expression data argument given. if you intend to load the data from a file, call the method 'read_expression_file'.")
/data/gpfs/projects/punim0638/stephenz/envs/py39/lib/python3.9/site-packages/Scribe-0.0.0-py3.9.egg/Scribe/causal_network.py:298: FutureWarning: Could not cast to int64, falling back to object. This behavior is deprecated. In a future version, when a dtype is passed to 'DataFrame', either all columns will be cast to that dtype, or a TypeError will be raised.
  max_rdi_delay = pd.DataFrame({node_id: [np.nan for i in self.node_ids] for node_id in self.node_ids}, index=self.node_ids,
Tree method: RF
K: sqrt
Number of trees: 1000


running single threaded jobs
Gene 1/6...
Gene 2/6...
Gene 3/6...
Gene 4/6...
Gene 5/6...
Gene 6/6...
Elapsed time: 10.98 seconds
Create causal_model successfully
