  Activating project at `/data/gpfs/projects/punim0638/stephenz/locaTE-paper/data/simulated/Synthetic_1000/dyn-LL/dyn-LL-1000-1/pidc_env`
    Updating registry at `~/.julia/registries/General.toml`
   Resolving package versions...
  No Changes to `/data/gpfs/projects/punim0638/stephenz/locaTE-paper/data/simulated/Synthetic_1000/dyn-LL/dyn-LL-1000-1/pidc_env/Project.toml`
  No Changes to `/data/gpfs/projects/punim0638/stephenz/locaTE-paper/data/simulated/Synthetic_1000/dyn-LL/dyn-LL-1000-1/pidc_env/Manifest.toml`
Getting nodes...
Inferring network...
cat: write error: Broken pipe
2023-10-04 23:41:11.270346
2023-10-04 23:41:14.214690
2023-10-04 23:41:17.434570

real	0m7.123s
user	0m0.008s
sys	0m0.010s
cat: write error: Broken pipe
2023-10-04 23:41:28.631792
2023-10-04 23:41:31.378348
2023-10-04 23:41:34.350828

real	0m6.659s
user	0m0.010s
sys	0m0.008s
cat: write error: Broken pipe
2023-10-04 23:41:45.534545
2023-10-04 23:41:48.056217
2023-10-04 23:41:50.779317

real	0m6.184s
user	0m0.007s
sys	0m0.011s
cat: write error: Broken pipe
2023-10-04 23:42:01.987273
2023-10-04 23:42:04.642820
2023-10-04 23:42:07.365468

real	0m6.372s
user	0m0.008s
sys	0m0.010s
cat: write error: Broken pipe
2023-10-04 23:42:18.787464
2023-10-04 23:42:21.887209
2023-10-04 23:42:25.109227

real	0m7.462s
user	0m0.010s
sys	0m0.008s
cat: write error: Broken pipe
2023-10-04 23:42:36.389793
2023-10-04 23:42:41.784793
2023-10-04 23:42:47.095077

real	0m11.727s
user	0m0.009s
sys	0m0.009s
cat: write error: Broken pipe
2023-10-04 23:42:58.250543
2023-10-04 23:43:03.882897
2023-10-04 23:43:09.630746

real	0m12.299s
user	0m0.007s
sys	0m0.011s
cat: write error: Broken pipe
2023-10-04 23:43:20.829523
2023-10-04 23:43:22.068290
2023-10-04 23:43:23.383978

real	0m3.528s
user	0m0.009s
sys	0m0.009s
mkdir: cannot create directory ‘SCODE_D_2’: File exists
┌ Warning: Assignment to `WZ` in soft scope is ambiguous because a global variable by the same name exists: `WZ` will be treated as a new local. Disambiguate by using `local WZ` to suppress this warning or `global WZ` to assign to the existing global variable.
└ @ ~/stephenz/locaTE-paper/tools/SCODE/SCODE.jl:69
a
mkdir: cannot create directory ‘SCODE_D_4’: File exists
┌ Warning: Assignment to `WZ` in soft scope is ambiguous because a global variable by the same name exists: `WZ` will be treated as a new local. Disambiguate by using `local WZ` to suppress this warning or `global WZ` to assign to the existing global variable.
└ @ ~/stephenz/locaTE-paper/tools/SCODE/SCODE.jl:69
a
mkdir: cannot create directory ‘SCODE_D_6’: File exists
┌ Warning: Assignment to `WZ` in soft scope is ambiguous because a global variable by the same name exists: `WZ` will be treated as a new local. Disambiguate by using `local WZ` to suppress this warning or `global WZ` to assign to the existing global variable.
└ @ ~/stephenz/locaTE-paper/tools/SCODE/SCODE.jl:69
a
mkdir: cannot create directory ‘SCODE_D_8’: File exists
┌ Warning: Assignment to `WZ` in soft scope is ambiguous because a global variable by the same name exists: `WZ` will be treated as a new local. Disambiguate by using `local WZ` to suppress this warning or `global WZ` to assign to the existing global variable.
└ @ ~/stephenz/locaTE-paper/tools/SCODE/SCODE.jl:69
a
sh: line 1: matlab: command not found
sh: line 1: matlab: command not found
/data/gpfs/projects/punim0638/stephenz/envs/py39/lib/python3.9/site-packages/Scribe-0.0.0-py3.9.egg/Scribe/causal_network.py:18: UserWarning:  WARNING: No expression data argument given. if you intend to load the data from a file, call the method 'read_expression_file'.
  if expression==None: warnings.warn(" WARNING: No expression data argument given. if you intend to load the data from a file, call the method 'read_expression_file'.")
/data/gpfs/projects/punim0638/stephenz/envs/py39/lib/python3.9/site-packages/Scribe-0.0.0-py3.9.egg/Scribe/causal_network.py:298: FutureWarning: Could not cast to int64, falling back to object. This behavior is deprecated. In a future version, when a dtype is passed to 'DataFrame', either all columns will be cast to that dtype, or a TypeError will be raised.
  max_rdi_delay = pd.DataFrame({node_id: [np.nan for i in self.node_ids] for node_id in self.node_ids}, index=self.node_ids,
Tree method: RF
K: sqrt
Number of trees: 1000


running single threaded jobs
Gene 1/18...
Gene 2/18...
Gene 3/18...
Gene 4/18...
Gene 5/18...
Gene 6/18...
Gene 7/18...
Gene 8/18...
Gene 9/18...
Gene 10/18...
Gene 11/18...
Gene 12/18...
Gene 13/18...
Gene 14/18...
Gene 15/18...
Gene 16/18...
Gene 17/18...
Gene 18/18...
Elapsed time: 53.58 seconds
Create causal_model successfully
