  Activating project at `/data/gpfs/projects/punim0638/stephenz/locaTE-paper/data/simulated/Synthetic_1000/dyn-LL/dyn-LL-1000-7/pidc_env`
    Updating registry at `~/.julia/registries/General.toml`
   Resolving package versions...
  No Changes to `/data/gpfs/projects/punim0638/stephenz/locaTE-paper/data/simulated/Synthetic_1000/dyn-LL/dyn-LL-1000-7/pidc_env/Project.toml`
  No Changes to `/data/gpfs/projects/punim0638/stephenz/locaTE-paper/data/simulated/Synthetic_1000/dyn-LL/dyn-LL-1000-7/pidc_env/Manifest.toml`
Getting nodes...
Inferring network...
cat: write error: Broken pipe
2023-10-04 23:41:51.822706
2023-10-04 23:41:54.713141
2023-10-04 23:41:57.913513

real	0m6.885s
user	0m0.009s
sys	0m0.007s
cat: write error: Broken pipe
2023-10-04 23:42:08.921819
2023-10-04 23:42:11.521272
2023-10-04 23:42:14.400426

real	0m6.282s
user	0m0.008s
sys	0m0.009s
cat: write error: Broken pipe
2023-10-04 23:42:25.366199
2023-10-04 23:42:27.814754
2023-10-04 23:42:30.450506

real	0m5.857s
user	0m0.007s
sys	0m0.010s
cat: write error: Broken pipe
2023-10-04 23:42:41.441273
2023-10-04 23:42:43.976703
2023-10-04 23:42:46.668633

real	0m6.012s
user	0m0.009s
sys	0m0.008s
cat: write error: Broken pipe
2023-10-04 23:42:57.691285
2023-10-04 23:43:00.607492
2023-10-04 23:43:03.706011

real	0m6.835s
user	0m0.010s
sys	0m0.007s
cat: write error: Broken pipe
2023-10-04 23:43:14.792801
2023-10-04 23:43:19.621315
2023-10-04 23:43:24.591360

real	0m10.684s
user	0m0.008s
sys	0m0.008s
cat: write error: Broken pipe
2023-10-04 23:43:35.717360
2023-10-04 23:43:42.655634
2023-10-04 23:43:47.739198

real	0m12.962s
user	0m0.009s
sys	0m0.007s
cat: write error: Broken pipe
2023-10-04 23:43:58.705908
2023-10-04 23:43:59.815797
2023-10-04 23:44:01.001156

real	0m3.046s
user	0m0.007s
sys	0m0.009s
mkdir: cannot create directory ‘SCODE_D_2’: File exists
┌ Warning: Assignment to `WZ` in soft scope is ambiguous because a global variable by the same name exists: `WZ` will be treated as a new local. Disambiguate by using `local WZ` to suppress this warning or `global WZ` to assign to the existing global variable.
└ @ ~/stephenz/locaTE-paper/tools/SCODE/SCODE.jl:69
a
mkdir: cannot create directory ‘SCODE_D_4’: File exists
┌ Warning: Assignment to `WZ` in soft scope is ambiguous because a global variable by the same name exists: `WZ` will be treated as a new local. Disambiguate by using `local WZ` to suppress this warning or `global WZ` to assign to the existing global variable.
└ @ ~/stephenz/locaTE-paper/tools/SCODE/SCODE.jl:69
a
mkdir: cannot create directory ‘SCODE_D_6’: File exists
┌ Warning: Assignment to `WZ` in soft scope is ambiguous because a global variable by the same name exists: `WZ` will be treated as a new local. Disambiguate by using `local WZ` to suppress this warning or `global WZ` to assign to the existing global variable.
└ @ ~/stephenz/locaTE-paper/tools/SCODE/SCODE.jl:69
a
mkdir: cannot create directory ‘SCODE_D_8’: File exists
┌ Warning: Assignment to `WZ` in soft scope is ambiguous because a global variable by the same name exists: `WZ` will be treated as a new local. Disambiguate by using `local WZ` to suppress this warning or `global WZ` to assign to the existing global variable.
└ @ ~/stephenz/locaTE-paper/tools/SCODE/SCODE.jl:69
a
sh: line 1: matlab: command not found
sh: line 1: matlab: command not found
/data/gpfs/projects/punim0638/stephenz/envs/py39/lib/python3.9/site-packages/Scribe-0.0.0-py3.9.egg/Scribe/causal_network.py:18: UserWarning:  WARNING: No expression data argument given. if you intend to load the data from a file, call the method 'read_expression_file'.
  if expression==None: warnings.warn(" WARNING: No expression data argument given. if you intend to load the data from a file, call the method 'read_expression_file'.")
/data/gpfs/projects/punim0638/stephenz/envs/py39/lib/python3.9/site-packages/Scribe-0.0.0-py3.9.egg/Scribe/causal_network.py:298: FutureWarning: Could not cast to int64, falling back to object. This behavior is deprecated. In a future version, when a dtype is passed to 'DataFrame', either all columns will be cast to that dtype, or a TypeError will be raised.
  max_rdi_delay = pd.DataFrame({node_id: [np.nan for i in self.node_ids] for node_id in self.node_ids}, index=self.node_ids,
Tree method: RF
K: sqrt
Number of trees: 1000


running single threaded jobs
Gene 1/18...
Gene 2/18...
Gene 3/18...
Gene 4/18...
Gene 5/18...
Gene 6/18...
Gene 7/18...
Gene 8/18...
Gene 9/18...
Gene 10/18...
Gene 11/18...
Gene 12/18...
Gene 13/18...
Gene 14/18...
Gene 15/18...
Gene 16/18...
Gene 17/18...
Gene 18/18...
Elapsed time: 52.32 seconds
Create causal_model successfully
