  Activating project at `/data/gpfs/projects/punim0638/stephenz/locaTE-paper/data/simulated/Synthetic_1000/dyn-BFC/dyn-BFC-1000-2/pidc_env`
    Updating registry at `~/.julia/registries/General.toml`
   Resolving package versions...
  No Changes to `/data/gpfs/projects/punim0638/stephenz/locaTE-paper/data/simulated/Synthetic_1000/dyn-BFC/dyn-BFC-1000-2/pidc_env/Project.toml`
  No Changes to `/data/gpfs/projects/punim0638/stephenz/locaTE-paper/data/simulated/Synthetic_1000/dyn-BFC/dyn-BFC-1000-2/pidc_env/Manifest.toml`
Getting nodes...
Inferring network...
cat: write error: Broken pipe
2023-10-04 23:22:36.823352
2023-10-04 23:22:37.697971
2023-10-04 23:22:38.598336

real	0m2.825s
user	0m0.011s
sys	0m0.010s
cat: write error: Broken pipe
2023-10-04 23:22:50.041533
2023-10-04 23:22:50.813626
2023-10-04 23:22:51.593883

real	0m2.817s
user	0m0.006s
sys	0m0.013s
cat: write error: Broken pipe
2023-10-04 23:23:03.138176
2023-10-04 23:23:03.867238
2023-10-04 23:23:04.604715

real	0m2.624s
user	0m0.009s
sys	0m0.012s
cat: write error: Broken pipe
2023-10-04 23:23:16.096942
2023-10-04 23:23:16.860287
2023-10-04 23:23:17.617531

real	0m2.644s
user	0m0.008s
sys	0m0.011s
cat: write error: Broken pipe
2023-10-04 23:23:29.007404
2023-10-04 23:23:29.987100
2023-10-04 23:23:30.849371

real	0m3.000s
user	0m0.013s
sys	0m0.007s
cat: write error: Broken pipe
2023-10-04 23:23:42.332154
2023-10-04 23:23:44.382825
2023-10-04 23:23:46.082044

real	0m4.907s
user	0m0.009s
sys	0m0.011s
cat: write error: Broken pipe
2023-10-04 23:23:57.598513
2023-10-04 23:23:59.215514
2023-10-04 23:24:00.891930

real	0m4.558s
user	0m0.013s
sys	0m0.009s
cat: write error: Broken pipe
2023-10-04 23:24:12.303526
2023-10-04 23:24:12.640684
2023-10-04 23:24:12.979275

real	0m1.791s
user	0m0.009s
sys	0m0.013s
mkdir: cannot create directory ‘SCODE_D_2’: File exists
┌ Warning: Assignment to `WZ` in soft scope is ambiguous because a global variable by the same name exists: `WZ` will be treated as a new local. Disambiguate by using `local WZ` to suppress this warning or `global WZ` to assign to the existing global variable.
└ @ ~/stephenz/locaTE-paper/tools/SCODE/SCODE.jl:69
a
mkdir: cannot create directory ‘SCODE_D_4’: File exists
┌ Warning: Assignment to `WZ` in soft scope is ambiguous because a global variable by the same name exists: `WZ` will be treated as a new local. Disambiguate by using `local WZ` to suppress this warning or `global WZ` to assign to the existing global variable.
└ @ ~/stephenz/locaTE-paper/tools/SCODE/SCODE.jl:69
a
mkdir: cannot create directory ‘SCODE_D_6’: File exists
┌ Warning: Assignment to `WZ` in soft scope is ambiguous because a global variable by the same name exists: `WZ` will be treated as a new local. Disambiguate by using `local WZ` to suppress this warning or `global WZ` to assign to the existing global variable.
└ @ ~/stephenz/locaTE-paper/tools/SCODE/SCODE.jl:69
a
mkdir: cannot create directory ‘SCODE_D_8’: File exists
┌ Warning: Assignment to `WZ` in soft scope is ambiguous because a global variable by the same name exists: `WZ` will be treated as a new local. Disambiguate by using `local WZ` to suppress this warning or `global WZ` to assign to the existing global variable.
└ @ ~/stephenz/locaTE-paper/tools/SCODE/SCODE.jl:69
a
sh: line 1: matlab: command not found
sh: line 1: matlab: command not found
/data/gpfs/projects/punim0638/stephenz/envs/py39/lib/python3.9/site-packages/Scribe-0.0.0-py3.9.egg/Scribe/causal_network.py:18: UserWarning:  WARNING: No expression data argument given. if you intend to load the data from a file, call the method 'read_expression_file'.
  if expression==None: warnings.warn(" WARNING: No expression data argument given. if you intend to load the data from a file, call the method 'read_expression_file'.")
/data/gpfs/projects/punim0638/stephenz/envs/py39/lib/python3.9/site-packages/Scribe-0.0.0-py3.9.egg/Scribe/causal_network.py:298: FutureWarning: Could not cast to int64, falling back to object. This behavior is deprecated. In a future version, when a dtype is passed to 'DataFrame', either all columns will be cast to that dtype, or a TypeError will be raised.
  max_rdi_delay = pd.DataFrame({node_id: [np.nan for i in self.node_ids] for node_id in self.node_ids}, index=self.node_ids,
Tree method: RF
K: sqrt
Number of trees: 1000


running single threaded jobs
Gene 1/10...
Gene 2/10...
Gene 3/10...
Gene 4/10...
Gene 5/10...
Gene 6/10...
Gene 7/10...
Gene 8/10...
Gene 9/10...
Gene 10/10...
Elapsed time: 24.96 seconds
Create causal_model successfully
