  Activating project at `/data/gpfs/projects/punim0638/stephenz/locaTE-paper/data/simulated/Synthetic_1000/dyn-CY/dyn-CY-1000-2/pidc_env`
    Updating registry at `~/.julia/registries/General.toml`
   Resolving package versions...
  No Changes to `/data/gpfs/projects/punim0638/stephenz/locaTE-paper/data/simulated/Synthetic_1000/dyn-CY/dyn-CY-1000-2/pidc_env/Project.toml`
  No Changes to `/data/gpfs/projects/punim0638/stephenz/locaTE-paper/data/simulated/Synthetic_1000/dyn-CY/dyn-CY-1000-2/pidc_env/Manifest.toml`
Getting nodes...
Inferring network...
cat: write error: Broken pipe
2023-10-04 23:35:55.515181
2023-10-04 23:35:55.744292
2023-10-04 23:35:55.971983

real	0m1.236s
user	0m0.003s
sys	0m0.015s
cat: write error: Broken pipe
2023-10-04 23:36:06.936804
2023-10-04 23:36:07.099417
2023-10-04 23:36:07.244152

real	0m1.081s
user	0m0.008s
sys	0m0.009s
2023-10-04 23:36:18.185975
2023-10-04 23:36:18.313133
2023-10-04 23:36:18.418387

real	0m1.005s
user	0m0.010s
sys	0m0.006s
cat: write error: Broken pipe
2023-10-04 23:36:29.367532
2023-10-04 23:36:29.491804
2023-10-04 23:36:29.588376

real	0m0.990s
user	0m0.007s
sys	0m0.009s
cat: write error: Broken pipe
2023-10-04 23:36:40.534438
2023-10-04 23:36:40.693024
2023-10-04 23:36:40.826751

real	0m1.046s
user	0m0.010s
sys	0m0.007s
cat: write error: Broken pipe
2023-10-04 23:36:51.814941
2023-10-04 23:36:52.184060
2023-10-04 23:36:52.505848

real	0m1.505s
user	0m0.008s
sys	0m0.009s
2023-10-04 23:37:03.727654
2023-10-04 23:37:05.109694
2023-10-04 23:37:06.360593

real	0m3.683s
user	0m0.010s
sys	0m0.007s
2023-10-04 23:37:17.304505
2023-10-04 23:37:17.406951
2023-10-04 23:37:17.503888

real	0m0.959s
user	0m0.010s
sys	0m0.006s
mkdir: cannot create directory ‘SCODE_D_2’: File exists
┌ Warning: Assignment to `WZ` in soft scope is ambiguous because a global variable by the same name exists: `WZ` will be treated as a new local. Disambiguate by using `local WZ` to suppress this warning or `global WZ` to assign to the existing global variable.
└ @ ~/stephenz/locaTE-paper/tools/SCODE/SCODE.jl:69
a
mkdir: cannot create directory ‘SCODE_D_4’: File exists
┌ Warning: Assignment to `WZ` in soft scope is ambiguous because a global variable by the same name exists: `WZ` will be treated as a new local. Disambiguate by using `local WZ` to suppress this warning or `global WZ` to assign to the existing global variable.
└ @ ~/stephenz/locaTE-paper/tools/SCODE/SCODE.jl:69
a
mkdir: cannot create directory ‘SCODE_D_6’: File exists
┌ Warning: Assignment to `WZ` in soft scope is ambiguous because a global variable by the same name exists: `WZ` will be treated as a new local. Disambiguate by using `local WZ` to suppress this warning or `global WZ` to assign to the existing global variable.
└ @ ~/stephenz/locaTE-paper/tools/SCODE/SCODE.jl:69
a
mkdir: cannot create directory ‘SCODE_D_8’: File exists
┌ Warning: Assignment to `WZ` in soft scope is ambiguous because a global variable by the same name exists: `WZ` will be treated as a new local. Disambiguate by using `local WZ` to suppress this warning or `global WZ` to assign to the existing global variable.
└ @ ~/stephenz/locaTE-paper/tools/SCODE/SCODE.jl:69
a
sh: line 1: matlab: command not found
sh: line 1: matlab: command not found
/data/gpfs/projects/punim0638/stephenz/envs/py39/lib/python3.9/site-packages/Scribe-0.0.0-py3.9.egg/Scribe/causal_network.py:18: UserWarning:  WARNING: No expression data argument given. if you intend to load the data from a file, call the method 'read_expression_file'.
  if expression==None: warnings.warn(" WARNING: No expression data argument given. if you intend to load the data from a file, call the method 'read_expression_file'.")
/data/gpfs/projects/punim0638/stephenz/envs/py39/lib/python3.9/site-packages/Scribe-0.0.0-py3.9.egg/Scribe/causal_network.py:298: FutureWarning: Could not cast to int64, falling back to object. This behavior is deprecated. In a future version, when a dtype is passed to 'DataFrame', either all columns will be cast to that dtype, or a TypeError will be raised.
  max_rdi_delay = pd.DataFrame({node_id: [np.nan for i in self.node_ids] for node_id in self.node_ids}, index=self.node_ids,
Tree method: RF
K: sqrt
Number of trees: 1000


running single threaded jobs
Gene 1/6...
Gene 2/6...
Gene 3/6...
Gene 4/6...
Gene 5/6...
Gene 6/6...
Elapsed time: 10.87 seconds
Create causal_model successfully
