
CommandNotFoundError: Your shell has not been properly configured to use 'conda activate'.
To initialize your shell, run

    $ conda init <SHELL_NAME>

Currently supported shells are:
  - bash
  - fish
  - tcsh
  - xonsh
  - zsh
  - powershell

See 'conda init --help' for more information and options.

IMPORTANT: You may need to close and restart your shell after running 'conda init'.


2023-05-01 16:21:33.360328
2023-05-01 16:21:33.612328
2023-05-01 16:21:33.841520

real	0m1.560s
user	0m1.258s
sys	0m0.263s
2023-05-01 16:21:45.018521
2023-05-01 16:21:45.236315
2023-05-01 16:21:45.384856

real	0m1.258s
user	0m1.099s
sys	0m0.138s
2023-05-01 16:21:56.679235
2023-05-01 16:21:56.908540
2023-05-01 16:21:57.030731

real	0m1.350s
user	0m1.116s
sys	0m0.204s
2023-05-01 16:22:08.317014
2023-05-01 16:22:08.566175
2023-05-01 16:22:08.695178

real	0m1.379s
user	0m1.110s
sys	0m0.240s
2023-05-01 16:22:19.955614
2023-05-01 16:22:20.242922
2023-05-01 16:22:20.407817

real	0m1.427s
user	0m1.257s
sys	0m0.147s
2023-05-01 16:22:31.864963
2023-05-01 16:22:32.464442
2023-05-01 16:22:32.913706

real	0m2.226s
user	0m1.902s
sys	0m0.271s
2023-05-01 16:22:44.370377
2023-05-01 16:22:46.397372
2023-05-01 16:22:48.677063

real	0m5.476s
user	0m5.068s
sys	0m0.373s
2023-05-01 16:22:59.820130
2023-05-01 16:22:59.942639
2023-05-01 16:23:00.044932

real	0m1.081s
user	0m0.917s
sys	0m0.143s
mkdir: cannot create directory ‘SCODE_D_2’: File exists
┌ Warning: `CSV.read(input; kw...)` is deprecated in favor of `using DataFrames; CSV.read(input, DataFrame; kw...)
│   caller = ip:0x0
└ @ Core :-1
┌ Warning: Assignment to `WZ` in soft scope is ambiguous because a global variable by the same name exists: `WZ` will be treated as a new local. Disambiguate by using `local WZ` to suppress this warning or `global WZ` to assign to the existing global variable.
└ @ ~/stephenz/locaTE-paper/tools/SCODE/SCODE.jl:69
┌ Warning: `writeheader=false` is deprecated in favor of `header=false`
│   caller = ip:0x0
└ @ Core :-1
a
mkdir: cannot create directory ‘SCODE_D_4’: File exists
┌ Warning: `CSV.read(input; kw...)` is deprecated in favor of `using DataFrames; CSV.read(input, DataFrame; kw...)
│   caller = ip:0x0
└ @ Core :-1
┌ Warning: Assignment to `WZ` in soft scope is ambiguous because a global variable by the same name exists: `WZ` will be treated as a new local. Disambiguate by using `local WZ` to suppress this warning or `global WZ` to assign to the existing global variable.
└ @ ~/stephenz/locaTE-paper/tools/SCODE/SCODE.jl:69
┌ Warning: `writeheader=false` is deprecated in favor of `header=false`
│   caller = ip:0x0
└ @ Core :-1
a
mkdir: cannot create directory ‘SCODE_D_6’: File exists
┌ Warning: `CSV.read(input; kw...)` is deprecated in favor of `using DataFrames; CSV.read(input, DataFrame; kw...)
│   caller = ip:0x0
└ @ Core :-1
┌ Warning: Assignment to `WZ` in soft scope is ambiguous because a global variable by the same name exists: `WZ` will be treated as a new local. Disambiguate by using `local WZ` to suppress this warning or `global WZ` to assign to the existing global variable.
└ @ ~/stephenz/locaTE-paper/tools/SCODE/SCODE.jl:69
┌ Warning: `writeheader=false` is deprecated in favor of `header=false`
│   caller = ip:0x0
└ @ Core :-1
a
mkdir: cannot create directory ‘SCODE_D_8’: File exists
┌ Warning: `CSV.read(input; kw...)` is deprecated in favor of `using DataFrames; CSV.read(input, DataFrame; kw...)
│   caller = ip:0x0
└ @ Core :-1
┌ Warning: Assignment to `WZ` in soft scope is ambiguous because a global variable by the same name exists: `WZ` will be treated as a new local. Disambiguate by using `local WZ` to suppress this warning or `global WZ` to assign to the existing global variable.
└ @ ~/stephenz/locaTE-paper/tools/SCODE/SCODE.jl:69
┌ Warning: `writeheader=false` is deprecated in favor of `header=false`
│   caller = ip:0x0
└ @ Core :-1
a
/data/gpfs/projects/punim0638/stephenz/miniconda3/lib/python3.10/site-packages/Scribe-0.0.0-py3.10.egg/Scribe/causal_network.py:18: UserWarning:  WARNING: No expression data argument given. if you intend to load the data from a file, call the method 'read_expression_file'.
  if expression==None: warnings.warn(" WARNING: No expression data argument given. if you intend to load the data from a file, call the method 'read_expression_file'.")
/data/gpfs/projects/punim0638/stephenz/miniconda3/lib/python3.10/site-packages/Scribe-0.0.0-py3.10.egg/Scribe/causal_network.py:298: FutureWarning: Could not cast to int64, falling back to object. This behavior is deprecated. In a future version, when a dtype is passed to 'DataFrame', either all columns will be cast to that dtype, or a TypeError will be raised
  max_rdi_delay = pd.DataFrame({node_id: [np.nan for i in self.node_ids] for node_id in self.node_ids}, index=self.node_ids,
Create causal_model successfully
  Activating project at `/data/gpfs/projects/punim0638/stephenz/locaTE-paper/data/simulated/Synthetic_1000/dyn-CY/dyn-CY-1000-5/pidc_env`
    Updating registry at `~/.julia/registries/General.toml`
   Resolving package versions...
  No Changes to `/data/gpfs/projects/punim0638/stephenz/locaTE-paper/data/simulated/Synthetic_1000/dyn-CY/dyn-CY-1000-5/pidc_env/Project.toml`
  No Changes to `/data/gpfs/projects/punim0638/stephenz/locaTE-paper/data/simulated/Synthetic_1000/dyn-CY/dyn-CY-1000-5/pidc_env/Manifest.toml`
Getting nodes...
Inferring network...
