
CommandNotFoundError: Your shell has not been properly configured to use 'conda activate'.
To initialize your shell, run

    $ conda init <SHELL_NAME>

Currently supported shells are:
  - bash
  - fish
  - tcsh
  - xonsh
  - zsh
  - powershell

See 'conda init --help' for more information and options.

IMPORTANT: You may need to close and restart your shell after running 'conda init'.


cat: write error: Broken pipe
2023-05-01 16:21:33.720964
2023-05-01 16:21:36.797008
2023-05-01 16:21:40.055784

real	0m7.323s
user	0m7.084s
sys	0m0.181s
cat: write error: Broken pipe
2023-05-01 16:21:51.274692
2023-05-01 16:21:54.053020
2023-05-01 16:21:56.890257

real	0m6.534s
user	0m6.326s
sys	0m0.165s
cat: write error: Broken pipe
2023-05-01 16:22:08.091428
2023-05-01 16:22:10.749258
2023-05-01 16:22:13.419826

real	0m6.235s
user	0m6.023s
sys	0m0.170s
cat: write error: Broken pipe
2023-05-01 16:22:24.680250
2023-05-01 16:22:27.353777
2023-05-01 16:22:30.051084

real	0m6.328s
user	0m6.096s
sys	0m0.191s
cat: write error: Broken pipe
2023-05-01 16:22:41.349179
2023-05-01 16:22:44.551251
2023-05-01 16:22:47.889596

real	0m7.538s
user	0m7.294s
sys	0m0.196s
cat: write error: Broken pipe
2023-05-01 16:22:59.249912
2023-05-01 16:23:05.329155
2023-05-01 16:23:12.564617

real	0m14.381s
user	0m13.888s
sys	0m0.401s
cat: write error: Broken pipe
2023-05-01 16:23:23.958498
2023-05-01 16:23:39.014679
2023-05-01 16:23:50.117399

real	0m27.258s
user	0m25.590s
sys	0m1.501s
cat: write error: Broken pipe
2023-05-01 16:24:01.326627
2023-05-01 16:24:02.509139
2023-05-01 16:24:03.658357

real	0m3.232s
user	0m3.026s
sys	0m0.158s
mkdir: cannot create directory ‘SCODE_D_2’: File exists
┌ Warning: `CSV.read(input; kw...)` is deprecated in favor of `using DataFrames; CSV.read(input, DataFrame; kw...)
│   caller = ip:0x0
└ @ Core :-1
┌ Warning: Assignment to `WZ` in soft scope is ambiguous because a global variable by the same name exists: `WZ` will be treated as a new local. Disambiguate by using `local WZ` to suppress this warning or `global WZ` to assign to the existing global variable.
└ @ ~/stephenz/locaTE-paper/tools/SCODE/SCODE.jl:69
┌ Warning: `writeheader=false` is deprecated in favor of `header=false`
│   caller = ip:0x0
└ @ Core :-1
a
mkdir: cannot create directory ‘SCODE_D_4’: File exists
┌ Warning: `CSV.read(input; kw...)` is deprecated in favor of `using DataFrames; CSV.read(input, DataFrame; kw...)
│   caller = ip:0x0
└ @ Core :-1
┌ Warning: Assignment to `WZ` in soft scope is ambiguous because a global variable by the same name exists: `WZ` will be treated as a new local. Disambiguate by using `local WZ` to suppress this warning or `global WZ` to assign to the existing global variable.
└ @ ~/stephenz/locaTE-paper/tools/SCODE/SCODE.jl:69
┌ Warning: `writeheader=false` is deprecated in favor of `header=false`
│   caller = ip:0x0
└ @ Core :-1
a
mkdir: cannot create directory ‘SCODE_D_6’: File exists
┌ Warning: `CSV.read(input; kw...)` is deprecated in favor of `using DataFrames; CSV.read(input, DataFrame; kw...)
│   caller = ip:0x0
└ @ Core :-1
┌ Warning: Assignment to `WZ` in soft scope is ambiguous because a global variable by the same name exists: `WZ` will be treated as a new local. Disambiguate by using `local WZ` to suppress this warning or `global WZ` to assign to the existing global variable.
└ @ ~/stephenz/locaTE-paper/tools/SCODE/SCODE.jl:69
┌ Warning: `writeheader=false` is deprecated in favor of `header=false`
│   caller = ip:0x0
└ @ Core :-1
a
mkdir: cannot create directory ‘SCODE_D_8’: File exists
┌ Warning: `CSV.read(input; kw...)` is deprecated in favor of `using DataFrames; CSV.read(input, DataFrame; kw...)
│   caller = ip:0x0
└ @ Core :-1
┌ Warning: Assignment to `WZ` in soft scope is ambiguous because a global variable by the same name exists: `WZ` will be treated as a new local. Disambiguate by using `local WZ` to suppress this warning or `global WZ` to assign to the existing global variable.
└ @ ~/stephenz/locaTE-paper/tools/SCODE/SCODE.jl:69
┌ Warning: `writeheader=false` is deprecated in favor of `header=false`
│   caller = ip:0x0
└ @ Core :-1
a
/data/gpfs/projects/punim0638/stephenz/miniconda3/lib/python3.10/site-packages/Scribe-0.0.0-py3.10.egg/Scribe/causal_network.py:18: UserWarning:  WARNING: No expression data argument given. if you intend to load the data from a file, call the method 'read_expression_file'.
  if expression==None: warnings.warn(" WARNING: No expression data argument given. if you intend to load the data from a file, call the method 'read_expression_file'.")
/data/gpfs/projects/punim0638/stephenz/miniconda3/lib/python3.10/site-packages/Scribe-0.0.0-py3.10.egg/Scribe/causal_network.py:298: FutureWarning: Could not cast to int64, falling back to object. This behavior is deprecated. In a future version, when a dtype is passed to 'DataFrame', either all columns will be cast to that dtype, or a TypeError will be raised
  max_rdi_delay = pd.DataFrame({node_id: [np.nan for i in self.node_ids] for node_id in self.node_ids}, index=self.node_ids,
Create causal_model successfully
  Activating project at `/data/gpfs/projects/punim0638/stephenz/locaTE-paper/data/simulated/Synthetic_1000/dyn-LL/dyn-LL-1000-7/pidc_env`
    Updating registry at `~/.julia/registries/General.toml`
   Resolving package versions...
  No Changes to `/data/gpfs/projects/punim0638/stephenz/locaTE-paper/data/simulated/Synthetic_1000/dyn-LL/dyn-LL-1000-7/pidc_env/Project.toml`
  No Changes to `/data/gpfs/projects/punim0638/stephenz/locaTE-paper/data/simulated/Synthetic_1000/dyn-LL/dyn-LL-1000-7/pidc_env/Manifest.toml`
Getting nodes...
Inferring network...
