
CommandNotFoundError: Your shell has not been properly configured to use 'conda activate'.
To initialize your shell, run

    $ conda init <SHELL_NAME>

Currently supported shells are:
  - bash
  - fish
  - tcsh
  - xonsh
  - zsh
  - powershell

See 'conda init --help' for more information and options.

IMPORTANT: You may need to close and restart your shell after running 'conda init'.


cat: write error: Broken pipe
2023-05-01 16:22:01.164303
2023-05-01 16:22:01.627975
2023-05-01 16:22:01.989442

real	0m5.091s
user	0m1.586s
sys	0m0.378s
cat: write error: Broken pipe
2023-05-01 16:22:13.269440
2023-05-01 16:22:13.626157
2023-05-01 16:22:13.958663

real	0m1.679s
user	0m1.424s
sys	0m0.234s
cat: write error: Broken pipe
2023-05-01 16:22:25.139652
2023-05-01 16:22:25.557599
2023-05-01 16:22:25.864842

real	0m1.633s
user	0m1.477s
sys	0m0.135s
cat: write error: Broken pipe
2023-05-01 16:22:37.066747
2023-05-01 16:22:37.520027
2023-05-01 16:22:37.857962

real	0m1.719s
user	0m1.557s
sys	0m0.140s
cat: write error: Broken pipe
2023-05-01 16:22:49.123043
2023-05-01 16:22:49.618776
2023-05-01 16:22:49.957682

real	0m1.821s
user	0m1.659s
sys	0m0.141s
cat: write error: Broken pipe
2023-05-01 16:23:01.263802
2023-05-01 16:23:02.172182
2023-05-01 16:23:02.991330

real	0m2.831s
user	0m2.591s
sys	0m0.210s
cat: write error: Broken pipe
2023-05-01 16:23:14.507627
2023-05-01 16:23:16.424569
2023-05-01 16:23:18.467936

real	0m5.131s
user	0m4.726s
sys	0m0.347s
cat: write error: Broken pipe
2023-05-01 16:23:29.676615
2023-05-01 16:23:29.896739
2023-05-01 16:23:30.027280

real	0m1.284s
user	0m1.129s
sys	0m0.135s
┌ Warning: `CSV.read(input; kw...)` is deprecated in favor of `using DataFrames; CSV.read(input, DataFrame; kw...)
│   caller = ip:0x0
└ @ Core :-1
┌ Warning: Assignment to `WZ` in soft scope is ambiguous because a global variable by the same name exists: `WZ` will be treated as a new local. Disambiguate by using `local WZ` to suppress this warning or `global WZ` to assign to the existing global variable.
└ @ ~/stephenz/locaTE-paper/tools/SCODE/SCODE.jl:69
┌ Warning: `writeheader=false` is deprecated in favor of `header=false`
│   caller = ip:0x0
└ @ Core :-1
a
┌ Warning: `CSV.read(input; kw...)` is deprecated in favor of `using DataFrames; CSV.read(input, DataFrame; kw...)
│   caller = ip:0x0
└ @ Core :-1
┌ Warning: Assignment to `WZ` in soft scope is ambiguous because a global variable by the same name exists: `WZ` will be treated as a new local. Disambiguate by using `local WZ` to suppress this warning or `global WZ` to assign to the existing global variable.
└ @ ~/stephenz/locaTE-paper/tools/SCODE/SCODE.jl:69
┌ Warning: `writeheader=false` is deprecated in favor of `header=false`
│   caller = ip:0x0
└ @ Core :-1
a
┌ Warning: `CSV.read(input; kw...)` is deprecated in favor of `using DataFrames; CSV.read(input, DataFrame; kw...)
│   caller = ip:0x0
└ @ Core :-1
┌ Warning: Assignment to `WZ` in soft scope is ambiguous because a global variable by the same name exists: `WZ` will be treated as a new local. Disambiguate by using `local WZ` to suppress this warning or `global WZ` to assign to the existing global variable.
└ @ ~/stephenz/locaTE-paper/tools/SCODE/SCODE.jl:69
┌ Warning: `writeheader=false` is deprecated in favor of `header=false`
│   caller = ip:0x0
└ @ Core :-1
a
┌ Warning: `CSV.read(input; kw...)` is deprecated in favor of `using DataFrames; CSV.read(input, DataFrame; kw...)
│   caller = ip:0x0
└ @ Core :-1
┌ Warning: Assignment to `WZ` in soft scope is ambiguous because a global variable by the same name exists: `WZ` will be treated as a new local. Disambiguate by using `local WZ` to suppress this warning or `global WZ` to assign to the existing global variable.
└ @ ~/stephenz/locaTE-paper/tools/SCODE/SCODE.jl:69
┌ Warning: `writeheader=false` is deprecated in favor of `header=false`
│   caller = ip:0x0
└ @ Core :-1
a
/data/gpfs/projects/punim0638/stephenz/miniconda3/lib/python3.10/site-packages/Scribe-0.0.0-py3.10.egg/Scribe/causal_network.py:18: UserWarning:  WARNING: No expression data argument given. if you intend to load the data from a file, call the method 'read_expression_file'.
  if expression==None: warnings.warn(" WARNING: No expression data argument given. if you intend to load the data from a file, call the method 'read_expression_file'.")
/data/gpfs/projects/punim0638/stephenz/miniconda3/lib/python3.10/site-packages/Scribe-0.0.0-py3.10.egg/Scribe/causal_network.py:298: FutureWarning: Could not cast to int64, falling back to object. This behavior is deprecated. In a future version, when a dtype is passed to 'DataFrame', either all columns will be cast to that dtype, or a TypeError will be raised
  max_rdi_delay = pd.DataFrame({node_id: [np.nan for i in self.node_ids] for node_id in self.node_ids}, index=self.node_ids,
Create causal_model successfully
  Activating new project at `/data/gpfs/projects/punim0638/stephenz/locaTE-paper/data/simulated/Synthetic_1000/dyn-SW/dyn-SW-1000-7/pidc_env`
┌ Warning: could not download https://pkg.julialang.org/registries
│   exception = HTTP/2 502 while requesting https://pkg.julialang.org/registries
└ @ Pkg.Registry /cache/build/default-aws-shared0-3/julialang/julia-release-1-dot-8/usr/share/julia/stdlib/v1.8/Pkg/src/Registry/Registry.jl:68
    Updating registry at `~/.julia/registries/General.toml`
   Resolving package versions...
    Updating `/data/gpfs/projects/punim0638/stephenz/locaTE-paper/data/simulated/Synthetic_1000/dyn-SW/dyn-SW-1000-7/pidc_env/Project.toml`
  [336ed68f] + CSV v0.10.9
  [a93c6f00] + DataFrames v1.5.0
  [872c559c] + NNlib v0.8.20
  [15e1cf62] + NPZ v0.4.3
  [6b44d3db] + NetworkInference v0.1.0
  [2913bbd2] + StatsBase v0.33.21
  [37e2e46d] + LinearAlgebra
    Updating `/data/gpfs/projects/punim0638/stephenz/locaTE-paper/data/simulated/Synthetic_1000/dyn-SW/dyn-SW-1000-7/pidc_env/Manifest.toml`
  [79e6a3ab] + Adapt v3.6.1
  [a9b6321e] + Atomix v0.1.0
  [fa961155] + CEnum v0.4.2
  [336ed68f] + CSV v0.10.9
  [d360d2e6] + ChainRulesCore v1.15.7
  [9e997f8a] + ChangesOfVariables v0.1.7
  [944b1d66] + CodecZlib v0.7.1
  [34da2185] + Compat v4.6.1
  [a8cc5b0e] + Crayons v4.1.1
  [9a962f9c] + DataAPI v1.14.0
  [a93c6f00] + DataFrames v1.5.0
⌅ [864edb3b] + DataStructures v0.17.20
  [e2d170a0] + DataValueInterfaces v1.0.0
⌃ [6e83dbb3] + Discretizers v3.2.0
⌅ [31c24e10] + Distributions v0.23.11
  [ffbed154] + DocStringExtensions v0.9.3
  [5789e2e9] + FileIO v1.16.0
  [48062228] + FilePathsBase v0.9.20
⌅ [1a297f60] + FillArrays v0.9.7
  [59287772] + Formatting v0.4.2
  [46192b85] + GPUArraysCore v0.1.4
  [96684042] + InformationMeasures v0.3.1
  [842dd82b] + InlineStrings v1.4.0
  [3587e190] + InverseFunctions v0.1.9
  [41ab1584] + InvertedIndices v1.3.0
  [92d709cd] + IrrationalConstants v0.2.2
  [82899510] + IteratorInterfaceExtensions v1.0.0
  [692b3bcd] + JLLWrappers v1.4.1
  [63c18a36] + KernelAbstractions v0.9.3
  [929cbde3] + LLVM v5.0.0
  [b964fa9f] + LaTeXStrings v1.3.0
  [2ab3a3ac] + LogExpFunctions v0.3.23
  [1914dd2f] + MacroTools v0.5.10
  [e1d29d7a] + Missings v1.1.0
  [872c559c] + NNlib v0.8.20
  [15e1cf62] + NPZ v0.4.3
  [6b44d3db] + NetworkInference v0.1.0
  [bac558e1] + OrderedCollections v1.6.0
⌅ [90014a1f] + PDMats v0.10.1
  [69de0a69] + Parsers v2.5.8
  [2dfb63ee] + PooledArrays v1.4.2
  [aea7be01] + PrecompileTools v1.0.2
  [21216c6a] + Preferences v1.3.0
  [08abe8d2] + PrettyTables v2.2.3
  [1fd47b50] + QuadGK v2.8.2
  [189a3867] + Reexport v1.2.2
  [ae029012] + Requires v1.3.0
  [79098fc4] + Rmath v0.7.1
  [91c51154] + SentinelArrays v1.3.18
  [66db9d55] + SnoopPrecompile v1.0.3
  [a2af1166] + SortingAlgorithms v1.1.0
⌅ [276daf66] + SpecialFunctions v0.10.3
  [90137ffa] + StaticArrays v1.5.24
  [1e83bf80] + StaticArraysCore v1.4.0
  [82ae8749] + StatsAPI v1.6.0
  [2913bbd2] + StatsBase v0.33.21
⌅ [4c63d2b9] + StatsFuns v0.9.7
  [892a3eda] + StringManipulation v0.3.0
  [3783bdb8] + TableTraits v1.0.1
  [bd369af6] + Tables v1.10.1
  [3bb67fe8] + TranscodingStreams v0.9.12
  [013be700] + UnsafeAtomics v0.2.1
  [d80eeb9a] + UnsafeAtomicsLLVM v0.1.2
  [ea10d353] + WeakRefStrings v1.4.2
  [76eceee3] + WorkerUtilities v1.6.1
  [a5390f91] + ZipFile v0.10.1
  [dad2f222] + LLVMExtra_jll v0.0.21+0
  [efe28fd5] + OpenSpecFun_jll v0.5.5+0
  [f50d1b31] + Rmath_jll v0.4.0+0
  [0dad84c5] + ArgTools v1.1.1
  [56f22d72] + Artifacts
  [2a0f44e3] + Base64
  [ade2ca70] + Dates
  [8bb1440f] + DelimitedFiles
  [8ba89e20] + Distributed
  [f43a241f] + Downloads v1.6.0
  [7b1f6079] + FileWatching
  [9fa8497b] + Future
  [b77e0a4c] + InteractiveUtils
  [4af54fe1] + LazyArtifacts
  [b27032c2] + LibCURL v0.6.3
  [76f85450] + LibGit2
  [8f399da3] + Libdl
  [37e2e46d] + LinearAlgebra
  [56ddb016] + Logging
  [d6f4376e] + Markdown
  [a63ad114] + Mmap
  [ca575930] + NetworkOptions v1.2.0
  [44cfe95a] + Pkg v1.8.0
  [de0858da] + Printf
  [3fa0cd96] + REPL
  [9a3f8284] + Random
  [ea8e919c] + SHA v0.7.0
  [9e88b42a] + Serialization
  [1a1011a3] + SharedArrays
  [6462fe0b] + Sockets
  [2f01184e] + SparseArrays
  [10745b16] + Statistics
  [4607b0f0] + SuiteSparse
  [fa267f1f] + TOML v1.0.0
  [a4e569a6] + Tar v1.10.1
  [8dfed614] + Test
  [cf7118a7] + UUIDs
  [4ec0a83e] + Unicode
  [e66e0078] + CompilerSupportLibraries_jll v1.0.1+0
  [deac9b47] + LibCURL_jll v7.84.0+0
  [29816b5a] + LibSSH2_jll v1.10.2+0
  [c8ffd9c3] + MbedTLS_jll v2.28.0+0
  [14a3606d] + MozillaCACerts_jll v2022.2.1
  [4536629a] + OpenBLAS_jll v0.3.20+0
  [83775a58] + Zlib_jll v1.2.12+3
  [8e850b90] + libblastrampoline_jll v5.1.1+0
  [8e850ede] + nghttp2_jll v1.48.0+0
  [3f19e933] + p7zip_jll v17.4.0+0
        Info Packages marked with ⌃ and ⌅ have new versions available, but those with ⌅ are restricted by compatibility constraints from upgrading. To see why use `status --outdated -m`
Getting nodes...
Inferring network...
