  Activating project at `/data/gpfs/projects/punim0638/stephenz/locaTE-paper/data/simulated/Synthetic_1000/dyn-CY/dyn-CY-1000-6/pidc_env`
    Updating registry at `~/.julia/registries/General.toml`
   Resolving package versions...
  No Changes to `/data/gpfs/projects/punim0638/stephenz/locaTE-paper/data/simulated/Synthetic_1000/dyn-CY/dyn-CY-1000-6/pidc_env/Project.toml`
  No Changes to `/data/gpfs/projects/punim0638/stephenz/locaTE-paper/data/simulated/Synthetic_1000/dyn-CY/dyn-CY-1000-6/pidc_env/Manifest.toml`
Getting nodes...
Inferring network...
cat: write error: Broken pipe
2023-10-04 23:37:24.140710
2023-10-04 23:37:24.383666
2023-10-04 23:37:24.619692

real	0m1.323s
user	0m0.007s
sys	0m0.012s
2023-10-04 23:37:35.625922
2023-10-04 23:37:35.796869
2023-10-04 23:37:35.951761

real	0m1.138s
user	0m0.007s
sys	0m0.011s
2023-10-04 23:37:46.979061
2023-10-04 23:37:47.104293
2023-10-04 23:37:47.222401

real	0m1.075s
user	0m0.010s
sys	0m0.009s
2023-10-04 23:37:58.227040
2023-10-04 23:37:58.347990
2023-10-04 23:37:58.458643

real	0m1.031s
user	0m0.012s
sys	0m0.007s
2023-10-04 23:38:09.471201
2023-10-04 23:38:09.655307
2023-10-04 23:38:09.810857

real	0m1.159s
user	0m0.007s
sys	0m0.011s
cat: write error: Broken pipe
2023-10-04 23:38:20.940262
2023-10-04 23:38:21.550188
2023-10-04 23:38:22.003826

real	0m2.001s
user	0m0.009s
sys	0m0.009s
cat: write error: Broken pipe
2023-10-04 23:38:33.352068
2023-10-04 23:38:34.564704
2023-10-04 23:38:35.404993

real	0m3.206s
user	0m0.007s
sys	0m0.011s
cat: write error: Broken pipe
2023-10-04 23:38:46.436677
2023-10-04 23:38:46.543059
2023-10-04 23:38:46.642963

real	0m1.043s
user	0m0.008s
sys	0m0.010s
mkdir: cannot create directory ‘SCODE_D_2’: File exists
┌ Warning: Assignment to `WZ` in soft scope is ambiguous because a global variable by the same name exists: `WZ` will be treated as a new local. Disambiguate by using `local WZ` to suppress this warning or `global WZ` to assign to the existing global variable.
└ @ ~/stephenz/locaTE-paper/tools/SCODE/SCODE.jl:69
a
mkdir: cannot create directory ‘SCODE_D_4’: File exists
┌ Warning: Assignment to `WZ` in soft scope is ambiguous because a global variable by the same name exists: `WZ` will be treated as a new local. Disambiguate by using `local WZ` to suppress this warning or `global WZ` to assign to the existing global variable.
└ @ ~/stephenz/locaTE-paper/tools/SCODE/SCODE.jl:69
a
mkdir: cannot create directory ‘SCODE_D_6’: File exists
┌ Warning: Assignment to `WZ` in soft scope is ambiguous because a global variable by the same name exists: `WZ` will be treated as a new local. Disambiguate by using `local WZ` to suppress this warning or `global WZ` to assign to the existing global variable.
└ @ ~/stephenz/locaTE-paper/tools/SCODE/SCODE.jl:69
a
mkdir: cannot create directory ‘SCODE_D_8’: File exists
┌ Warning: Assignment to `WZ` in soft scope is ambiguous because a global variable by the same name exists: `WZ` will be treated as a new local. Disambiguate by using `local WZ` to suppress this warning or `global WZ` to assign to the existing global variable.
└ @ ~/stephenz/locaTE-paper/tools/SCODE/SCODE.jl:69
a
sh: line 1: matlab: command not found
sh: line 1: matlab: command not found
/data/gpfs/projects/punim0638/stephenz/envs/py39/lib/python3.9/site-packages/Scribe-0.0.0-py3.9.egg/Scribe/causal_network.py:18: UserWarning:  WARNING: No expression data argument given. if you intend to load the data from a file, call the method 'read_expression_file'.
  if expression==None: warnings.warn(" WARNING: No expression data argument given. if you intend to load the data from a file, call the method 'read_expression_file'.")
/data/gpfs/projects/punim0638/stephenz/envs/py39/lib/python3.9/site-packages/Scribe-0.0.0-py3.9.egg/Scribe/causal_network.py:298: FutureWarning: Could not cast to int64, falling back to object. This behavior is deprecated. In a future version, when a dtype is passed to 'DataFrame', either all columns will be cast to that dtype, or a TypeError will be raised.
  max_rdi_delay = pd.DataFrame({node_id: [np.nan for i in self.node_ids] for node_id in self.node_ids}, index=self.node_ids,
Tree method: RF
K: sqrt
Number of trees: 1000


running single threaded jobs
Gene 1/6...
Gene 2/6...
Gene 3/6...
Gene 4/6...
Gene 5/6...
Gene 6/6...
Elapsed time: 11.04 seconds
Create causal_model successfully
