  Activating project at `/data/gpfs/projects/punim0638/stephenz/locaTE-paper/data/simulated/Synthetic_1000/dyn-SW/dyn-SW-1000-9/pidc_env`
    Updating registry at `~/.julia/registries/General.toml`
   Resolving package versions...
  No Changes to `/data/gpfs/projects/punim0638/stephenz/locaTE-paper/data/simulated/Synthetic_1000/dyn-SW/dyn-SW-1000-9/pidc_env/Project.toml`
  No Changes to `/data/gpfs/projects/punim0638/stephenz/locaTE-paper/data/simulated/Synthetic_1000/dyn-SW/dyn-SW-1000-9/pidc_env/Manifest.toml`
Getting nodes...
Inferring network...
cat: write error: Broken pipe
2023-10-04 23:46:42.189358
2023-10-04 23:46:42.576500
2023-10-04 23:46:42.945818

real	0m1.680s
user	0m0.013s
sys	0m0.006s
cat: write error: Broken pipe
2023-10-04 23:46:54.132702
2023-10-04 23:46:54.470963
2023-10-04 23:46:54.788893

real	0m1.607s
user	0m0.011s
sys	0m0.007s
cat: write error: Broken pipe
2023-10-04 23:47:05.983802
2023-10-04 23:47:06.304210
2023-10-04 23:47:06.592309

real	0m1.573s
user	0m0.010s
sys	0m0.009s
cat: write error: Broken pipe
2023-10-04 23:47:17.776840
2023-10-04 23:47:18.082452
2023-10-04 23:47:18.358860

real	0m1.552s
user	0m0.010s
sys	0m0.009s
cat: write error: Broken pipe
2023-10-04 23:47:29.572540
2023-10-04 23:47:29.948466
2023-10-04 23:47:30.303656

real	0m1.740s
user	0m0.011s
sys	0m0.007s
cat: write error: Broken pipe
2023-10-04 23:47:41.522049
2023-10-04 23:47:42.177244
2023-10-04 23:47:42.792650

real	0m2.228s
user	0m0.011s
sys	0m0.006s
cat: write error: Broken pipe
2023-10-04 23:47:54.184991
2023-10-04 23:47:55.987099
2023-10-04 23:47:57.429320

real	0m4.402s
user	0m0.010s
sys	0m0.009s
cat: write error: Broken pipe
2023-10-04 23:48:08.511534
2023-10-04 23:48:08.695633
2023-10-04 23:48:08.848447

real	0m1.213s
user	0m0.009s
sys	0m0.009s
mkdir: cannot create directory ‘SCODE_D_2’: File exists
┌ Warning: Assignment to `WZ` in soft scope is ambiguous because a global variable by the same name exists: `WZ` will be treated as a new local. Disambiguate by using `local WZ` to suppress this warning or `global WZ` to assign to the existing global variable.
└ @ ~/stephenz/locaTE-paper/tools/SCODE/SCODE.jl:69
a
mkdir: cannot create directory ‘SCODE_D_4’: File exists
┌ Warning: Assignment to `WZ` in soft scope is ambiguous because a global variable by the same name exists: `WZ` will be treated as a new local. Disambiguate by using `local WZ` to suppress this warning or `global WZ` to assign to the existing global variable.
└ @ ~/stephenz/locaTE-paper/tools/SCODE/SCODE.jl:69
a
mkdir: cannot create directory ‘SCODE_D_6’: File exists
┌ Warning: Assignment to `WZ` in soft scope is ambiguous because a global variable by the same name exists: `WZ` will be treated as a new local. Disambiguate by using `local WZ` to suppress this warning or `global WZ` to assign to the existing global variable.
└ @ ~/stephenz/locaTE-paper/tools/SCODE/SCODE.jl:69
a
mkdir: cannot create directory ‘SCODE_D_8’: File exists
┌ Warning: Assignment to `WZ` in soft scope is ambiguous because a global variable by the same name exists: `WZ` will be treated as a new local. Disambiguate by using `local WZ` to suppress this warning or `global WZ` to assign to the existing global variable.
└ @ ~/stephenz/locaTE-paper/tools/SCODE/SCODE.jl:69
a
sh: line 1: matlab: command not found
sh: line 1: matlab: command not found
/data/gpfs/projects/punim0638/stephenz/envs/py39/lib/python3.9/site-packages/Scribe-0.0.0-py3.9.egg/Scribe/causal_network.py:18: UserWarning:  WARNING: No expression data argument given. if you intend to load the data from a file, call the method 'read_expression_file'.
  if expression==None: warnings.warn(" WARNING: No expression data argument given. if you intend to load the data from a file, call the method 'read_expression_file'.")
/data/gpfs/projects/punim0638/stephenz/envs/py39/lib/python3.9/site-packages/Scribe-0.0.0-py3.9.egg/Scribe/causal_network.py:298: FutureWarning: Could not cast to int64, falling back to object. This behavior is deprecated. In a future version, when a dtype is passed to 'DataFrame', either all columns will be cast to that dtype, or a TypeError will be raised.
  max_rdi_delay = pd.DataFrame({node_id: [np.nan for i in self.node_ids] for node_id in self.node_ids}, index=self.node_ids,
Tree method: RF
K: sqrt
Number of trees: 1000


running single threaded jobs
Gene 1/7...
Gene 2/7...
Gene 3/7...
Gene 4/7...
Gene 5/7...
Gene 6/7...
Gene 7/7...
Elapsed time: 13.06 seconds
Create causal_model successfully
