
CommandNotFoundError: Your shell has not been properly configured to use 'conda activate'.
To initialize your shell, run

    $ conda init <SHELL_NAME>

Currently supported shells are:
  - bash
  - fish
  - tcsh
  - xonsh
  - zsh
  - powershell

See 'conda init --help' for more information and options.

IMPORTANT: You may need to close and restart your shell after running 'conda init'.


cat: write error: Broken pipe
2023-01-26 21:10:55.227718
2023-01-26 21:10:55.372148
2023-01-26 21:10:55.461552

real	0m1.443s
user	0m0.944s
sys	0m0.362s
cat: write error: Broken pipe
2023-01-26 21:11:01.664463
2023-01-26 21:11:01.787834
2023-01-26 21:11:01.860550

real	0m1.109s
user	0m0.899s
sys	0m0.181s
cat: write error: Broken pipe
2023-01-26 21:11:08.002314
2023-01-26 21:11:08.088536
2023-01-26 21:11:08.214565

real	0m1.085s
user	0m0.897s
sys	0m0.168s
cat: write error: Broken pipe
2023-01-26 21:11:14.458623
2023-01-26 21:11:14.588008
2023-01-26 21:11:14.644580

real	0m1.125s
user	0m0.919s
sys	0m0.177s
cat: write error: Broken pipe
2023-01-26 21:11:20.808435
2023-01-26 21:11:20.931886
2023-01-26 21:11:21.025726

real	0m1.095s
user	0m0.914s
sys	0m0.160s
cat: write error: Broken pipe
2023-01-26 21:11:27.214835
2023-01-26 21:11:27.299404
2023-01-26 21:11:27.411742

real	0m1.103s
user	0m0.881s
sys	0m0.189s
cat: write error: Broken pipe
2023-01-26 21:11:33.629956
2023-01-26 21:11:33.773930
2023-01-26 21:11:33.832594

real	0m1.123s
user	0m0.909s
sys	0m0.186s
cat: write error: Broken pipe
2023-01-26 21:11:40.020165
2023-01-26 21:11:40.155551
2023-01-26 21:11:40.216494

real	0m1.119s
user	0m0.919s
sys	0m0.172s
cat: write error: Broken pipe
2023-01-26 21:11:46.366043
2023-01-26 21:11:46.476565
2023-01-26 21:11:46.526831

real	0m1.013s
user	0m0.844s
sys	0m0.148s
cat: write error: Broken pipe
2023-01-26 21:11:52.722039
2023-01-26 21:11:52.918483
2023-01-26 21:11:53.022867

real	0m1.211s
user	0m1.022s
sys	0m0.169s
cat: write error: Broken pipe
2023-01-26 21:11:59.192477
2023-01-26 21:11:59.400431
2023-01-26 21:11:59.503658

real	0m1.203s
user	0m0.997s
sys	0m0.185s
cat: write error: Broken pipe
2023-01-26 21:12:05.691379
2023-01-26 21:12:05.825793
2023-01-26 21:12:05.960391

real	0m1.170s
user	0m0.981s
sys	0m0.170s
cat: write error: Broken pipe
2023-01-26 21:12:12.164431
2023-01-26 21:12:12.554345
2023-01-26 21:12:12.993146

real	0m1.759s
user	0m1.519s
sys	0m0.219s
cat: write error: Broken pipe
2023-01-26 21:12:19.213576
2023-01-26 21:12:19.478498
2023-01-26 21:12:19.672890

real	0m1.398s
user	0m1.213s
sys	0m0.165s
cat: write error: Broken pipe
2023-01-26 21:12:25.913358
2023-01-26 21:12:26.525759
2023-01-26 21:12:26.853309

real	0m1.893s
user	0m1.652s
sys	0m0.221s
cat: write error: Broken pipe
2023-01-26 21:12:33.061029
2023-01-26 21:12:33.530024
2023-01-26 21:12:34.012665

real	0m1.873s
user	0m1.613s
sys	0m0.239s
cat: write error: Broken pipe
2023-01-26 21:12:40.350598
2023-01-26 21:12:41.248317
2023-01-26 21:12:42.000717

real	0m2.706s
user	0m2.333s
sys	0m0.348s
cat: write error: Broken pipe
2023-01-26 21:12:48.151844
2023-01-26 21:12:48.663872
2023-01-26 21:12:49.327934

real	0m2.041s
user	0m1.767s
sys	0m0.252s
cat: write error: Broken pipe
2023-01-26 21:12:55.736660
2023-01-26 21:12:56.613743
2023-01-26 21:12:56.815409

real	0m2.199s
user	0m1.917s
sys	0m0.259s
cat: write error: Broken pipe
2023-01-26 21:13:03.002730
2023-01-26 21:13:03.365670
2023-01-26 21:13:03.843182

real	0m1.739s
user	0m1.487s
sys	0m0.230s
cat: write error: Broken pipe
2023-01-26 21:13:10.043091
2023-01-26 21:13:10.528184
2023-01-26 21:13:11.050185

real	0m1.909s
user	0m1.647s
sys	0m0.231s
cat: write error: Broken pipe
2023-01-26 21:13:17.223333
2023-01-26 21:13:17.339221
2023-01-26 21:13:17.391912

real	0m1.051s
user	0m0.870s
sys	0m0.162s
cat: write error: Broken pipe
2023-01-26 21:13:23.545606
2023-01-26 21:13:23.648924
2023-01-26 21:13:23.688447

real	0m1.020s
user	0m0.863s
sys	0m0.137s
cat: write error: Broken pipe
2023-01-26 21:13:29.831880
2023-01-26 21:13:29.900624
2023-01-26 21:13:29.942522

real	0m0.966s
user	0m0.800s
sys	0m0.144s
mkdir: cannot create directory ‘SCODE_D_2’: File exists
┌ Warning: `CSV.read(input; kw...)` is deprecated in favor of `using DataFrames; CSV.read(input, DataFrame; kw...)
│   caller = ip:0x0
└ @ Core :-1
┌ Warning: Assignment to `WZ` in soft scope is ambiguous because a global variable by the same name exists: `WZ` will be treated as a new local. Disambiguate by using `local WZ` to suppress this warning or `global WZ` to assign to the existing global variable.
└ @ ~/stephenz/locaTE-paper/tools/SCODE/SCODE.jl:69
┌ Warning: `writeheader=false` is deprecated in favor of `header=false`
│   caller = ip:0x0
└ @ Core :-1
a
┌ Warning: `CSV.read(input; kw...)` is deprecated in favor of `using DataFrames; CSV.read(input, DataFrame; kw...)
│   caller = ip:0x0
└ @ Core :-1
┌ Warning: Assignment to `WZ` in soft scope is ambiguous because a global variable by the same name exists: `WZ` will be treated as a new local. Disambiguate by using `local WZ` to suppress this warning or `global WZ` to assign to the existing global variable.
└ @ ~/stephenz/locaTE-paper/tools/SCODE/SCODE.jl:69
┌ Warning: `writeheader=false` is deprecated in favor of `header=false`
│   caller = ip:0x0
└ @ Core :-1
a
┌ Warning: `CSV.read(input; kw...)` is deprecated in favor of `using DataFrames; CSV.read(input, DataFrame; kw...)
│   caller = ip:0x0
└ @ Core :-1
┌ Warning: Assignment to `WZ` in soft scope is ambiguous because a global variable by the same name exists: `WZ` will be treated as a new local. Disambiguate by using `local WZ` to suppress this warning or `global WZ` to assign to the existing global variable.
└ @ ~/stephenz/locaTE-paper/tools/SCODE/SCODE.jl:69
┌ Warning: `writeheader=false` is deprecated in favor of `header=false`
│   caller = ip:0x0
└ @ Core :-1
a
mkdir: cannot create directory ‘SCODE_D_4’: File exists
┌ Warning: `CSV.read(input; kw...)` is deprecated in favor of `using DataFrames; CSV.read(input, DataFrame; kw...)
│   caller = ip:0x0
└ @ Core :-1
┌ Warning: Assignment to `WZ` in soft scope is ambiguous because a global variable by the same name exists: `WZ` will be treated as a new local. Disambiguate by using `local WZ` to suppress this warning or `global WZ` to assign to the existing global variable.
└ @ ~/stephenz/locaTE-paper/tools/SCODE/SCODE.jl:69
┌ Warning: `writeheader=false` is deprecated in favor of `header=false`
│   caller = ip:0x0
└ @ Core :-1
a
┌ Warning: `CSV.read(input; kw...)` is deprecated in favor of `using DataFrames; CSV.read(input, DataFrame; kw...)
│   caller = ip:0x0
└ @ Core :-1
┌ Warning: Assignment to `WZ` in soft scope is ambiguous because a global variable by the same name exists: `WZ` will be treated as a new local. Disambiguate by using `local WZ` to suppress this warning or `global WZ` to assign to the existing global variable.
└ @ ~/stephenz/locaTE-paper/tools/SCODE/SCODE.jl:69
┌ Warning: `writeheader=false` is deprecated in favor of `header=false`
│   caller = ip:0x0
└ @ Core :-1
a
┌ Warning: `CSV.read(input; kw...)` is deprecated in favor of `using DataFrames; CSV.read(input, DataFrame; kw...)
│   caller = ip:0x0
└ @ Core :-1
┌ Warning: Assignment to `WZ` in soft scope is ambiguous because a global variable by the same name exists: `WZ` will be treated as a new local. Disambiguate by using `local WZ` to suppress this warning or `global WZ` to assign to the existing global variable.
└ @ ~/stephenz/locaTE-paper/tools/SCODE/SCODE.jl:69
┌ Warning: `writeheader=false` is deprecated in favor of `header=false`
│   caller = ip:0x0
└ @ Core :-1
a
mkdir: cannot create directory ‘SCODE_D_6’: File exists
┌ Warning: `CSV.read(input; kw...)` is deprecated in favor of `using DataFrames; CSV.read(input, DataFrame; kw...)
│   caller = ip:0x0
└ @ Core :-1
┌ Warning: Assignment to `WZ` in soft scope is ambiguous because a global variable by the same name exists: `WZ` will be treated as a new local. Disambiguate by using `local WZ` to suppress this warning or `global WZ` to assign to the existing global variable.
└ @ ~/stephenz/locaTE-paper/tools/SCODE/SCODE.jl:69
┌ Warning: `writeheader=false` is deprecated in favor of `header=false`
│   caller = ip:0x0
└ @ Core :-1
a
┌ Warning: `CSV.read(input; kw...)` is deprecated in favor of `using DataFrames; CSV.read(input, DataFrame; kw...)
│   caller = ip:0x0
└ @ Core :-1
┌ Warning: Assignment to `WZ` in soft scope is ambiguous because a global variable by the same name exists: `WZ` will be treated as a new local. Disambiguate by using `local WZ` to suppress this warning or `global WZ` to assign to the existing global variable.
└ @ ~/stephenz/locaTE-paper/tools/SCODE/SCODE.jl:69
┌ Warning: `writeheader=false` is deprecated in favor of `header=false`
│   caller = ip:0x0
└ @ Core :-1
a
┌ Warning: `CSV.read(input; kw...)` is deprecated in favor of `using DataFrames; CSV.read(input, DataFrame; kw...)
│   caller = ip:0x0
└ @ Core :-1
┌ Warning: Assignment to `WZ` in soft scope is ambiguous because a global variable by the same name exists: `WZ` will be treated as a new local. Disambiguate by using `local WZ` to suppress this warning or `global WZ` to assign to the existing global variable.
└ @ ~/stephenz/locaTE-paper/tools/SCODE/SCODE.jl:69
┌ Warning: `writeheader=false` is deprecated in favor of `header=false`
│   caller = ip:0x0
└ @ Core :-1
a
mkdir: cannot create directory ‘SCODE_D_8’: File exists
┌ Warning: `CSV.read(input; kw...)` is deprecated in favor of `using DataFrames; CSV.read(input, DataFrame; kw...)
│   caller = ip:0x0
└ @ Core :-1
┌ Warning: Assignment to `WZ` in soft scope is ambiguous because a global variable by the same name exists: `WZ` will be treated as a new local. Disambiguate by using `local WZ` to suppress this warning or `global WZ` to assign to the existing global variable.
└ @ ~/stephenz/locaTE-paper/tools/SCODE/SCODE.jl:69
┌ Warning: `writeheader=false` is deprecated in favor of `header=false`
│   caller = ip:0x0
└ @ Core :-1
a
┌ Warning: `CSV.read(input; kw...)` is deprecated in favor of `using DataFrames; CSV.read(input, DataFrame; kw...)
│   caller = ip:0x0
└ @ Core :-1
┌ Warning: Assignment to `WZ` in soft scope is ambiguous because a global variable by the same name exists: `WZ` will be treated as a new local. Disambiguate by using `local WZ` to suppress this warning or `global WZ` to assign to the existing global variable.
└ @ ~/stephenz/locaTE-paper/tools/SCODE/SCODE.jl:69
┌ Warning: `writeheader=false` is deprecated in favor of `header=false`
│   caller = ip:0x0
└ @ Core :-1
a
┌ Warning: `CSV.read(input; kw...)` is deprecated in favor of `using DataFrames; CSV.read(input, DataFrame; kw...)
│   caller = ip:0x0
└ @ Core :-1
┌ Warning: Assignment to `WZ` in soft scope is ambiguous because a global variable by the same name exists: `WZ` will be treated as a new local. Disambiguate by using `local WZ` to suppress this warning or `global WZ` to assign to the existing global variable.
└ @ ~/stephenz/locaTE-paper/tools/SCODE/SCODE.jl:69
┌ Warning: `writeheader=false` is deprecated in favor of `header=false`
│   caller = ip:0x0
└ @ Core :-1
a
mkdir: cannot create directory ‘SCODE_D_2’: File exists
┌ Warning: `CSV.read(input; kw...)` is deprecated in favor of `using DataFrames; CSV.read(input, DataFrame; kw...)
│   caller = ip:0x0
└ @ Core :-1
┌ Warning: Assignment to `WZ` in soft scope is ambiguous because a global variable by the same name exists: `WZ` will be treated as a new local. Disambiguate by using `local WZ` to suppress this warning or `global WZ` to assign to the existing global variable.
└ @ ~/stephenz/locaTE-paper/tools/SCODE/SCODE.jl:69
┌ Warning: `writeheader=false` is deprecated in favor of `header=false`
│   caller = ip:0x0
└ @ Core :-1
a
┌ Warning: `CSV.read(input; kw...)` is deprecated in favor of `using DataFrames; CSV.read(input, DataFrame; kw...)
│   caller = ip:0x0
└ @ Core :-1
┌ Warning: Assignment to `WZ` in soft scope is ambiguous because a global variable by the same name exists: `WZ` will be treated as a new local. Disambiguate by using `local WZ` to suppress this warning or `global WZ` to assign to the existing global variable.
└ @ ~/stephenz/locaTE-paper/tools/SCODE/SCODE.jl:69
┌ Warning: `writeheader=false` is deprecated in favor of `header=false`
│   caller = ip:0x0
└ @ Core :-1
a
┌ Warning: `CSV.read(input; kw...)` is deprecated in favor of `using DataFrames; CSV.read(input, DataFrame; kw...)
│   caller = ip:0x0
└ @ Core :-1
┌ Warning: Assignment to `WZ` in soft scope is ambiguous because a global variable by the same name exists: `WZ` will be treated as a new local. Disambiguate by using `local WZ` to suppress this warning or `global WZ` to assign to the existing global variable.
└ @ ~/stephenz/locaTE-paper/tools/SCODE/SCODE.jl:69
┌ Warning: `writeheader=false` is deprecated in favor of `header=false`
│   caller = ip:0x0
└ @ Core :-1
a
mkdir: cannot create directory ‘SCODE_D_4’: File exists
┌ Warning: `CSV.read(input; kw...)` is deprecated in favor of `using DataFrames; CSV.read(input, DataFrame; kw...)
│   caller = ip:0x0
└ @ Core :-1
┌ Warning: Assignment to `WZ` in soft scope is ambiguous because a global variable by the same name exists: `WZ` will be treated as a new local. Disambiguate by using `local WZ` to suppress this warning or `global WZ` to assign to the existing global variable.
└ @ ~/stephenz/locaTE-paper/tools/SCODE/SCODE.jl:69
┌ Warning: `writeheader=false` is deprecated in favor of `header=false`
│   caller = ip:0x0
└ @ Core :-1
a
┌ Warning: `CSV.read(input; kw...)` is deprecated in favor of `using DataFrames; CSV.read(input, DataFrame; kw...)
│   caller = ip:0x0
└ @ Core :-1
┌ Warning: Assignment to `WZ` in soft scope is ambiguous because a global variable by the same name exists: `WZ` will be treated as a new local. Disambiguate by using `local WZ` to suppress this warning or `global WZ` to assign to the existing global variable.
└ @ ~/stephenz/locaTE-paper/tools/SCODE/SCODE.jl:69
┌ Warning: `writeheader=false` is deprecated in favor of `header=false`
│   caller = ip:0x0
└ @ Core :-1
a
┌ Warning: `CSV.read(input; kw...)` is deprecated in favor of `using DataFrames; CSV.read(input, DataFrame; kw...)
│   caller = ip:0x0
└ @ Core :-1
┌ Warning: Assignment to `WZ` in soft scope is ambiguous because a global variable by the same name exists: `WZ` will be treated as a new local. Disambiguate by using `local WZ` to suppress this warning or `global WZ` to assign to the existing global variable.
└ @ ~/stephenz/locaTE-paper/tools/SCODE/SCODE.jl:69
┌ Warning: `writeheader=false` is deprecated in favor of `header=false`
│   caller = ip:0x0
└ @ Core :-1
a
mkdir: cannot create directory ‘SCODE_D_6’: File exists
┌ Warning: `CSV.read(input; kw...)` is deprecated in favor of `using DataFrames; CSV.read(input, DataFrame; kw...)
│   caller = ip:0x0
└ @ Core :-1
┌ Warning: Assignment to `WZ` in soft scope is ambiguous because a global variable by the same name exists: `WZ` will be treated as a new local. Disambiguate by using `local WZ` to suppress this warning or `global WZ` to assign to the existing global variable.
└ @ ~/stephenz/locaTE-paper/tools/SCODE/SCODE.jl:69
┌ Warning: `writeheader=false` is deprecated in favor of `header=false`
│   caller = ip:0x0
└ @ Core :-1
a
┌ Warning: `CSV.read(input; kw...)` is deprecated in favor of `using DataFrames; CSV.read(input, DataFrame; kw...)
│   caller = ip:0x0
└ @ Core :-1
┌ Warning: Assignment to `WZ` in soft scope is ambiguous because a global variable by the same name exists: `WZ` will be treated as a new local. Disambiguate by using `local WZ` to suppress this warning or `global WZ` to assign to the existing global variable.
└ @ ~/stephenz/locaTE-paper/tools/SCODE/SCODE.jl:69
┌ Warning: `writeheader=false` is deprecated in favor of `header=false`
│   caller = ip:0x0
└ @ Core :-1
a
┌ Warning: `CSV.read(input; kw...)` is deprecated in favor of `using DataFrames; CSV.read(input, DataFrame; kw...)
│   caller = ip:0x0
└ @ Core :-1
┌ Warning: Assignment to `WZ` in soft scope is ambiguous because a global variable by the same name exists: `WZ` will be treated as a new local. Disambiguate by using `local WZ` to suppress this warning or `global WZ` to assign to the existing global variable.
└ @ ~/stephenz/locaTE-paper/tools/SCODE/SCODE.jl:69
┌ Warning: `writeheader=false` is deprecated in favor of `header=false`
│   caller = ip:0x0
└ @ Core :-1
a
mkdir: cannot create directory ‘SCODE_D_8’: File exists
┌ Warning: `CSV.read(input; kw...)` is deprecated in favor of `using DataFrames; CSV.read(input, DataFrame; kw...)
│   caller = ip:0x0
└ @ Core :-1
┌ Warning: Assignment to `WZ` in soft scope is ambiguous because a global variable by the same name exists: `WZ` will be treated as a new local. Disambiguate by using `local WZ` to suppress this warning or `global WZ` to assign to the existing global variable.
└ @ ~/stephenz/locaTE-paper/tools/SCODE/SCODE.jl:69
┌ Warning: `writeheader=false` is deprecated in favor of `header=false`
│   caller = ip:0x0
└ @ Core :-1
a
┌ Warning: `CSV.read(input; kw...)` is deprecated in favor of `using DataFrames; CSV.read(input, DataFrame; kw...)
│   caller = ip:0x0
└ @ Core :-1
┌ Warning: Assignment to `WZ` in soft scope is ambiguous because a global variable by the same name exists: `WZ` will be treated as a new local. Disambiguate by using `local WZ` to suppress this warning or `global WZ` to assign to the existing global variable.
└ @ ~/stephenz/locaTE-paper/tools/SCODE/SCODE.jl:69
┌ Warning: `writeheader=false` is deprecated in favor of `header=false`
│   caller = ip:0x0
└ @ Core :-1
a
┌ Warning: `CSV.read(input; kw...)` is deprecated in favor of `using DataFrames; CSV.read(input, DataFrame; kw...)
│   caller = ip:0x0
└ @ Core :-1
┌ Warning: Assignment to `WZ` in soft scope is ambiguous because a global variable by the same name exists: `WZ` will be treated as a new local. Disambiguate by using `local WZ` to suppress this warning or `global WZ` to assign to the existing global variable.
└ @ ~/stephenz/locaTE-paper/tools/SCODE/SCODE.jl:69
┌ Warning: `writeheader=false` is deprecated in favor of `header=false`
│   caller = ip:0x0
└ @ Core :-1
a
mkdir: cannot create directory ‘SCODE_D_2’: File exists
┌ Warning: `CSV.read(input; kw...)` is deprecated in favor of `using DataFrames; CSV.read(input, DataFrame; kw...)
│   caller = ip:0x0
└ @ Core :-1
┌ Warning: Assignment to `WZ` in soft scope is ambiguous because a global variable by the same name exists: `WZ` will be treated as a new local. Disambiguate by using `local WZ` to suppress this warning or `global WZ` to assign to the existing global variable.
└ @ ~/stephenz/locaTE-paper/tools/SCODE/SCODE.jl:69
┌ Warning: `writeheader=false` is deprecated in favor of `header=false`
│   caller = ip:0x0
└ @ Core :-1
a
┌ Warning: `CSV.read(input; kw...)` is deprecated in favor of `using DataFrames; CSV.read(input, DataFrame; kw...)
│   caller = ip:0x0
└ @ Core :-1
┌ Warning: Assignment to `WZ` in soft scope is ambiguous because a global variable by the same name exists: `WZ` will be treated as a new local. Disambiguate by using `local WZ` to suppress this warning or `global WZ` to assign to the existing global variable.
└ @ ~/stephenz/locaTE-paper/tools/SCODE/SCODE.jl:69
┌ Warning: `writeheader=false` is deprecated in favor of `header=false`
│   caller = ip:0x0
└ @ Core :-1
a
┌ Warning: `CSV.read(input; kw...)` is deprecated in favor of `using DataFrames; CSV.read(input, DataFrame; kw...)
│   caller = ip:0x0
└ @ Core :-1
┌ Warning: Assignment to `WZ` in soft scope is ambiguous because a global variable by the same name exists: `WZ` will be treated as a new local. Disambiguate by using `local WZ` to suppress this warning or `global WZ` to assign to the existing global variable.
└ @ ~/stephenz/locaTE-paper/tools/SCODE/SCODE.jl:69
┌ Warning: `writeheader=false` is deprecated in favor of `header=false`
│   caller = ip:0x0
└ @ Core :-1
a
mkdir: cannot create directory ‘SCODE_D_4’: File exists
┌ Warning: `CSV.read(input; kw...)` is deprecated in favor of `using DataFrames; CSV.read(input, DataFrame; kw...)
│   caller = ip:0x0
└ @ Core :-1
┌ Warning: Assignment to `WZ` in soft scope is ambiguous because a global variable by the same name exists: `WZ` will be treated as a new local. Disambiguate by using `local WZ` to suppress this warning or `global WZ` to assign to the existing global variable.
└ @ ~/stephenz/locaTE-paper/tools/SCODE/SCODE.jl:69
┌ Warning: `writeheader=false` is deprecated in favor of `header=false`
│   caller = ip:0x0
└ @ Core :-1
a
┌ Warning: `CSV.read(input; kw...)` is deprecated in favor of `using DataFrames; CSV.read(input, DataFrame; kw...)
│   caller = ip:0x0
└ @ Core :-1
┌ Warning: Assignment to `WZ` in soft scope is ambiguous because a global variable by the same name exists: `WZ` will be treated as a new local. Disambiguate by using `local WZ` to suppress this warning or `global WZ` to assign to the existing global variable.
└ @ ~/stephenz/locaTE-paper/tools/SCODE/SCODE.jl:69
┌ Warning: `writeheader=false` is deprecated in favor of `header=false`
│   caller = ip:0x0
└ @ Core :-1
a
┌ Warning: `CSV.read(input; kw...)` is deprecated in favor of `using DataFrames; CSV.read(input, DataFrame; kw...)
│   caller = ip:0x0
└ @ Core :-1
┌ Warning: Assignment to `WZ` in soft scope is ambiguous because a global variable by the same name exists: `WZ` will be treated as a new local. Disambiguate by using `local WZ` to suppress this warning or `global WZ` to assign to the existing global variable.
└ @ ~/stephenz/locaTE-paper/tools/SCODE/SCODE.jl:69
┌ Warning: `writeheader=false` is deprecated in favor of `header=false`
│   caller = ip:0x0
└ @ Core :-1
a
mkdir: cannot create directory ‘SCODE_D_6’: File exists
┌ Warning: `CSV.read(input; kw...)` is deprecated in favor of `using DataFrames; CSV.read(input, DataFrame; kw...)
│   caller = ip:0x0
└ @ Core :-1
┌ Warning: Assignment to `WZ` in soft scope is ambiguous because a global variable by the same name exists: `WZ` will be treated as a new local. Disambiguate by using `local WZ` to suppress this warning or `global WZ` to assign to the existing global variable.
└ @ ~/stephenz/locaTE-paper/tools/SCODE/SCODE.jl:69
┌ Warning: `writeheader=false` is deprecated in favor of `header=false`
│   caller = ip:0x0
└ @ Core :-1
a
┌ Warning: `CSV.read(input; kw...)` is deprecated in favor of `using DataFrames; CSV.read(input, DataFrame; kw...)
│   caller = ip:0x0
└ @ Core :-1
┌ Warning: Assignment to `WZ` in soft scope is ambiguous because a global variable by the same name exists: `WZ` will be treated as a new local. Disambiguate by using `local WZ` to suppress this warning or `global WZ` to assign to the existing global variable.
└ @ ~/stephenz/locaTE-paper/tools/SCODE/SCODE.jl:69
┌ Warning: `writeheader=false` is deprecated in favor of `header=false`
│   caller = ip:0x0
└ @ Core :-1
a
┌ Warning: `CSV.read(input; kw...)` is deprecated in favor of `using DataFrames; CSV.read(input, DataFrame; kw...)
│   caller = ip:0x0
└ @ Core :-1
┌ Warning: Assignment to `WZ` in soft scope is ambiguous because a global variable by the same name exists: `WZ` will be treated as a new local. Disambiguate by using `local WZ` to suppress this warning or `global WZ` to assign to the existing global variable.
└ @ ~/stephenz/locaTE-paper/tools/SCODE/SCODE.jl:69
┌ Warning: `writeheader=false` is deprecated in favor of `header=false`
│   caller = ip:0x0
└ @ Core :-1
a
mkdir: cannot create directory ‘SCODE_D_8’: File exists
┌ Warning: `CSV.read(input; kw...)` is deprecated in favor of `using DataFrames; CSV.read(input, DataFrame; kw...)
│   caller = ip:0x0
└ @ Core :-1
┌ Warning: Assignment to `WZ` in soft scope is ambiguous because a global variable by the same name exists: `WZ` will be treated as a new local. Disambiguate by using `local WZ` to suppress this warning or `global WZ` to assign to the existing global variable.
└ @ ~/stephenz/locaTE-paper/tools/SCODE/SCODE.jl:69
┌ Warning: `writeheader=false` is deprecated in favor of `header=false`
│   caller = ip:0x0
└ @ Core :-1
a
┌ Warning: `CSV.read(input; kw...)` is deprecated in favor of `using DataFrames; CSV.read(input, DataFrame; kw...)
│   caller = ip:0x0
└ @ Core :-1
┌ Warning: Assignment to `WZ` in soft scope is ambiguous because a global variable by the same name exists: `WZ` will be treated as a new local. Disambiguate by using `local WZ` to suppress this warning or `global WZ` to assign to the existing global variable.
└ @ ~/stephenz/locaTE-paper/tools/SCODE/SCODE.jl:69
┌ Warning: `writeheader=false` is deprecated in favor of `header=false`
│   caller = ip:0x0
└ @ Core :-1
a
┌ Warning: `CSV.read(input; kw...)` is deprecated in favor of `using DataFrames; CSV.read(input, DataFrame; kw...)
│   caller = ip:0x0
└ @ Core :-1
┌ Warning: Assignment to `WZ` in soft scope is ambiguous because a global variable by the same name exists: `WZ` will be treated as a new local. Disambiguate by using `local WZ` to suppress this warning or `global WZ` to assign to the existing global variable.
└ @ ~/stephenz/locaTE-paper/tools/SCODE/SCODE.jl:69
┌ Warning: `writeheader=false` is deprecated in favor of `header=false`
│   caller = ip:0x0
└ @ Core :-1
a
mkdir: cannot create directory ‘SCODE_D_2’: File exists
┌ Warning: `CSV.read(input; kw...)` is deprecated in favor of `using DataFrames; CSV.read(input, DataFrame; kw...)
│   caller = ip:0x0
└ @ Core :-1
┌ Warning: Assignment to `WZ` in soft scope is ambiguous because a global variable by the same name exists: `WZ` will be treated as a new local. Disambiguate by using `local WZ` to suppress this warning or `global WZ` to assign to the existing global variable.
└ @ ~/stephenz/locaTE-paper/tools/SCODE/SCODE.jl:69
┌ Warning: `writeheader=false` is deprecated in favor of `header=false`
│   caller = ip:0x0
└ @ Core :-1
a
┌ Warning: `CSV.read(input; kw...)` is deprecated in favor of `using DataFrames; CSV.read(input, DataFrame; kw...)
│   caller = ip:0x0
└ @ Core :-1
┌ Warning: Assignment to `WZ` in soft scope is ambiguous because a global variable by the same name exists: `WZ` will be treated as a new local. Disambiguate by using `local WZ` to suppress this warning or `global WZ` to assign to the existing global variable.
└ @ ~/stephenz/locaTE-paper/tools/SCODE/SCODE.jl:69
┌ Warning: `writeheader=false` is deprecated in favor of `header=false`
│   caller = ip:0x0
└ @ Core :-1
a
┌ Warning: `CSV.read(input; kw...)` is deprecated in favor of `using DataFrames; CSV.read(input, DataFrame; kw...)
│   caller = ip:0x0
└ @ Core :-1
┌ Warning: Assignment to `WZ` in soft scope is ambiguous because a global variable by the same name exists: `WZ` will be treated as a new local. Disambiguate by using `local WZ` to suppress this warning or `global WZ` to assign to the existing global variable.
└ @ ~/stephenz/locaTE-paper/tools/SCODE/SCODE.jl:69
┌ Warning: `writeheader=false` is deprecated in favor of `header=false`
│   caller = ip:0x0
└ @ Core :-1
a
mkdir: cannot create directory ‘SCODE_D_4’: File exists
┌ Warning: `CSV.read(input; kw...)` is deprecated in favor of `using DataFrames; CSV.read(input, DataFrame; kw...)
│   caller = ip:0x0
└ @ Core :-1
┌ Warning: Assignment to `WZ` in soft scope is ambiguous because a global variable by the same name exists: `WZ` will be treated as a new local. Disambiguate by using `local WZ` to suppress this warning or `global WZ` to assign to the existing global variable.
└ @ ~/stephenz/locaTE-paper/tools/SCODE/SCODE.jl:69
┌ Warning: `writeheader=false` is deprecated in favor of `header=false`
│   caller = ip:0x0
└ @ Core :-1
a
┌ Warning: `CSV.read(input; kw...)` is deprecated in favor of `using DataFrames; CSV.read(input, DataFrame; kw...)
│   caller = ip:0x0
└ @ Core :-1
┌ Warning: Assignment to `WZ` in soft scope is ambiguous because a global variable by the same name exists: `WZ` will be treated as a new local. Disambiguate by using `local WZ` to suppress this warning or `global WZ` to assign to the existing global variable.
└ @ ~/stephenz/locaTE-paper/tools/SCODE/SCODE.jl:69
┌ Warning: `writeheader=false` is deprecated in favor of `header=false`
│   caller = ip:0x0
└ @ Core :-1
a
┌ Warning: `CSV.read(input; kw...)` is deprecated in favor of `using DataFrames; CSV.read(input, DataFrame; kw...)
│   caller = ip:0x0
└ @ Core :-1
┌ Warning: Assignment to `WZ` in soft scope is ambiguous because a global variable by the same name exists: `WZ` will be treated as a new local. Disambiguate by using `local WZ` to suppress this warning or `global WZ` to assign to the existing global variable.
└ @ ~/stephenz/locaTE-paper/tools/SCODE/SCODE.jl:69
┌ Warning: `writeheader=false` is deprecated in favor of `header=false`
│   caller = ip:0x0
└ @ Core :-1
a
mkdir: cannot create directory ‘SCODE_D_6’: File exists
┌ Warning: `CSV.read(input; kw...)` is deprecated in favor of `using DataFrames; CSV.read(input, DataFrame; kw...)
│   caller = ip:0x0
└ @ Core :-1
┌ Warning: Assignment to `WZ` in soft scope is ambiguous because a global variable by the same name exists: `WZ` will be treated as a new local. Disambiguate by using `local WZ` to suppress this warning or `global WZ` to assign to the existing global variable.
└ @ ~/stephenz/locaTE-paper/tools/SCODE/SCODE.jl:69
┌ Warning: `writeheader=false` is deprecated in favor of `header=false`
│   caller = ip:0x0
└ @ Core :-1
a
┌ Warning: `CSV.read(input; kw...)` is deprecated in favor of `using DataFrames; CSV.read(input, DataFrame; kw...)
│   caller = ip:0x0
└ @ Core :-1
┌ Warning: Assignment to `WZ` in soft scope is ambiguous because a global variable by the same name exists: `WZ` will be treated as a new local. Disambiguate by using `local WZ` to suppress this warning or `global WZ` to assign to the existing global variable.
└ @ ~/stephenz/locaTE-paper/tools/SCODE/SCODE.jl:69
┌ Warning: `writeheader=false` is deprecated in favor of `header=false`
│   caller = ip:0x0
└ @ Core :-1
a
┌ Warning: `CSV.read(input; kw...)` is deprecated in favor of `using DataFrames; CSV.read(input, DataFrame; kw...)
│   caller = ip:0x0
└ @ Core :-1
┌ Warning: Assignment to `WZ` in soft scope is ambiguous because a global variable by the same name exists: `WZ` will be treated as a new local. Disambiguate by using `local WZ` to suppress this warning or `global WZ` to assign to the existing global variable.
└ @ ~/stephenz/locaTE-paper/tools/SCODE/SCODE.jl:69
┌ Warning: `writeheader=false` is deprecated in favor of `header=false`
│   caller = ip:0x0
└ @ Core :-1
a
mkdir: cannot create directory ‘SCODE_D_8’: File exists
┌ Warning: `CSV.read(input; kw...)` is deprecated in favor of `using DataFrames; CSV.read(input, DataFrame; kw...)
│   caller = ip:0x0
└ @ Core :-1
┌ Warning: Assignment to `WZ` in soft scope is ambiguous because a global variable by the same name exists: `WZ` will be treated as a new local. Disambiguate by using `local WZ` to suppress this warning or `global WZ` to assign to the existing global variable.
└ @ ~/stephenz/locaTE-paper/tools/SCODE/SCODE.jl:69
┌ Warning: `writeheader=false` is deprecated in favor of `header=false`
│   caller = ip:0x0
└ @ Core :-1
a
┌ Warning: `CSV.read(input; kw...)` is deprecated in favor of `using DataFrames; CSV.read(input, DataFrame; kw...)
│   caller = ip:0x0
└ @ Core :-1
┌ Warning: Assignment to `WZ` in soft scope is ambiguous because a global variable by the same name exists: `WZ` will be treated as a new local. Disambiguate by using `local WZ` to suppress this warning or `global WZ` to assign to the existing global variable.
└ @ ~/stephenz/locaTE-paper/tools/SCODE/SCODE.jl:69
┌ Warning: `writeheader=false` is deprecated in favor of `header=false`
│   caller = ip:0x0
└ @ Core :-1
a
┌ Warning: `CSV.read(input; kw...)` is deprecated in favor of `using DataFrames; CSV.read(input, DataFrame; kw...)
│   caller = ip:0x0
└ @ Core :-1
┌ Warning: Assignment to `WZ` in soft scope is ambiguous because a global variable by the same name exists: `WZ` will be treated as a new local. Disambiguate by using `local WZ` to suppress this warning or `global WZ` to assign to the existing global variable.
└ @ ~/stephenz/locaTE-paper/tools/SCODE/SCODE.jl:69
┌ Warning: `writeheader=false` is deprecated in favor of `header=false`
│   caller = ip:0x0
└ @ Core :-1
a
mkdir: cannot create directory ‘SCODE_D_2’: File exists
┌ Warning: `CSV.read(input; kw...)` is deprecated in favor of `using DataFrames; CSV.read(input, DataFrame; kw...)
│   caller = ip:0x0
└ @ Core :-1
┌ Warning: Assignment to `WZ` in soft scope is ambiguous because a global variable by the same name exists: `WZ` will be treated as a new local. Disambiguate by using `local WZ` to suppress this warning or `global WZ` to assign to the existing global variable.
└ @ ~/stephenz/locaTE-paper/tools/SCODE/SCODE.jl:69
┌ Warning: `writeheader=false` is deprecated in favor of `header=false`
│   caller = ip:0x0
└ @ Core :-1
a
┌ Warning: `CSV.read(input; kw...)` is deprecated in favor of `using DataFrames; CSV.read(input, DataFrame; kw...)
│   caller = ip:0x0
└ @ Core :-1
┌ Warning: Assignment to `WZ` in soft scope is ambiguous because a global variable by the same name exists: `WZ` will be treated as a new local. Disambiguate by using `local WZ` to suppress this warning or `global WZ` to assign to the existing global variable.
└ @ ~/stephenz/locaTE-paper/tools/SCODE/SCODE.jl:69
┌ Warning: `writeheader=false` is deprecated in favor of `header=false`
│   caller = ip:0x0
└ @ Core :-1
a
┌ Warning: `CSV.read(input; kw...)` is deprecated in favor of `using DataFrames; CSV.read(input, DataFrame; kw...)
│   caller = ip:0x0
└ @ Core :-1
┌ Warning: Assignment to `WZ` in soft scope is ambiguous because a global variable by the same name exists: `WZ` will be treated as a new local. Disambiguate by using `local WZ` to suppress this warning or `global WZ` to assign to the existing global variable.
└ @ ~/stephenz/locaTE-paper/tools/SCODE/SCODE.jl:69
┌ Warning: `writeheader=false` is deprecated in favor of `header=false`
│   caller = ip:0x0
└ @ Core :-1
a
mkdir: cannot create directory ‘SCODE_D_4’: File exists
┌ Warning: `CSV.read(input; kw...)` is deprecated in favor of `using DataFrames; CSV.read(input, DataFrame; kw...)
│   caller = ip:0x0
└ @ Core :-1
┌ Warning: Assignment to `WZ` in soft scope is ambiguous because a global variable by the same name exists: `WZ` will be treated as a new local. Disambiguate by using `local WZ` to suppress this warning or `global WZ` to assign to the existing global variable.
└ @ ~/stephenz/locaTE-paper/tools/SCODE/SCODE.jl:69
┌ Warning: `writeheader=false` is deprecated in favor of `header=false`
│   caller = ip:0x0
└ @ Core :-1
a
┌ Warning: `CSV.read(input; kw...)` is deprecated in favor of `using DataFrames; CSV.read(input, DataFrame; kw...)
│   caller = ip:0x0
└ @ Core :-1
┌ Warning: Assignment to `WZ` in soft scope is ambiguous because a global variable by the same name exists: `WZ` will be treated as a new local. Disambiguate by using `local WZ` to suppress this warning or `global WZ` to assign to the existing global variable.
└ @ ~/stephenz/locaTE-paper/tools/SCODE/SCODE.jl:69
┌ Warning: `writeheader=false` is deprecated in favor of `header=false`
│   caller = ip:0x0
└ @ Core :-1
a
┌ Warning: `CSV.read(input; kw...)` is deprecated in favor of `using DataFrames; CSV.read(input, DataFrame; kw...)
│   caller = ip:0x0
└ @ Core :-1
┌ Warning: Assignment to `WZ` in soft scope is ambiguous because a global variable by the same name exists: `WZ` will be treated as a new local. Disambiguate by using `local WZ` to suppress this warning or `global WZ` to assign to the existing global variable.
└ @ ~/stephenz/locaTE-paper/tools/SCODE/SCODE.jl:69
┌ Warning: `writeheader=false` is deprecated in favor of `header=false`
│   caller = ip:0x0
└ @ Core :-1
a
mkdir: cannot create directory ‘SCODE_D_6’: File exists
┌ Warning: `CSV.read(input; kw...)` is deprecated in favor of `using DataFrames; CSV.read(input, DataFrame; kw...)
│   caller = ip:0x0
└ @ Core :-1
┌ Warning: Assignment to `WZ` in soft scope is ambiguous because a global variable by the same name exists: `WZ` will be treated as a new local. Disambiguate by using `local WZ` to suppress this warning or `global WZ` to assign to the existing global variable.
└ @ ~/stephenz/locaTE-paper/tools/SCODE/SCODE.jl:69
┌ Warning: `writeheader=false` is deprecated in favor of `header=false`
│   caller = ip:0x0
└ @ Core :-1
a
┌ Warning: `CSV.read(input; kw...)` is deprecated in favor of `using DataFrames; CSV.read(input, DataFrame; kw...)
│   caller = ip:0x0
└ @ Core :-1
┌ Warning: Assignment to `WZ` in soft scope is ambiguous because a global variable by the same name exists: `WZ` will be treated as a new local. Disambiguate by using `local WZ` to suppress this warning or `global WZ` to assign to the existing global variable.
└ @ ~/stephenz/locaTE-paper/tools/SCODE/SCODE.jl:69
┌ Warning: `writeheader=false` is deprecated in favor of `header=false`
│   caller = ip:0x0
└ @ Core :-1
a
┌ Warning: `CSV.read(input; kw...)` is deprecated in favor of `using DataFrames; CSV.read(input, DataFrame; kw...)
│   caller = ip:0x0
└ @ Core :-1
┌ Warning: Assignment to `WZ` in soft scope is ambiguous because a global variable by the same name exists: `WZ` will be treated as a new local. Disambiguate by using `local WZ` to suppress this warning or `global WZ` to assign to the existing global variable.
└ @ ~/stephenz/locaTE-paper/tools/SCODE/SCODE.jl:69
┌ Warning: `writeheader=false` is deprecated in favor of `header=false`
│   caller = ip:0x0
└ @ Core :-1
a
mkdir: cannot create directory ‘SCODE_D_8’: File exists
┌ Warning: `CSV.read(input; kw...)` is deprecated in favor of `using DataFrames; CSV.read(input, DataFrame; kw...)
│   caller = ip:0x0
└ @ Core :-1
┌ Warning: Assignment to `WZ` in soft scope is ambiguous because a global variable by the same name exists: `WZ` will be treated as a new local. Disambiguate by using `local WZ` to suppress this warning or `global WZ` to assign to the existing global variable.
└ @ ~/stephenz/locaTE-paper/tools/SCODE/SCODE.jl:69
┌ Warning: `writeheader=false` is deprecated in favor of `header=false`
│   caller = ip:0x0
└ @ Core :-1
a
┌ Warning: `CSV.read(input; kw...)` is deprecated in favor of `using DataFrames; CSV.read(input, DataFrame; kw...)
│   caller = ip:0x0
└ @ Core :-1
┌ Warning: Assignment to `WZ` in soft scope is ambiguous because a global variable by the same name exists: `WZ` will be treated as a new local. Disambiguate by using `local WZ` to suppress this warning or `global WZ` to assign to the existing global variable.
└ @ ~/stephenz/locaTE-paper/tools/SCODE/SCODE.jl:69
┌ Warning: `writeheader=false` is deprecated in favor of `header=false`
│   caller = ip:0x0
└ @ Core :-1
a
┌ Warning: `CSV.read(input; kw...)` is deprecated in favor of `using DataFrames; CSV.read(input, DataFrame; kw...)
│   caller = ip:0x0
└ @ Core :-1
┌ Warning: Assignment to `WZ` in soft scope is ambiguous because a global variable by the same name exists: `WZ` will be treated as a new local. Disambiguate by using `local WZ` to suppress this warning or `global WZ` to assign to the existing global variable.
└ @ ~/stephenz/locaTE-paper/tools/SCODE/SCODE.jl:69
┌ Warning: `writeheader=false` is deprecated in favor of `header=false`
│   caller = ip:0x0
└ @ Core :-1
a
/data/gpfs/projects/punim0638/stephenz/miniconda3/lib/python3.10/site-packages/Scribe-0.0.0-py3.10.egg/Scribe/causal_network.py:18: UserWarning:  WARNING: No expression data argument given. if you intend to load the data from a file, call the method 'read_expression_file'.
  if expression==None: warnings.warn(" WARNING: No expression data argument given. if you intend to load the data from a file, call the method 'read_expression_file'.")
/data/gpfs/projects/punim0638/stephenz/miniconda3/lib/python3.10/site-packages/Scribe-0.0.0-py3.10.egg/Scribe/causal_network.py:298: FutureWarning: Could not cast to int64, falling back to object. This behavior is deprecated. In a future version, when a dtype is passed to 'DataFrame', either all columns will be cast to that dtype, or a TypeError will be raised.
  max_rdi_delay = pd.DataFrame({node_id: [np.nan for i in self.node_ids] for node_id in self.node_ids}, index=self.node_ids,
Create causal_model successfully
  Activating project at `/data/gpfs/projects/punim0638/stephenz/locaTE-paper/data/simulated/Synthetic_1000/dyn-BF/dyn-BF-1000-3/pidc_env`
    Updating registry at `~/.julia/registries/General.toml`
   Resolving package versions...
  No Changes to `/data/gpfs/projects/punim0638/stephenz/locaTE-paper/data/simulated/Synthetic_1000/dyn-BF/dyn-BF-1000-3/pidc_env/Project.toml`
  No Changes to `/data/gpfs/projects/punim0638/stephenz/locaTE-paper/data/simulated/Synthetic_1000/dyn-BF/dyn-BF-1000-3/pidc_env/Manifest.toml`
Getting nodes...
Inferring network...
