  Activating project at `/data/gpfs/projects/punim0638/stephenz/locaTE-paper/data/simulated/Synthetic_1000/dyn-SW/dyn-SW-1000-8/pidc_env`
    Updating registry at `~/.julia/registries/General.toml`
   Resolving package versions...
  No Changes to `/data/gpfs/projects/punim0638/stephenz/locaTE-paper/data/simulated/Synthetic_1000/dyn-SW/dyn-SW-1000-8/pidc_env/Project.toml`
  No Changes to `/data/gpfs/projects/punim0638/stephenz/locaTE-paper/data/simulated/Synthetic_1000/dyn-SW/dyn-SW-1000-8/pidc_env/Manifest.toml`
Getting nodes...
Inferring network...
cat: write error: Broken pipe
2023-10-04 23:46:35.573379
2023-10-04 23:46:35.952218
2023-10-04 23:46:36.319959

real	0m1.491s
user	0m0.006s
sys	0m0.011s
cat: write error: Broken pipe
2023-10-04 23:46:47.273943
2023-10-04 23:46:47.619086
2023-10-04 23:46:47.956982

real	0m1.454s
user	0m0.008s
sys	0m0.009s
cat: write error: Broken pipe
2023-10-04 23:46:58.919067
2023-10-04 23:46:59.256589
2023-10-04 23:46:59.574836

real	0m1.438s
user	0m0.008s
sys	0m0.008s
cat: write error: Broken pipe
2023-10-04 23:47:10.543670
2023-10-04 23:47:10.884653
2023-10-04 23:47:11.212130

real	0m1.451s
user	0m0.008s
sys	0m0.009s
cat: write error: Broken pipe
2023-10-04 23:47:22.158014
2023-10-04 23:47:22.566231
2023-10-04 23:47:22.949505

real	0m1.561s
user	0m0.010s
sys	0m0.007s
cat: write error: Broken pipe
2023-10-04 23:47:33.977120
2023-10-04 23:47:34.674913
2023-10-04 23:47:35.382718

real	0m2.240s
user	0m0.008s
sys	0m0.010s
cat: write error: Broken pipe
2023-10-04 23:47:46.537325
2023-10-04 23:47:47.698975
2023-10-04 23:47:48.816050

real	0m3.248s
user	0m0.010s
sys	0m0.008s
cat: write error: Broken pipe
2023-10-04 23:47:59.801555
2023-10-04 23:47:59.990169
2023-10-04 23:48:00.163542

real	0m1.155s
user	0m0.008s
sys	0m0.009s
mkdir: cannot create directory ‘SCODE_D_2’: File exists
┌ Warning: Assignment to `WZ` in soft scope is ambiguous because a global variable by the same name exists: `WZ` will be treated as a new local. Disambiguate by using `local WZ` to suppress this warning or `global WZ` to assign to the existing global variable.
└ @ ~/stephenz/locaTE-paper/tools/SCODE/SCODE.jl:69
a
mkdir: cannot create directory ‘SCODE_D_4’: File exists
┌ Warning: Assignment to `WZ` in soft scope is ambiguous because a global variable by the same name exists: `WZ` will be treated as a new local. Disambiguate by using `local WZ` to suppress this warning or `global WZ` to assign to the existing global variable.
└ @ ~/stephenz/locaTE-paper/tools/SCODE/SCODE.jl:69
a
mkdir: cannot create directory ‘SCODE_D_6’: File exists
┌ Warning: Assignment to `WZ` in soft scope is ambiguous because a global variable by the same name exists: `WZ` will be treated as a new local. Disambiguate by using `local WZ` to suppress this warning or `global WZ` to assign to the existing global variable.
└ @ ~/stephenz/locaTE-paper/tools/SCODE/SCODE.jl:69
a
mkdir: cannot create directory ‘SCODE_D_8’: File exists
┌ Warning: Assignment to `WZ` in soft scope is ambiguous because a global variable by the same name exists: `WZ` will be treated as a new local. Disambiguate by using `local WZ` to suppress this warning or `global WZ` to assign to the existing global variable.
└ @ ~/stephenz/locaTE-paper/tools/SCODE/SCODE.jl:69
a
sh: line 1: matlab: command not found
sh: line 1: matlab: command not found
/data/gpfs/projects/punim0638/stephenz/envs/py39/lib/python3.9/site-packages/Scribe-0.0.0-py3.9.egg/Scribe/causal_network.py:18: UserWarning:  WARNING: No expression data argument given. if you intend to load the data from a file, call the method 'read_expression_file'.
  if expression==None: warnings.warn(" WARNING: No expression data argument given. if you intend to load the data from a file, call the method 'read_expression_file'.")
/data/gpfs/projects/punim0638/stephenz/envs/py39/lib/python3.9/site-packages/Scribe-0.0.0-py3.9.egg/Scribe/causal_network.py:298: FutureWarning: Could not cast to int64, falling back to object. This behavior is deprecated. In a future version, when a dtype is passed to 'DataFrame', either all columns will be cast to that dtype, or a TypeError will be raised.
  max_rdi_delay = pd.DataFrame({node_id: [np.nan for i in self.node_ids] for node_id in self.node_ids}, index=self.node_ids,
Tree method: RF
K: sqrt
Number of trees: 1000


running single threaded jobs
Gene 1/7...
Gene 2/7...
Gene 3/7...
Gene 4/7...
Gene 5/7...
Gene 6/7...
Gene 7/7...
Elapsed time: 12.62 seconds
Create causal_model successfully
