  Activating project at `/data/gpfs/projects/punim0638/stephenz/locaTE-paper/data/simulated/Synthetic_1000/dyn-BFC/dyn-BFC-1000-4/pidc_env`
    Updating registry at `~/.julia/registries/General.toml`
   Resolving package versions...
  No Changes to `/data/gpfs/projects/punim0638/stephenz/locaTE-paper/data/simulated/Synthetic_1000/dyn-BFC/dyn-BFC-1000-4/pidc_env/Project.toml`
  No Changes to `/data/gpfs/projects/punim0638/stephenz/locaTE-paper/data/simulated/Synthetic_1000/dyn-BFC/dyn-BFC-1000-4/pidc_env/Manifest.toml`
Getting nodes...
Inferring network...
cat: write error: Broken pipe
2023-10-04 23:23:17.589316
2023-10-04 23:23:18.475929
2023-10-04 23:23:19.400554

real	0m2.689s
user	0m0.008s
sys	0m0.010s
cat: write error: Broken pipe
2023-10-04 23:23:30.548410
2023-10-04 23:23:31.367313
2023-10-04 23:23:32.211727

real	0m2.588s
user	0m0.010s
sys	0m0.009s
cat: write error: Broken pipe
2023-10-04 23:23:43.287309
2023-10-04 23:23:44.019644
2023-10-04 23:23:44.789065

real	0m2.367s
user	0m0.013s
sys	0m0.006s
cat: write error: Broken pipe
2023-10-04 23:23:55.853565
2023-10-04 23:23:56.603004
2023-10-04 23:23:57.380972

real	0m2.383s
user	0m0.013s
sys	0m0.006s
cat: write error: Broken pipe
2023-10-04 23:24:08.427301
2023-10-04 23:24:09.318972
2023-10-04 23:24:10.204018

real	0m2.605s
user	0m0.009s
sys	0m0.010s
cat: write error: Broken pipe
2023-10-04 23:24:21.348662
2023-10-04 23:24:23.299829
2023-10-04 23:24:25.031003

real	0m4.630s
user	0m0.013s
sys	0m0.007s
cat: write error: Broken pipe
2023-10-04 23:24:36.162543
2023-10-04 23:24:37.039790
2023-10-04 23:24:38.406183

real	0m3.155s
user	0m0.010s
sys	0m0.009s
cat: write error: Broken pipe
2023-10-04 23:24:49.505962
2023-10-04 23:24:49.834790
2023-10-04 23:24:50.155428

real	0m1.536s
user	0m0.009s
sys	0m0.010s
mkdir: cannot create directory ‘SCODE_D_2’: File exists
┌ Warning: Assignment to `WZ` in soft scope is ambiguous because a global variable by the same name exists: `WZ` will be treated as a new local. Disambiguate by using `local WZ` to suppress this warning or `global WZ` to assign to the existing global variable.
└ @ ~/stephenz/locaTE-paper/tools/SCODE/SCODE.jl:69
a
mkdir: cannot create directory ‘SCODE_D_4’: File exists
┌ Warning: Assignment to `WZ` in soft scope is ambiguous because a global variable by the same name exists: `WZ` will be treated as a new local. Disambiguate by using `local WZ` to suppress this warning or `global WZ` to assign to the existing global variable.
└ @ ~/stephenz/locaTE-paper/tools/SCODE/SCODE.jl:69
a
mkdir: cannot create directory ‘SCODE_D_6’: File exists
┌ Warning: Assignment to `WZ` in soft scope is ambiguous because a global variable by the same name exists: `WZ` will be treated as a new local. Disambiguate by using `local WZ` to suppress this warning or `global WZ` to assign to the existing global variable.
└ @ ~/stephenz/locaTE-paper/tools/SCODE/SCODE.jl:69
a
mkdir: cannot create directory ‘SCODE_D_8’: File exists
┌ Warning: Assignment to `WZ` in soft scope is ambiguous because a global variable by the same name exists: `WZ` will be treated as a new local. Disambiguate by using `local WZ` to suppress this warning or `global WZ` to assign to the existing global variable.
└ @ ~/stephenz/locaTE-paper/tools/SCODE/SCODE.jl:69
a
sh: line 1: matlab: command not found
sh: line 1: matlab: command not found
/data/gpfs/projects/punim0638/stephenz/envs/py39/lib/python3.9/site-packages/Scribe-0.0.0-py3.9.egg/Scribe/causal_network.py:18: UserWarning:  WARNING: No expression data argument given. if you intend to load the data from a file, call the method 'read_expression_file'.
  if expression==None: warnings.warn(" WARNING: No expression data argument given. if you intend to load the data from a file, call the method 'read_expression_file'.")
/data/gpfs/projects/punim0638/stephenz/envs/py39/lib/python3.9/site-packages/Scribe-0.0.0-py3.9.egg/Scribe/causal_network.py:298: FutureWarning: Could not cast to int64, falling back to object. This behavior is deprecated. In a future version, when a dtype is passed to 'DataFrame', either all columns will be cast to that dtype, or a TypeError will be raised.
  max_rdi_delay = pd.DataFrame({node_id: [np.nan for i in self.node_ids] for node_id in self.node_ids}, index=self.node_ids,
Tree method: RF
K: sqrt
Number of trees: 1000


running single threaded jobs
Gene 1/10...
Gene 2/10...
Gene 3/10...
Gene 4/10...
Gene 5/10...
Gene 6/10...
Gene 7/10...
Gene 8/10...
Gene 9/10...
Gene 10/10...
Elapsed time: 23.26 seconds
Create causal_model successfully
