  Activating project at `/data/gpfs/projects/punim0638/stephenz/locaTE-paper/data/simulated/Synthetic_1000/dyn-CY/dyn-CY-1000-1/pidc_env`
    Updating registry at `~/.julia/registries/General.toml`
   Resolving package versions...
  No Changes to `/data/gpfs/projects/punim0638/stephenz/locaTE-paper/data/simulated/Synthetic_1000/dyn-CY/dyn-CY-1000-1/pidc_env/Project.toml`
  No Changes to `/data/gpfs/projects/punim0638/stephenz/locaTE-paper/data/simulated/Synthetic_1000/dyn-CY/dyn-CY-1000-1/pidc_env/Manifest.toml`
Getting nodes...
Inferring network...
2023-10-04 23:35:31.978555
2023-10-04 23:35:32.217151
2023-10-04 23:35:32.447093

real	0m1.286s
user	0m0.009s
sys	0m0.009s
2023-10-04 23:35:43.473034
2023-10-04 23:35:43.639976
2023-10-04 23:35:43.794957

real	0m1.153s
user	0m0.008s
sys	0m0.009s
cat: write error: Broken pipe
2023-10-04 23:35:54.831429
2023-10-04 23:35:54.975305
2023-10-04 23:35:55.094233

real	0m1.114s
user	0m0.009s
sys	0m0.008s
cat: write error: Broken pipe
2023-10-04 23:36:06.132032
2023-10-04 23:36:06.260022
2023-10-04 23:36:06.366452

real	0m1.071s
user	0m0.009s
sys	0m0.008s
2023-10-04 23:36:17.399888
2023-10-04 23:36:17.563643
2023-10-04 23:36:17.711339

real	0m1.155s
user	0m0.009s
sys	0m0.008s
2023-10-04 23:36:28.796240
2023-10-04 23:36:29.253031
2023-10-04 23:36:29.675846

real	0m1.778s
user	0m0.005s
sys	0m0.012s
2023-10-04 23:36:40.953987
2023-10-04 23:36:42.458794
2023-10-04 23:36:43.676547

real	0m3.806s
user	0m0.006s
sys	0m0.011s
cat: write error: Broken pipe
2023-10-04 23:36:54.655820
2023-10-04 23:36:54.767065
2023-10-04 23:36:54.861970

real	0m0.985s
user	0m0.010s
sys	0m0.008s
mkdir: cannot create directory ‘SCODE_D_2’: File exists
┌ Warning: Assignment to `WZ` in soft scope is ambiguous because a global variable by the same name exists: `WZ` will be treated as a new local. Disambiguate by using `local WZ` to suppress this warning or `global WZ` to assign to the existing global variable.
└ @ ~/stephenz/locaTE-paper/tools/SCODE/SCODE.jl:69
a
mkdir: cannot create directory ‘SCODE_D_4’: File exists
┌ Warning: Assignment to `WZ` in soft scope is ambiguous because a global variable by the same name exists: `WZ` will be treated as a new local. Disambiguate by using `local WZ` to suppress this warning or `global WZ` to assign to the existing global variable.
└ @ ~/stephenz/locaTE-paper/tools/SCODE/SCODE.jl:69
a
mkdir: cannot create directory ‘SCODE_D_6’: File exists
┌ Warning: Assignment to `WZ` in soft scope is ambiguous because a global variable by the same name exists: `WZ` will be treated as a new local. Disambiguate by using `local WZ` to suppress this warning or `global WZ` to assign to the existing global variable.
└ @ ~/stephenz/locaTE-paper/tools/SCODE/SCODE.jl:69
a
mkdir: cannot create directory ‘SCODE_D_8’: File exists
┌ Warning: Assignment to `WZ` in soft scope is ambiguous because a global variable by the same name exists: `WZ` will be treated as a new local. Disambiguate by using `local WZ` to suppress this warning or `global WZ` to assign to the existing global variable.
└ @ ~/stephenz/locaTE-paper/tools/SCODE/SCODE.jl:69
a
sh: line 1: matlab: command not found
sh: line 1: matlab: command not found
/data/gpfs/projects/punim0638/stephenz/envs/py39/lib/python3.9/site-packages/Scribe-0.0.0-py3.9.egg/Scribe/causal_network.py:18: UserWarning:  WARNING: No expression data argument given. if you intend to load the data from a file, call the method 'read_expression_file'.
  if expression==None: warnings.warn(" WARNING: No expression data argument given. if you intend to load the data from a file, call the method 'read_expression_file'.")
/data/gpfs/projects/punim0638/stephenz/envs/py39/lib/python3.9/site-packages/Scribe-0.0.0-py3.9.egg/Scribe/causal_network.py:298: FutureWarning: Could not cast to int64, falling back to object. This behavior is deprecated. In a future version, when a dtype is passed to 'DataFrame', either all columns will be cast to that dtype, or a TypeError will be raised.
  max_rdi_delay = pd.DataFrame({node_id: [np.nan for i in self.node_ids] for node_id in self.node_ids}, index=self.node_ids,
Tree method: RF
K: sqrt
Number of trees: 1000


running single threaded jobs
Gene 1/6...
Gene 2/6...
Gene 3/6...
Gene 4/6...
Gene 5/6...
Gene 6/6...
Elapsed time: 10.91 seconds
Create causal_model successfully
