  Activating project at `/data/gpfs/projects/punim0638/stephenz/locaTE-paper/data/simulated/Synthetic_1000/dyn-LL/dyn-LL-1000-4/pidc_env`
    Updating registry at `~/.julia/registries/General.toml`
   Resolving package versions...
  No Changes to `/data/gpfs/projects/punim0638/stephenz/locaTE-paper/data/simulated/Synthetic_1000/dyn-LL/dyn-LL-1000-4/pidc_env/Project.toml`
  No Changes to `/data/gpfs/projects/punim0638/stephenz/locaTE-paper/data/simulated/Synthetic_1000/dyn-LL/dyn-LL-1000-4/pidc_env/Manifest.toml`
Getting nodes...
Inferring network...
cat: write error: Broken pipe
2023-10-04 23:41:33.079229
2023-10-04 23:41:36.065042
2023-10-04 23:41:39.324903

real	0m7.041s
user	0m0.010s
sys	0m0.007s
cat: write error: Broken pipe
2023-10-04 23:41:50.318307
2023-10-04 23:41:52.912860
2023-10-04 23:41:55.741239

real	0m6.203s
user	0m0.010s
sys	0m0.007s
cat: write error: Broken pipe
2023-10-04 23:42:06.753393
2023-10-04 23:42:09.203938
2023-10-04 23:42:11.832135

real	0m5.897s
user	0m0.009s
sys	0m0.008s
cat: write error: Broken pipe
2023-10-04 23:42:22.850130
2023-10-04 23:42:25.481395
2023-10-04 23:42:28.203006

real	0m6.179s
user	0m0.009s
sys	0m0.008s
cat: write error: Broken pipe
2023-10-04 23:42:39.204554
2023-10-04 23:42:42.269174
2023-10-04 23:42:45.381897

real	0m6.971s
user	0m0.008s
sys	0m0.010s
cat: write error: Broken pipe
2023-10-04 23:42:56.399594
2023-10-04 23:43:01.574537
2023-10-04 23:43:06.997795

real	0m11.423s
user	0m0.011s
sys	0m0.005s
cat: write error: Broken pipe
2023-10-04 23:43:18.103810
2023-10-04 23:43:23.936807
2023-10-04 23:43:27.440750

real	0m10.262s
user	0m0.008s
sys	0m0.009s
cat: write error: Broken pipe
2023-10-04 23:43:38.406690
2023-10-04 23:43:39.547559
2023-10-04 23:43:40.763070

real	0m3.103s
user	0m0.007s
sys	0m0.010s
mkdir: cannot create directory ‘SCODE_D_2’: File exists
┌ Warning: Assignment to `WZ` in soft scope is ambiguous because a global variable by the same name exists: `WZ` will be treated as a new local. Disambiguate by using `local WZ` to suppress this warning or `global WZ` to assign to the existing global variable.
└ @ ~/stephenz/locaTE-paper/tools/SCODE/SCODE.jl:69
a
mkdir: cannot create directory ‘SCODE_D_4’: File exists
┌ Warning: Assignment to `WZ` in soft scope is ambiguous because a global variable by the same name exists: `WZ` will be treated as a new local. Disambiguate by using `local WZ` to suppress this warning or `global WZ` to assign to the existing global variable.
└ @ ~/stephenz/locaTE-paper/tools/SCODE/SCODE.jl:69
a
mkdir: cannot create directory ‘SCODE_D_6’: File exists
┌ Warning: Assignment to `WZ` in soft scope is ambiguous because a global variable by the same name exists: `WZ` will be treated as a new local. Disambiguate by using `local WZ` to suppress this warning or `global WZ` to assign to the existing global variable.
└ @ ~/stephenz/locaTE-paper/tools/SCODE/SCODE.jl:69
a
mkdir: cannot create directory ‘SCODE_D_8’: File exists
┌ Warning: Assignment to `WZ` in soft scope is ambiguous because a global variable by the same name exists: `WZ` will be treated as a new local. Disambiguate by using `local WZ` to suppress this warning or `global WZ` to assign to the existing global variable.
└ @ ~/stephenz/locaTE-paper/tools/SCODE/SCODE.jl:69
a
sh: line 1: matlab: command not found
sh: line 1: matlab: command not found
/data/gpfs/projects/punim0638/stephenz/envs/py39/lib/python3.9/site-packages/Scribe-0.0.0-py3.9.egg/Scribe/causal_network.py:18: UserWarning:  WARNING: No expression data argument given. if you intend to load the data from a file, call the method 'read_expression_file'.
  if expression==None: warnings.warn(" WARNING: No expression data argument given. if you intend to load the data from a file, call the method 'read_expression_file'.")
/data/gpfs/projects/punim0638/stephenz/envs/py39/lib/python3.9/site-packages/Scribe-0.0.0-py3.9.egg/Scribe/causal_network.py:298: FutureWarning: Could not cast to int64, falling back to object. This behavior is deprecated. In a future version, when a dtype is passed to 'DataFrame', either all columns will be cast to that dtype, or a TypeError will be raised.
  max_rdi_delay = pd.DataFrame({node_id: [np.nan for i in self.node_ids] for node_id in self.node_ids}, index=self.node_ids,
Tree method: RF
K: sqrt
Number of trees: 1000


running single threaded jobs
Gene 1/18...
Gene 2/18...
Gene 3/18...
Gene 4/18...
Gene 5/18...
Gene 6/18...
Gene 7/18...
Gene 8/18...
Gene 9/18...
Gene 10/18...
Gene 11/18...
Gene 12/18...
Gene 13/18...
Gene 14/18...
Gene 15/18...
Gene 16/18...
Gene 17/18...
Gene 18/18...
Elapsed time: 51.77 seconds
Create causal_model successfully
