  Activating project at `/data/gpfs/projects/punim0638/stephenz/locaTE-paper/data/simulated/Synthetic_1000/dyn-SW/dyn-SW-1000-2/pidc_env`
    Updating registry at `~/.julia/registries/General.toml`
   Resolving package versions...
  No Changes to `/data/gpfs/projects/punim0638/stephenz/locaTE-paper/data/simulated/Synthetic_1000/dyn-SW/dyn-SW-1000-2/pidc_env/Project.toml`
  No Changes to `/data/gpfs/projects/punim0638/stephenz/locaTE-paper/data/simulated/Synthetic_1000/dyn-SW/dyn-SW-1000-2/pidc_env/Manifest.toml`
Getting nodes...
Inferring network...
cat: write error: Broken pipe
2023-10-04 23:44:09.597088
2023-10-04 23:44:09.989989
2023-10-04 23:44:10.361872

real	0m1.836s
user	0m0.014s
sys	0m0.012s
cat: write error: Broken pipe
2023-10-04 23:44:21.716231
2023-10-04 23:44:22.050161
2023-10-04 23:44:22.339755

real	0m1.702s
user	0m0.010s
sys	0m0.009s
cat: write error: Broken pipe
2023-10-04 23:44:33.657208
2023-10-04 23:44:33.933871
2023-10-04 23:44:34.180817

real	0m1.586s
user	0m0.008s
sys	0m0.019s
cat: write error: Broken pipe
2023-10-04 23:44:45.542374
2023-10-04 23:44:45.817705
2023-10-04 23:44:46.080465

real	0m1.622s
user	0m0.011s
sys	0m0.019s
cat: write error: Broken pipe
2023-10-04 23:44:57.397164
2023-10-04 23:44:57.745376
2023-10-04 23:44:58.091337

real	0m1.726s
user	0m0.012s
sys	0m0.007s
cat: write error: Broken pipe
2023-10-04 23:45:09.403679
2023-10-04 23:45:10.276506
2023-10-04 23:45:11.046632

real	0m2.709s
user	0m0.012s
sys	0m0.008s
cat: write error: Broken pipe
2023-10-04 23:45:22.745882
2023-10-04 23:45:24.287968
2023-10-04 23:45:25.065012

real	0m3.692s
user	0m0.009s
sys	0m0.011s
cat: write error: Broken pipe
2023-10-04 23:45:36.353736
2023-10-04 23:45:36.540761
2023-10-04 23:45:36.705392

real	0m1.424s
user	0m0.010s
sys	0m0.009s
mkdir: cannot create directory ‘SCODE_D_2’: File exists
┌ Warning: Assignment to `WZ` in soft scope is ambiguous because a global variable by the same name exists: `WZ` will be treated as a new local. Disambiguate by using `local WZ` to suppress this warning or `global WZ` to assign to the existing global variable.
└ @ ~/stephenz/locaTE-paper/tools/SCODE/SCODE.jl:69
a
mkdir: cannot create directory ‘SCODE_D_4’: File exists
┌ Warning: Assignment to `WZ` in soft scope is ambiguous because a global variable by the same name exists: `WZ` will be treated as a new local. Disambiguate by using `local WZ` to suppress this warning or `global WZ` to assign to the existing global variable.
└ @ ~/stephenz/locaTE-paper/tools/SCODE/SCODE.jl:69
a
mkdir: cannot create directory ‘SCODE_D_6’: File exists
┌ Warning: Assignment to `WZ` in soft scope is ambiguous because a global variable by the same name exists: `WZ` will be treated as a new local. Disambiguate by using `local WZ` to suppress this warning or `global WZ` to assign to the existing global variable.
└ @ ~/stephenz/locaTE-paper/tools/SCODE/SCODE.jl:69
a
mkdir: cannot create directory ‘SCODE_D_8’: File exists
┌ Warning: Assignment to `WZ` in soft scope is ambiguous because a global variable by the same name exists: `WZ` will be treated as a new local. Disambiguate by using `local WZ` to suppress this warning or `global WZ` to assign to the existing global variable.
└ @ ~/stephenz/locaTE-paper/tools/SCODE/SCODE.jl:69
a
sh: line 1: matlab: command not found
sh: line 1: matlab: command not found
/data/gpfs/projects/punim0638/stephenz/envs/py39/lib/python3.9/site-packages/Scribe-0.0.0-py3.9.egg/Scribe/causal_network.py:18: UserWarning:  WARNING: No expression data argument given. if you intend to load the data from a file, call the method 'read_expression_file'.
  if expression==None: warnings.warn(" WARNING: No expression data argument given. if you intend to load the data from a file, call the method 'read_expression_file'.")
/data/gpfs/projects/punim0638/stephenz/envs/py39/lib/python3.9/site-packages/Scribe-0.0.0-py3.9.egg/Scribe/causal_network.py:298: FutureWarning: Could not cast to int64, falling back to object. This behavior is deprecated. In a future version, when a dtype is passed to 'DataFrame', either all columns will be cast to that dtype, or a TypeError will be raised.
  max_rdi_delay = pd.DataFrame({node_id: [np.nan for i in self.node_ids] for node_id in self.node_ids}, index=self.node_ids,
Tree method: RF
K: sqrt
Number of trees: 1000


running single threaded jobs
Gene 1/7...
Gene 2/7...
Gene 3/7...
Gene 4/7...
Gene 5/7...
Gene 6/7...
Gene 7/7...
Elapsed time: 13.35 seconds
Create causal_model successfully
