  Activating project at `/data/gpfs/projects/punim0638/stephenz/locaTE-paper/data/simulated/Synthetic_1000/dyn-CY/dyn-CY-1000-5/pidc_env`
    Updating registry at `~/.julia/registries/General.toml`
   Resolving package versions...
  No Changes to `/data/gpfs/projects/punim0638/stephenz/locaTE-paper/data/simulated/Synthetic_1000/dyn-CY/dyn-CY-1000-5/pidc_env/Project.toml`
  No Changes to `/data/gpfs/projects/punim0638/stephenz/locaTE-paper/data/simulated/Synthetic_1000/dyn-CY/dyn-CY-1000-5/pidc_env/Manifest.toml`
Getting nodes...
Inferring network...
2023-10-04 23:37:10.587791
2023-10-04 23:37:10.811814
2023-10-04 23:37:11.035071

real	0m1.252s
user	0m0.009s
sys	0m0.008s
2023-10-04 23:37:21.957953
2023-10-04 23:37:22.130958
2023-10-04 23:37:22.282012

real	0m1.065s
user	0m0.006s
sys	0m0.011s
2023-10-04 23:37:33.235789
2023-10-04 23:37:33.380805
2023-10-04 23:37:33.496541

real	0m1.030s
user	0m0.006s
sys	0m0.010s
cat: write error: Broken pipe
2023-10-04 23:37:44.460744
2023-10-04 23:37:44.601675
2023-10-04 23:37:44.707768

real	0m1.020s
user	0m0.009s
sys	0m0.007s
2023-10-04 23:37:55.678979
2023-10-04 23:37:55.859999
2023-10-04 23:37:56.002599

real	0m1.104s
user	0m0.008s
sys	0m0.009s
2023-10-04 23:38:07.002147
2023-10-04 23:38:07.453964
2023-10-04 23:38:07.816325

real	0m1.635s
user	0m0.011s
sys	0m0.006s
2023-10-04 23:38:18.908143
2023-10-04 23:38:19.926703
2023-10-04 23:38:21.047307

real	0m3.049s
user	0m0.006s
sys	0m0.011s
2023-10-04 23:38:31.971813
2023-10-04 23:38:32.076534
2023-10-04 23:38:32.174575

real	0m0.940s
user	0m0.009s
sys	0m0.008s
mkdir: cannot create directory ‘SCODE_D_2’: File exists
┌ Warning: Assignment to `WZ` in soft scope is ambiguous because a global variable by the same name exists: `WZ` will be treated as a new local. Disambiguate by using `local WZ` to suppress this warning or `global WZ` to assign to the existing global variable.
└ @ ~/stephenz/locaTE-paper/tools/SCODE/SCODE.jl:69
a
mkdir: cannot create directory ‘SCODE_D_4’: File exists
┌ Warning: Assignment to `WZ` in soft scope is ambiguous because a global variable by the same name exists: `WZ` will be treated as a new local. Disambiguate by using `local WZ` to suppress this warning or `global WZ` to assign to the existing global variable.
└ @ ~/stephenz/locaTE-paper/tools/SCODE/SCODE.jl:69
a
mkdir: cannot create directory ‘SCODE_D_6’: File exists
┌ Warning: Assignment to `WZ` in soft scope is ambiguous because a global variable by the same name exists: `WZ` will be treated as a new local. Disambiguate by using `local WZ` to suppress this warning or `global WZ` to assign to the existing global variable.
└ @ ~/stephenz/locaTE-paper/tools/SCODE/SCODE.jl:69
a
mkdir: cannot create directory ‘SCODE_D_8’: File exists
┌ Warning: Assignment to `WZ` in soft scope is ambiguous because a global variable by the same name exists: `WZ` will be treated as a new local. Disambiguate by using `local WZ` to suppress this warning or `global WZ` to assign to the existing global variable.
└ @ ~/stephenz/locaTE-paper/tools/SCODE/SCODE.jl:69
a
sh: line 1: matlab: command not found
sh: line 1: matlab: command not found
/data/gpfs/projects/punim0638/stephenz/envs/py39/lib/python3.9/site-packages/Scribe-0.0.0-py3.9.egg/Scribe/causal_network.py:18: UserWarning:  WARNING: No expression data argument given. if you intend to load the data from a file, call the method 'read_expression_file'.
  if expression==None: warnings.warn(" WARNING: No expression data argument given. if you intend to load the data from a file, call the method 'read_expression_file'.")
/data/gpfs/projects/punim0638/stephenz/envs/py39/lib/python3.9/site-packages/Scribe-0.0.0-py3.9.egg/Scribe/causal_network.py:298: FutureWarning: Could not cast to int64, falling back to object. This behavior is deprecated. In a future version, when a dtype is passed to 'DataFrame', either all columns will be cast to that dtype, or a TypeError will be raised.
  max_rdi_delay = pd.DataFrame({node_id: [np.nan for i in self.node_ids] for node_id in self.node_ids}, index=self.node_ids,
Tree method: RF
K: sqrt
Number of trees: 1000


running single threaded jobs
Gene 1/6...
Gene 2/6...
Gene 3/6...
Gene 4/6...
Gene 5/6...
Gene 6/6...
Elapsed time: 10.76 seconds
Create causal_model successfully
