  Activating project at `/data/gpfs/projects/punim0638/stephenz/locaTE-paper/data/simulated/Synthetic_1000/dyn-BFStrange/dyn-BFStrange-1000-7/pidc_env`
    Updating registry at `~/.julia/registries/General.toml`
   Resolving package versions...
  No Changes to `/data/gpfs/projects/punim0638/stephenz/locaTE-paper/data/simulated/Synthetic_1000/dyn-BFStrange/dyn-BFStrange-1000-7/pidc_env/Project.toml`
  No Changes to `/data/gpfs/projects/punim0638/stephenz/locaTE-paper/data/simulated/Synthetic_1000/dyn-BFStrange/dyn-BFStrange-1000-7/pidc_env/Manifest.toml`
Getting nodes...
Inferring network...

The following have been reloaded with a version change:
  1) Java/11.0.18 => Java/17.0.6

cat: write error: Broken pipe
Picked up _JAVA_OPTIONS: -Xmx2048m
2023-09-24 13:54:42.574732
2023-09-24 13:54:42.841819

real	0m2.050s
user	0m0.008s
sys	0m0.009s
cat: write error: Broken pipe
Picked up _JAVA_OPTIONS: -Xmx2048m
2023-09-24 13:54:49.084637
2023-09-24 13:54:49.208406

real	0m1.006s
user	0m0.009s
sys	0m0.009s
cat: write error: Broken pipe
Picked up _JAVA_OPTIONS: -Xmx2048m
2023-09-24 13:54:55.451012
2023-09-24 13:54:55.453720

real	0m0.937s
user	0m0.006s
sys	0m0.012s
cat: write error: Broken pipe
Picked up _JAVA_OPTIONS: -Xmx2048m
2023-09-24 13:55:01.627951
2023-09-24 13:55:01.873515

real	0m1.461s
user	0m0.009s
sys	0m0.008s
cat: write error: Broken pipe
Picked up _JAVA_OPTIONS: -Xmx2048m
2023-09-24 13:55:08.129787
2023-09-24 13:55:08.248286

real	0m1.031s
user	0m0.007s
sys	0m0.011s
cat: write error: Broken pipe
Picked up _JAVA_OPTIONS: -Xmx2048m
2023-09-24 13:55:14.284034
2023-09-24 13:55:14.287038

real	0m0.750s
user	0m0.012s
sys	0m0.005s
cat: write error: Broken pipe
Picked up _JAVA_OPTIONS: -Xmx2048m
2023-09-24 13:55:20.379979
2023-09-24 13:55:20.618715

real	0m1.377s
user	0m0.008s
sys	0m0.009s
cat: write error: Broken pipe
Picked up _JAVA_OPTIONS: -Xmx2048m
2023-09-24 13:55:26.724617
2023-09-24 13:55:26.842321

real	0m0.903s
user	0m0.009s
sys	0m0.008s
cat: write error: Broken pipe
Picked up _JAVA_OPTIONS: -Xmx2048m
2023-09-24 13:55:32.978920
2023-09-24 13:55:32.981888

real	0m0.865s
user	0m0.005s
sys	0m0.013s
cat: write error: Broken pipe
Picked up _JAVA_OPTIONS: -Xmx2048m
2023-09-24 13:55:39.004532
2023-09-24 13:55:39.258305

real	0m1.342s
user	0m0.006s
sys	0m0.011s
cat: write error: Broken pipe
Picked up _JAVA_OPTIONS: -Xmx2048m
2023-09-24 13:55:45.496641
2023-09-24 13:55:45.643873

real	0m1.065s
user	0m0.011s
sys	0m0.007s
cat: write error: Broken pipe
Picked up _JAVA_OPTIONS: -Xmx2048m
2023-09-24 13:55:51.795126
2023-09-24 13:55:51.798125

real	0m0.819s
user	0m0.007s
sys	0m0.011s
cat: write error: Broken pipe
Picked up _JAVA_OPTIONS: -Xmx2048m
2023-09-24 13:55:57.809895
2023-09-24 13:55:58.138844

real	0m1.447s
user	0m0.008s
sys	0m0.009s
cat: write error: Broken pipe
Picked up _JAVA_OPTIONS: -Xmx2048m
2023-09-24 13:56:04.546951
2023-09-24 13:56:04.832856

real	0m1.468s
user	0m0.007s
sys	0m0.010s
cat: write error: Broken pipe
Picked up _JAVA_OPTIONS: -Xmx2048m
2023-09-24 13:56:11.043818
2023-09-24 13:56:11.046101

real	0m0.775s
user	0m0.007s
sys	0m0.009s
cat: write error: Broken pipe
Picked up _JAVA_OPTIONS: -Xmx2048m
2023-09-24 13:56:17.086278
2023-09-24 13:56:17.685519

real	0m1.982s
user	0m0.007s
sys	0m0.011s
cat: write error: Broken pipe
Picked up _JAVA_OPTIONS: -Xmx2048m
2023-09-24 13:56:24.257606
2023-09-24 13:56:24.823889

real	0m1.772s
user	0m0.006s
sys	0m0.011s
cat: write error: Broken pipe
Picked up _JAVA_OPTIONS: -Xmx2048m
Traceback (most recent call last):
  File "infodynamics.measures.continuous.TransferEntropyCommon.java", line -1, in infodynamics.measures.continuous.TransferEntropyCommon.setObservations
Exception: Java Exception

The above exception was the direct cause of the following exception:

Traceback (most recent call last):
  File "/data/gpfs/projects/punim0638/stephenz/locaTE-paper/data/simulated/Synthetic_1000/dyn-BFStrange/dyn-BFStrange-1000-7/tenet/runTE.py", line 67, in <module>
    teCalc.setObservations(JArray(JDouble, 1)(expression_data[0]), JArray(JDouble, 1)(expression_data[1]))
java.lang.java.lang.ArrayIndexOutOfBoundsException: java.lang.ArrayIndexOutOfBoundsException: Index 0 out of bounds for length 0

real	0m0.790s
user	0m0.009s
sys	0m0.008s
cat: 'outputs/*.csv': No such file or directory
cat: write error: Broken pipe
Picked up _JAVA_OPTIONS: -Xmx2048m
2023-09-24 13:56:37.169212
2023-09-24 13:56:38.888867

real	0m4.270s
user	0m0.006s
sys	0m0.011s
cat: write error: Broken pipe
Picked up _JAVA_OPTIONS: -Xmx2048m
2023-09-24 13:56:46.675708
2023-09-24 13:56:48.034519

real	0m3.813s
user	0m0.008s
sys	0m0.009s
cat: write error: Broken pipe
Picked up _JAVA_OPTIONS: -Xmx2048m
Traceback (most recent call last):
  File "infodynamics.measures.continuous.TransferEntropyCommon.java", line -1, in infodynamics.measures.continuous.TransferEntropyCommon.setObservations
Exception: Java Exception

The above exception was the direct cause of the following exception:

Traceback (most recent call last):
  File "/data/gpfs/projects/punim0638/stephenz/locaTE-paper/data/simulated/Synthetic_1000/dyn-BFStrange/dyn-BFStrange-1000-7/tenet/runTE.py", line 67, in <module>
    teCalc.setObservations(JArray(JDouble, 1)(expression_data[0]), JArray(JDouble, 1)(expression_data[1]))
java.lang.java.lang.ArrayIndexOutOfBoundsException: java.lang.ArrayIndexOutOfBoundsException: Index 0 out of bounds for length 0

real	0m0.768s
user	0m0.009s
sys	0m0.008s
cat: 'outputs/*.csv': No such file or directory
cat: write error: Broken pipe
Picked up _JAVA_OPTIONS: -Xmx2048m
2023-09-24 13:57:01.491876
2023-09-24 13:57:01.607659

real	0m0.969s
user	0m0.008s
sys	0m0.009s
cat: write error: Broken pipe
Picked up _JAVA_OPTIONS: -Xmx2048m
2023-09-24 13:57:07.715997
2023-09-24 13:57:07.775990

real	0m0.917s
user	0m0.007s
sys	0m0.010s
cat: write error: Broken pipe
Picked up _JAVA_OPTIONS: -Xmx2048m
Traceback (most recent call last):
  File "infodynamics.measures.continuous.TransferEntropyCommon.java", line -1, in infodynamics.measures.continuous.TransferEntropyCommon.setObservations
Exception: Java Exception

The above exception was the direct cause of the following exception:

Traceback (most recent call last):
  File "/data/gpfs/projects/punim0638/stephenz/locaTE-paper/data/simulated/Synthetic_1000/dyn-BFStrange/dyn-BFStrange-1000-7/tenet/runTE.py", line 67, in <module>
    teCalc.setObservations(JArray(JDouble, 1)(expression_data[0]), JArray(JDouble, 1)(expression_data[1]))
java.lang.java.lang.ArrayIndexOutOfBoundsException: java.lang.ArrayIndexOutOfBoundsException: Index 0 out of bounds for length 0

real	0m0.782s
user	0m0.008s
sys	0m0.010s
cat: 'outputs/*.csv': No such file or directory
mkdir: cannot create directory ‘SCODE_D_2’: File exists
/data/gpfs/projects/punim0638/stephenz/locaTE-paper/data/simulated/Synthetic_1000/scripts//run_SCODE_bifurc.sh: line 8: 88703 Segmentation fault      (core dumped) julia --project=$SCODE_DIR $SCODE_DIR/SCODE.jl exp_branch0.txt time_branch0.txt $dir $(wc -l exp_branch0.txt | cut -d' ' -f 1) $k $(wc -l time_branch0.txt | cut -d' ' -f 1) 1000
mv: cannot stat 'SCODE_D_2/A.txt': No such file or directory
/data/gpfs/projects/punim0638/stephenz/locaTE-paper/data/simulated/Synthetic_1000/scripts//run_SCODE_bifurc.sh: line 8: 89168 Segmentation fault      (core dumped) julia --project=$SCODE_DIR $SCODE_DIR/SCODE.jl exp_branch1.txt time_branch1.txt $dir $(wc -l exp_branch1.txt | cut -d' ' -f 1) $k $(wc -l time_branch1.txt | cut -d' ' -f 1) 1000
mv: cannot stat 'SCODE_D_2/A.txt': No such file or directory
/data/gpfs/projects/punim0638/stephenz/locaTE-paper/data/simulated/Synthetic_1000/scripts//run_SCODE_bifurc.sh: line 8: 89625 Segmentation fault      (core dumped) julia --project=$SCODE_DIR $SCODE_DIR/SCODE.jl exp_branch2.txt time_branch2.txt $dir $(wc -l exp_branch2.txt | cut -d' ' -f 1) $k $(wc -l time_branch2.txt | cut -d' ' -f 1) 1000
mv: cannot stat 'SCODE_D_2/A.txt': No such file or directory
mkdir: cannot create directory ‘SCODE_D_4’: File exists
/data/gpfs/projects/punim0638/stephenz/locaTE-paper/data/simulated/Synthetic_1000/scripts//run_SCODE_bifurc.sh: line 8: 90131 Segmentation fault      (core dumped) julia --project=$SCODE_DIR $SCODE_DIR/SCODE.jl exp_branch0.txt time_branch0.txt $dir $(wc -l exp_branch0.txt | cut -d' ' -f 1) $k $(wc -l time_branch0.txt | cut -d' ' -f 1) 1000
mv: cannot stat 'SCODE_D_4/A.txt': No such file or directory
/data/gpfs/projects/punim0638/stephenz/locaTE-paper/data/simulated/Synthetic_1000/scripts//run_SCODE_bifurc.sh: line 8: 90685 Segmentation fault      (core dumped) julia --project=$SCODE_DIR $SCODE_DIR/SCODE.jl exp_branch1.txt time_branch1.txt $dir $(wc -l exp_branch1.txt | cut -d' ' -f 1) $k $(wc -l time_branch1.txt | cut -d' ' -f 1) 1000
mv: cannot stat 'SCODE_D_4/A.txt': No such file or directory
/data/gpfs/projects/punim0638/stephenz/locaTE-paper/data/simulated/Synthetic_1000/scripts//run_SCODE_bifurc.sh: line 8: 91232 Segmentation fault      (core dumped) julia --project=$SCODE_DIR $SCODE_DIR/SCODE.jl exp_branch2.txt time_branch2.txt $dir $(wc -l exp_branch2.txt | cut -d' ' -f 1) $k $(wc -l time_branch2.txt | cut -d' ' -f 1) 1000
mv: cannot stat 'SCODE_D_4/A.txt': No such file or directory
mkdir: cannot create directory ‘SCODE_D_6’: File exists
/data/gpfs/projects/punim0638/stephenz/locaTE-paper/data/simulated/Synthetic_1000/scripts//run_SCODE_bifurc.sh: line 8: 91769 Segmentation fault      (core dumped) julia --project=$SCODE_DIR $SCODE_DIR/SCODE.jl exp_branch0.txt time_branch0.txt $dir $(wc -l exp_branch0.txt | cut -d' ' -f 1) $k $(wc -l time_branch0.txt | cut -d' ' -f 1) 1000
mv: cannot stat 'SCODE_D_6/A.txt': No such file or directory
/data/gpfs/projects/punim0638/stephenz/locaTE-paper/data/simulated/Synthetic_1000/scripts//run_SCODE_bifurc.sh: line 8: 92291 Segmentation fault      (core dumped) julia --project=$SCODE_DIR $SCODE_DIR/SCODE.jl exp_branch1.txt time_branch1.txt $dir $(wc -l exp_branch1.txt | cut -d' ' -f 1) $k $(wc -l time_branch1.txt | cut -d' ' -f 1) 1000
mv: cannot stat 'SCODE_D_6/A.txt': No such file or directory
/data/gpfs/projects/punim0638/stephenz/locaTE-paper/data/simulated/Synthetic_1000/scripts//run_SCODE_bifurc.sh: line 8: 92830 Segmentation fault      (core dumped) julia --project=$SCODE_DIR $SCODE_DIR/SCODE.jl exp_branch2.txt time_branch2.txt $dir $(wc -l exp_branch2.txt | cut -d' ' -f 1) $k $(wc -l time_branch2.txt | cut -d' ' -f 1) 1000
mv: cannot stat 'SCODE_D_6/A.txt': No such file or directory
mkdir: cannot create directory ‘SCODE_D_8’: File exists
/data/gpfs/projects/punim0638/stephenz/locaTE-paper/data/simulated/Synthetic_1000/scripts//run_SCODE_bifurc.sh: line 8: 93371 Segmentation fault      (core dumped) julia --project=$SCODE_DIR $SCODE_DIR/SCODE.jl exp_branch0.txt time_branch0.txt $dir $(wc -l exp_branch0.txt | cut -d' ' -f 1) $k $(wc -l time_branch0.txt | cut -d' ' -f 1) 1000
mv: cannot stat 'SCODE_D_8/A.txt': No such file or directory
/data/gpfs/projects/punim0638/stephenz/locaTE-paper/data/simulated/Synthetic_1000/scripts//run_SCODE_bifurc.sh: line 8: 93925 Segmentation fault      (core dumped) julia --project=$SCODE_DIR $SCODE_DIR/SCODE.jl exp_branch1.txt time_branch1.txt $dir $(wc -l exp_branch1.txt | cut -d' ' -f 1) $k $(wc -l time_branch1.txt | cut -d' ' -f 1) 1000
mv: cannot stat 'SCODE_D_8/A.txt': No such file or directory
/data/gpfs/projects/punim0638/stephenz/locaTE-paper/data/simulated/Synthetic_1000/scripts//run_SCODE_bifurc.sh: line 8: 94479 Segmentation fault      (core dumped) julia --project=$SCODE_DIR $SCODE_DIR/SCODE.jl exp_branch2.txt time_branch2.txt $dir $(wc -l exp_branch2.txt | cut -d' ' -f 1) $k $(wc -l time_branch2.txt | cut -d' ' -f 1) 1000
mv: cannot stat 'SCODE_D_8/A.txt': No such file or directory
mkdir: cannot create directory ‘SCODE_D_2’: File exists
/data/gpfs/projects/punim0638/stephenz/locaTE-paper/data/simulated/Synthetic_1000/scripts//run_SCODE_bifurc.sh: line 8: 94996 Segmentation fault      (core dumped) julia --project=$SCODE_DIR $SCODE_DIR/SCODE.jl exp_branch0.txt time_branch0.txt $dir $(wc -l exp_branch0.txt | cut -d' ' -f 1) $k $(wc -l time_branch0.txt | cut -d' ' -f 1) 1000
mv: cannot stat 'SCODE_D_2/A.txt': No such file or directory
/data/gpfs/projects/punim0638/stephenz/locaTE-paper/data/simulated/Synthetic_1000/scripts//run_SCODE_bifurc.sh: line 8: 95535 Segmentation fault      (core dumped) julia --project=$SCODE_DIR $SCODE_DIR/SCODE.jl exp_branch1.txt time_branch1.txt $dir $(wc -l exp_branch1.txt | cut -d' ' -f 1) $k $(wc -l time_branch1.txt | cut -d' ' -f 1) 1000
mv: cannot stat 'SCODE_D_2/A.txt': No such file or directory
/data/gpfs/projects/punim0638/stephenz/locaTE-paper/data/simulated/Synthetic_1000/scripts//run_SCODE_bifurc.sh: line 8: 96070 Segmentation fault      (core dumped) julia --project=$SCODE_DIR $SCODE_DIR/SCODE.jl exp_branch2.txt time_branch2.txt $dir $(wc -l exp_branch2.txt | cut -d' ' -f 1) $k $(wc -l time_branch2.txt | cut -d' ' -f 1) 1000
mv: cannot stat 'SCODE_D_2/A.txt': No such file or directory
mkdir: cannot create directory ‘SCODE_D_4’: File exists
/data/gpfs/projects/punim0638/stephenz/locaTE-paper/data/simulated/Synthetic_1000/scripts//run_SCODE_bifurc.sh: line 8: 96617 Segmentation fault      (core dumped) julia --project=$SCODE_DIR $SCODE_DIR/SCODE.jl exp_branch0.txt time_branch0.txt $dir $(wc -l exp_branch0.txt | cut -d' ' -f 1) $k $(wc -l time_branch0.txt | cut -d' ' -f 1) 1000
mv: cannot stat 'SCODE_D_4/A.txt': No such file or directory
/data/gpfs/projects/punim0638/stephenz/locaTE-paper/data/simulated/Synthetic_1000/scripts//run_SCODE_bifurc.sh: line 8: 97168 Segmentation fault      (core dumped) julia --project=$SCODE_DIR $SCODE_DIR/SCODE.jl exp_branch1.txt time_branch1.txt $dir $(wc -l exp_branch1.txt | cut -d' ' -f 1) $k $(wc -l time_branch1.txt | cut -d' ' -f 1) 1000
mv: cannot stat 'SCODE_D_4/A.txt': No such file or directory
/data/gpfs/projects/punim0638/stephenz/locaTE-paper/data/simulated/Synthetic_1000/scripts//run_SCODE_bifurc.sh: line 8: 97695 Segmentation fault      (core dumped) julia --project=$SCODE_DIR $SCODE_DIR/SCODE.jl exp_branch2.txt time_branch2.txt $dir $(wc -l exp_branch2.txt | cut -d' ' -f 1) $k $(wc -l time_branch2.txt | cut -d' ' -f 1) 1000
mv: cannot stat 'SCODE_D_4/A.txt': No such file or directory
mkdir: cannot create directory ‘SCODE_D_6’: File exists
/data/gpfs/projects/punim0638/stephenz/locaTE-paper/data/simulated/Synthetic_1000/scripts//run_SCODE_bifurc.sh: line 8: 98183 Segmentation fault      (core dumped) julia --project=$SCODE_DIR $SCODE_DIR/SCODE.jl exp_branch0.txt time_branch0.txt $dir $(wc -l exp_branch0.txt | cut -d' ' -f 1) $k $(wc -l time_branch0.txt | cut -d' ' -f 1) 1000
mv: cannot stat 'SCODE_D_6/A.txt': No such file or directory
/data/gpfs/projects/punim0638/stephenz/locaTE-paper/data/simulated/Synthetic_1000/scripts//run_SCODE_bifurc.sh: line 8: 98718 Segmentation fault      (core dumped) julia --project=$SCODE_DIR $SCODE_DIR/SCODE.jl exp_branch1.txt time_branch1.txt $dir $(wc -l exp_branch1.txt | cut -d' ' -f 1) $k $(wc -l time_branch1.txt | cut -d' ' -f 1) 1000
mv: cannot stat 'SCODE_D_6/A.txt': No such file or directory
/data/gpfs/projects/punim0638/stephenz/locaTE-paper/data/simulated/Synthetic_1000/scripts//run_SCODE_bifurc.sh: line 8: 99294 Segmentation fault      (core dumped) julia --project=$SCODE_DIR $SCODE_DIR/SCODE.jl exp_branch2.txt time_branch2.txt $dir $(wc -l exp_branch2.txt | cut -d' ' -f 1) $k $(wc -l time_branch2.txt | cut -d' ' -f 1) 1000
mv: cannot stat 'SCODE_D_6/A.txt': No such file or directory
mkdir: cannot create directory ‘SCODE_D_8’: File exists
/data/gpfs/projects/punim0638/stephenz/locaTE-paper/data/simulated/Synthetic_1000/scripts//run_SCODE_bifurc.sh: line 8: 99826 Segmentation fault      (core dumped) julia --project=$SCODE_DIR $SCODE_DIR/SCODE.jl exp_branch0.txt time_branch0.txt $dir $(wc -l exp_branch0.txt | cut -d' ' -f 1) $k $(wc -l time_branch0.txt | cut -d' ' -f 1) 1000
mv: cannot stat 'SCODE_D_8/A.txt': No such file or directory
/data/gpfs/projects/punim0638/stephenz/locaTE-paper/data/simulated/Synthetic_1000/scripts//run_SCODE_bifurc.sh: line 8: 100345 Segmentation fault      (core dumped) julia --project=$SCODE_DIR $SCODE_DIR/SCODE.jl exp_branch1.txt time_branch1.txt $dir $(wc -l exp_branch1.txt | cut -d' ' -f 1) $k $(wc -l time_branch1.txt | cut -d' ' -f 1) 1000
mv: cannot stat 'SCODE_D_8/A.txt': No such file or directory
/data/gpfs/projects/punim0638/stephenz/locaTE-paper/data/simulated/Synthetic_1000/scripts//run_SCODE_bifurc.sh: line 8: 100870 Segmentation fault      (core dumped) julia --project=$SCODE_DIR $SCODE_DIR/SCODE.jl exp_branch2.txt time_branch2.txt $dir $(wc -l exp_branch2.txt | cut -d' ' -f 1) $k $(wc -l time_branch2.txt | cut -d' ' -f 1) 1000
mv: cannot stat 'SCODE_D_8/A.txt': No such file or directory
mkdir: cannot create directory ‘SCODE_D_2’: File exists
/data/gpfs/projects/punim0638/stephenz/locaTE-paper/data/simulated/Synthetic_1000/scripts//run_SCODE_bifurc.sh: line 8: 101422 Segmentation fault      (core dumped) julia --project=$SCODE_DIR $SCODE_DIR/SCODE.jl exp_branch0.txt time_branch0.txt $dir $(wc -l exp_branch0.txt | cut -d' ' -f 1) $k $(wc -l time_branch0.txt | cut -d' ' -f 1) 1000
mv: cannot stat 'SCODE_D_2/A.txt': No such file or directory
/data/gpfs/projects/punim0638/stephenz/locaTE-paper/data/simulated/Synthetic_1000/scripts//run_SCODE_bifurc.sh: line 8: 101950 Segmentation fault      (core dumped) julia --project=$SCODE_DIR $SCODE_DIR/SCODE.jl exp_branch1.txt time_branch1.txt $dir $(wc -l exp_branch1.txt | cut -d' ' -f 1) $k $(wc -l time_branch1.txt | cut -d' ' -f 1) 1000
mv: cannot stat 'SCODE_D_2/A.txt': No such file or directory
/data/gpfs/projects/punim0638/stephenz/locaTE-paper/data/simulated/Synthetic_1000/scripts//run_SCODE_bifurc.sh: line 8: 102493 Segmentation fault      (core dumped) julia --project=$SCODE_DIR $SCODE_DIR/SCODE.jl exp_branch2.txt time_branch2.txt $dir $(wc -l exp_branch2.txt | cut -d' ' -f 1) $k $(wc -l time_branch2.txt | cut -d' ' -f 1) 1000
mv: cannot stat 'SCODE_D_2/A.txt': No such file or directory
mkdir: cannot create directory ‘SCODE_D_4’: File exists
/data/gpfs/projects/punim0638/stephenz/locaTE-paper/data/simulated/Synthetic_1000/scripts//run_SCODE_bifurc.sh: line 8: 102997 Segmentation fault      (core dumped) julia --project=$SCODE_DIR $SCODE_DIR/SCODE.jl exp_branch0.txt time_branch0.txt $dir $(wc -l exp_branch0.txt | cut -d' ' -f 1) $k $(wc -l time_branch0.txt | cut -d' ' -f 1) 1000
mv: cannot stat 'SCODE_D_4/A.txt': No such file or directory
/data/gpfs/projects/punim0638/stephenz/locaTE-paper/data/simulated/Synthetic_1000/scripts//run_SCODE_bifurc.sh: line 8: 103546 Segmentation fault      (core dumped) julia --project=$SCODE_DIR $SCODE_DIR/SCODE.jl exp_branch1.txt time_branch1.txt $dir $(wc -l exp_branch1.txt | cut -d' ' -f 1) $k $(wc -l time_branch1.txt | cut -d' ' -f 1) 1000
mv: cannot stat 'SCODE_D_4/A.txt': No such file or directory
/data/gpfs/projects/punim0638/stephenz/locaTE-paper/data/simulated/Synthetic_1000/scripts//run_SCODE_bifurc.sh: line 8: 104128 Segmentation fault      (core dumped) julia --project=$SCODE_DIR $SCODE_DIR/SCODE.jl exp_branch2.txt time_branch2.txt $dir $(wc -l exp_branch2.txt | cut -d' ' -f 1) $k $(wc -l time_branch2.txt | cut -d' ' -f 1) 1000
mv: cannot stat 'SCODE_D_4/A.txt': No such file or directory
mkdir: cannot create directory ‘SCODE_D_6’: File exists
/data/gpfs/projects/punim0638/stephenz/locaTE-paper/data/simulated/Synthetic_1000/scripts//run_SCODE_bifurc.sh: line 8: 104653 Segmentation fault      (core dumped) julia --project=$SCODE_DIR $SCODE_DIR/SCODE.jl exp_branch0.txt time_branch0.txt $dir $(wc -l exp_branch0.txt | cut -d' ' -f 1) $k $(wc -l time_branch0.txt | cut -d' ' -f 1) 1000
mv: cannot stat 'SCODE_D_6/A.txt': No such file or directory
/data/gpfs/projects/punim0638/stephenz/locaTE-paper/data/simulated/Synthetic_1000/scripts//run_SCODE_bifurc.sh: line 8: 105172 Segmentation fault      (core dumped) julia --project=$SCODE_DIR $SCODE_DIR/SCODE.jl exp_branch1.txt time_branch1.txt $dir $(wc -l exp_branch1.txt | cut -d' ' -f 1) $k $(wc -l time_branch1.txt | cut -d' ' -f 1) 1000
mv: cannot stat 'SCODE_D_6/A.txt': No such file or directory
/data/gpfs/projects/punim0638/stephenz/locaTE-paper/data/simulated/Synthetic_1000/scripts//run_SCODE_bifurc.sh: line 8: 105691 Segmentation fault      (core dumped) julia --project=$SCODE_DIR $SCODE_DIR/SCODE.jl exp_branch2.txt time_branch2.txt $dir $(wc -l exp_branch2.txt | cut -d' ' -f 1) $k $(wc -l time_branch2.txt | cut -d' ' -f 1) 1000
mv: cannot stat 'SCODE_D_6/A.txt': No such file or directory
mkdir: cannot create directory ‘SCODE_D_8’: File exists
/data/gpfs/projects/punim0638/stephenz/locaTE-paper/data/simulated/Synthetic_1000/scripts//run_SCODE_bifurc.sh: line 8: 106175 Segmentation fault      (core dumped) julia --project=$SCODE_DIR $SCODE_DIR/SCODE.jl exp_branch0.txt time_branch0.txt $dir $(wc -l exp_branch0.txt | cut -d' ' -f 1) $k $(wc -l time_branch0.txt | cut -d' ' -f 1) 1000
mv: cannot stat 'SCODE_D_8/A.txt': No such file or directory
/data/gpfs/projects/punim0638/stephenz/locaTE-paper/data/simulated/Synthetic_1000/scripts//run_SCODE_bifurc.sh: line 8: 106653 Segmentation fault      (core dumped) julia --project=$SCODE_DIR $SCODE_DIR/SCODE.jl exp_branch1.txt time_branch1.txt $dir $(wc -l exp_branch1.txt | cut -d' ' -f 1) $k $(wc -l time_branch1.txt | cut -d' ' -f 1) 1000
mv: cannot stat 'SCODE_D_8/A.txt': No such file or directory
/data/gpfs/projects/punim0638/stephenz/locaTE-paper/data/simulated/Synthetic_1000/scripts//run_SCODE_bifurc.sh: line 8: 107214 Segmentation fault      (core dumped) julia --project=$SCODE_DIR $SCODE_DIR/SCODE.jl exp_branch2.txt time_branch2.txt $dir $(wc -l exp_branch2.txt | cut -d' ' -f 1) $k $(wc -l time_branch2.txt | cut -d' ' -f 1) 1000
mv: cannot stat 'SCODE_D_8/A.txt': No such file or directory
mkdir: cannot create directory ‘SCODE_D_2’: File exists
/data/gpfs/projects/punim0638/stephenz/locaTE-paper/data/simulated/Synthetic_1000/scripts//run_SCODE_bifurc.sh: line 8: 107738 Segmentation fault      (core dumped) julia --project=$SCODE_DIR $SCODE_DIR/SCODE.jl exp_branch0.txt time_branch0.txt $dir $(wc -l exp_branch0.txt | cut -d' ' -f 1) $k $(wc -l time_branch0.txt | cut -d' ' -f 1) 1000
mv: cannot stat 'SCODE_D_2/A.txt': No such file or directory
/data/gpfs/projects/punim0638/stephenz/locaTE-paper/data/simulated/Synthetic_1000/scripts//run_SCODE_bifurc.sh: line 8: 108271 Segmentation fault      (core dumped) julia --project=$SCODE_DIR $SCODE_DIR/SCODE.jl exp_branch1.txt time_branch1.txt $dir $(wc -l exp_branch1.txt | cut -d' ' -f 1) $k $(wc -l time_branch1.txt | cut -d' ' -f 1) 1000
mv: cannot stat 'SCODE_D_2/A.txt': No such file or directory
/data/gpfs/projects/punim0638/stephenz/locaTE-paper/data/simulated/Synthetic_1000/scripts//run_SCODE_bifurc.sh: line 8: 108818 Segmentation fault      (core dumped) julia --project=$SCODE_DIR $SCODE_DIR/SCODE.jl exp_branch2.txt time_branch2.txt $dir $(wc -l exp_branch2.txt | cut -d' ' -f 1) $k $(wc -l time_branch2.txt | cut -d' ' -f 1) 1000
mv: cannot stat 'SCODE_D_2/A.txt': No such file or directory
mkdir: cannot create directory ‘SCODE_D_4’: File exists
/data/gpfs/projects/punim0638/stephenz/locaTE-paper/data/simulated/Synthetic_1000/scripts//run_SCODE_bifurc.sh: line 8: 109327 Segmentation fault      (core dumped) julia --project=$SCODE_DIR $SCODE_DIR/SCODE.jl exp_branch0.txt time_branch0.txt $dir $(wc -l exp_branch0.txt | cut -d' ' -f 1) $k $(wc -l time_branch0.txt | cut -d' ' -f 1) 1000
mv: cannot stat 'SCODE_D_4/A.txt': No such file or directory
/data/gpfs/projects/punim0638/stephenz/locaTE-paper/data/simulated/Synthetic_1000/scripts//run_SCODE_bifurc.sh: line 8: 109869 Segmentation fault      (core dumped) julia --project=$SCODE_DIR $SCODE_DIR/SCODE.jl exp_branch1.txt time_branch1.txt $dir $(wc -l exp_branch1.txt | cut -d' ' -f 1) $k $(wc -l time_branch1.txt | cut -d' ' -f 1) 1000
mv: cannot stat 'SCODE_D_4/A.txt': No such file or directory
/data/gpfs/projects/punim0638/stephenz/locaTE-paper/data/simulated/Synthetic_1000/scripts//run_SCODE_bifurc.sh: line 8: 110374 Segmentation fault      (core dumped) julia --project=$SCODE_DIR $SCODE_DIR/SCODE.jl exp_branch2.txt time_branch2.txt $dir $(wc -l exp_branch2.txt | cut -d' ' -f 1) $k $(wc -l time_branch2.txt | cut -d' ' -f 1) 1000
mv: cannot stat 'SCODE_D_4/A.txt': No such file or directory
mkdir: cannot create directory ‘SCODE_D_6’: File exists
/data/gpfs/projects/punim0638/stephenz/locaTE-paper/data/simulated/Synthetic_1000/scripts//run_SCODE_bifurc.sh: line 8: 110930 Segmentation fault      (core dumped) julia --project=$SCODE_DIR $SCODE_DIR/SCODE.jl exp_branch0.txt time_branch0.txt $dir $(wc -l exp_branch0.txt | cut -d' ' -f 1) $k $(wc -l time_branch0.txt | cut -d' ' -f 1) 1000
mv: cannot stat 'SCODE_D_6/A.txt': No such file or directory
/data/gpfs/projects/punim0638/stephenz/locaTE-paper/data/simulated/Synthetic_1000/scripts//run_SCODE_bifurc.sh: line 8: 111439 Segmentation fault      (core dumped) julia --project=$SCODE_DIR $SCODE_DIR/SCODE.jl exp_branch1.txt time_branch1.txt $dir $(wc -l exp_branch1.txt | cut -d' ' -f 1) $k $(wc -l time_branch1.txt | cut -d' ' -f 1) 1000
mv: cannot stat 'SCODE_D_6/A.txt': No such file or directory
/data/gpfs/projects/punim0638/stephenz/locaTE-paper/data/simulated/Synthetic_1000/scripts//run_SCODE_bifurc.sh: line 8: 111984 Segmentation fault      (core dumped) julia --project=$SCODE_DIR $SCODE_DIR/SCODE.jl exp_branch2.txt time_branch2.txt $dir $(wc -l exp_branch2.txt | cut -d' ' -f 1) $k $(wc -l time_branch2.txt | cut -d' ' -f 1) 1000
mv: cannot stat 'SCODE_D_6/A.txt': No such file or directory
mkdir: cannot create directory ‘SCODE_D_8’: File exists
/data/gpfs/projects/punim0638/stephenz/locaTE-paper/data/simulated/Synthetic_1000/scripts//run_SCODE_bifurc.sh: line 8: 112553 Segmentation fault      (core dumped) julia --project=$SCODE_DIR $SCODE_DIR/SCODE.jl exp_branch0.txt time_branch0.txt $dir $(wc -l exp_branch0.txt | cut -d' ' -f 1) $k $(wc -l time_branch0.txt | cut -d' ' -f 1) 1000
mv: cannot stat 'SCODE_D_8/A.txt': No such file or directory
/data/gpfs/projects/punim0638/stephenz/locaTE-paper/data/simulated/Synthetic_1000/scripts//run_SCODE_bifurc.sh: line 8: 113076 Segmentation fault      (core dumped) julia --project=$SCODE_DIR $SCODE_DIR/SCODE.jl exp_branch1.txt time_branch1.txt $dir $(wc -l exp_branch1.txt | cut -d' ' -f 1) $k $(wc -l time_branch1.txt | cut -d' ' -f 1) 1000
mv: cannot stat 'SCODE_D_8/A.txt': No such file or directory
/data/gpfs/projects/punim0638/stephenz/locaTE-paper/data/simulated/Synthetic_1000/scripts//run_SCODE_bifurc.sh: line 8: 113597 Segmentation fault      (core dumped) julia --project=$SCODE_DIR $SCODE_DIR/SCODE.jl exp_branch2.txt time_branch2.txt $dir $(wc -l exp_branch2.txt | cut -d' ' -f 1) $k $(wc -l time_branch2.txt | cut -d' ' -f 1) 1000
mv: cannot stat 'SCODE_D_8/A.txt': No such file or directory
mkdir: cannot create directory ‘SCODE_D_2’: File exists
/data/gpfs/projects/punim0638/stephenz/locaTE-paper/data/simulated/Synthetic_1000/scripts//run_SCODE_bifurc.sh: line 8: 114109 Segmentation fault      (core dumped) julia --project=$SCODE_DIR $SCODE_DIR/SCODE.jl exp_branch0.txt time_branch0.txt $dir $(wc -l exp_branch0.txt | cut -d' ' -f 1) $k $(wc -l time_branch0.txt | cut -d' ' -f 1) 1000
mv: cannot stat 'SCODE_D_2/A.txt': No such file or directory
/data/gpfs/projects/punim0638/stephenz/locaTE-paper/data/simulated/Synthetic_1000/scripts//run_SCODE_bifurc.sh: line 8: 114649 Segmentation fault      (core dumped) julia --project=$SCODE_DIR $SCODE_DIR/SCODE.jl exp_branch1.txt time_branch1.txt $dir $(wc -l exp_branch1.txt | cut -d' ' -f 1) $k $(wc -l time_branch1.txt | cut -d' ' -f 1) 1000
mv: cannot stat 'SCODE_D_2/A.txt': No such file or directory
/data/gpfs/projects/punim0638/stephenz/locaTE-paper/data/simulated/Synthetic_1000/scripts//run_SCODE_bifurc.sh: line 8: 115190 Segmentation fault      (core dumped) julia --project=$SCODE_DIR $SCODE_DIR/SCODE.jl exp_branch2.txt time_branch2.txt $dir $(wc -l exp_branch2.txt | cut -d' ' -f 1) $k $(wc -l time_branch2.txt | cut -d' ' -f 1) 1000
mv: cannot stat 'SCODE_D_2/A.txt': No such file or directory
mkdir: cannot create directory ‘SCODE_D_4’: File exists
/data/gpfs/projects/punim0638/stephenz/locaTE-paper/data/simulated/Synthetic_1000/scripts//run_SCODE_bifurc.sh: line 8: 115742 Segmentation fault      (core dumped) julia --project=$SCODE_DIR $SCODE_DIR/SCODE.jl exp_branch0.txt time_branch0.txt $dir $(wc -l exp_branch0.txt | cut -d' ' -f 1) $k $(wc -l time_branch0.txt | cut -d' ' -f 1) 1000
mv: cannot stat 'SCODE_D_4/A.txt': No such file or directory
/data/gpfs/projects/punim0638/stephenz/locaTE-paper/data/simulated/Synthetic_1000/scripts//run_SCODE_bifurc.sh: line 8: 116232 Segmentation fault      (core dumped) julia --project=$SCODE_DIR $SCODE_DIR/SCODE.jl exp_branch1.txt time_branch1.txt $dir $(wc -l exp_branch1.txt | cut -d' ' -f 1) $k $(wc -l time_branch1.txt | cut -d' ' -f 1) 1000
mv: cannot stat 'SCODE_D_4/A.txt': No such file or directory
/data/gpfs/projects/punim0638/stephenz/locaTE-paper/data/simulated/Synthetic_1000/scripts//run_SCODE_bifurc.sh: line 8: 116834 Segmentation fault      (core dumped) julia --project=$SCODE_DIR $SCODE_DIR/SCODE.jl exp_branch2.txt time_branch2.txt $dir $(wc -l exp_branch2.txt | cut -d' ' -f 1) $k $(wc -l time_branch2.txt | cut -d' ' -f 1) 1000
mv: cannot stat 'SCODE_D_4/A.txt': No such file or directory
mkdir: cannot create directory ‘SCODE_D_6’: File exists
/data/gpfs/projects/punim0638/stephenz/locaTE-paper/data/simulated/Synthetic_1000/scripts//run_SCODE_bifurc.sh: line 8: 117338 Segmentation fault      (core dumped) julia --project=$SCODE_DIR $SCODE_DIR/SCODE.jl exp_branch0.txt time_branch0.txt $dir $(wc -l exp_branch0.txt | cut -d' ' -f 1) $k $(wc -l time_branch0.txt | cut -d' ' -f 1) 1000
mv: cannot stat 'SCODE_D_6/A.txt': No such file or directory
/data/gpfs/projects/punim0638/stephenz/locaTE-paper/data/simulated/Synthetic_1000/scripts//run_SCODE_bifurc.sh: line 8: 117877 Segmentation fault      (core dumped) julia --project=$SCODE_DIR $SCODE_DIR/SCODE.jl exp_branch1.txt time_branch1.txt $dir $(wc -l exp_branch1.txt | cut -d' ' -f 1) $k $(wc -l time_branch1.txt | cut -d' ' -f 1) 1000
mv: cannot stat 'SCODE_D_6/A.txt': No such file or directory
/data/gpfs/projects/punim0638/stephenz/locaTE-paper/data/simulated/Synthetic_1000/scripts//run_SCODE_bifurc.sh: line 8: 118441 Segmentation fault      (core dumped) julia --project=$SCODE_DIR $SCODE_DIR/SCODE.jl exp_branch2.txt time_branch2.txt $dir $(wc -l exp_branch2.txt | cut -d' ' -f 1) $k $(wc -l time_branch2.txt | cut -d' ' -f 1) 1000
mv: cannot stat 'SCODE_D_6/A.txt': No such file or directory
mkdir: cannot create directory ‘SCODE_D_8’: File exists
/data/gpfs/projects/punim0638/stephenz/locaTE-paper/data/simulated/Synthetic_1000/scripts//run_SCODE_bifurc.sh: line 8: 119001 Segmentation fault      (core dumped) julia --project=$SCODE_DIR $SCODE_DIR/SCODE.jl exp_branch0.txt time_branch0.txt $dir $(wc -l exp_branch0.txt | cut -d' ' -f 1) $k $(wc -l time_branch0.txt | cut -d' ' -f 1) 1000
mv: cannot stat 'SCODE_D_8/A.txt': No such file or directory
/data/gpfs/projects/punim0638/stephenz/locaTE-paper/data/simulated/Synthetic_1000/scripts//run_SCODE_bifurc.sh: line 8: 119534 Segmentation fault      (core dumped) julia --project=$SCODE_DIR $SCODE_DIR/SCODE.jl exp_branch1.txt time_branch1.txt $dir $(wc -l exp_branch1.txt | cut -d' ' -f 1) $k $(wc -l time_branch1.txt | cut -d' ' -f 1) 1000
mv: cannot stat 'SCODE_D_8/A.txt': No such file or directory
/data/gpfs/projects/punim0638/stephenz/locaTE-paper/data/simulated/Synthetic_1000/scripts//run_SCODE_bifurc.sh: line 8: 120128 Segmentation fault      (core dumped) julia --project=$SCODE_DIR $SCODE_DIR/SCODE.jl exp_branch2.txt time_branch2.txt $dir $(wc -l exp_branch2.txt | cut -d' ' -f 1) $k $(wc -l time_branch2.txt | cut -d' ' -f 1) 1000
mv: cannot stat 'SCODE_D_8/A.txt': No such file or directory
Traceback (most recent call last):
  File "/home/stephenz/stephenz/locaTE-paper/data/simulated/Synthetic_1000/scripts/run_static.py", line 95, in <module>
    A_2 = pd.read_csv(fname + "/A_branch2_rep_%d.txt" % i, sep = "\t", index_col = False, header = None)
  File "/data/gpfs/projects/punim0638/stephenz/envs/py39/lib/python3.9/site-packages/pandas/util/_decorators.py", line 211, in wrapper
    return func(*args, **kwargs)
  File "/data/gpfs/projects/punim0638/stephenz/envs/py39/lib/python3.9/site-packages/pandas/util/_decorators.py", line 331, in wrapper
    return func(*args, **kwargs)
  File "/data/gpfs/projects/punim0638/stephenz/envs/py39/lib/python3.9/site-packages/pandas/io/parsers/readers.py", line 950, in read_csv
    return _read(filepath_or_buffer, kwds)
  File "/data/gpfs/projects/punim0638/stephenz/envs/py39/lib/python3.9/site-packages/pandas/io/parsers/readers.py", line 605, in _read
    parser = TextFileReader(filepath_or_buffer, **kwds)
  File "/data/gpfs/projects/punim0638/stephenz/envs/py39/lib/python3.9/site-packages/pandas/io/parsers/readers.py", line 1442, in __init__
    self._engine = self._make_engine(f, self.engine)
  File "/data/gpfs/projects/punim0638/stephenz/envs/py39/lib/python3.9/site-packages/pandas/io/parsers/readers.py", line 1735, in _make_engine
    self.handles = get_handle(
  File "/data/gpfs/projects/punim0638/stephenz/envs/py39/lib/python3.9/site-packages/pandas/io/common.py", line 856, in get_handle
    handle = open(
FileNotFoundError: [Errno 2] No such file or directory: '/data/gpfs/projects/punim0638/stephenz/locaTE-paper/data/simulated/Synthetic_1000/dyn-BFStrange/dyn-BFStrange-1000-7/scode/SCODE_D_8/A_branch2_rep_1.txt'
