
CommandNotFoundError: Your shell has not been properly configured to use 'conda activate'.
To initialize your shell, run

    $ conda init <SHELL_NAME>

Currently supported shells are:
  - bash
  - fish
  - tcsh
  - xonsh
  - zsh
  - powershell

See 'conda init --help' for more information and options.

IMPORTANT: You may need to close and restart your shell after running 'conda init'.


cat: write error: Broken pipe
2023-01-26 21:15:25.899833
2023-01-26 21:15:29.072696
2023-01-26 21:15:32.394453

real	0m7.539s
user	0m7.259s
sys	0m0.233s
cat: write error: Broken pipe
2023-01-26 21:15:43.618614
2023-01-26 21:15:46.381384
2023-01-26 21:15:49.220863

real	0m6.524s
user	0m6.340s
sys	0m0.152s
cat: write error: Broken pipe
2023-01-26 21:16:00.431577
2023-01-26 21:16:03.026823
2023-01-26 21:16:05.619088

real	0m6.102s
user	0m5.906s
sys	0m0.162s
cat: write error: Broken pipe
2023-01-26 21:16:16.902543
2023-01-26 21:16:19.733649
2023-01-26 21:16:22.521628

real	0m6.596s
user	0m6.369s
sys	0m0.194s
cat: write error: Broken pipe
2023-01-26 21:16:33.808025
2023-01-26 21:16:37.098994
2023-01-26 21:16:40.620504

real	0m7.797s
user	0m7.563s
sys	0m0.192s
cat: write error: Broken pipe
2023-01-26 21:16:52.063428
2023-01-26 21:16:59.029340
2023-01-26 21:17:06.640041

real	0m15.720s
user	0m15.158s
sys	0m0.502s
cat: write error: Broken pipe
2023-01-26 21:17:18.048156
2023-01-26 21:17:29.512366
2023-01-26 21:17:36.705381

real	0m19.761s
user	0m18.639s
sys	0m1.057s
cat: write error: Broken pipe
2023-01-26 21:17:48.005852
2023-01-26 21:17:49.158298
2023-01-26 21:17:50.293486

real	0m3.290s
user	0m3.105s
sys	0m0.145s
mkdir: cannot create directory ‘SCODE_D_2’: File exists
┌ Warning: `CSV.read(input; kw...)` is deprecated in favor of `using DataFrames; CSV.read(input, DataFrame; kw...)
│   caller = ip:0x0
└ @ Core :-1
┌ Warning: Assignment to `WZ` in soft scope is ambiguous because a global variable by the same name exists: `WZ` will be treated as a new local. Disambiguate by using `local WZ` to suppress this warning or `global WZ` to assign to the existing global variable.
└ @ ~/stephenz/locaTE-paper/tools/SCODE/SCODE.jl:69
┌ Warning: `writeheader=false` is deprecated in favor of `header=false`
│   caller = ip:0x0
└ @ Core :-1
a
mkdir: cannot create directory ‘SCODE_D_4’: File exists
┌ Warning: `CSV.read(input; kw...)` is deprecated in favor of `using DataFrames; CSV.read(input, DataFrame; kw...)
│   caller = ip:0x0
└ @ Core :-1
┌ Warning: Assignment to `WZ` in soft scope is ambiguous because a global variable by the same name exists: `WZ` will be treated as a new local. Disambiguate by using `local WZ` to suppress this warning or `global WZ` to assign to the existing global variable.
└ @ ~/stephenz/locaTE-paper/tools/SCODE/SCODE.jl:69
┌ Warning: `writeheader=false` is deprecated in favor of `header=false`
│   caller = ip:0x0
└ @ Core :-1
a
mkdir: cannot create directory ‘SCODE_D_6’: File exists
┌ Warning: `CSV.read(input; kw...)` is deprecated in favor of `using DataFrames; CSV.read(input, DataFrame; kw...)
│   caller = ip:0x0
└ @ Core :-1
┌ Warning: Assignment to `WZ` in soft scope is ambiguous because a global variable by the same name exists: `WZ` will be treated as a new local. Disambiguate by using `local WZ` to suppress this warning or `global WZ` to assign to the existing global variable.
└ @ ~/stephenz/locaTE-paper/tools/SCODE/SCODE.jl:69
┌ Warning: `writeheader=false` is deprecated in favor of `header=false`
│   caller = ip:0x0
└ @ Core :-1
a
mkdir: cannot create directory ‘SCODE_D_8’: File exists
┌ Warning: `CSV.read(input; kw...)` is deprecated in favor of `using DataFrames; CSV.read(input, DataFrame; kw...)
│   caller = ip:0x0
└ @ Core :-1
┌ Warning: Assignment to `WZ` in soft scope is ambiguous because a global variable by the same name exists: `WZ` will be treated as a new local. Disambiguate by using `local WZ` to suppress this warning or `global WZ` to assign to the existing global variable.
└ @ ~/stephenz/locaTE-paper/tools/SCODE/SCODE.jl:69
┌ Warning: `writeheader=false` is deprecated in favor of `header=false`
│   caller = ip:0x0
└ @ Core :-1
a
/data/gpfs/projects/punim0638/stephenz/miniconda3/lib/python3.10/site-packages/Scribe-0.0.0-py3.10.egg/Scribe/causal_network.py:18: UserWarning:  WARNING: No expression data argument given. if you intend to load the data from a file, call the method 'read_expression_file'.
  if expression==None: warnings.warn(" WARNING: No expression data argument given. if you intend to load the data from a file, call the method 'read_expression_file'.")
/data/gpfs/projects/punim0638/stephenz/miniconda3/lib/python3.10/site-packages/Scribe-0.0.0-py3.10.egg/Scribe/causal_network.py:298: FutureWarning: Could not cast to int64, falling back to object. This behavior is deprecated. In a future version, when a dtype is passed to 'DataFrame', either all columns will be cast to that dtype, or a TypeError will be raised.
  max_rdi_delay = pd.DataFrame({node_id: [np.nan for i in self.node_ids] for node_id in self.node_ids}, index=self.node_ids,
Create causal_model successfully
  Activating new project at `/data/gpfs/projects/punim0638/stephenz/locaTE-paper/data/simulated/Synthetic_1000/dyn-LL/dyn-LL-1000-9/pidc_env`
    Updating registry at `~/.julia/registries/General.toml`
   Resolving package versions...
    Updating `/data/gpfs/projects/punim0638/stephenz/locaTE-paper/data/simulated/Synthetic_1000/dyn-LL/dyn-LL-1000-9/pidc_env/Project.toml`
  [336ed68f] + CSV v0.10.9
  [a93c6f00] + DataFrames v1.4.4
  [872c559c] + NNlib v0.8.16
  [15e1cf62] + NPZ v0.4.3
  [6b44d3db] + NetworkInference v0.1.0
  [2913bbd2] + StatsBase v0.33.21
  [37e2e46d] + LinearAlgebra
    Updating `/data/gpfs/projects/punim0638/stephenz/locaTE-paper/data/simulated/Synthetic_1000/dyn-LL/dyn-LL-1000-9/pidc_env/Manifest.toml`
  [79e6a3ab] + Adapt v3.5.0
  [336ed68f] + CSV v0.10.9
  [d360d2e6] + ChainRulesCore v1.15.7
  [9e997f8a] + ChangesOfVariables v0.1.5
  [944b1d66] + CodecZlib v0.7.1
  [34da2185] + Compat v4.5.0
  [a8cc5b0e] + Crayons v4.1.1
  [9a962f9c] + DataAPI v1.14.0
  [a93c6f00] + DataFrames v1.4.4
⌅ [864edb3b] + DataStructures v0.17.20
  [e2d170a0] + DataValueInterfaces v1.0.0
⌃ [6e83dbb3] + Discretizers v3.2.0
⌅ [31c24e10] + Distributions v0.23.12
  [ffbed154] + DocStringExtensions v0.9.3
  [5789e2e9] + FileIO v1.16.0
  [48062228] + FilePathsBase v0.9.20
⌅ [1a297f60] + FillArrays v0.9.7
  [59287772] + Formatting v0.4.2
  [96684042] + InformationMeasures v0.3.1
  [842dd82b] + InlineStrings v1.3.2
  [3587e190] + InverseFunctions v0.1.8
  [41ab1584] + InvertedIndices v1.2.0
  [92d709cd] + IrrationalConstants v0.1.1
  [82899510] + IteratorInterfaceExtensions v1.0.0
  [692b3bcd] + JLLWrappers v1.4.1
  [b964fa9f] + LaTeXStrings v1.3.0
  [2ab3a3ac] + LogExpFunctions v0.3.20
  [e1d29d7a] + Missings v1.1.0
  [872c559c] + NNlib v0.8.16
  [15e1cf62] + NPZ v0.4.3
  [6b44d3db] + NetworkInference v0.1.0
  [bac558e1] + OrderedCollections v1.4.1
⌅ [90014a1f] + PDMats v0.10.1
  [69de0a69] + Parsers v2.5.3
  [2dfb63ee] + PooledArrays v1.4.2
  [21216c6a] + Preferences v1.3.0
  [08abe8d2] + PrettyTables v2.2.2
  [1fd47b50] + QuadGK v2.7.0
  [189a3867] + Reexport v1.2.2
  [ae029012] + Requires v1.3.0
  [79098fc4] + Rmath v0.7.0
  [91c51154] + SentinelArrays v1.3.17
  [66db9d55] + SnoopPrecompile v1.0.3
  [a2af1166] + SortingAlgorithms v1.1.0
⌅ [276daf66] + SpecialFunctions v0.10.3
⌅ [90137ffa] + StaticArrays v0.12.5
  [82ae8749] + StatsAPI v1.5.0
  [2913bbd2] + StatsBase v0.33.21
⌅ [4c63d2b9] + StatsFuns v0.9.18
  [892a3eda] + StringManipulation v0.3.0
  [3783bdb8] + TableTraits v1.0.1
  [bd369af6] + Tables v1.10.0
  [3bb67fe8] + TranscodingStreams v0.9.11
  [ea10d353] + WeakRefStrings v1.4.2
  [76eceee3] + WorkerUtilities v1.6.1
  [a5390f91] + ZipFile v0.10.1
  [efe28fd5] + OpenSpecFun_jll v0.5.5+0
⌅ [f50d1b31] + Rmath_jll v0.3.0+0
  [0dad84c5] + ArgTools v1.1.1
  [56f22d72] + Artifacts
  [2a0f44e3] + Base64
  [ade2ca70] + Dates
  [8bb1440f] + DelimitedFiles
  [8ba89e20] + Distributed
  [f43a241f] + Downloads v1.6.0
  [7b1f6079] + FileWatching
  [9fa8497b] + Future
  [b77e0a4c] + InteractiveUtils
  [b27032c2] + LibCURL v0.6.3
  [76f85450] + LibGit2
  [8f399da3] + Libdl
  [37e2e46d] + LinearAlgebra
  [56ddb016] + Logging
  [d6f4376e] + Markdown
  [a63ad114] + Mmap
  [ca575930] + NetworkOptions v1.2.0
  [44cfe95a] + Pkg v1.8.0
  [de0858da] + Printf
  [3fa0cd96] + REPL
  [9a3f8284] + Random
  [ea8e919c] + SHA v0.7.0
  [9e88b42a] + Serialization
  [1a1011a3] + SharedArrays
  [6462fe0b] + Sockets
  [2f01184e] + SparseArrays
  [10745b16] + Statistics
  [4607b0f0] + SuiteSparse
  [fa267f1f] + TOML v1.0.0
  [a4e569a6] + Tar v1.10.1
  [8dfed614] + Test
  [cf7118a7] + UUIDs
  [4ec0a83e] + Unicode
  [e66e0078] + CompilerSupportLibraries_jll v1.0.1+0
  [deac9b47] + LibCURL_jll v7.84.0+0
  [29816b5a] + LibSSH2_jll v1.10.2+0
  [c8ffd9c3] + MbedTLS_jll v2.28.0+0
  [14a3606d] + MozillaCACerts_jll v2022.2.1
  [4536629a] + OpenBLAS_jll v0.3.20+0
  [83775a58] + Zlib_jll v1.2.12+3
  [8e850b90] + libblastrampoline_jll v5.1.1+0
  [8e850ede] + nghttp2_jll v1.48.0+0
  [3f19e933] + p7zip_jll v17.4.0+0
        Info Packages marked with ⌃ and ⌅ have new versions available, but those with ⌅ are restricted by compatibility constraints from upgrading. To see why use `status --outdated -m`
Getting nodes...
Inferring network...
