  Activating project at `/data/gpfs/projects/punim0638/stephenz/locaTE-paper/data/simulated/Synthetic_1000/dyn-SW/dyn-SW-1000-10/pidc_env`
    Updating registry at `~/.julia/registries/General.toml`
   Resolving package versions...
  No Changes to `/data/gpfs/projects/punim0638/stephenz/locaTE-paper/data/simulated/Synthetic_1000/dyn-SW/dyn-SW-1000-10/pidc_env/Project.toml`
  No Changes to `/data/gpfs/projects/punim0638/stephenz/locaTE-paper/data/simulated/Synthetic_1000/dyn-SW/dyn-SW-1000-10/pidc_env/Manifest.toml`
Getting nodes...
Inferring network...
cat: write error: Broken pipe
2023-10-04 23:46:49.553349
2023-10-04 23:46:49.922236
2023-10-04 23:46:50.290031

real	0m1.528s
user	0m0.008s
sys	0m0.009s
cat: write error: Broken pipe
2023-10-04 23:47:01.268260
2023-10-04 23:47:01.649743
2023-10-04 23:47:01.989160

real	0m1.516s
user	0m0.010s
sys	0m0.007s
cat: write error: Broken pipe
2023-10-04 23:47:12.965816
2023-10-04 23:47:13.295793
2023-10-04 23:47:13.609218

real	0m1.428s
user	0m0.006s
sys	0m0.011s
cat: write error: Broken pipe
2023-10-04 23:47:24.588477
2023-10-04 23:47:24.953131
2023-10-04 23:47:25.291532

real	0m1.507s
user	0m0.008s
sys	0m0.009s
cat: write error: Broken pipe
2023-10-04 23:47:36.279091
2023-10-04 23:47:36.678315
2023-10-04 23:47:37.069937

real	0m1.586s
user	0m0.007s
sys	0m0.010s
cat: write error: Broken pipe
2023-10-04 23:47:48.135727
2023-10-04 23:47:48.785905
2023-10-04 23:47:49.449212

real	0m2.185s
user	0m0.007s
sys	0m0.011s
cat: write error: Broken pipe
2023-10-04 23:48:00.676357
2023-10-04 23:48:02.420212
2023-10-04 23:48:03.951617

real	0m4.309s
user	0m0.007s
sys	0m0.011s
cat: write error: Broken pipe
2023-10-04 23:48:14.959682
2023-10-04 23:48:15.147528
2023-10-04 23:48:15.318939

real	0m1.163s
user	0m0.007s
sys	0m0.010s
mkdir: cannot create directory ‘SCODE_D_2’: File exists
┌ Warning: Assignment to `WZ` in soft scope is ambiguous because a global variable by the same name exists: `WZ` will be treated as a new local. Disambiguate by using `local WZ` to suppress this warning or `global WZ` to assign to the existing global variable.
└ @ ~/stephenz/locaTE-paper/tools/SCODE/SCODE.jl:69
a
mkdir: cannot create directory ‘SCODE_D_4’: File exists
┌ Warning: Assignment to `WZ` in soft scope is ambiguous because a global variable by the same name exists: `WZ` will be treated as a new local. Disambiguate by using `local WZ` to suppress this warning or `global WZ` to assign to the existing global variable.
└ @ ~/stephenz/locaTE-paper/tools/SCODE/SCODE.jl:69
a
mkdir: cannot create directory ‘SCODE_D_6’: File exists
┌ Warning: Assignment to `WZ` in soft scope is ambiguous because a global variable by the same name exists: `WZ` will be treated as a new local. Disambiguate by using `local WZ` to suppress this warning or `global WZ` to assign to the existing global variable.
└ @ ~/stephenz/locaTE-paper/tools/SCODE/SCODE.jl:69
a
mkdir: cannot create directory ‘SCODE_D_8’: File exists
┌ Warning: Assignment to `WZ` in soft scope is ambiguous because a global variable by the same name exists: `WZ` will be treated as a new local. Disambiguate by using `local WZ` to suppress this warning or `global WZ` to assign to the existing global variable.
└ @ ~/stephenz/locaTE-paper/tools/SCODE/SCODE.jl:69
a
sh: line 1: matlab: command not found
sh: line 1: matlab: command not found
/data/gpfs/projects/punim0638/stephenz/envs/py39/lib/python3.9/site-packages/Scribe-0.0.0-py3.9.egg/Scribe/causal_network.py:18: UserWarning:  WARNING: No expression data argument given. if you intend to load the data from a file, call the method 'read_expression_file'.
  if expression==None: warnings.warn(" WARNING: No expression data argument given. if you intend to load the data from a file, call the method 'read_expression_file'.")
/data/gpfs/projects/punim0638/stephenz/envs/py39/lib/python3.9/site-packages/Scribe-0.0.0-py3.9.egg/Scribe/causal_network.py:298: FutureWarning: Could not cast to int64, falling back to object. This behavior is deprecated. In a future version, when a dtype is passed to 'DataFrame', either all columns will be cast to that dtype, or a TypeError will be raised.
  max_rdi_delay = pd.DataFrame({node_id: [np.nan for i in self.node_ids] for node_id in self.node_ids}, index=self.node_ids,
Tree method: RF
K: sqrt
Number of trees: 1000


running single threaded jobs
Gene 1/7...
Gene 2/7...
Gene 3/7...
Gene 4/7...
Gene 5/7...
Gene 6/7...
Gene 7/7...
Elapsed time: 12.81 seconds
Create causal_model successfully
