  Activating project at `/data/gpfs/projects/punim0638/stephenz/locaTE-paper/data/simulated/Synthetic_1000/dyn-CY/dyn-CY-1000-10/pidc_env`
    Updating registry at `~/.julia/registries/General.toml`
   Resolving package versions...
  No Changes to `/data/gpfs/projects/punim0638/stephenz/locaTE-paper/data/simulated/Synthetic_1000/dyn-CY/dyn-CY-1000-10/pidc_env/Project.toml`
  No Changes to `/data/gpfs/projects/punim0638/stephenz/locaTE-paper/data/simulated/Synthetic_1000/dyn-CY/dyn-CY-1000-10/pidc_env/Manifest.toml`
Getting nodes...
Inferring network...
2023-10-04 23:38:28.629256
2023-10-04 23:38:28.860618
2023-10-04 23:38:29.090896

real	0m1.241s
user	0m0.006s
sys	0m0.010s
cat: write error: Broken pipe
2023-10-04 23:38:40.067372
2023-10-04 23:38:40.236901
2023-10-04 23:38:40.389140

real	0m1.115s
user	0m0.010s
sys	0m0.006s
2023-10-04 23:38:51.320908
2023-10-04 23:38:51.463987
2023-10-04 23:38:51.581608

real	0m1.012s
user	0m0.008s
sys	0m0.008s
2023-10-04 23:39:02.520107
2023-10-04 23:39:02.657310
2023-10-04 23:39:02.767098

real	0m0.994s
user	0m0.009s
sys	0m0.007s
2023-10-04 23:39:13.744065
2023-10-04 23:39:13.915312
2023-10-04 23:39:14.059725

real	0m1.113s
user	0m0.009s
sys	0m0.007s
cat: write error: Broken pipe
2023-10-04 23:39:25.035669
2023-10-04 23:39:25.409624
2023-10-04 23:39:25.734770

real	0m1.496s
user	0m0.012s
sys	0m0.004s
cat: write error: Broken pipe
2023-10-04 23:39:36.928239
2023-10-04 23:39:38.285877
2023-10-04 23:39:39.469565

real	0m3.558s
user	0m0.009s
sys	0m0.007s
cat: write error: Broken pipe
2023-10-04 23:39:50.414195
2023-10-04 23:39:50.526379
2023-10-04 23:39:50.621318

real	0m0.964s
user	0m0.008s
sys	0m0.009s
mkdir: cannot create directory ‘SCODE_D_2’: File exists
┌ Warning: Assignment to `WZ` in soft scope is ambiguous because a global variable by the same name exists: `WZ` will be treated as a new local. Disambiguate by using `local WZ` to suppress this warning or `global WZ` to assign to the existing global variable.
└ @ ~/stephenz/locaTE-paper/tools/SCODE/SCODE.jl:69
a
mkdir: cannot create directory ‘SCODE_D_4’: File exists
┌ Warning: Assignment to `WZ` in soft scope is ambiguous because a global variable by the same name exists: `WZ` will be treated as a new local. Disambiguate by using `local WZ` to suppress this warning or `global WZ` to assign to the existing global variable.
└ @ ~/stephenz/locaTE-paper/tools/SCODE/SCODE.jl:69
a
mkdir: cannot create directory ‘SCODE_D_6’: File exists
┌ Warning: Assignment to `WZ` in soft scope is ambiguous because a global variable by the same name exists: `WZ` will be treated as a new local. Disambiguate by using `local WZ` to suppress this warning or `global WZ` to assign to the existing global variable.
└ @ ~/stephenz/locaTE-paper/tools/SCODE/SCODE.jl:69
a
mkdir: cannot create directory ‘SCODE_D_8’: File exists
┌ Warning: Assignment to `WZ` in soft scope is ambiguous because a global variable by the same name exists: `WZ` will be treated as a new local. Disambiguate by using `local WZ` to suppress this warning or `global WZ` to assign to the existing global variable.
└ @ ~/stephenz/locaTE-paper/tools/SCODE/SCODE.jl:69
a
sh: line 1: matlab: command not found
sh: line 1: matlab: command not found
/data/gpfs/projects/punim0638/stephenz/envs/py39/lib/python3.9/site-packages/Scribe-0.0.0-py3.9.egg/Scribe/causal_network.py:18: UserWarning:  WARNING: No expression data argument given. if you intend to load the data from a file, call the method 'read_expression_file'.
  if expression==None: warnings.warn(" WARNING: No expression data argument given. if you intend to load the data from a file, call the method 'read_expression_file'.")
/data/gpfs/projects/punim0638/stephenz/envs/py39/lib/python3.9/site-packages/Scribe-0.0.0-py3.9.egg/Scribe/causal_network.py:298: FutureWarning: Could not cast to int64, falling back to object. This behavior is deprecated. In a future version, when a dtype is passed to 'DataFrame', either all columns will be cast to that dtype, or a TypeError will be raised.
  max_rdi_delay = pd.DataFrame({node_id: [np.nan for i in self.node_ids] for node_id in self.node_ids}, index=self.node_ids,
Tree method: RF
K: sqrt
Number of trees: 1000


running single threaded jobs
Gene 1/6...
Gene 2/6...
Gene 3/6...
Gene 4/6...
Gene 5/6...
Gene 6/6...
Elapsed time: 10.65 seconds
Create causal_model successfully
