  Activating project at `/data/gpfs/projects/punim0638/stephenz/locaTE-paper/data/simulated/Synthetic_1000/dyn-SW/dyn-SW-1000-1/pidc_env`
    Updating registry at `~/.julia/registries/General.toml`
   Resolving package versions...
  No Changes to `/data/gpfs/projects/punim0638/stephenz/locaTE-paper/data/simulated/Synthetic_1000/dyn-SW/dyn-SW-1000-1/pidc_env/Project.toml`
  No Changes to `/data/gpfs/projects/punim0638/stephenz/locaTE-paper/data/simulated/Synthetic_1000/dyn-SW/dyn-SW-1000-1/pidc_env/Manifest.toml`
Getting nodes...
Inferring network...
cat: write error: Broken pipe
2023-10-04 23:43:39.106058
2023-10-04 23:43:39.485169
2023-10-04 23:43:39.845973

real	0m1.469s
user	0m0.009s
sys	0m0.008s
cat: write error: Broken pipe
2023-10-04 23:43:50.793759
2023-10-04 23:43:51.137582
2023-10-04 23:43:51.469184

real	0m1.459s
user	0m0.010s
sys	0m0.007s
cat: write error: Broken pipe
2023-10-04 23:44:02.407874
2023-10-04 23:44:02.744804
2023-10-04 23:44:03.051457

real	0m1.376s
user	0m0.010s
sys	0m0.007s
cat: write error: Broken pipe
2023-10-04 23:44:13.992749
2023-10-04 23:44:14.327451
2023-10-04 23:44:14.647267

real	0m1.433s
user	0m0.011s
sys	0m0.006s
cat: write error: Broken pipe
2023-10-04 23:44:25.639148
2023-10-04 23:44:26.039749
2023-10-04 23:44:26.410848

real	0m1.567s
user	0m0.010s
sys	0m0.007s
cat: write error: Broken pipe
2023-10-04 23:44:37.462029
2023-10-04 23:44:38.088642
2023-10-04 23:44:38.734484

real	0m2.149s
user	0m0.007s
sys	0m0.010s
cat: write error: Broken pipe
2023-10-04 23:44:49.883920
2023-10-04 23:44:51.126063
2023-10-04 23:44:52.105889

real	0m3.190s
user	0m0.012s
sys	0m0.006s
cat: write error: Broken pipe
2023-10-04 23:45:03.025632
2023-10-04 23:45:03.206346
2023-10-04 23:45:03.371274

real	0m1.073s
user	0m0.006s
sys	0m0.011s
mkdir: cannot create directory ‘SCODE_D_2’: File exists
┌ Warning: Assignment to `WZ` in soft scope is ambiguous because a global variable by the same name exists: `WZ` will be treated as a new local. Disambiguate by using `local WZ` to suppress this warning or `global WZ` to assign to the existing global variable.
└ @ ~/stephenz/locaTE-paper/tools/SCODE/SCODE.jl:69
a
mkdir: cannot create directory ‘SCODE_D_4’: File exists
┌ Warning: Assignment to `WZ` in soft scope is ambiguous because a global variable by the same name exists: `WZ` will be treated as a new local. Disambiguate by using `local WZ` to suppress this warning or `global WZ` to assign to the existing global variable.
└ @ ~/stephenz/locaTE-paper/tools/SCODE/SCODE.jl:69
a
mkdir: cannot create directory ‘SCODE_D_6’: File exists
┌ Warning: Assignment to `WZ` in soft scope is ambiguous because a global variable by the same name exists: `WZ` will be treated as a new local. Disambiguate by using `local WZ` to suppress this warning or `global WZ` to assign to the existing global variable.
└ @ ~/stephenz/locaTE-paper/tools/SCODE/SCODE.jl:69
a
mkdir: cannot create directory ‘SCODE_D_8’: File exists
┌ Warning: Assignment to `WZ` in soft scope is ambiguous because a global variable by the same name exists: `WZ` will be treated as a new local. Disambiguate by using `local WZ` to suppress this warning or `global WZ` to assign to the existing global variable.
└ @ ~/stephenz/locaTE-paper/tools/SCODE/SCODE.jl:69
a
sh: line 1: matlab: command not found
sh: line 1: matlab: command not found
/data/gpfs/projects/punim0638/stephenz/envs/py39/lib/python3.9/site-packages/Scribe-0.0.0-py3.9.egg/Scribe/causal_network.py:18: UserWarning:  WARNING: No expression data argument given. if you intend to load the data from a file, call the method 'read_expression_file'.
  if expression==None: warnings.warn(" WARNING: No expression data argument given. if you intend to load the data from a file, call the method 'read_expression_file'.")
/data/gpfs/projects/punim0638/stephenz/envs/py39/lib/python3.9/site-packages/Scribe-0.0.0-py3.9.egg/Scribe/causal_network.py:298: FutureWarning: Could not cast to int64, falling back to object. This behavior is deprecated. In a future version, when a dtype is passed to 'DataFrame', either all columns will be cast to that dtype, or a TypeError will be raised.
  max_rdi_delay = pd.DataFrame({node_id: [np.nan for i in self.node_ids] for node_id in self.node_ids}, index=self.node_ids,
Tree method: RF
K: sqrt
Number of trees: 1000


running single threaded jobs
Gene 1/7...
Gene 2/7...
Gene 3/7...
Gene 4/7...
Gene 5/7...
Gene 6/7...
Gene 7/7...
Elapsed time: 12.79 seconds
Create causal_model successfully
