  Activating project at `/data/gpfs/projects/punim0638/stephenz/locaTE-paper/data/simulated/Synthetic_1000/dyn-LI/dyn-LI-1000-5/pidc_env`
    Updating registry at `~/.julia/registries/General.toml`
   Resolving package versions...
  No Changes to `/data/gpfs/projects/punim0638/stephenz/locaTE-paper/data/simulated/Synthetic_1000/dyn-LI/dyn-LI-1000-5/pidc_env/Project.toml`
  No Changes to `/data/gpfs/projects/punim0638/stephenz/locaTE-paper/data/simulated/Synthetic_1000/dyn-LI/dyn-LI-1000-5/pidc_env/Manifest.toml`
Getting nodes...
Inferring network...
cat: write error: Broken pipe
2023-10-04 23:39:19.170202
2023-10-04 23:39:19.540624
2023-10-04 23:39:19.951234

real	0m1.561s
user	0m0.008s
sys	0m0.010s
cat: write error: Broken pipe
2023-10-04 23:39:30.868429
2023-10-04 23:39:31.156316
2023-10-04 23:39:31.544211

real	0m1.406s
user	0m0.008s
sys	0m0.008s
cat: write error: Broken pipe
2023-10-04 23:39:42.470126
2023-10-04 23:39:42.714001
2023-10-04 23:39:43.082587

real	0m1.366s
user	0m0.007s
sys	0m0.009s
cat: write error: Broken pipe
2023-10-04 23:39:54.014637
2023-10-04 23:39:54.292330
2023-10-04 23:39:54.676449

real	0m1.409s
user	0m0.010s
sys	0m0.007s
cat: write error: Broken pipe
2023-10-04 23:40:05.708184
2023-10-04 23:40:06.240671
2023-10-04 23:40:06.709287

real	0m1.851s
user	0m0.006s
sys	0m0.010s
cat: write error: Broken pipe
2023-10-04 23:40:17.697999
2023-10-04 23:40:18.364904
2023-10-04 23:40:19.055211

real	0m2.154s
user	0m0.009s
sys	0m0.007s
cat: write error: Broken pipe
2023-10-04 23:40:29.962428
2023-10-04 23:40:30.356299
2023-10-04 23:40:30.835984

real	0m1.603s
user	0m0.009s
sys	0m0.007s
cat: write error: Broken pipe
2023-10-04 23:40:41.743172
2023-10-04 23:40:41.922817
2023-10-04 23:40:42.111120

real	0m1.093s
user	0m0.008s
sys	0m0.008s
mkdir: cannot create directory ‘SCODE_D_2’: File exists
┌ Warning: Assignment to `WZ` in soft scope is ambiguous because a global variable by the same name exists: `WZ` will be treated as a new local. Disambiguate by using `local WZ` to suppress this warning or `global WZ` to assign to the existing global variable.
└ @ ~/stephenz/locaTE-paper/tools/SCODE/SCODE.jl:69
a
mkdir: cannot create directory ‘SCODE_D_4’: File exists
┌ Warning: Assignment to `WZ` in soft scope is ambiguous because a global variable by the same name exists: `WZ` will be treated as a new local. Disambiguate by using `local WZ` to suppress this warning or `global WZ` to assign to the existing global variable.
└ @ ~/stephenz/locaTE-paper/tools/SCODE/SCODE.jl:69
a
mkdir: cannot create directory ‘SCODE_D_6’: File exists
┌ Warning: Assignment to `WZ` in soft scope is ambiguous because a global variable by the same name exists: `WZ` will be treated as a new local. Disambiguate by using `local WZ` to suppress this warning or `global WZ` to assign to the existing global variable.
└ @ ~/stephenz/locaTE-paper/tools/SCODE/SCODE.jl:69
a
mkdir: cannot create directory ‘SCODE_D_8’: File exists
┌ Warning: Assignment to `WZ` in soft scope is ambiguous because a global variable by the same name exists: `WZ` will be treated as a new local. Disambiguate by using `local WZ` to suppress this warning or `global WZ` to assign to the existing global variable.
└ @ ~/stephenz/locaTE-paper/tools/SCODE/SCODE.jl:69
a
sh: line 1: matlab: command not found
sh: line 1: matlab: command not found
/data/gpfs/projects/punim0638/stephenz/envs/py39/lib/python3.9/site-packages/Scribe-0.0.0-py3.9.egg/Scribe/causal_network.py:18: UserWarning:  WARNING: No expression data argument given. if you intend to load the data from a file, call the method 'read_expression_file'.
  if expression==None: warnings.warn(" WARNING: No expression data argument given. if you intend to load the data from a file, call the method 'read_expression_file'.")
/data/gpfs/projects/punim0638/stephenz/envs/py39/lib/python3.9/site-packages/Scribe-0.0.0-py3.9.egg/Scribe/causal_network.py:298: FutureWarning: Could not cast to int64, falling back to object. This behavior is deprecated. In a future version, when a dtype is passed to 'DataFrame', either all columns will be cast to that dtype, or a TypeError will be raised.
  max_rdi_delay = pd.DataFrame({node_id: [np.nan for i in self.node_ids] for node_id in self.node_ids}, index=self.node_ids,
Tree method: RF
K: sqrt
Number of trees: 1000


running single threaded jobs
Gene 1/7...
Gene 2/7...
Gene 3/7...
Gene 4/7...
Gene 5/7...
Gene 6/7...
Gene 7/7...
Elapsed time: 13.41 seconds
Create causal_model successfully
