
CommandNotFoundError: Your shell has not been properly configured to use 'conda activate'.
To initialize your shell, run

    $ conda init <SHELL_NAME>

Currently supported shells are:
  - bash
  - fish
  - tcsh
  - xonsh
  - zsh
  - powershell

See 'conda init --help' for more information and options.

IMPORTANT: You may need to close and restart your shell after running 'conda init'.


cat: write error: Broken pipe
2023-01-26 21:16:25.978206
2023-01-26 21:16:26.012468

real	0m0.983s
user	0m0.807s
sys	0m0.145s
cat: write error: Broken pipe
2023-01-26 21:16:32.171825
2023-01-26 21:16:32.242005

real	0m0.976s
user	0m0.800s
sys	0m0.151s
cat: write error: Broken pipe
2023-01-26 21:16:38.422999
2023-01-26 21:16:38.639629

real	0m1.204s
user	0m1.031s
sys	0m0.148s
cat: write error: Broken pipe
2023-01-26 21:16:44.910755
2023-01-26 21:16:44.947792

real	0m0.913s
user	0m0.753s
sys	0m0.140s
cat: write error: Broken pipe
2023-01-26 21:16:51.082799
2023-01-26 21:16:51.148462

real	0m0.958s
user	0m0.789s
sys	0m0.149s
cat: write error: Broken pipe
2023-01-26 21:16:57.363736
2023-01-26 21:16:57.575334

real	0m1.212s
user	0m1.030s
sys	0m0.148s
cat: write error: Broken pipe
2023-01-26 21:17:03.830694
2023-01-26 21:17:03.878839

real	0m0.884s
user	0m0.716s
sys	0m0.146s
cat: write error: Broken pipe
2023-01-26 21:17:10.025667
2023-01-26 21:17:10.107633

real	0m1.009s
user	0m0.852s
sys	0m0.134s
cat: write error: Broken pipe
2023-01-26 21:17:16.301965
2023-01-26 21:17:16.588799

real	0m1.304s
user	0m1.144s
sys	0m0.139s
cat: write error: Broken pipe
2023-01-26 21:17:22.857804
2023-01-26 21:17:22.921311

real	0m0.939s
user	0m0.781s
sys	0m0.132s
cat: write error: Broken pipe
2023-01-26 21:17:29.134756
2023-01-26 21:17:29.364428

real	0m1.291s
user	0m1.112s
sys	0m0.159s
cat: write error: Broken pipe
2023-01-26 21:17:35.693342
2023-01-26 21:17:36.048244

real	0m1.575s
user	0m1.368s
sys	0m0.184s
cat: write error: Broken pipe
2023-01-26 21:17:42.560760
2023-01-26 21:17:43.141805

real	0m1.798s
user	0m1.565s
sys	0m0.206s
cat: write error: Broken pipe
2023-01-26 21:17:49.635962
2023-01-26 21:17:49.985374

real	0m1.834s
user	0m1.601s
sys	0m0.202s
cat: write error: Broken pipe
2023-01-26 21:17:56.761012
2023-01-26 21:17:57.224495

real	0m1.549s
user	0m1.379s
sys	0m0.150s
cat: write error: Broken pipe
2023-01-26 21:18:03.730461
2023-01-26 21:18:04.722044

real	0m3.029s
user	0m2.693s
sys	0m0.307s
cat: write error: Broken pipe
2023-01-26 21:18:11.839346
2023-01-26 21:18:11.872995

real	0m0.897s
user	0m0.730s
sys	0m0.148s
cat: write error: Broken pipe
2023-01-26 21:18:18.149505
2023-01-26 21:18:19.022561

real	0m2.625s
user	0m2.390s
sys	0m0.210s
cat: write error: Broken pipe
2023-01-26 21:18:25.920689
2023-01-26 21:18:26.853917

real	0m3.400s
user	0m3.085s
sys	0m0.290s
cat: write error: Broken pipe
2023-01-26 21:18:34.632202
2023-01-26 21:18:34.654946

real	0m0.915s
user	0m0.751s
sys	0m0.146s
cat: write error: Broken pipe
2023-01-26 21:18:41.257215
2023-01-26 21:18:43.886500

real	0m4.744s
user	0m4.356s
sys	0m0.360s
cat: write error: Broken pipe
2023-01-26 21:18:50.840695
2023-01-26 21:18:50.856311

real	0m0.884s
user	0m0.715s
sys	0m0.144s
cat: write error: Broken pipe
2023-01-26 21:18:57.017190
2023-01-26 21:18:57.047129

real	0m0.904s
user	0m0.730s
sys	0m0.143s
cat: write error: Broken pipe
2023-01-26 21:19:03.208710
2023-01-26 21:19:03.312554

real	0m1.014s
user	0m0.847s
sys	0m0.139s
mkdir: cannot create directory ‘SCODE_D_2’: File exists
┌ Warning: `CSV.read(input; kw...)` is deprecated in favor of `using DataFrames; CSV.read(input, DataFrame; kw...)
│   caller = ip:0x0
└ @ Core :-1
┌ Warning: Assignment to `WZ` in soft scope is ambiguous because a global variable by the same name exists: `WZ` will be treated as a new local. Disambiguate by using `local WZ` to suppress this warning or `global WZ` to assign to the existing global variable.
└ @ ~/stephenz/locaTE-paper/tools/SCODE/SCODE.jl:69
┌ Warning: `writeheader=false` is deprecated in favor of `header=false`
│   caller = ip:0x0
└ @ Core :-1
a
┌ Warning: `CSV.read(input; kw...)` is deprecated in favor of `using DataFrames; CSV.read(input, DataFrame; kw...)
│   caller = ip:0x0
└ @ Core :-1
┌ Warning: Assignment to `WZ` in soft scope is ambiguous because a global variable by the same name exists: `WZ` will be treated as a new local. Disambiguate by using `local WZ` to suppress this warning or `global WZ` to assign to the existing global variable.
└ @ ~/stephenz/locaTE-paper/tools/SCODE/SCODE.jl:69
┌ Warning: `writeheader=false` is deprecated in favor of `header=false`
│   caller = ip:0x0
└ @ Core :-1
a
┌ Warning: `CSV.read(input; kw...)` is deprecated in favor of `using DataFrames; CSV.read(input, DataFrame; kw...)
│   caller = ip:0x0
└ @ Core :-1
┌ Warning: Assignment to `WZ` in soft scope is ambiguous because a global variable by the same name exists: `WZ` will be treated as a new local. Disambiguate by using `local WZ` to suppress this warning or `global WZ` to assign to the existing global variable.
└ @ ~/stephenz/locaTE-paper/tools/SCODE/SCODE.jl:69
┌ Warning: `writeheader=false` is deprecated in favor of `header=false`
│   caller = ip:0x0
└ @ Core :-1
a
mkdir: cannot create directory ‘SCODE_D_4’: File exists
┌ Warning: `CSV.read(input; kw...)` is deprecated in favor of `using DataFrames; CSV.read(input, DataFrame; kw...)
│   caller = ip:0x0
└ @ Core :-1
┌ Warning: Assignment to `WZ` in soft scope is ambiguous because a global variable by the same name exists: `WZ` will be treated as a new local. Disambiguate by using `local WZ` to suppress this warning or `global WZ` to assign to the existing global variable.
└ @ ~/stephenz/locaTE-paper/tools/SCODE/SCODE.jl:69
┌ Warning: `writeheader=false` is deprecated in favor of `header=false`
│   caller = ip:0x0
└ @ Core :-1
a
┌ Warning: `CSV.read(input; kw...)` is deprecated in favor of `using DataFrames; CSV.read(input, DataFrame; kw...)
│   caller = ip:0x0
└ @ Core :-1
┌ Warning: Assignment to `WZ` in soft scope is ambiguous because a global variable by the same name exists: `WZ` will be treated as a new local. Disambiguate by using `local WZ` to suppress this warning or `global WZ` to assign to the existing global variable.
└ @ ~/stephenz/locaTE-paper/tools/SCODE/SCODE.jl:69
┌ Warning: `writeheader=false` is deprecated in favor of `header=false`
│   caller = ip:0x0
└ @ Core :-1
a
┌ Warning: `CSV.read(input; kw...)` is deprecated in favor of `using DataFrames; CSV.read(input, DataFrame; kw...)
│   caller = ip:0x0
└ @ Core :-1
┌ Warning: Assignment to `WZ` in soft scope is ambiguous because a global variable by the same name exists: `WZ` will be treated as a new local. Disambiguate by using `local WZ` to suppress this warning or `global WZ` to assign to the existing global variable.
└ @ ~/stephenz/locaTE-paper/tools/SCODE/SCODE.jl:69
┌ Warning: `writeheader=false` is deprecated in favor of `header=false`
│   caller = ip:0x0
└ @ Core :-1
a
mkdir: cannot create directory ‘SCODE_D_6’: File exists
┌ Warning: `CSV.read(input; kw...)` is deprecated in favor of `using DataFrames; CSV.read(input, DataFrame; kw...)
│   caller = ip:0x0
└ @ Core :-1
┌ Warning: Assignment to `WZ` in soft scope is ambiguous because a global variable by the same name exists: `WZ` will be treated as a new local. Disambiguate by using `local WZ` to suppress this warning or `global WZ` to assign to the existing global variable.
└ @ ~/stephenz/locaTE-paper/tools/SCODE/SCODE.jl:69
┌ Warning: `writeheader=false` is deprecated in favor of `header=false`
│   caller = ip:0x0
└ @ Core :-1
a
┌ Warning: `CSV.read(input; kw...)` is deprecated in favor of `using DataFrames; CSV.read(input, DataFrame; kw...)
│   caller = ip:0x0
└ @ Core :-1
┌ Warning: Assignment to `WZ` in soft scope is ambiguous because a global variable by the same name exists: `WZ` will be treated as a new local. Disambiguate by using `local WZ` to suppress this warning or `global WZ` to assign to the existing global variable.
└ @ ~/stephenz/locaTE-paper/tools/SCODE/SCODE.jl:69
┌ Warning: `writeheader=false` is deprecated in favor of `header=false`
│   caller = ip:0x0
└ @ Core :-1
a
┌ Warning: `CSV.read(input; kw...)` is deprecated in favor of `using DataFrames; CSV.read(input, DataFrame; kw...)
│   caller = ip:0x0
└ @ Core :-1
┌ Warning: Assignment to `WZ` in soft scope is ambiguous because a global variable by the same name exists: `WZ` will be treated as a new local. Disambiguate by using `local WZ` to suppress this warning or `global WZ` to assign to the existing global variable.
└ @ ~/stephenz/locaTE-paper/tools/SCODE/SCODE.jl:69
┌ Warning: `writeheader=false` is deprecated in favor of `header=false`
│   caller = ip:0x0
└ @ Core :-1
a
mkdir: cannot create directory ‘SCODE_D_8’: File exists
┌ Warning: `CSV.read(input; kw...)` is deprecated in favor of `using DataFrames; CSV.read(input, DataFrame; kw...)
│   caller = ip:0x0
└ @ Core :-1
┌ Warning: Assignment to `WZ` in soft scope is ambiguous because a global variable by the same name exists: `WZ` will be treated as a new local. Disambiguate by using `local WZ` to suppress this warning or `global WZ` to assign to the existing global variable.
└ @ ~/stephenz/locaTE-paper/tools/SCODE/SCODE.jl:69
┌ Warning: `writeheader=false` is deprecated in favor of `header=false`
│   caller = ip:0x0
└ @ Core :-1
a
┌ Warning: `CSV.read(input; kw...)` is deprecated in favor of `using DataFrames; CSV.read(input, DataFrame; kw...)
│   caller = ip:0x0
└ @ Core :-1
┌ Warning: Assignment to `WZ` in soft scope is ambiguous because a global variable by the same name exists: `WZ` will be treated as a new local. Disambiguate by using `local WZ` to suppress this warning or `global WZ` to assign to the existing global variable.
└ @ ~/stephenz/locaTE-paper/tools/SCODE/SCODE.jl:69
┌ Warning: `writeheader=false` is deprecated in favor of `header=false`
│   caller = ip:0x0
└ @ Core :-1
a
┌ Warning: `CSV.read(input; kw...)` is deprecated in favor of `using DataFrames; CSV.read(input, DataFrame; kw...)
│   caller = ip:0x0
└ @ Core :-1
┌ Warning: Assignment to `WZ` in soft scope is ambiguous because a global variable by the same name exists: `WZ` will be treated as a new local. Disambiguate by using `local WZ` to suppress this warning or `global WZ` to assign to the existing global variable.
└ @ ~/stephenz/locaTE-paper/tools/SCODE/SCODE.jl:69
┌ Warning: `writeheader=false` is deprecated in favor of `header=false`
│   caller = ip:0x0
└ @ Core :-1
a
mkdir: cannot create directory ‘SCODE_D_2’: File exists
┌ Warning: `CSV.read(input; kw...)` is deprecated in favor of `using DataFrames; CSV.read(input, DataFrame; kw...)
│   caller = ip:0x0
└ @ Core :-1
┌ Warning: Assignment to `WZ` in soft scope is ambiguous because a global variable by the same name exists: `WZ` will be treated as a new local. Disambiguate by using `local WZ` to suppress this warning or `global WZ` to assign to the existing global variable.
└ @ ~/stephenz/locaTE-paper/tools/SCODE/SCODE.jl:69
┌ Warning: `writeheader=false` is deprecated in favor of `header=false`
│   caller = ip:0x0
└ @ Core :-1
a
┌ Warning: `CSV.read(input; kw...)` is deprecated in favor of `using DataFrames; CSV.read(input, DataFrame; kw...)
│   caller = ip:0x0
└ @ Core :-1
┌ Warning: Assignment to `WZ` in soft scope is ambiguous because a global variable by the same name exists: `WZ` will be treated as a new local. Disambiguate by using `local WZ` to suppress this warning or `global WZ` to assign to the existing global variable.
└ @ ~/stephenz/locaTE-paper/tools/SCODE/SCODE.jl:69
┌ Warning: `writeheader=false` is deprecated in favor of `header=false`
│   caller = ip:0x0
└ @ Core :-1
a
┌ Warning: `CSV.read(input; kw...)` is deprecated in favor of `using DataFrames; CSV.read(input, DataFrame; kw...)
│   caller = ip:0x0
└ @ Core :-1
┌ Warning: Assignment to `WZ` in soft scope is ambiguous because a global variable by the same name exists: `WZ` will be treated as a new local. Disambiguate by using `local WZ` to suppress this warning or `global WZ` to assign to the existing global variable.
└ @ ~/stephenz/locaTE-paper/tools/SCODE/SCODE.jl:69
┌ Warning: `writeheader=false` is deprecated in favor of `header=false`
│   caller = ip:0x0
└ @ Core :-1
a
mkdir: cannot create directory ‘SCODE_D_4’: File exists
┌ Warning: `CSV.read(input; kw...)` is deprecated in favor of `using DataFrames; CSV.read(input, DataFrame; kw...)
│   caller = ip:0x0
└ @ Core :-1
┌ Warning: Assignment to `WZ` in soft scope is ambiguous because a global variable by the same name exists: `WZ` will be treated as a new local. Disambiguate by using `local WZ` to suppress this warning or `global WZ` to assign to the existing global variable.
└ @ ~/stephenz/locaTE-paper/tools/SCODE/SCODE.jl:69
┌ Warning: `writeheader=false` is deprecated in favor of `header=false`
│   caller = ip:0x0
└ @ Core :-1
a
┌ Warning: `CSV.read(input; kw...)` is deprecated in favor of `using DataFrames; CSV.read(input, DataFrame; kw...)
│   caller = ip:0x0
└ @ Core :-1
┌ Warning: Assignment to `WZ` in soft scope is ambiguous because a global variable by the same name exists: `WZ` will be treated as a new local. Disambiguate by using `local WZ` to suppress this warning or `global WZ` to assign to the existing global variable.
└ @ ~/stephenz/locaTE-paper/tools/SCODE/SCODE.jl:69
┌ Warning: `writeheader=false` is deprecated in favor of `header=false`
│   caller = ip:0x0
└ @ Core :-1
a
┌ Warning: `CSV.read(input; kw...)` is deprecated in favor of `using DataFrames; CSV.read(input, DataFrame; kw...)
│   caller = ip:0x0
└ @ Core :-1
┌ Warning: Assignment to `WZ` in soft scope is ambiguous because a global variable by the same name exists: `WZ` will be treated as a new local. Disambiguate by using `local WZ` to suppress this warning or `global WZ` to assign to the existing global variable.
└ @ ~/stephenz/locaTE-paper/tools/SCODE/SCODE.jl:69
┌ Warning: `writeheader=false` is deprecated in favor of `header=false`
│   caller = ip:0x0
└ @ Core :-1
a
mkdir: cannot create directory ‘SCODE_D_6’: File exists
┌ Warning: `CSV.read(input; kw...)` is deprecated in favor of `using DataFrames; CSV.read(input, DataFrame; kw...)
│   caller = ip:0x0
└ @ Core :-1
┌ Warning: Assignment to `WZ` in soft scope is ambiguous because a global variable by the same name exists: `WZ` will be treated as a new local. Disambiguate by using `local WZ` to suppress this warning or `global WZ` to assign to the existing global variable.
└ @ ~/stephenz/locaTE-paper/tools/SCODE/SCODE.jl:69
┌ Warning: `writeheader=false` is deprecated in favor of `header=false`
│   caller = ip:0x0
└ @ Core :-1
a
┌ Warning: `CSV.read(input; kw...)` is deprecated in favor of `using DataFrames; CSV.read(input, DataFrame; kw...)
│   caller = ip:0x0
└ @ Core :-1
┌ Warning: Assignment to `WZ` in soft scope is ambiguous because a global variable by the same name exists: `WZ` will be treated as a new local. Disambiguate by using `local WZ` to suppress this warning or `global WZ` to assign to the existing global variable.
└ @ ~/stephenz/locaTE-paper/tools/SCODE/SCODE.jl:69
┌ Warning: `writeheader=false` is deprecated in favor of `header=false`
│   caller = ip:0x0
└ @ Core :-1
a
┌ Warning: `CSV.read(input; kw...)` is deprecated in favor of `using DataFrames; CSV.read(input, DataFrame; kw...)
│   caller = ip:0x0
└ @ Core :-1
┌ Warning: Assignment to `WZ` in soft scope is ambiguous because a global variable by the same name exists: `WZ` will be treated as a new local. Disambiguate by using `local WZ` to suppress this warning or `global WZ` to assign to the existing global variable.
└ @ ~/stephenz/locaTE-paper/tools/SCODE/SCODE.jl:69
┌ Warning: `writeheader=false` is deprecated in favor of `header=false`
│   caller = ip:0x0
└ @ Core :-1
a
mkdir: cannot create directory ‘SCODE_D_8’: File exists
┌ Warning: `CSV.read(input; kw...)` is deprecated in favor of `using DataFrames; CSV.read(input, DataFrame; kw...)
│   caller = ip:0x0
└ @ Core :-1
┌ Warning: Assignment to `WZ` in soft scope is ambiguous because a global variable by the same name exists: `WZ` will be treated as a new local. Disambiguate by using `local WZ` to suppress this warning or `global WZ` to assign to the existing global variable.
└ @ ~/stephenz/locaTE-paper/tools/SCODE/SCODE.jl:69
┌ Warning: `writeheader=false` is deprecated in favor of `header=false`
│   caller = ip:0x0
└ @ Core :-1
a
┌ Warning: `CSV.read(input; kw...)` is deprecated in favor of `using DataFrames; CSV.read(input, DataFrame; kw...)
│   caller = ip:0x0
└ @ Core :-1
┌ Warning: Assignment to `WZ` in soft scope is ambiguous because a global variable by the same name exists: `WZ` will be treated as a new local. Disambiguate by using `local WZ` to suppress this warning or `global WZ` to assign to the existing global variable.
└ @ ~/stephenz/locaTE-paper/tools/SCODE/SCODE.jl:69
┌ Warning: `writeheader=false` is deprecated in favor of `header=false`
│   caller = ip:0x0
└ @ Core :-1
a
┌ Warning: `CSV.read(input; kw...)` is deprecated in favor of `using DataFrames; CSV.read(input, DataFrame; kw...)
│   caller = ip:0x0
└ @ Core :-1
┌ Warning: Assignment to `WZ` in soft scope is ambiguous because a global variable by the same name exists: `WZ` will be treated as a new local. Disambiguate by using `local WZ` to suppress this warning or `global WZ` to assign to the existing global variable.
└ @ ~/stephenz/locaTE-paper/tools/SCODE/SCODE.jl:69
┌ Warning: `writeheader=false` is deprecated in favor of `header=false`
│   caller = ip:0x0
└ @ Core :-1
a
mkdir: cannot create directory ‘SCODE_D_2’: File exists
┌ Warning: `CSV.read(input; kw...)` is deprecated in favor of `using DataFrames; CSV.read(input, DataFrame; kw...)
│   caller = ip:0x0
└ @ Core :-1
┌ Warning: Assignment to `WZ` in soft scope is ambiguous because a global variable by the same name exists: `WZ` will be treated as a new local. Disambiguate by using `local WZ` to suppress this warning or `global WZ` to assign to the existing global variable.
└ @ ~/stephenz/locaTE-paper/tools/SCODE/SCODE.jl:69
┌ Warning: `writeheader=false` is deprecated in favor of `header=false`
│   caller = ip:0x0
└ @ Core :-1
a
┌ Warning: `CSV.read(input; kw...)` is deprecated in favor of `using DataFrames; CSV.read(input, DataFrame; kw...)
│   caller = ip:0x0
└ @ Core :-1
┌ Warning: Assignment to `WZ` in soft scope is ambiguous because a global variable by the same name exists: `WZ` will be treated as a new local. Disambiguate by using `local WZ` to suppress this warning or `global WZ` to assign to the existing global variable.
└ @ ~/stephenz/locaTE-paper/tools/SCODE/SCODE.jl:69
┌ Warning: `writeheader=false` is deprecated in favor of `header=false`
│   caller = ip:0x0
└ @ Core :-1
a
┌ Warning: `CSV.read(input; kw...)` is deprecated in favor of `using DataFrames; CSV.read(input, DataFrame; kw...)
│   caller = ip:0x0
└ @ Core :-1
┌ Warning: Assignment to `WZ` in soft scope is ambiguous because a global variable by the same name exists: `WZ` will be treated as a new local. Disambiguate by using `local WZ` to suppress this warning or `global WZ` to assign to the existing global variable.
└ @ ~/stephenz/locaTE-paper/tools/SCODE/SCODE.jl:69
┌ Warning: `writeheader=false` is deprecated in favor of `header=false`
│   caller = ip:0x0
└ @ Core :-1
a
mkdir: cannot create directory ‘SCODE_D_4’: File exists
┌ Warning: `CSV.read(input; kw...)` is deprecated in favor of `using DataFrames; CSV.read(input, DataFrame; kw...)
│   caller = ip:0x0
└ @ Core :-1
┌ Warning: Assignment to `WZ` in soft scope is ambiguous because a global variable by the same name exists: `WZ` will be treated as a new local. Disambiguate by using `local WZ` to suppress this warning or `global WZ` to assign to the existing global variable.
└ @ ~/stephenz/locaTE-paper/tools/SCODE/SCODE.jl:69
┌ Warning: `writeheader=false` is deprecated in favor of `header=false`
│   caller = ip:0x0
└ @ Core :-1
a
┌ Warning: `CSV.read(input; kw...)` is deprecated in favor of `using DataFrames; CSV.read(input, DataFrame; kw...)
│   caller = ip:0x0
└ @ Core :-1
┌ Warning: Assignment to `WZ` in soft scope is ambiguous because a global variable by the same name exists: `WZ` will be treated as a new local. Disambiguate by using `local WZ` to suppress this warning or `global WZ` to assign to the existing global variable.
└ @ ~/stephenz/locaTE-paper/tools/SCODE/SCODE.jl:69
┌ Warning: `writeheader=false` is deprecated in favor of `header=false`
│   caller = ip:0x0
└ @ Core :-1
a
┌ Warning: `CSV.read(input; kw...)` is deprecated in favor of `using DataFrames; CSV.read(input, DataFrame; kw...)
│   caller = ip:0x0
└ @ Core :-1
┌ Warning: Assignment to `WZ` in soft scope is ambiguous because a global variable by the same name exists: `WZ` will be treated as a new local. Disambiguate by using `local WZ` to suppress this warning or `global WZ` to assign to the existing global variable.
└ @ ~/stephenz/locaTE-paper/tools/SCODE/SCODE.jl:69
┌ Warning: `writeheader=false` is deprecated in favor of `header=false`
│   caller = ip:0x0
└ @ Core :-1
a
mkdir: cannot create directory ‘SCODE_D_6’: File exists
┌ Warning: `CSV.read(input; kw...)` is deprecated in favor of `using DataFrames; CSV.read(input, DataFrame; kw...)
│   caller = ip:0x0
└ @ Core :-1
┌ Warning: Assignment to `WZ` in soft scope is ambiguous because a global variable by the same name exists: `WZ` will be treated as a new local. Disambiguate by using `local WZ` to suppress this warning or `global WZ` to assign to the existing global variable.
└ @ ~/stephenz/locaTE-paper/tools/SCODE/SCODE.jl:69
┌ Warning: `writeheader=false` is deprecated in favor of `header=false`
│   caller = ip:0x0
└ @ Core :-1
a
┌ Warning: `CSV.read(input; kw...)` is deprecated in favor of `using DataFrames; CSV.read(input, DataFrame; kw...)
│   caller = ip:0x0
└ @ Core :-1
┌ Warning: Assignment to `WZ` in soft scope is ambiguous because a global variable by the same name exists: `WZ` will be treated as a new local. Disambiguate by using `local WZ` to suppress this warning or `global WZ` to assign to the existing global variable.
└ @ ~/stephenz/locaTE-paper/tools/SCODE/SCODE.jl:69
┌ Warning: `writeheader=false` is deprecated in favor of `header=false`
│   caller = ip:0x0
└ @ Core :-1
a
┌ Warning: `CSV.read(input; kw...)` is deprecated in favor of `using DataFrames; CSV.read(input, DataFrame; kw...)
│   caller = ip:0x0
└ @ Core :-1
┌ Warning: Assignment to `WZ` in soft scope is ambiguous because a global variable by the same name exists: `WZ` will be treated as a new local. Disambiguate by using `local WZ` to suppress this warning or `global WZ` to assign to the existing global variable.
└ @ ~/stephenz/locaTE-paper/tools/SCODE/SCODE.jl:69
┌ Warning: `writeheader=false` is deprecated in favor of `header=false`
│   caller = ip:0x0
└ @ Core :-1
a
mkdir: cannot create directory ‘SCODE_D_8’: File exists
┌ Warning: `CSV.read(input; kw...)` is deprecated in favor of `using DataFrames; CSV.read(input, DataFrame; kw...)
│   caller = ip:0x0
└ @ Core :-1
┌ Warning: Assignment to `WZ` in soft scope is ambiguous because a global variable by the same name exists: `WZ` will be treated as a new local. Disambiguate by using `local WZ` to suppress this warning or `global WZ` to assign to the existing global variable.
└ @ ~/stephenz/locaTE-paper/tools/SCODE/SCODE.jl:69
┌ Warning: `writeheader=false` is deprecated in favor of `header=false`
│   caller = ip:0x0
└ @ Core :-1
a
┌ Warning: `CSV.read(input; kw...)` is deprecated in favor of `using DataFrames; CSV.read(input, DataFrame; kw...)
│   caller = ip:0x0
└ @ Core :-1
┌ Warning: Assignment to `WZ` in soft scope is ambiguous because a global variable by the same name exists: `WZ` will be treated as a new local. Disambiguate by using `local WZ` to suppress this warning or `global WZ` to assign to the existing global variable.
└ @ ~/stephenz/locaTE-paper/tools/SCODE/SCODE.jl:69
┌ Warning: `writeheader=false` is deprecated in favor of `header=false`
│   caller = ip:0x0
└ @ Core :-1
a
┌ Warning: `CSV.read(input; kw...)` is deprecated in favor of `using DataFrames; CSV.read(input, DataFrame; kw...)
│   caller = ip:0x0
└ @ Core :-1
┌ Warning: Assignment to `WZ` in soft scope is ambiguous because a global variable by the same name exists: `WZ` will be treated as a new local. Disambiguate by using `local WZ` to suppress this warning or `global WZ` to assign to the existing global variable.
└ @ ~/stephenz/locaTE-paper/tools/SCODE/SCODE.jl:69
┌ Warning: `writeheader=false` is deprecated in favor of `header=false`
│   caller = ip:0x0
└ @ Core :-1
a
mkdir: cannot create directory ‘SCODE_D_2’: File exists
┌ Warning: `CSV.read(input; kw...)` is deprecated in favor of `using DataFrames; CSV.read(input, DataFrame; kw...)
│   caller = ip:0x0
└ @ Core :-1
┌ Warning: Assignment to `WZ` in soft scope is ambiguous because a global variable by the same name exists: `WZ` will be treated as a new local. Disambiguate by using `local WZ` to suppress this warning or `global WZ` to assign to the existing global variable.
└ @ ~/stephenz/locaTE-paper/tools/SCODE/SCODE.jl:69
┌ Warning: `writeheader=false` is deprecated in favor of `header=false`
│   caller = ip:0x0
└ @ Core :-1
a
┌ Warning: `CSV.read(input; kw...)` is deprecated in favor of `using DataFrames; CSV.read(input, DataFrame; kw...)
│   caller = ip:0x0
└ @ Core :-1
┌ Warning: Assignment to `WZ` in soft scope is ambiguous because a global variable by the same name exists: `WZ` will be treated as a new local. Disambiguate by using `local WZ` to suppress this warning or `global WZ` to assign to the existing global variable.
└ @ ~/stephenz/locaTE-paper/tools/SCODE/SCODE.jl:69
┌ Warning: `writeheader=false` is deprecated in favor of `header=false`
│   caller = ip:0x0
└ @ Core :-1
a
┌ Warning: `CSV.read(input; kw...)` is deprecated in favor of `using DataFrames; CSV.read(input, DataFrame; kw...)
│   caller = ip:0x0
└ @ Core :-1
┌ Warning: Assignment to `WZ` in soft scope is ambiguous because a global variable by the same name exists: `WZ` will be treated as a new local. Disambiguate by using `local WZ` to suppress this warning or `global WZ` to assign to the existing global variable.
└ @ ~/stephenz/locaTE-paper/tools/SCODE/SCODE.jl:69
┌ Warning: `writeheader=false` is deprecated in favor of `header=false`
│   caller = ip:0x0
└ @ Core :-1
a
mkdir: cannot create directory ‘SCODE_D_4’: File exists
┌ Warning: `CSV.read(input; kw...)` is deprecated in favor of `using DataFrames; CSV.read(input, DataFrame; kw...)
│   caller = ip:0x0
└ @ Core :-1
┌ Warning: Assignment to `WZ` in soft scope is ambiguous because a global variable by the same name exists: `WZ` will be treated as a new local. Disambiguate by using `local WZ` to suppress this warning or `global WZ` to assign to the existing global variable.
└ @ ~/stephenz/locaTE-paper/tools/SCODE/SCODE.jl:69
┌ Warning: `writeheader=false` is deprecated in favor of `header=false`
│   caller = ip:0x0
└ @ Core :-1
a
┌ Warning: `CSV.read(input; kw...)` is deprecated in favor of `using DataFrames; CSV.read(input, DataFrame; kw...)
│   caller = ip:0x0
└ @ Core :-1
┌ Warning: Assignment to `WZ` in soft scope is ambiguous because a global variable by the same name exists: `WZ` will be treated as a new local. Disambiguate by using `local WZ` to suppress this warning or `global WZ` to assign to the existing global variable.
└ @ ~/stephenz/locaTE-paper/tools/SCODE/SCODE.jl:69
┌ Warning: `writeheader=false` is deprecated in favor of `header=false`
│   caller = ip:0x0
└ @ Core :-1
a
┌ Warning: `CSV.read(input; kw...)` is deprecated in favor of `using DataFrames; CSV.read(input, DataFrame; kw...)
│   caller = ip:0x0
└ @ Core :-1
┌ Warning: Assignment to `WZ` in soft scope is ambiguous because a global variable by the same name exists: `WZ` will be treated as a new local. Disambiguate by using `local WZ` to suppress this warning or `global WZ` to assign to the existing global variable.
└ @ ~/stephenz/locaTE-paper/tools/SCODE/SCODE.jl:69
┌ Warning: `writeheader=false` is deprecated in favor of `header=false`
│   caller = ip:0x0
└ @ Core :-1
a
mkdir: cannot create directory ‘SCODE_D_6’: File exists
┌ Warning: `CSV.read(input; kw...)` is deprecated in favor of `using DataFrames; CSV.read(input, DataFrame; kw...)
│   caller = ip:0x0
└ @ Core :-1
┌ Warning: Assignment to `WZ` in soft scope is ambiguous because a global variable by the same name exists: `WZ` will be treated as a new local. Disambiguate by using `local WZ` to suppress this warning or `global WZ` to assign to the existing global variable.
└ @ ~/stephenz/locaTE-paper/tools/SCODE/SCODE.jl:69
┌ Warning: `writeheader=false` is deprecated in favor of `header=false`
│   caller = ip:0x0
└ @ Core :-1
a
┌ Warning: `CSV.read(input; kw...)` is deprecated in favor of `using DataFrames; CSV.read(input, DataFrame; kw...)
│   caller = ip:0x0
└ @ Core :-1
┌ Warning: Assignment to `WZ` in soft scope is ambiguous because a global variable by the same name exists: `WZ` will be treated as a new local. Disambiguate by using `local WZ` to suppress this warning or `global WZ` to assign to the existing global variable.
└ @ ~/stephenz/locaTE-paper/tools/SCODE/SCODE.jl:69
┌ Warning: `writeheader=false` is deprecated in favor of `header=false`
│   caller = ip:0x0
└ @ Core :-1
a
┌ Warning: `CSV.read(input; kw...)` is deprecated in favor of `using DataFrames; CSV.read(input, DataFrame; kw...)
│   caller = ip:0x0
└ @ Core :-1
┌ Warning: Assignment to `WZ` in soft scope is ambiguous because a global variable by the same name exists: `WZ` will be treated as a new local. Disambiguate by using `local WZ` to suppress this warning or `global WZ` to assign to the existing global variable.
└ @ ~/stephenz/locaTE-paper/tools/SCODE/SCODE.jl:69
┌ Warning: `writeheader=false` is deprecated in favor of `header=false`
│   caller = ip:0x0
└ @ Core :-1
a
mkdir: cannot create directory ‘SCODE_D_8’: File exists
┌ Warning: `CSV.read(input; kw...)` is deprecated in favor of `using DataFrames; CSV.read(input, DataFrame; kw...)
│   caller = ip:0x0
└ @ Core :-1
┌ Warning: Assignment to `WZ` in soft scope is ambiguous because a global variable by the same name exists: `WZ` will be treated as a new local. Disambiguate by using `local WZ` to suppress this warning or `global WZ` to assign to the existing global variable.
└ @ ~/stephenz/locaTE-paper/tools/SCODE/SCODE.jl:69
┌ Warning: `writeheader=false` is deprecated in favor of `header=false`
│   caller = ip:0x0
└ @ Core :-1
a
┌ Warning: `CSV.read(input; kw...)` is deprecated in favor of `using DataFrames; CSV.read(input, DataFrame; kw...)
│   caller = ip:0x0
└ @ Core :-1
┌ Warning: Assignment to `WZ` in soft scope is ambiguous because a global variable by the same name exists: `WZ` will be treated as a new local. Disambiguate by using `local WZ` to suppress this warning or `global WZ` to assign to the existing global variable.
└ @ ~/stephenz/locaTE-paper/tools/SCODE/SCODE.jl:69
┌ Warning: `writeheader=false` is deprecated in favor of `header=false`
│   caller = ip:0x0
└ @ Core :-1
a
┌ Warning: `CSV.read(input; kw...)` is deprecated in favor of `using DataFrames; CSV.read(input, DataFrame; kw...)
│   caller = ip:0x0
└ @ Core :-1
┌ Warning: Assignment to `WZ` in soft scope is ambiguous because a global variable by the same name exists: `WZ` will be treated as a new local. Disambiguate by using `local WZ` to suppress this warning or `global WZ` to assign to the existing global variable.
└ @ ~/stephenz/locaTE-paper/tools/SCODE/SCODE.jl:69
┌ Warning: `writeheader=false` is deprecated in favor of `header=false`
│   caller = ip:0x0
└ @ Core :-1
a
mkdir: cannot create directory ‘SCODE_D_2’: File exists
┌ Warning: `CSV.read(input; kw...)` is deprecated in favor of `using DataFrames; CSV.read(input, DataFrame; kw...)
│   caller = ip:0x0
└ @ Core :-1
┌ Warning: Assignment to `WZ` in soft scope is ambiguous because a global variable by the same name exists: `WZ` will be treated as a new local. Disambiguate by using `local WZ` to suppress this warning or `global WZ` to assign to the existing global variable.
└ @ ~/stephenz/locaTE-paper/tools/SCODE/SCODE.jl:69
┌ Warning: `writeheader=false` is deprecated in favor of `header=false`
│   caller = ip:0x0
└ @ Core :-1
a
┌ Warning: `CSV.read(input; kw...)` is deprecated in favor of `using DataFrames; CSV.read(input, DataFrame; kw...)
│   caller = ip:0x0
└ @ Core :-1
┌ Warning: Assignment to `WZ` in soft scope is ambiguous because a global variable by the same name exists: `WZ` will be treated as a new local. Disambiguate by using `local WZ` to suppress this warning or `global WZ` to assign to the existing global variable.
└ @ ~/stephenz/locaTE-paper/tools/SCODE/SCODE.jl:69
┌ Warning: `writeheader=false` is deprecated in favor of `header=false`
│   caller = ip:0x0
└ @ Core :-1
a
┌ Warning: `CSV.read(input; kw...)` is deprecated in favor of `using DataFrames; CSV.read(input, DataFrame; kw...)
│   caller = ip:0x0
└ @ Core :-1
┌ Warning: Assignment to `WZ` in soft scope is ambiguous because a global variable by the same name exists: `WZ` will be treated as a new local. Disambiguate by using `local WZ` to suppress this warning or `global WZ` to assign to the existing global variable.
└ @ ~/stephenz/locaTE-paper/tools/SCODE/SCODE.jl:69
┌ Warning: `writeheader=false` is deprecated in favor of `header=false`
│   caller = ip:0x0
└ @ Core :-1
a
mkdir: cannot create directory ‘SCODE_D_4’: File exists
┌ Warning: `CSV.read(input; kw...)` is deprecated in favor of `using DataFrames; CSV.read(input, DataFrame; kw...)
│   caller = ip:0x0
└ @ Core :-1
┌ Warning: Assignment to `WZ` in soft scope is ambiguous because a global variable by the same name exists: `WZ` will be treated as a new local. Disambiguate by using `local WZ` to suppress this warning or `global WZ` to assign to the existing global variable.
└ @ ~/stephenz/locaTE-paper/tools/SCODE/SCODE.jl:69
┌ Warning: `writeheader=false` is deprecated in favor of `header=false`
│   caller = ip:0x0
└ @ Core :-1
a
┌ Warning: `CSV.read(input; kw...)` is deprecated in favor of `using DataFrames; CSV.read(input, DataFrame; kw...)
│   caller = ip:0x0
└ @ Core :-1
┌ Warning: Assignment to `WZ` in soft scope is ambiguous because a global variable by the same name exists: `WZ` will be treated as a new local. Disambiguate by using `local WZ` to suppress this warning or `global WZ` to assign to the existing global variable.
└ @ ~/stephenz/locaTE-paper/tools/SCODE/SCODE.jl:69
┌ Warning: `writeheader=false` is deprecated in favor of `header=false`
│   caller = ip:0x0
└ @ Core :-1
a
┌ Warning: `CSV.read(input; kw...)` is deprecated in favor of `using DataFrames; CSV.read(input, DataFrame; kw...)
│   caller = ip:0x0
└ @ Core :-1
┌ Warning: Assignment to `WZ` in soft scope is ambiguous because a global variable by the same name exists: `WZ` will be treated as a new local. Disambiguate by using `local WZ` to suppress this warning or `global WZ` to assign to the existing global variable.
└ @ ~/stephenz/locaTE-paper/tools/SCODE/SCODE.jl:69
┌ Warning: `writeheader=false` is deprecated in favor of `header=false`
│   caller = ip:0x0
└ @ Core :-1
a
mkdir: cannot create directory ‘SCODE_D_6’: File exists
┌ Warning: `CSV.read(input; kw...)` is deprecated in favor of `using DataFrames; CSV.read(input, DataFrame; kw...)
│   caller = ip:0x0
└ @ Core :-1
┌ Warning: Assignment to `WZ` in soft scope is ambiguous because a global variable by the same name exists: `WZ` will be treated as a new local. Disambiguate by using `local WZ` to suppress this warning or `global WZ` to assign to the existing global variable.
└ @ ~/stephenz/locaTE-paper/tools/SCODE/SCODE.jl:69
┌ Warning: `writeheader=false` is deprecated in favor of `header=false`
│   caller = ip:0x0
└ @ Core :-1
a
┌ Warning: `CSV.read(input; kw...)` is deprecated in favor of `using DataFrames; CSV.read(input, DataFrame; kw...)
│   caller = ip:0x0
└ @ Core :-1
┌ Warning: Assignment to `WZ` in soft scope is ambiguous because a global variable by the same name exists: `WZ` will be treated as a new local. Disambiguate by using `local WZ` to suppress this warning or `global WZ` to assign to the existing global variable.
└ @ ~/stephenz/locaTE-paper/tools/SCODE/SCODE.jl:69
┌ Warning: `writeheader=false` is deprecated in favor of `header=false`
│   caller = ip:0x0
└ @ Core :-1
a
┌ Warning: `CSV.read(input; kw...)` is deprecated in favor of `using DataFrames; CSV.read(input, DataFrame; kw...)
│   caller = ip:0x0
└ @ Core :-1
┌ Warning: Assignment to `WZ` in soft scope is ambiguous because a global variable by the same name exists: `WZ` will be treated as a new local. Disambiguate by using `local WZ` to suppress this warning or `global WZ` to assign to the existing global variable.
└ @ ~/stephenz/locaTE-paper/tools/SCODE/SCODE.jl:69
┌ Warning: `writeheader=false` is deprecated in favor of `header=false`
│   caller = ip:0x0
└ @ Core :-1
a
mkdir: cannot create directory ‘SCODE_D_8’: File exists
┌ Warning: `CSV.read(input; kw...)` is deprecated in favor of `using DataFrames; CSV.read(input, DataFrame; kw...)
│   caller = ip:0x0
└ @ Core :-1
┌ Warning: Assignment to `WZ` in soft scope is ambiguous because a global variable by the same name exists: `WZ` will be treated as a new local. Disambiguate by using `local WZ` to suppress this warning or `global WZ` to assign to the existing global variable.
└ @ ~/stephenz/locaTE-paper/tools/SCODE/SCODE.jl:69
┌ Warning: `writeheader=false` is deprecated in favor of `header=false`
│   caller = ip:0x0
└ @ Core :-1
a
┌ Warning: `CSV.read(input; kw...)` is deprecated in favor of `using DataFrames; CSV.read(input, DataFrame; kw...)
│   caller = ip:0x0
└ @ Core :-1
┌ Warning: Assignment to `WZ` in soft scope is ambiguous because a global variable by the same name exists: `WZ` will be treated as a new local. Disambiguate by using `local WZ` to suppress this warning or `global WZ` to assign to the existing global variable.
└ @ ~/stephenz/locaTE-paper/tools/SCODE/SCODE.jl:69
┌ Warning: `writeheader=false` is deprecated in favor of `header=false`
│   caller = ip:0x0
└ @ Core :-1
a
┌ Warning: `CSV.read(input; kw...)` is deprecated in favor of `using DataFrames; CSV.read(input, DataFrame; kw...)
│   caller = ip:0x0
└ @ Core :-1
┌ Warning: Assignment to `WZ` in soft scope is ambiguous because a global variable by the same name exists: `WZ` will be treated as a new local. Disambiguate by using `local WZ` to suppress this warning or `global WZ` to assign to the existing global variable.
└ @ ~/stephenz/locaTE-paper/tools/SCODE/SCODE.jl:69
┌ Warning: `writeheader=false` is deprecated in favor of `header=false`
│   caller = ip:0x0
└ @ Core :-1
a
/data/gpfs/projects/punim0638/stephenz/miniconda3/lib/python3.10/site-packages/Scribe-0.0.0-py3.10.egg/Scribe/causal_network.py:18: UserWarning:  WARNING: No expression data argument given. if you intend to load the data from a file, call the method 'read_expression_file'.
  if expression==None: warnings.warn(" WARNING: No expression data argument given. if you intend to load the data from a file, call the method 'read_expression_file'.")
/data/gpfs/projects/punim0638/stephenz/miniconda3/lib/python3.10/site-packages/Scribe-0.0.0-py3.10.egg/Scribe/causal_network.py:298: FutureWarning: Could not cast to int64, falling back to object. This behavior is deprecated. In a future version, when a dtype is passed to 'DataFrame', either all columns will be cast to that dtype, or a TypeError will be raised.
  max_rdi_delay = pd.DataFrame({node_id: [np.nan for i in self.node_ids] for node_id in self.node_ids}, index=self.node_ids,
Create causal_model successfully
  Activating project at `/data/gpfs/projects/punim0638/stephenz/locaTE-paper/data/simulated/Synthetic_1000/dyn-TF/dyn-TF-1000-8/pidc_env`
    Updating registry at `~/.julia/registries/General.toml`
   Resolving package versions...
  No Changes to `/data/gpfs/projects/punim0638/stephenz/locaTE-paper/data/simulated/Synthetic_1000/dyn-TF/dyn-TF-1000-8/pidc_env/Project.toml`
  No Changes to `/data/gpfs/projects/punim0638/stephenz/locaTE-paper/data/simulated/Synthetic_1000/dyn-TF/dyn-TF-1000-8/pidc_env/Manifest.toml`
Getting nodes...
Inferring network...
