  Activating project at `/data/gpfs/projects/punim0638/stephenz/locaTE-paper/data/simulated/Synthetic_1000/dyn-BFC/dyn-BFC-1000-3/pidc_env`
    Updating registry at `~/.julia/registries/General.toml`
   Resolving package versions...
  No Changes to `/data/gpfs/projects/punim0638/stephenz/locaTE-paper/data/simulated/Synthetic_1000/dyn-BFC/dyn-BFC-1000-3/pidc_env/Project.toml`
  No Changes to `/data/gpfs/projects/punim0638/stephenz/locaTE-paper/data/simulated/Synthetic_1000/dyn-BFC/dyn-BFC-1000-3/pidc_env/Manifest.toml`
Getting nodes...
Inferring network...
cat: write error: Broken pipe
2023-10-04 23:22:26.062010
2023-10-04 23:22:26.934939
2023-10-04 23:22:27.810804

real	0m2.515s
user	0m0.007s
sys	0m0.009s
cat: write error: Broken pipe
2023-10-04 23:22:38.806533
2023-10-04 23:22:39.574095
2023-10-04 23:22:40.325791

real	0m2.336s
user	0m0.006s
sys	0m0.010s
cat: write error: Broken pipe
2023-10-04 23:22:51.258843
2023-10-04 23:22:51.952368
2023-10-04 23:22:52.636665

real	0m2.137s
user	0m0.011s
sys	0m0.005s
cat: write error: Broken pipe
2023-10-04 23:23:03.578424
2023-10-04 23:23:04.272264
2023-10-04 23:23:04.972297

real	0m2.152s
user	0m0.008s
sys	0m0.009s
cat: write error: Broken pipe
2023-10-04 23:23:15.922926
2023-10-04 23:23:16.754891
2023-10-04 23:23:17.556478

real	0m2.403s
user	0m0.007s
sys	0m0.009s
cat: write error: Broken pipe
2023-10-04 23:23:28.546671
2023-10-04 23:23:30.142843
2023-10-04 23:23:31.701564

real	0m3.968s
user	0m0.008s
sys	0m0.008s
cat: write error: Broken pipe
2023-10-04 23:23:42.758003
2023-10-04 23:23:43.982552
2023-10-04 23:23:45.198488

real	0m3.331s
user	0m0.008s
sys	0m0.008s
cat: write error: Broken pipe
2023-10-04 23:23:56.165907
2023-10-04 23:23:56.496023
2023-10-04 23:23:56.805514

real	0m1.408s
user	0m0.008s
sys	0m0.008s
mkdir: cannot create directory ‘SCODE_D_2’: File exists
┌ Warning: Assignment to `WZ` in soft scope is ambiguous because a global variable by the same name exists: `WZ` will be treated as a new local. Disambiguate by using `local WZ` to suppress this warning or `global WZ` to assign to the existing global variable.
└ @ ~/stephenz/locaTE-paper/tools/SCODE/SCODE.jl:69
a
mkdir: cannot create directory ‘SCODE_D_4’: File exists
┌ Warning: Assignment to `WZ` in soft scope is ambiguous because a global variable by the same name exists: `WZ` will be treated as a new local. Disambiguate by using `local WZ` to suppress this warning or `global WZ` to assign to the existing global variable.
└ @ ~/stephenz/locaTE-paper/tools/SCODE/SCODE.jl:69
a
mkdir: cannot create directory ‘SCODE_D_6’: File exists
┌ Warning: Assignment to `WZ` in soft scope is ambiguous because a global variable by the same name exists: `WZ` will be treated as a new local. Disambiguate by using `local WZ` to suppress this warning or `global WZ` to assign to the existing global variable.
└ @ ~/stephenz/locaTE-paper/tools/SCODE/SCODE.jl:69
a
mkdir: cannot create directory ‘SCODE_D_8’: File exists
┌ Warning: Assignment to `WZ` in soft scope is ambiguous because a global variable by the same name exists: `WZ` will be treated as a new local. Disambiguate by using `local WZ` to suppress this warning or `global WZ` to assign to the existing global variable.
└ @ ~/stephenz/locaTE-paper/tools/SCODE/SCODE.jl:69
a
sh: line 1: matlab: command not found
sh: line 1: matlab: command not found
/data/gpfs/projects/punim0638/stephenz/envs/py39/lib/python3.9/site-packages/Scribe-0.0.0-py3.9.egg/Scribe/causal_network.py:18: UserWarning:  WARNING: No expression data argument given. if you intend to load the data from a file, call the method 'read_expression_file'.
  if expression==None: warnings.warn(" WARNING: No expression data argument given. if you intend to load the data from a file, call the method 'read_expression_file'.")
/data/gpfs/projects/punim0638/stephenz/envs/py39/lib/python3.9/site-packages/Scribe-0.0.0-py3.9.egg/Scribe/causal_network.py:298: FutureWarning: Could not cast to int64, falling back to object. This behavior is deprecated. In a future version, when a dtype is passed to 'DataFrame', either all columns will be cast to that dtype, or a TypeError will be raised.
  max_rdi_delay = pd.DataFrame({node_id: [np.nan for i in self.node_ids] for node_id in self.node_ids}, index=self.node_ids,
Tree method: RF
K: sqrt
Number of trees: 1000


running single threaded jobs
Gene 1/10...
Gene 2/10...
Gene 3/10...
Gene 4/10...
Gene 5/10...
Gene 6/10...
Gene 7/10...
Gene 8/10...
Gene 9/10...
Gene 10/10...
Elapsed time: 22.42 seconds
Create causal_model successfully
